Mplus VERSION 8.3
MUTHEN & MUTHEN
09/02/2019   9:28 AM

INPUT INSTRUCTIONS

  TITLE: Your title goes here

  DATA: FILE = data.dta;

  VARIABLE:

  NAMES = w8audit1 w8bullytype0a w8bullytype0b w8bullytype0c w8bullytype0d
       w8bullytype0e w8bullytype0f w8bullytype0g w8adult0a w8adult0b w8adult0c
       w8leisurea0a w8leisurea0b w8leisurea0c w8leisurea0d w8leisurea0e w8leisurea0f
       w8leisureb0a w8leisureb0b w8leisureb0c w8leisureb0d samppsu sampstratum w8mode
       w8locus0a w8locus0b w8locus0c w8locus0d w8ghq12_1 w8ghq12_2 w8ghq12_3 w8ghq12_4
       w8ghq12_5 w8ghq12_6 w8ghq12_7 w8ghq12_8 w8ghq12_9 w8ghq12_10 w8ghq12_11
       w8ghq12_12 w8audit2 w8audit3 designweight_combin;

  MISSING=.;
  USEVARIABLES ARE w8audit1
  w8audit2
  w8audit3;

  GROUPING IS w8mode (1=Web 2=Tel 3=Ftf);
  ! WEIGHT IS designweight_combin;

  ! STRATIFICATION IS sampstratum;

  ! CLUSTER IS samppsu;

  ANALYSIS:
  ! TYPE IS COMPLEX;


                  ITERATIONS = 100000;

  ! DIFFTEST = w8audit1_metric.dat;

  Model:

  f1 BY w8audit1@1
  w8audit2 (L2)
  w8audit3 (L3)
  ;


  [f1@0];
  f1;

  Model Tel:

  f1 BY w8audit1@1
  w8audit2 (L2)
  w8audit3 (L3)
  ;

  [f1];

  Model Ftf:

  f1 BY w8audit1@1
  w8audit2 (L2)
  w8audit3 (L3)
  ;
  [f1];

  ! SAVEDATA: DIFFTEST IS w8audit1_scalar.dat;
  OUTPUT: SAMPSTAT;

  MODINDICES;

  STD;

  Plot: type = plot3;




INPUT READING TERMINATED NORMALLY



Your title goes here

SUMMARY OF ANALYSIS

Number of groups                                                 3
Number of observations
   Group WEB                                                  4725
   Group TEL                                                   671
   Group FTF                                                  2173
   Total sample size                                          7569

Number of dependent variables                                    3
Number of independent variables                                  0
Number of continuous latent variables                            1

Observed dependent variables

  Continuous
   W8AUDIT1    W8AUDIT2    W8AUDIT3

Continuous latent variables
   F1

Variables with special functions

  Grouping variable     W8MODE

Estimator                                                       ML
Information matrix                                        OBSERVED
Maximum number of iterations                                100000
Convergence criterion                                    0.500D-04
Maximum number of steepest descent iterations                   20
Maximum number of iterations for H1                           2000
Convergence criterion for H1                             0.100D-03

Input data file(s)
  data.dta

Input data format  FREE


SUMMARY OF DATA

   Group WEB
     Number of missing data patterns             5

   Group TEL
     Number of missing data patterns             4

   Group FTF
     Number of missing data patterns             4


COVARIANCE COVERAGE OF DATA

Minimum covariance coverage value   0.100


     PROPORTION OF DATA PRESENT FOR WEB


           Covariance Coverage
              W8AUDIT1      W8AUDIT2      W8AUDIT3
              ________      ________      ________
 W8AUDIT1       0.966
 W8AUDIT2       0.965         0.999
 W8AUDIT3       0.966         0.999         0.999


     PROPORTION OF DATA PRESENT FOR TEL


           Covariance Coverage
              W8AUDIT1      W8AUDIT2      W8AUDIT3
              ________      ________      ________
 W8AUDIT1       0.958
 W8AUDIT2       0.957         0.999
 W8AUDIT3       0.955         0.996         0.997


     PROPORTION OF DATA PRESENT FOR FTF


           Covariance Coverage
              W8AUDIT1      W8AUDIT2      W8AUDIT3
              ________      ________      ________
 W8AUDIT1       0.960
 W8AUDIT2       0.959         0.999
 W8AUDIT3       0.960         0.998         1.000


SAMPLE STATISTICS


     ESTIMATED SAMPLE STATISTICS FOR WEB


           Means
              W8AUDIT1      W8AUDIT2      W8AUDIT3
              ________      ________      ________
                2.489         1.522         1.616


           Covariances
              W8AUDIT1      W8AUDIT2      W8AUDIT3
              ________      ________      ________
 W8AUDIT1       1.251
 W8AUDIT2       0.720         1.645
 W8AUDIT3       1.013         1.116         1.358


           Correlations
              W8AUDIT1      W8AUDIT2      W8AUDIT3
              ________      ________      ________
 W8AUDIT1       1.000
 W8AUDIT2       0.502         1.000
 W8AUDIT3       0.778         0.747         1.000


     ESTIMATED SAMPLE STATISTICS FOR TEL


           Means
              W8AUDIT1      W8AUDIT2      W8AUDIT3
              ________      ________      ________
                2.491         1.596         1.556


           Covariances
              W8AUDIT1      W8AUDIT2      W8AUDIT3
              ________      ________      ________
 W8AUDIT1       1.344
 W8AUDIT2       0.830         2.019
 W8AUDIT3       1.079         1.225         1.385


           Correlations
              W8AUDIT1      W8AUDIT2      W8AUDIT3
              ________      ________      ________
 W8AUDIT1       1.000
 W8AUDIT2       0.504         1.000
 W8AUDIT3       0.791         0.733         1.000


     ESTIMATED SAMPLE STATISTICS FOR FTF


           Means
              W8AUDIT1      W8AUDIT2      W8AUDIT3
              ________      ________      ________
                2.411         1.582         1.567


           Covariances
              W8AUDIT1      W8AUDIT2      W8AUDIT3
              ________      ________      ________
 W8AUDIT1       1.330
 W8AUDIT2       0.881         1.964
 W8AUDIT3       1.088         1.311         1.480


           Correlations
              W8AUDIT1      W8AUDIT2      W8AUDIT3
              ________      ________      ________
 W8AUDIT1       1.000
 W8AUDIT2       0.545         1.000
 W8AUDIT3       0.775         0.769         1.000


     MAXIMUM LOG-LIKELIHOOD VALUE FOR THE UNRESTRICTED (H1) MODEL IS -29461.410


UNIVARIATE SAMPLE STATISTICS


     UNIVARIATE HIGHER-ORDER MOMENT DESCRIPTIVE STATISTICS FOR WEB

         Variable/         Mean/     Skewness/   Minimum/ % with                Percentiles
        Sample Size      Variance    Kurtosis    Maximum  Min/Max      20%/60%    40%/80%    Median

     W8AUDIT1              2.530       0.181       1.000   21.92%       1.000      2.000      3.000
            4566.000       1.228      -0.839       5.000    3.26%       3.000      4.000
     W8AUDIT2              1.522       0.745       0.000   24.58%       0.000      1.000      1.000
            4720.000       1.645       0.116       5.000    3.33%       2.000      2.000
     W8AUDIT3              1.616       0.051       0.000   24.57%       0.000      1.000      2.000
            4722.000       1.359      -0.813       5.000    0.19%       2.000      3.000


     UNIVARIATE HIGHER-ORDER MOMENT DESCRIPTIVE STATISTICS FOR TEL

         Variable/         Mean/     Skewness/   Minimum/ % with                Percentiles
        Sample Size      Variance    Kurtosis    Maximum  Min/Max      20%/60%    40%/80%    Median

     W8AUDIT1              2.543       0.123       1.000   24.26%       1.000      2.000      3.000
             643.000       1.318      -1.000       5.000    3.27%       3.000      4.000
     W8AUDIT2              1.596       0.720       0.000   27.46%       0.000      1.000      1.000
             670.000       2.020      -0.237       5.000    5.22%       2.000      3.000
     W8AUDIT3              1.555       0.053       0.000   27.50%       0.000      1.000      2.000
             669.000       1.386      -1.004       4.000    4.04%       2.000      3.000


     UNIVARIATE HIGHER-ORDER MOMENT DESCRIPTIVE STATISTICS FOR FTF

         Variable/         Mean/     Skewness/   Minimum/ % with                Percentiles
        Sample Size      Variance    Kurtosis    Maximum  Min/Max      20%/60%    40%/80%    Median

     W8AUDIT1              2.458       0.329       1.000   24.92%       1.000      2.000      2.000
            2087.000       1.308      -0.810       5.000    4.02%       3.000      4.000
     W8AUDIT2              1.581       0.686       0.000   27.93%       0.000      1.000      1.000
            2170.000       1.963      -0.276       5.000    4.47%       2.000      3.000
     W8AUDIT3              1.567       0.149       0.000   27.90%       0.000      1.000      2.000
            2172.000       1.480      -0.908       5.000    0.28%       2.000      3.000


THE MODEL ESTIMATION TERMINATED NORMALLY

     WARNING:  THE RESIDUAL COVARIANCE MATRIX (THETA) IN GROUP WEB IS NOT
     POSITIVE DEFINITE.  THIS COULD INDICATE A NEGATIVE VARIANCE/RESIDUAL
     VARIANCE FOR AN OBSERVED VARIABLE, A CORRELATION GREATER OR EQUAL TO ONE
     BETWEEN TWO OBSERVED VARIABLES, OR A LINEAR DEPENDENCY AMONG MORE THAN TWO
     OBSERVED VARIABLES.  CHECK THE RESULTS SECTION FOR MORE INFORMATION.
     PROBLEM INVOLVING VARIABLE W8AUDIT3.


     WARNING:  THE RESIDUAL COVARIANCE MATRIX (THETA) IN GROUP TEL IS NOT
     POSITIVE DEFINITE.  THIS COULD INDICATE A NEGATIVE VARIANCE/RESIDUAL
     VARIANCE FOR AN OBSERVED VARIABLE, A CORRELATION GREATER OR EQUAL TO ONE
     BETWEEN TWO OBSERVED VARIABLES, OR A LINEAR DEPENDENCY AMONG MORE THAN TWO
     OBSERVED VARIABLES.  CHECK THE RESULTS SECTION FOR MORE INFORMATION.
     PROBLEM INVOLVING VARIABLE W8AUDIT3.


     WARNING:  THE RESIDUAL COVARIANCE MATRIX (THETA) IN GROUP FTF IS NOT
     POSITIVE DEFINITE.  THIS COULD INDICATE A NEGATIVE VARIANCE/RESIDUAL
     VARIANCE FOR AN OBSERVED VARIABLE, A CORRELATION GREATER OR EQUAL TO ONE
     BETWEEN TWO OBSERVED VARIABLES, OR A LINEAR DEPENDENCY AMONG MORE THAN TWO
     OBSERVED VARIABLES.  CHECK THE RESULTS SECTION FOR MORE INFORMATION.
     PROBLEM INVOLVING VARIABLE W8AUDIT3.




MODEL FIT INFORMATION

Number of Free Parameters                       19

Loglikelihood

          H0 Value                      -29485.438
          H1 Value                      -29461.410

Information Criteria

          Akaike (AIC)                   59008.877
          Bayesian (BIC)                 59140.581
          Sample-Size Adjusted BIC       59080.203
            (n* = (n + 2) / 24)

Chi-Square Test of Model Fit

          Value                             48.058
          Degrees of Freedom                     8
          P-Value                           0.0000

Chi-Square Contribution From Each Group

          WEB                               12.554
          TEL                               10.402
          FTF                               25.103

RMSEA (Root Mean Square Error Of Approximation)

          Estimate                           0.045
          90 Percent C.I.                    0.033  0.057
          Probability RMSEA <= .05           0.749

CFI/TLI

          CFI                                0.997
          TLI                                0.997

Chi-Square Test of Model Fit for the Baseline Model

          Value                          13176.601
          Degrees of Freedom                     9
          P-Value                           0.0000

SRMR (Standardized Root Mean Square Residual)

          Value                              0.019



MODEL RESULTS

                                                    Two-Tailed
                    Estimate       S.E.  Est./S.E.    P-Value

Group WEB

 F1       BY
    W8AUDIT1           1.000      0.000    999.000    999.000
    W8AUDIT2           1.132      0.017     66.297      0.000
    W8AUDIT3           1.529      0.022     68.143      0.000

 Means
    F1                 0.000      0.000    999.000    999.000

 Intercepts
    W8AUDIT1           2.484      0.015    169.577      0.000
    W8AUDIT2           1.560      0.017     91.810      0.000
    W8AUDIT3           1.621      0.017     96.084      0.000

 Variances
    F1                 0.664      0.021     31.507      0.000

 Residual Variances
    W8AUDIT1           0.582      0.013     43.268      0.000
    W8AUDIT2           0.841      0.019     44.582      0.000
    W8AUDIT3          -0.186      0.016    -11.655      0.000

Group TEL

 F1       BY
    W8AUDIT1           1.000      0.000    999.000    999.000
    W8AUDIT2           1.132      0.017     66.297      0.000
    W8AUDIT3           1.529      0.022     68.143      0.000

 Means
    F1                -0.067      0.031     -2.191      0.028

 Intercepts
    W8AUDIT1           2.484      0.015    169.577      0.000
    W8AUDIT2           1.560      0.017     91.810      0.000
    W8AUDIT3           1.621      0.017     96.084      0.000

 Variances
    F1                 0.692      0.040     17.250      0.000

 Residual Variances
    W8AUDIT1           0.638      0.036     17.912      0.000
    W8AUDIT2           1.113      0.060     18.635      0.000
    W8AUDIT3          -0.248      0.032     -7.868      0.000

Group FTF

 F1       BY
    W8AUDIT1           1.000      0.000    999.000    999.000
    W8AUDIT2           1.132      0.017     66.297      0.000
    W8AUDIT3           1.529      0.022     68.143      0.000

 Means
    F1                -0.037      0.020     -1.890      0.059

 Intercepts
    W8AUDIT1           2.484      0.015    169.577      0.000
    W8AUDIT2           1.560      0.017     91.810      0.000
    W8AUDIT3           1.621      0.017     96.084      0.000

 Variances
    F1                 0.711      0.027     25.886      0.000

 Residual Variances
    W8AUDIT1           0.636      0.021     29.952      0.000
    W8AUDIT2           0.944      0.030     31.562      0.000
    W8AUDIT3          -0.201      0.021     -9.550      0.000


STANDARDIZED MODEL RESULTS


STD Standardization

                                                    Two-Tailed
                    Estimate       S.E.  Est./S.E.    P-Value

Group WEB

 F1       BY
    W8AUDIT1           0.815      0.013     63.014      0.000
    W8AUDIT2           0.922      0.015     61.651      0.000
    W8AUDIT3           1.246      0.013     94.308      0.000

 Means
    F1                 0.000      0.000    999.000    999.000

 Intercepts
    W8AUDIT1           2.484      0.015    169.577      0.000
    W8AUDIT2           1.560      0.017     91.810      0.000
    W8AUDIT3           1.621      0.017     96.084      0.000

 Variances
    F1                 1.000      0.000    999.000    999.000

 Residual Variances
    W8AUDIT1           0.582      0.013     43.268      0.000
    W8AUDIT2           0.841      0.019     44.582      0.000
    W8AUDIT3         999.000    999.000    999.000    999.000

Group TEL

 F1       BY
    W8AUDIT1           0.832      0.024     34.500      0.000
    W8AUDIT2           0.942      0.027     34.246      0.000
    W8AUDIT3           1.272      0.034     37.774      0.000

 Means
    F1                -0.081      0.037     -2.194      0.028

 Intercepts
    W8AUDIT1           2.484      0.015    169.577      0.000
    W8AUDIT2           1.560      0.017     91.810      0.000
    W8AUDIT3           1.621      0.017     96.084      0.000

 Variances
    F1                 1.000      0.000    999.000    999.000

 Residual Variances
    W8AUDIT1           0.638      0.036     17.912      0.000
    W8AUDIT2           1.113      0.060     18.635      0.000
    W8AUDIT3         999.000    999.000    999.000    999.000

Group FTF

 F1       BY
    W8AUDIT1           0.843      0.016     51.773      0.000
    W8AUDIT2           0.955      0.019     51.310      0.000
    W8AUDIT3           1.290      0.019     66.505      0.000

 Means
    F1                -0.044      0.024     -1.889      0.059

 Intercepts
    W8AUDIT1           2.484      0.015    169.577      0.000
    W8AUDIT2           1.560      0.017     91.810      0.000
    W8AUDIT3           1.621      0.017     96.084      0.000

 Variances
    F1                 1.000      0.000    999.000    999.000

 Residual Variances
    W8AUDIT1           0.636      0.021     29.952      0.000
    W8AUDIT2           0.944      0.030     31.562      0.000
    W8AUDIT3         999.000    999.000    999.000    999.000


R-SQUARE

Group WEB

    Observed                                        Two-Tailed
    Variable        Estimate       S.E.  Est./S.E.    P-Value

    W8AUDIT1           0.533      0.010     52.664      0.000
    W8AUDIT2           0.503      0.010     49.935      0.000
    W8AUDIT3        Undefined   0.11363E+01

Group TEL

    Observed                                        Two-Tailed
    Variable        Estimate       S.E.  Est./S.E.    P-Value

    W8AUDIT1           0.520      0.018     29.595      0.000
    W8AUDIT2           0.443      0.017     25.357      0.000
    W8AUDIT3        Undefined   0.11809E+01

Group FTF

    Observed                                        Two-Tailed
    Variable        Estimate       S.E.  Est./S.E.    P-Value

    W8AUDIT1           0.528      0.012     42.559      0.000
    W8AUDIT2           0.491      0.012     39.616      0.000
    W8AUDIT3        Undefined   0.11376E+01


QUALITY OF NUMERICAL RESULTS

     Condition Number for the Information Matrix              0.446E-02
       (ratio of smallest to largest eigenvalue)


MODEL MODIFICATION INDICES

NOTE:  Modification indices for direct effects of observed dependent variables
regressed on covariates may not be included.  To include these, request
MODINDICES (ALL).

Minimum M.I. value for printing the modification index    10.000

                                   M.I.     E.P.C.  Std E.P.C.  StdYX E.P.C.
Group WEB


BY Statements

F1       BY W8AUDIT2              12.174    -0.039     -0.032       -0.025

WITH Statements

W8AUDIT3 WITH W8AUDIT1            12.174     0.097      0.097      999.000

Means/Intercepts/Thresholds

[ W8AUDIT2 ]                      20.850    -0.038     -0.038       -0.029

Group TEL


Means/Intercepts/Thresholds

[ W8AUDIT3 ]                      10.291    -0.105     -0.105       -0.090

Group FTF


BY Statements

F1       BY W8AUDIT2              12.899     0.085      0.072        0.053

WITH Statements

W8AUDIT3 WITH W8AUDIT1            14.264    -0.120     -0.120      999.000

Means/Intercepts/Thresholds

[ W8AUDIT2 ]                      11.182     0.052      0.052        0.038



SAMPLE STATISTICS FOR ESTIMATED FACTOR SCORES


     SAMPLE STATISTICS


           Means
              F1            F1_SE
              ________      ________
               -0.017         0.000


           Covariances
              F1            F1_SE
              ________      ________
 F1             0.815
 F1_SE          0.000         0.000


           Correlations
              F1            F1_SE
              ________      ________
 F1             1.000
 F1_SE          0.005         1.000


PLOT INFORMATION

The following plots are available:

  Histograms (sample values, estimated factor scores, estimated values, residuals)
  Scatterplots (sample values, estimated factor scores, estimated values, residuals)
  Measurement parameter plots
  Latent variable distribution plots

DIAGRAM INFORMATION

  Use View Diagram under the Diagram menu in the Mplus Editor to view the diagram.
  If running Mplus from the Mplus Diagrammer, the diagram opens automatically.

  Diagram output
    c:\users\msassac6\dropbox (the university of manchester)\papers\joe s\uclmm\uclmm_r\mplus\mean no correction\scalar_

     Beginning Time:  09:28:38
        Ending Time:  09:28:39
       Elapsed Time:  00:00:01



MUTHEN & MUTHEN
3463 Stoner Ave.
Los Angeles, CA  90066

Tel: (310) 391-9971
Fax: (310) 391-8971
Web: www.StatModel.com
Support: Support@StatModel.com

Copyright (c) 1998-2019 Muthen & Muthen
