Mplus VERSION 8.3
MUTHEN & MUTHEN
09/02/2019   9:29 AM

INPUT INSTRUCTIONS

  TITLE: Your title goes here

  DATA: FILE = data.dta;

  VARIABLE:

  NAMES = w8audit1 w8bullytype0a w8bullytype0b w8bullytype0c w8bullytype0d
       w8bullytype0e w8bullytype0f w8bullytype0g w8adult0a w8adult0b w8adult0c
       w8leisurea0a w8leisurea0b w8leisurea0c w8leisurea0d w8leisurea0e w8leisurea0f
       w8leisureb0a w8leisureb0b w8leisureb0c w8leisureb0d samppsu sampstratum w8mode
       w8locus0a w8locus0b w8locus0c w8locus0d w8ghq12_1 w8ghq12_2 w8ghq12_3 w8ghq12_4
       w8ghq12_5 w8ghq12_6 w8ghq12_7 w8ghq12_8 w8ghq12_9 w8ghq12_10 w8ghq12_11
       w8ghq12_12 w8audit2 w8audit3 designweight_combin;

  MISSING=.;
  USEVARIABLES ARE w8bullytype0a
  w8bullytype0b
  w8bullytype0c
  w8bullytype0d
  w8bullytype0e
  w8bullytype0f
  w8bullytype0g;
  CATEGORICAL ARE w8bullytype0a
  w8bullytype0b
  w8bullytype0c
  w8bullytype0d
  w8bullytype0e
  w8bullytype0f
  w8bullytype0g;
  GROUPING IS w8mode (1=Web 2=Tel 3=Ftf);
  ! WEIGHT IS designweight_combin;

  ! STRATIFICATION IS sampstratum;

  ! CLUSTER IS samppsu;

  ANALYSIS:

  ! TYPE IS COMPLEX;

                  ESTIMATOR = WLSMV;

                  ITERATIONS = 100000;

                  PARAMETERIZATION = THETA;

  ! DIFFTEST = w8bullytype0a_metric.dat;

  Model:


  f1@1;
  [f1@0];

  f1 BY w8bullytype0a@1
  w8bullytype0b (L2)
  w8bullytype0c (L3)
  w8bullytype0d (L4)
  w8bullytype0e (L5)
  w8bullytype0f (L6)
  w8bullytype0g (L7)
  ;


  [w8bullytype0a$1] (t_w8bullytype0a);
  [w8bullytype0b$1] (t_w8bullytype0b);
  [w8bullytype0c$1] (t_w8bullytype0c);
  [w8bullytype0d$1] (t_w8bullytype0d);
  [w8bullytype0e$1] (t_w8bullytype0e);
  [w8bullytype0f$1] (t_w8bullytype0f);
  [w8bullytype0g$1] (t_w8bullytype0g);


  w8bullytype0a@1;
  w8bullytype0b@1;
  w8bullytype0c@1;
  w8bullytype0d@1;
  w8bullytype0e@1;
  w8bullytype0f@1;
  w8bullytype0g@1;

  Model Tel:

  f1 BY w8bullytype0a@1
  w8bullytype0b (L2)
  w8bullytype0c (L3)
  w8bullytype0d (L4)
  w8bullytype0e (L5)
  w8bullytype0f (L6)
  w8bullytype0g (L7)
  ;


  [w8bullytype0a$1] (t_w8bullytype0a);
  [w8bullytype0b$1] (t_w8bullytype0b);
  [w8bullytype0c$1] (t_w8bullytype0c);
  [w8bullytype0d$1] (t_w8bullytype0d);
  [w8bullytype0e$1] (t_w8bullytype0e);
  [w8bullytype0f$1] (t_w8bullytype0f);
  [w8bullytype0g$1] (t_w8bullytype0g);

  [f1];


  w8bullytype0a@1;
  w8bullytype0b@1;
  w8bullytype0c@1;
  w8bullytype0d@1;
  w8bullytype0e@1;
  w8bullytype0f@1;
  w8bullytype0g@1;

  Model Ftf:

  f1 BY w8bullytype0a@1
  w8bullytype0b (L2)
  w8bullytype0c (L3)
  w8bullytype0d (L4)
  w8bullytype0e (L5)
  w8bullytype0f (L6)
  w8bullytype0g (L7)
  ;


  [w8bullytype0a$1] (t_w8bullytype0a);
  [w8bullytype0b$1] (t_w8bullytype0b);
  [w8bullytype0c$1] (t_w8bullytype0c);
  [w8bullytype0d$1] (t_w8bullytype0d);
  [w8bullytype0e$1] (t_w8bullytype0e);
  [w8bullytype0f$1] (t_w8bullytype0f);
  [w8bullytype0g$1] (t_w8bullytype0g);

  [f1];

  w8bullytype0a@1;
  w8bullytype0b@1;
  w8bullytype0c@1;
  w8bullytype0d@1;
  w8bullytype0e@1;
  w8bullytype0f@1;
  w8bullytype0g@1;

  ! SAVEDATA: DIFFTEST IS w8bullytype0a_scalar.dat;
  OUTPUT: SAMPSTAT;

  MODINDICES;

  STD;

  Plot: type = plot3;




*** WARNING in VARIABLE command
  Note that only the first 8 characters of variable names are used in the output.
  Shorten variable names to avoid any confusion.
*** WARNING in PLOT command
  Note that only the first 8 characters of variable names are used in plots.
  If variable names are not unique within the first 8 characters, problems
  may occur.
*** WARNING
  Data set contains cases with missing on all variables.
  These cases were not included in the analysis.
  Number of cases with missing on all variables:  379
   3 WARNING(S) FOUND IN THE INPUT INSTRUCTIONS



Your title goes here

SUMMARY OF ANALYSIS

Number of groups                                                 3
Number of observations
   Group WEB                                                  4537
   Group TEL                                                   636
   Group FTF                                                  2017
   Total sample size                                          7190

Number of dependent variables                                    7
Number of independent variables                                  0
Number of continuous latent variables                            1

Observed dependent variables

  Binary and ordered categorical (ordinal)
   W8BULLYT    W8BULLYT    W8BULLYT    W8BULLYT    W8BULLYT    W8BULLYT
   W8BULLYT

Continuous latent variables
   F1

Variables with special functions

  Grouping variable     W8MODE

Estimator                                                    WLSMV
Maximum number of iterations                                100000
Convergence criterion                                    0.500D-04
Maximum number of steepest descent iterations                   20
Maximum number of iterations for H1                           2000
Convergence criterion for H1                             0.100D-03
Parameterization                                             THETA
Link                                                        PROBIT

Input data file(s)
  data.dta

Input data format  FREE


SUMMARY OF DATA

   Group WEB
     Number of missing data patterns            19

   Group TEL
     Number of missing data patterns             6

   Group FTF
     Number of missing data patterns            20


COVARIANCE COVERAGE OF DATA

Minimum covariance coverage value   0.100


     PROPORTION OF DATA PRESENT FOR WEB


           Covariance Coverage
              W8BULLYT      W8BULLYT      W8BULLYT      W8BULLYT      W8BULLYT
              ________      ________      ________      ________      ________
 W8BULLYT       0.996
 W8BULLYT       0.991         0.992
 W8BULLYT       0.996         0.992         1.000
 W8BULLYT       0.996         0.991         0.999         0.999
 W8BULLYT       0.995         0.991         0.998         0.997         0.998
 W8BULLYT       0.995         0.991         0.998         0.997         0.997
 W8BULLYT       0.994         0.990         0.997         0.996         0.995


           Covariance Coverage
              W8BULLYT      W8BULLYT
              ________      ________
 W8BULLYT       0.998
 W8BULLYT       0.996         0.997


     PROPORTION OF DATA PRESENT FOR TEL


           Covariance Coverage
              W8BULLYT      W8BULLYT      W8BULLYT      W8BULLYT      W8BULLYT
              ________      ________      ________      ________      ________
 W8BULLYT       0.994
 W8BULLYT       0.992         0.998
 W8BULLYT       0.994         0.998         1.000
 W8BULLYT       0.991         0.995         0.997         0.997
 W8BULLYT       0.992         0.997         0.998         0.995         0.998
 W8BULLYT       0.992         0.997         0.998         0.995         0.997
 W8BULLYT       0.994         0.998         1.000         0.997         0.998


           Covariance Coverage
              W8BULLYT      W8BULLYT
              ________      ________
 W8BULLYT       0.998
 W8BULLYT       0.998         1.000


     PROPORTION OF DATA PRESENT FOR FTF


           Covariance Coverage
              W8BULLYT      W8BULLYT      W8BULLYT      W8BULLYT      W8BULLYT
              ________      ________      ________      ________      ________
 W8BULLYT       0.995
 W8BULLYT       0.989         0.992
 W8BULLYT       0.995         0.991         0.999
 W8BULLYT       0.993         0.990         0.997         0.997
 W8BULLYT       0.987         0.985         0.991         0.990         0.991
 W8BULLYT       0.992         0.989         0.996         0.994         0.990
 W8BULLYT       0.993         0.990         0.997         0.996         0.990


           Covariance Coverage
              W8BULLYT      W8BULLYT
              ________      ________
 W8BULLYT       0.997
 W8BULLYT       0.995         0.998


UNIVARIATE PROPORTIONS AND COUNTS FOR CATEGORICAL VARIABLES

  Group WEB
    W8BULLYT
      Category 1    0.842         3807.000
      Category 2    0.158          714.000
    W8BULLYT
      Category 1    0.846         3805.000
      Category 2    0.154          694.000
    W8BULLYT
      Category 1    0.955         4332.000
      Category 2    0.045          204.000
    W8BULLYT
      Category 1    0.940         4261.000
      Category 2    0.060          270.000
    W8BULLYT
      Category 1    0.979         4435.000
      Category 2    0.021           93.000
    W8BULLYT
      Category 1    0.934         4232.000
      Category 2    0.066          298.000
    W8BULLYT
      Category 1    0.951         4302.000
      Category 2    0.049          222.000

  Group TEL
    W8BULLYT
      Category 1    0.867          548.000
      Category 2    0.133           84.000
    W8BULLYT
      Category 1    0.866          550.000
      Category 2    0.134           85.000
    W8BULLYT
      Category 1    0.945          601.000
      Category 2    0.055           35.000
    W8BULLYT
      Category 1    0.938          595.000
      Category 2    0.062           39.000
    W8BULLYT
      Category 1    0.975          619.000
      Category 2    0.025           16.000
    W8BULLYT
      Category 1    0.931          591.000
      Category 2    0.069           44.000
    W8BULLYT
      Category 1    0.964          613.000
      Category 2    0.036           23.000

  Group FTF
    W8BULLYT
      Category 1    0.821         1648.000
      Category 2    0.179          359.000
    W8BULLYT
      Category 1    0.809         1619.000
      Category 2    0.191          381.000
    W8BULLYT
      Category 1    0.928         1870.000
      Category 2    0.072          145.000
    W8BULLYT
      Category 1    0.912         1834.000
      Category 2    0.088          177.000
    W8BULLYT
      Category 1    0.971         1942.000
      Category 2    0.029           57.000
    W8BULLYT
      Category 1    0.919         1847.000
      Category 2    0.081          163.000
    W8BULLYT
      Category 1    0.968         1947.000
      Category 2    0.032           65.000


SAMPLE STATISTICS


     ESTIMATED SAMPLE STATISTICS FOR WEB


           MEANS/INTERCEPTS/THRESHOLDS
              W8BULLYT      W8BULLYT      W8BULLYT      W8BULLYT      W8BULLYT
              ________      ________      ________      ________      ________
                1.003         1.018         1.696         1.558         2.043


           MEANS/INTERCEPTS/THRESHOLDS
              W8BULLYT      W8BULLYT
              ________      ________
                1.508         1.654


           CORRELATION MATRIX (WITH VARIANCES ON THE DIAGONAL)
              W8BULLYT      W8BULLYT      W8BULLYT      W8BULLYT      W8BULLYT
              ________      ________      ________      ________      ________
 W8BULLYT
 W8BULLYT       0.789
 W8BULLYT       0.601         0.541
 W8BULLYT       0.630         0.616         0.535
 W8BULLYT       0.606         0.695         0.542         0.758
 W8BULLYT       0.396         0.421         0.492         0.474         0.416
 W8BULLYT       0.417         0.405         0.333         0.411         0.498


           CORRELATION MATRIX (WITH VARIANCES ON THE DIAGONAL)
              W8BULLYT      W8BULLYT
              ________      ________
 W8BULLYT       0.392


     ESTIMATED SAMPLE STATISTICS FOR TEL


           MEANS/INTERCEPTS/THRESHOLDS
              W8BULLYT      W8BULLYT      W8BULLYT      W8BULLYT      W8BULLYT
              ________      ________      ________      ________      ________
                1.113         1.108         1.598         1.542         1.957


           MEANS/INTERCEPTS/THRESHOLDS
              W8BULLYT      W8BULLYT
              ________      ________
                1.481         1.797


           CORRELATION MATRIX (WITH VARIANCES ON THE DIAGONAL)
              W8BULLYT      W8BULLYT      W8BULLYT      W8BULLYT      W8BULLYT
              ________      ________      ________      ________      ________
 W8BULLYT
 W8BULLYT       0.769
 W8BULLYT       0.567         0.502
 W8BULLYT       0.491         0.603         0.560
 W8BULLYT       0.447         0.747         0.322         0.551
 W8BULLYT       0.379         0.444         0.483         0.448         0.384
 W8BULLYT       0.530         0.484         0.320         0.369         0.116


           CORRELATION MATRIX (WITH VARIANCES ON THE DIAGONAL)
              W8BULLYT      W8BULLYT
              ________      ________
 W8BULLYT       0.056


     ESTIMATED SAMPLE STATISTICS FOR FTF


           MEANS/INTERCEPTS/THRESHOLDS
              W8BULLYT      W8BULLYT      W8BULLYT      W8BULLYT      W8BULLYT
              ________      ________      ________      ________      ________
                0.920         0.876         1.461         1.353         1.903


           MEANS/INTERCEPTS/THRESHOLDS
              W8BULLYT      W8BULLYT
              ________      ________
                1.398         1.848


           CORRELATION MATRIX (WITH VARIANCES ON THE DIAGONAL)
              W8BULLYT      W8BULLYT      W8BULLYT      W8BULLYT      W8BULLYT
              ________      ________      ________      ________      ________
 W8BULLYT
 W8BULLYT       0.755
 W8BULLYT       0.575         0.549
 W8BULLYT       0.633         0.740         0.672
 W8BULLYT       0.506         0.714         0.503         0.738
 W8BULLYT       0.556         0.569         0.446         0.595         0.534
 W8BULLYT       0.452         0.494         0.373         0.454         0.371


           CORRELATION MATRIX (WITH VARIANCES ON THE DIAGONAL)
              W8BULLYT      W8BULLYT
              ________      ________
 W8BULLYT       0.405


THE MODEL ESTIMATION TERMINATED NORMALLY



MODEL FIT INFORMATION

Number of Free Parameters                       15

Chi-Square Test of Model Fit

          Value                            269.738*
          Degrees of Freedom                    69
          P-Value                           0.0000

Chi-Square Contribution From Each Group

          WEB                              166.050
          TEL                               29.918
          FTF                               73.770

*   The chi-square value for MLM, MLMV, MLR, ULSMV, WLSM and WLSMV cannot be used
    for chi-square difference testing in the regular way.  MLM, MLR and WLSM
    chi-square difference testing is described on the Mplus website.  MLMV, WLSMV,
    and ULSMV difference testing is done using the DIFFTEST option.

RMSEA (Root Mean Square Error Of Approximation)

          Estimate                           0.035
          90 Percent C.I.                    0.031  0.039
          Probability RMSEA <= .05           1.000

CFI/TLI

          CFI                                0.977
          TLI                                0.979

Chi-Square Test of Model Fit for the Baseline Model

          Value                           8951.402
          Degrees of Freedom                    63
          P-Value                           0.0000

SRMR (Standardized Root Mean Square Residual)

          Value                              0.066

Optimum Function Value for Weighted Least-Squares Estimator

          Value                     0.20141367D-01



MODEL RESULTS

                                                    Two-Tailed
                    Estimate       S.E.  Est./S.E.    P-Value

Group WEB

 F1       BY
    W8BULLYTYP         1.000      0.000    999.000    999.000
    W8BULLYTYP         2.822      0.356      7.934      0.000
    W8BULLYTYP         0.969      0.059     16.552      0.000
    W8BULLYTYP         1.403      0.081     17.393      0.000
    W8BULLYTYP         1.379      0.105     13.087      0.000
    W8BULLYTYP         0.746      0.045     16.692      0.000
    W8BULLYTYP         0.619      0.046     13.482      0.000

 Means
    F1                 0.000      0.000    999.000    999.000

 Thresholds
    W8BULLYT$1         1.440      0.029     50.461      0.000
    W8BULLYT$1         3.070      0.346      8.878      0.000
    W8BULLYT$1         2.287      0.073     31.539      0.000
    W8BULLYT$1         2.636      0.105     25.189      0.000
    W8BULLYT$1         3.456      0.172     20.072      0.000
    W8BULLYT$1         1.871      0.048     38.981      0.000
    W8BULLYT$1         2.033      0.050     40.681      0.000

 Variances
    F1                 1.000      0.000    999.000    999.000

 Residual Variances
    W8BULLYTYP         1.000      0.000    999.000    999.000
    W8BULLYTYP         1.000      0.000    999.000    999.000
    W8BULLYTYP         1.000      0.000    999.000    999.000
    W8BULLYTYP         1.000      0.000    999.000    999.000
    W8BULLYTYP         1.000      0.000    999.000    999.000
    W8BULLYTYP         1.000      0.000    999.000    999.000
    W8BULLYTYP         1.000      0.000    999.000    999.000

Group TEL

 F1       BY
    W8BULLYTYP         1.000      0.000    999.000    999.000
    W8BULLYTYP         2.822      0.356      7.934      0.000
    W8BULLYTYP         0.969      0.059     16.552      0.000
    W8BULLYTYP         1.403      0.081     17.393      0.000
    W8BULLYTYP         1.379      0.105     13.087      0.000
    W8BULLYTYP         0.746      0.045     16.692      0.000
    W8BULLYTYP         0.619      0.046     13.482      0.000

 Means
    F1                -0.045      0.061     -0.733      0.464

 Thresholds
    W8BULLYT$1         1.440      0.029     50.461      0.000
    W8BULLYT$1         3.070      0.346      8.878      0.000
    W8BULLYT$1         2.287      0.073     31.539      0.000
    W8BULLYT$1         2.636      0.105     25.189      0.000
    W8BULLYT$1         3.456      0.172     20.072      0.000
    W8BULLYT$1         1.871      0.048     38.981      0.000
    W8BULLYT$1         2.033      0.050     40.681      0.000

 Variances
    F1                 1.000      0.000    999.000    999.000

 Residual Variances
    W8BULLYTYP         1.000      0.000    999.000    999.000
    W8BULLYTYP         1.000      0.000    999.000    999.000
    W8BULLYTYP         1.000      0.000    999.000    999.000
    W8BULLYTYP         1.000      0.000    999.000    999.000
    W8BULLYTYP         1.000      0.000    999.000    999.000
    W8BULLYTYP         1.000      0.000    999.000    999.000
    W8BULLYTYP         1.000      0.000    999.000    999.000

Group FTF

 F1       BY
    W8BULLYTYP         1.000      0.000    999.000    999.000
    W8BULLYTYP         2.822      0.356      7.934      0.000
    W8BULLYTYP         0.969      0.059     16.552      0.000
    W8BULLYTYP         1.403      0.081     17.393      0.000
    W8BULLYTYP         1.379      0.105     13.087      0.000
    W8BULLYTYP         0.746      0.045     16.692      0.000
    W8BULLYTYP         0.619      0.046     13.482      0.000

 Means
    F1                 0.162      0.039      4.201      0.000

 Thresholds
    W8BULLYT$1         1.440      0.029     50.461      0.000
    W8BULLYT$1         3.070      0.346      8.878      0.000
    W8BULLYT$1         2.287      0.073     31.539      0.000
    W8BULLYT$1         2.636      0.105     25.189      0.000
    W8BULLYT$1         3.456      0.172     20.072      0.000
    W8BULLYT$1         1.871      0.048     38.981      0.000
    W8BULLYT$1         2.033      0.050     40.681      0.000

 Variances
    F1                 1.000      0.000    999.000    999.000

 Residual Variances
    W8BULLYTYP         1.000      0.000    999.000    999.000
    W8BULLYTYP         1.000      0.000    999.000    999.000
    W8BULLYTYP         1.000      0.000    999.000    999.000
    W8BULLYTYP         1.000      0.000    999.000    999.000
    W8BULLYTYP         1.000      0.000    999.000    999.000
    W8BULLYTYP         1.000      0.000    999.000    999.000
    W8BULLYTYP         1.000      0.000    999.000    999.000


IRT PARAMETERIZATION

Group WEB

 Item Discriminations

 F1       BY
    W8BULLYTYP         1.000      0.000      0.000      1.000
    W8BULLYTYP         2.822      0.356      7.934      0.000
    W8BULLYTYP         0.969      0.059     16.552      0.000
    W8BULLYTYP         1.403      0.081     17.393      0.000
    W8BULLYTYP         1.379      0.105     13.087      0.000
    W8BULLYTYP         0.746      0.045     16.692      0.000
    W8BULLYTYP         0.619      0.046     13.482      0.000

 Means
    F1                 0.000      0.000      0.000      1.000

 Item Difficulties
    W8BULLYT$1         1.440      0.029     50.461      0.000
    W8BULLYT$1         1.088      0.028     38.232      0.000
    W8BULLYT$1         2.361      0.086     27.314      0.000
    W8BULLYT$1         1.879      0.050     37.240      0.000
    W8BULLYT$1         2.506      0.085     29.518      0.000
    W8BULLYT$1         2.507      0.107     23.481      0.000
    W8BULLYT$1         3.282      0.188     17.473      0.000

 Variances
    F1                 1.000      0.000      0.000      1.000

Group TEL

 Item Discriminations

 F1       BY
    W8BULLYTYP         1.000      0.000      0.000      1.000
    W8BULLYTYP         2.822      0.356      7.934      0.000
    W8BULLYTYP         0.969      0.059     16.552      0.000
    W8BULLYTYP         1.403      0.081     17.393      0.000
    W8BULLYTYP         1.379      0.105     13.087      0.000
    W8BULLYTYP         0.746      0.045     16.692      0.000
    W8BULLYTYP         0.619      0.046     13.482      0.000

 Means
    F1                 0.000      0.000      0.000      1.000

 Item Difficulties
    W8BULLYT$1         1.485      0.060     24.657      0.000
    W8BULLYT$1         1.133      0.061     18.708      0.000
    W8BULLYT$1         2.405      0.100     23.939      0.000
    W8BULLYT$1         1.923      0.072     26.695      0.000
    W8BULLYT$1         2.550      0.099     25.655      0.000
    W8BULLYT$1         2.552      0.119     21.457      0.000
    W8BULLYT$1         3.327      0.194     17.139      0.000

 Variances
    F1                 1.000      0.000      0.000      1.000

Group FTF

 Item Discriminations

 F1       BY
    W8BULLYTYP         1.000      0.000      0.000      1.000
    W8BULLYTYP         2.822      0.356      7.934      0.000
    W8BULLYTYP         0.969      0.059     16.552      0.000
    W8BULLYTYP         1.403      0.081     17.393      0.000
    W8BULLYTYP         1.379      0.105     13.087      0.000
    W8BULLYTYP         0.746      0.045     16.692      0.000
    W8BULLYTYP         0.619      0.046     13.482      0.000

 Means
    F1                 0.000      0.000      0.000      1.000

 Item Difficulties
    W8BULLYT$1         1.278      0.037     34.875      0.000
    W8BULLYT$1         0.925      0.036     25.407      0.000
    W8BULLYT$1         2.198      0.088     24.873      0.000
    W8BULLYT$1         1.716      0.055     31.134      0.000
    W8BULLYT$1         2.343      0.086     27.111      0.000
    W8BULLYT$1         2.344      0.109     21.558      0.000
    W8BULLYT$1         3.120      0.188     16.559      0.000

 Variances
    F1                 1.000      0.000      0.000      1.000


STANDARDIZED MODEL RESULTS


STD Standardization

                                                    Two-Tailed
                    Estimate       S.E.  Est./S.E.    P-Value

Group WEB

 F1       BY
    W8BULLYTYP         1.000      0.000    999.000    999.000
    W8BULLYTYP         2.822      0.356      7.934      0.000
    W8BULLYTYP         0.969      0.059     16.552      0.000
    W8BULLYTYP         1.403      0.081     17.393      0.000
    W8BULLYTYP         1.379      0.105     13.087      0.000
    W8BULLYTYP         0.746      0.045     16.692      0.000
    W8BULLYTYP         0.619      0.046     13.482      0.000

 Means
    F1                 0.000      0.000    999.000    999.000

 Thresholds
    W8BULLYT$1         1.440      0.029     50.461      0.000
    W8BULLYT$1         3.070      0.346      8.878      0.000
    W8BULLYT$1         2.287      0.073     31.539      0.000
    W8BULLYT$1         2.636      0.105     25.189      0.000
    W8BULLYT$1         3.456      0.172     20.072      0.000
    W8BULLYT$1         1.871      0.048     38.981      0.000
    W8BULLYT$1         2.033      0.050     40.681      0.000

 Variances
    F1                 1.000      0.000    999.000    999.000

 Residual Variances
    W8BULLYTYP         1.000      0.000    999.000    999.000
    W8BULLYTYP         1.000      0.000    999.000    999.000
    W8BULLYTYP         1.000      0.000    999.000    999.000
    W8BULLYTYP         1.000      0.000    999.000    999.000
    W8BULLYTYP         1.000      0.000    999.000    999.000
    W8BULLYTYP         1.000      0.000    999.000    999.000
    W8BULLYTYP         1.000      0.000    999.000    999.000

Group TEL

 F1       BY
    W8BULLYTYP         1.000      0.000    999.000    999.000
    W8BULLYTYP         2.822      0.356      7.934      0.000
    W8BULLYTYP         0.969      0.059     16.552      0.000
    W8BULLYTYP         1.403      0.081     17.393      0.000
    W8BULLYTYP         1.379      0.105     13.087      0.000
    W8BULLYTYP         0.746      0.045     16.692      0.000
    W8BULLYTYP         0.619      0.046     13.482      0.000

 Means
    F1                -0.045      0.061     -0.733      0.464

 Thresholds
    W8BULLYT$1         1.440      0.029     50.461      0.000
    W8BULLYT$1         3.070      0.346      8.878      0.000
    W8BULLYT$1         2.287      0.073     31.539      0.000
    W8BULLYT$1         2.636      0.105     25.189      0.000
    W8BULLYT$1         3.456      0.172     20.072      0.000
    W8BULLYT$1         1.871      0.048     38.981      0.000
    W8BULLYT$1         2.033      0.050     40.681      0.000

 Variances
    F1                 1.000      0.000    999.000    999.000

 Residual Variances
    W8BULLYTYP         1.000      0.000    999.000    999.000
    W8BULLYTYP         1.000      0.000    999.000    999.000
    W8BULLYTYP         1.000      0.000    999.000    999.000
    W8BULLYTYP         1.000      0.000    999.000    999.000
    W8BULLYTYP         1.000      0.000    999.000    999.000
    W8BULLYTYP         1.000      0.000    999.000    999.000
    W8BULLYTYP         1.000      0.000    999.000    999.000

Group FTF

 F1       BY
    W8BULLYTYP         1.000      0.000    999.000    999.000
    W8BULLYTYP         2.822      0.356      7.934      0.000
    W8BULLYTYP         0.969      0.059     16.552      0.000
    W8BULLYTYP         1.403      0.081     17.393      0.000
    W8BULLYTYP         1.379      0.105     13.087      0.000
    W8BULLYTYP         0.746      0.045     16.692      0.000
    W8BULLYTYP         0.619      0.046     13.482      0.000

 Means
    F1                 0.162      0.039      4.201      0.000

 Thresholds
    W8BULLYT$1         1.440      0.029     50.461      0.000
    W8BULLYT$1         3.070      0.346      8.878      0.000
    W8BULLYT$1         2.287      0.073     31.539      0.000
    W8BULLYT$1         2.636      0.105     25.189      0.000
    W8BULLYT$1         3.456      0.172     20.072      0.000
    W8BULLYT$1         1.871      0.048     38.981      0.000
    W8BULLYT$1         2.033      0.050     40.681      0.000

 Variances
    F1                 1.000      0.000    999.000    999.000

 Residual Variances
    W8BULLYTYP         1.000      0.000    999.000    999.000
    W8BULLYTYP         1.000      0.000    999.000    999.000
    W8BULLYTYP         1.000      0.000    999.000    999.000
    W8BULLYTYP         1.000      0.000    999.000    999.000
    W8BULLYTYP         1.000      0.000    999.000    999.000
    W8BULLYTYP         1.000      0.000    999.000    999.000
    W8BULLYTYP         1.000      0.000    999.000    999.000


R-SQUARE

Group WEB

    Observed                                        Two-Tailed     Scale
    Variable        Estimate       S.E.  Est./S.E.    P-Value     Factors

    W8BULLYT           0.500      0.000    999.000    999.000      0.707
    W8BULLYT           0.888      0.025     35.565      0.000      0.334
    W8BULLYT           0.484      0.030     16.045      0.000      0.718
    W8BULLYT           0.663      0.026     25.816      0.000      0.580
    W8BULLYT           0.655      0.035     18.994      0.000      0.587
    W8BULLYT           0.358      0.028     12.993      0.000      0.801
    W8BULLYT           0.277      0.030      9.327      0.000      0.850

Group TEL

    Observed                                        Two-Tailed     Scale
    Variable        Estimate       S.E.  Est./S.E.    P-Value     Factors

    W8BULLYT           0.500      0.000    999.000    999.000      0.707
    W8BULLYT           0.888      0.025     35.565      0.000      0.334
    W8BULLYT           0.484      0.030     16.045      0.000      0.718
    W8BULLYT           0.663      0.026     25.816      0.000      0.580
    W8BULLYT           0.655      0.035     18.994      0.000      0.587
    W8BULLYT           0.358      0.028     12.993      0.000      0.801
    W8BULLYT           0.277      0.030      9.327      0.000      0.850

Group FTF

    Observed                                        Two-Tailed     Scale
    Variable        Estimate       S.E.  Est./S.E.    P-Value     Factors

    W8BULLYT           0.500      0.000    999.000    999.000      0.707
    W8BULLYT           0.888      0.025     35.565      0.000      0.334
    W8BULLYT           0.484      0.030     16.045      0.000      0.718
    W8BULLYT           0.663      0.026     25.816      0.000      0.580
    W8BULLYT           0.655      0.035     18.994      0.000      0.587
    W8BULLYT           0.358      0.028     12.993      0.000      0.801
    W8BULLYT           0.277      0.030      9.327      0.000      0.850


QUALITY OF NUMERICAL RESULTS

     Condition Number for the Information Matrix              0.258E-02
       (ratio of smallest to largest eigenvalue)


MODEL MODIFICATION INDICES

NOTE:  Modification indices for direct effects of observed dependent variables
regressed on covariates and residual covariances among observed dependent
variables may not be included.  To include these, request MODINDICES (ALL).

Minimum M.I. value for printing the modification index    10.000

                                   M.I.     E.P.C.  Std E.P.C.  StdYX E.P.C.
Group WEB


BY Statements

F1       BY W8BULLYT              54.158     0.255      0.255        0.181

WITH Statements

W8BULLYT WITH W8BULLYT            67.320     0.634      0.634        0.634
W8BULLYT WITH W8BULLYT            11.608     0.234      0.234        0.234
W8BULLYT WITH W8BULLYT            11.784    -0.558     -0.558       -0.558
W8BULLYT WITH W8BULLYT            30.532    -0.944     -0.944       -0.944
W8BULLYT WITH W8BULLYT            17.543    -0.616     -0.616       -0.616

Variances/Residual Variances

W8BULLYT                          40.881    -0.443     -0.443       -0.221

Group TEL


No modification indices above the minimum value.

Group FTF


ON/BY Statements

F1       ON F1       /
F1       BY F1                    13.609     0.076      0.076        0.076

Variances/Residual Variances

F1                                13.610     0.152      0.152        0.152



SAMPLE STATISTICS FOR ESTIMATED FACTOR SCORES


     SAMPLE STATISTICS


           Means
              F1            F1_SE
              ________      ________
                0.189         0.720


           Covariances
              F1            F1_SE
              ________      ________
 F1             0.386
 F1_SE         -0.114         0.040


           Correlations
              F1            F1_SE
              ________      ________
 F1             1.000
 F1_SE         -0.923         1.000


PLOT INFORMATION

The following plots are available:

  Histograms (sample values, estimated factor scores, estimated values, residuals)
  Scatterplots (sample values, estimated factor scores, estimated values, residuals)
  Sample proportions and estimated probabilities
  Item characteristic curves
  Information curves
  Measurement parameter plots
  Latent variable distribution plots

DIAGRAM INFORMATION

  Use View Diagram under the Diagram menu in the Mplus Editor to view the diagram.
  If running Mplus from the Mplus Diagrammer, the diagram opens automatically.

  Diagram output
    c:\users\msassac6\dropbox (the university of manchester)\papers\joe s\uclmm\uclmm_r\mplus\mean no correction\scalar_

     Beginning Time:  09:29:16
        Ending Time:  09:29:17
       Elapsed Time:  00:00:01



MUTHEN & MUTHEN
3463 Stoner Ave.
Los Angeles, CA  90066

Tel: (310) 391-9971
Fax: (310) 391-8971
Web: www.StatModel.com
Support: Support@StatModel.com

Copyright (c) 1998-2019 Muthen & Muthen
