Mplus VERSION 8.3
MUTHEN & MUTHEN
09/02/2019   8:58 AM

INPUT INSTRUCTIONS

  TITLE: Your title goes here

  DATA: FILE = data.dta;

  VARIABLE:

  NAMES = audit1 bully0a bully0b bully0c bully0d bully0e bully0f bully0g adult0a
       adult0b adult0c leisa0a leisa0b leisa0c leisa0d leisa0e leisa0f leisb0a leisb0b
       leisb0c leisb0d samppsu sampstratum mode locus0a locus0b locus0c locus0d
       ghq12_1 ghq12_2 ghq12_3 ghq12_4 ghq12_5 ghq12_6 ghq12_7 ghq12_8 ghq12_9
       ghq12_10 ghq12_11 ghq12_12 audit2 audit3 designweight_combin;

  MISSING=.;
  USEVARIABLES ARE leisb0a
  leisb0b
  leisb0c
  leisb0d;
  CATEGORICAL ARE leisb0a
  leisb0b
  leisb0c
  leisb0d;
  GROUPING IS mode (1=Web 2=Tel 3=Ftf);

  ! WEIGHT IS designweight_combin;

  ! STRATIFICATION IS sampstratum;

  ! CLUSTER IS samppsu;

  ANALYSIS:

  ! TYPE IS COMPLEX;

                  ESTIMATOR = WLSMV;

                  ITERATIONS = 100000;

                  PARAMETERIZATION = THETA;

  ! DIFFTEST = leisb0a_metric.dat;

  Model:


  f1 BY leisb0a@1
  leisb0b (L2)
  leisb0c (L3)
  leisb0d (L4)
  ;


  [leisb0a$1] (t_leisb0a_1);
  [leisb0a$2] (t_leisb0a_2);
  [leisb0a$3] (t_leisb0a_3);

  [leisb0b$1] (t_leisb0b_1);
  [leisb0b$2] (t_leisb0b_2);
  [leisb0b$3] (t_leisb0b_3);

  [leisb0c$1] (t_leisb0c_1);
  [leisb0c$2] (t_leisb0c_2);
  [leisb0c$3] (t_leisb0c_3);

  [leisb0d$1] (t_leisb0d_1);
  [leisb0d$2] (t_leisb0d_2);
  [leisb0d$3] (t_leisb0d_3);
  leisb0a@1;
  leisb0b@1;
  leisb0c@1;
  leisb0d@1;

  Model Tel:

  f1 BY leisb0a@1
  leisb0b (L2)
  leisb0c (L3)
  leisb0d (L4)
  ;


  [leisb0a$1] (t_leisb0a_1);
  [leisb0a$2] (t_leisb0a_2);
  [leisb0a$3] (t_leisb0a_3);

  [leisb0b$1] (t_leisb0b_1);
  [leisb0b$2] (t_leisb0b_2);
  [leisb0b$3] (t_leisb0b_3);

  [leisb0c$1] (t_leisb0c_1);
  [leisb0c$2] (t_leisb0c_2);
  [leisb0c$3] (t_leisb0c_3);

  [leisb0d$1] (t_leisb0d_1);
  [leisb0d$2] (t_leisb0d_2);
  [leisb0d$3] (t_leisb0d_3);
  leisb0a@1;
  leisb0b@1;
  leisb0c@1;
  leisb0d@1;

  Model Ftf:

  f1 BY leisb0a@1
  leisb0b (L2)
  leisb0c (L3)
  leisb0d (L4)
  ;


  [leisb0a$1] (t_leisb0a_1);
  [leisb0a$2] (t_leisb0a_2);
  [leisb0a$3] (t_leisb0a_3);

  [leisb0b$1] (t_leisb0b_1);
  [leisb0b$2] (t_leisb0b_2);
  [leisb0b$3] (t_leisb0b_3);

  [leisb0c$1] (t_leisb0c_1);
  [leisb0c$2] (t_leisb0c_2);
  [leisb0c$3] (t_leisb0c_3);

  [leisb0d$1] (t_leisb0d_1);
  [leisb0d$2] (t_leisb0d_2);
  [leisb0d$3] (t_leisb0d_3);
  leisb0a@1;
  leisb0b@1;
  leisb0c@1;
  leisb0d@1;

  ! SAVEDATA: DIFFTEST IS leisb0a_scalar.dat;

  OUTPUT: SAMPSTAT;

  MODINDICES;

  STD;

  Plot: type = plot3;




*** WARNING
  Data set contains cases with missing on all variables.
  These cases were not included in the analysis.
  Number of cases with missing on all variables:  201
   1 WARNING(S) FOUND IN THE INPUT INSTRUCTIONS



Your title goes here

SUMMARY OF ANALYSIS

Number of groups                                                 3
Number of observations
   Group WEB                                                  4560
   Group TEL                                                   647
   Group FTF                                                  2161
   Total sample size                                          7368

Number of dependent variables                                    4
Number of independent variables                                  0
Number of continuous latent variables                            1

Observed dependent variables

  Binary and ordered categorical (ordinal)
   LEISB0A     LEISB0B     LEISB0C     LEISB0D

Continuous latent variables
   F1

Variables with special functions

  Grouping variable     MODE

Estimator                                                    WLSMV
Maximum number of iterations                                100000
Convergence criterion                                    0.500D-04
Maximum number of steepest descent iterations                   20
Maximum number of iterations for H1                           2000
Convergence criterion for H1                             0.100D-03
Parameterization                                             THETA
Link                                                        PROBIT

Input data file(s)
  data.dta

Input data format  FREE


SUMMARY OF DATA

   Group WEB
     Number of missing data patterns             6

   Group TEL
     Number of missing data patterns             2

   Group FTF
     Number of missing data patterns             2


COVARIANCE COVERAGE OF DATA

Minimum covariance coverage value   0.100


     PROPORTION OF DATA PRESENT FOR WEB


           Covariance Coverage
              LEISB0A       LEISB0B       LEISB0C       LEISB0D
              ________      ________      ________      ________
 LEISB0A        1.000
 LEISB0B        0.999         1.000
 LEISB0C        1.000         0.999         1.000
 LEISB0D        0.999         0.999         0.999         0.999


     PROPORTION OF DATA PRESENT FOR TEL


           Covariance Coverage
              LEISB0A       LEISB0B       LEISB0C       LEISB0D
              ________      ________      ________      ________
 LEISB0A        1.000
 LEISB0B        0.998         0.998
 LEISB0C        1.000         0.998         1.000
 LEISB0D        1.000         0.998         1.000         1.000


     PROPORTION OF DATA PRESENT FOR FTF


           Covariance Coverage
              LEISB0A       LEISB0B       LEISB0C       LEISB0D
              ________      ________      ________      ________
 LEISB0A        1.000
 LEISB0B        1.000         1.000
 LEISB0C        1.000         1.000         1.000
 LEISB0D        1.000         1.000         1.000         1.000


UNIVARIATE PROPORTIONS AND COUNTS FOR CATEGORICAL VARIABLES

  Group WEB
    LEISB0A
      Category 1    0.041          187.000
      Category 2    0.057          260.000
      Category 3    0.202          920.000
      Category 4    0.700         3192.000
    LEISB0B
      Category 1    0.053          240.000
      Category 2    0.105          479.000
      Category 3    0.268         1220.000
      Category 4    0.575         2619.000
    LEISB0C
      Category 1    0.032          147.000
      Category 2    0.263         1197.000
      Category 3    0.465         2121.000
      Category 4    0.240         1094.000
    LEISB0D
      Category 1    0.004           20.000
      Category 2    0.016           75.000
      Category 3    0.153          699.000
      Category 4    0.826         3761.000

  Group TEL
    LEISB0A
      Category 1    0.051           33.000
      Category 2    0.068           44.000
      Category 3    0.153           99.000
      Category 4    0.728          471.000
    LEISB0B
      Category 1    0.094           61.000
      Category 2    0.155          100.000
      Category 3    0.238          154.000
      Category 4    0.512          331.000
    LEISB0C
      Category 1    0.056           36.000
      Category 2    0.359          232.000
      Category 3    0.383          248.000
      Category 4    0.202          131.000
    LEISB0D
      Category 1    0.006            4.000
      Category 2    0.025           16.000
      Category 3    0.127           82.000
      Category 4    0.842          545.000

  Group FTF
    LEISB0A
      Category 1    0.041           89.000
      Category 2    0.043           92.000
      Category 3    0.108          234.000
      Category 4    0.808         1746.000
    LEISB0B
      Category 1    0.069          148.000
      Category 2    0.125          270.000
      Category 3    0.182          393.000
      Category 4    0.625         1349.000
    LEISB0C
      Category 1    0.050          109.000
      Category 2    0.273          589.000
      Category 3    0.343          741.000
      Category 4    0.334          721.000
    LEISB0D
      Category 1    0.004            9.000
      Category 2    0.012           25.000
      Category 3    0.086          185.000
      Category 4    0.899         1941.000


SAMPLE STATISTICS


     ESTIMATED SAMPLE STATISTICS FOR WEB


           MEANS/INTERCEPTS/THRESHOLDS
              LEISB0A$      LEISB0A$      LEISB0A$      LEISB0B$      LEISB0B$
              ________      ________      ________      ________      ________
               -1.739        -1.293        -0.525        -1.620        -1.004


           MEANS/INTERCEPTS/THRESHOLDS
              LEISB0B$      LEISB0C$      LEISB0C$      LEISB0C$      LEISB0D$
              ________      ________      ________      ________      ________
               -0.188        -1.849        -0.539         0.706        -2.620


           MEANS/INTERCEPTS/THRESHOLDS
              LEISB0D$      LEISB0D$
              ________      ________
               -2.036        -0.937


           CORRELATION MATRIX (WITH VARIANCES ON THE DIAGONAL)
              LEISB0A       LEISB0B       LEISB0C       LEISB0D
              ________      ________      ________      ________
 LEISB0A
 LEISB0B        0.710
 LEISB0C        0.403         0.408
 LEISB0D        0.619         0.535         0.398


     ESTIMATED SAMPLE STATISTICS FOR TEL


           MEANS/INTERCEPTS/THRESHOLDS
              LEISB0A$      LEISB0A$      LEISB0A$      LEISB0B$      LEISB0B$
              ________      ________      ________      ________      ________
               -1.635        -1.180        -0.607        -1.314        -0.677


           MEANS/INTERCEPTS/THRESHOLDS
              LEISB0B$      LEISB0C$      LEISB0C$      LEISB0C$      LEISB0D$
              ________      ________      ________      ________      ________
               -0.031        -1.592        -0.217         0.833        -2.502


           MEANS/INTERCEPTS/THRESHOLDS
              LEISB0D$      LEISB0D$
              ________      ________
               -1.868        -1.004


           CORRELATION MATRIX (WITH VARIANCES ON THE DIAGONAL)
              LEISB0A       LEISB0B       LEISB0C       LEISB0D
              ________      ________      ________      ________
 LEISB0A
 LEISB0B        0.590
 LEISB0C        0.378         0.322
 LEISB0D        0.523         0.414         0.213


     ESTIMATED SAMPLE STATISTICS FOR FTF


           MEANS/INTERCEPTS/THRESHOLDS
              LEISB0A$      LEISB0A$      LEISB0A$      LEISB0B$      LEISB0B$
              ________      ________      ________      ________      ________
               -1.737        -1.380        -0.870        -1.487        -0.865


           MEANS/INTERCEPTS/THRESHOLDS
              LEISB0B$      LEISB0C$      LEISB0C$      LEISB0C$      LEISB0D$
              ________      ________      ________      ________      ________
               -0.317        -1.640        -0.459         0.429        -2.638


           MEANS/INTERCEPTS/THRESHOLDS
              LEISB0D$      LEISB0D$
              ________      ________
               -2.151        -1.274


           CORRELATION MATRIX (WITH VARIANCES ON THE DIAGONAL)
              LEISB0A       LEISB0B       LEISB0C       LEISB0D
              ________      ________      ________      ________
 LEISB0A
 LEISB0B        0.677
 LEISB0C        0.412         0.387
 LEISB0D        0.586         0.431         0.380


THE MODEL ESTIMATION TERMINATED NORMALLY



MODEL FIT INFORMATION

Number of Free Parameters                       20

Chi-Square Test of Model Fit

          Value                            344.252*
          Degrees of Freedom                    34
          P-Value                           0.0000

Chi-Square Contribution From Each Group

          WEB                              130.088
          TEL                               44.495
          FTF                              169.669

*   The chi-square value for MLM, MLMV, MLR, ULSMV, WLSM and WLSMV cannot be used
    for chi-square difference testing in the regular way.  MLM, MLR and WLSM
    chi-square difference testing is described on the Mplus website.  MLMV, WLSMV,
    and ULSMV difference testing is done using the DIFFTEST option.

RMSEA (Root Mean Square Error Of Approximation)

          Estimate                           0.061
          90 Percent C.I.                    0.055  0.067
          Probability RMSEA <= .05           0.001

CFI/TLI

          CFI                                0.969
          TLI                                0.983

Chi-Square Test of Model Fit for the Baseline Model

          Value                           9896.423
          Degrees of Freedom                    18
          P-Value                           0.0000

SRMR (Standardized Root Mean Square Residual)

          Value                              0.030

Optimum Function Value for Weighted Least-Squares Estimator

          Value                     0.19106421D-01



MODEL RESULTS

                                                    Two-Tailed
                    Estimate       S.E.  Est./S.E.    P-Value

Group WEB

 F1       BY
    LEISB0A            1.000      0.000    999.000    999.000
    LEISB0B            0.668      0.050     13.459      0.000
    LEISB0C            0.303      0.019     15.834      0.000
    LEISB0D            0.500      0.036     13.853      0.000

 Means
    F1                 0.000      0.000    999.000    999.000

 Thresholds
    LEISB0A$1         -3.636      0.149    -24.419      0.000
    LEISB0A$2         -2.742      0.120    -22.930      0.000
    LEISB0A$3         -1.293      0.070    -18.362      0.000
    LEISB0B$1         -2.445      0.054    -45.438      0.000
    LEISB0B$2         -1.461      0.040    -36.447      0.000
    LEISB0B$3         -0.313      0.030    -10.565      0.000
    LEISB0C$1         -1.996      0.033    -60.317      0.000
    LEISB0C$2         -0.545      0.019    -28.280      0.000
    LEISB0C$3          0.741      0.020     37.235      0.000
    LEISB0D$1         -3.561      0.093    -38.426      0.000
    LEISB0D$2         -2.787      0.062    -45.217      0.000
    LEISB0D$3         -1.389      0.037    -37.237      0.000

 Variances
    F1                 3.533      0.389      9.076      0.000

 Residual Variances
    LEISB0A            1.000      0.000    999.000    999.000
    LEISB0B            1.000      0.000    999.000    999.000
    LEISB0C            1.000      0.000    999.000    999.000
    LEISB0D            1.000      0.000    999.000    999.000

Group TEL

 F1       BY
    LEISB0A            1.000      0.000    999.000    999.000
    LEISB0B            0.668      0.050     13.459      0.000
    LEISB0C            0.303      0.019     15.834      0.000
    LEISB0D            0.500      0.036     13.853      0.000

 Means
    F1                -0.498      0.094     -5.293      0.000

 Thresholds
    LEISB0A$1         -3.636      0.149    -24.419      0.000
    LEISB0A$2         -2.742      0.120    -22.930      0.000
    LEISB0A$3         -1.293      0.070    -18.362      0.000
    LEISB0B$1         -2.445      0.054    -45.438      0.000
    LEISB0B$2         -1.461      0.040    -36.447      0.000
    LEISB0B$3         -0.313      0.030    -10.565      0.000
    LEISB0C$1         -1.996      0.033    -60.317      0.000
    LEISB0C$2         -0.545      0.019    -28.280      0.000
    LEISB0C$3          0.741      0.020     37.235      0.000
    LEISB0D$1         -3.561      0.093    -38.426      0.000
    LEISB0D$2         -2.787      0.062    -45.217      0.000
    LEISB0D$3         -1.389      0.037    -37.237      0.000

 Variances
    F1                 2.573      0.382      6.736      0.000

 Residual Variances
    LEISB0A            1.000      0.000    999.000    999.000
    LEISB0B            1.000      0.000    999.000    999.000
    LEISB0C            1.000      0.000    999.000    999.000
    LEISB0D            1.000      0.000    999.000    999.000

Group FTF

 F1       BY
    LEISB0A            1.000      0.000    999.000    999.000
    LEISB0B            0.668      0.050     13.459      0.000
    LEISB0C            0.303      0.019     15.834      0.000
    LEISB0D            0.500      0.036     13.853      0.000

 Means
    F1                 0.315      0.074      4.252      0.000

 Thresholds
    LEISB0A$1         -3.636      0.149    -24.419      0.000
    LEISB0A$2         -2.742      0.120    -22.930      0.000
    LEISB0A$3         -1.293      0.070    -18.362      0.000
    LEISB0B$1         -2.445      0.054    -45.438      0.000
    LEISB0B$2         -1.461      0.040    -36.447      0.000
    LEISB0B$3         -0.313      0.030    -10.565      0.000
    LEISB0C$1         -1.996      0.033    -60.317      0.000
    LEISB0C$2         -0.545      0.019    -28.280      0.000
    LEISB0C$3          0.741      0.020     37.235      0.000
    LEISB0D$1         -3.561      0.093    -38.426      0.000
    LEISB0D$2         -2.787      0.062    -45.217      0.000
    LEISB0D$3         -1.389      0.037    -37.237      0.000

 Variances
    F1                 3.847      0.471      8.161      0.000

 Residual Variances
    LEISB0A            1.000      0.000    999.000    999.000
    LEISB0B            1.000      0.000    999.000    999.000
    LEISB0C            1.000      0.000    999.000    999.000
    LEISB0D            1.000      0.000    999.000    999.000


STANDARDIZED MODEL RESULTS


STD Standardization

                                                    Two-Tailed
                    Estimate       S.E.  Est./S.E.    P-Value

Group WEB

 F1       BY
    LEISB0A            1.880      0.104     18.152      0.000
    LEISB0B            1.255      0.042     29.800      0.000
    LEISB0C            0.569      0.020     27.884      0.000
    LEISB0D            0.939      0.038     24.919      0.000

 Means
    F1                 0.000      0.000    999.000    999.000

 Thresholds
    LEISB0A$1         -3.636      0.149    -24.419      0.000
    LEISB0A$2         -2.742      0.120    -22.930      0.000
    LEISB0A$3         -1.293      0.070    -18.362      0.000
    LEISB0B$1         -2.445      0.054    -45.438      0.000
    LEISB0B$2         -1.461      0.040    -36.447      0.000
    LEISB0B$3         -0.313      0.030    -10.565      0.000
    LEISB0C$1         -1.996      0.033    -60.317      0.000
    LEISB0C$2         -0.545      0.019    -28.280      0.000
    LEISB0C$3          0.741      0.020     37.235      0.000
    LEISB0D$1         -3.561      0.093    -38.426      0.000
    LEISB0D$2         -2.787      0.062    -45.217      0.000
    LEISB0D$3         -1.389      0.037    -37.237      0.000

 Variances
    F1                 1.000      0.000    999.000    999.000

 Residual Variances
    LEISB0A            1.000      0.000    999.000    999.000
    LEISB0B            1.000      0.000    999.000    999.000
    LEISB0C            1.000      0.000    999.000    999.000
    LEISB0D            1.000      0.000    999.000    999.000

Group TEL

 F1       BY
    LEISB0A            1.604      0.119     13.471      0.000
    LEISB0B            1.071      0.065     16.528      0.000
    LEISB0C            0.486      0.030     16.463      0.000
    LEISB0D            0.801      0.050     15.872      0.000

 Means
    F1                -0.311      0.063     -4.906      0.000

 Thresholds
    LEISB0A$1         -3.636      0.149    -24.419      0.000
    LEISB0A$2         -2.742      0.120    -22.930      0.000
    LEISB0A$3         -1.293      0.070    -18.362      0.000
    LEISB0B$1         -2.445      0.054    -45.438      0.000
    LEISB0B$2         -1.461      0.040    -36.447      0.000
    LEISB0B$3         -0.313      0.030    -10.565      0.000
    LEISB0C$1         -1.996      0.033    -60.317      0.000
    LEISB0C$2         -0.545      0.019    -28.280      0.000
    LEISB0C$3          0.741      0.020     37.235      0.000
    LEISB0D$1         -3.561      0.093    -38.426      0.000
    LEISB0D$2         -2.787      0.062    -45.217      0.000
    LEISB0D$3         -1.389      0.037    -37.237      0.000

 Variances
    F1                 1.000      0.000    999.000    999.000

 Residual Variances
    LEISB0A            1.000      0.000    999.000    999.000
    LEISB0B            1.000      0.000    999.000    999.000
    LEISB0C            1.000      0.000    999.000    999.000
    LEISB0D            1.000      0.000    999.000    999.000

Group FTF

 F1       BY
    LEISB0A            1.961      0.120     16.322      0.000
    LEISB0B            1.310      0.055     23.934      0.000
    LEISB0C            0.594      0.024     24.537      0.000
    LEISB0D            0.980      0.047     20.820      0.000

 Means
    F1                 0.161      0.035      4.630      0.000

 Thresholds
    LEISB0A$1         -3.636      0.149    -24.419      0.000
    LEISB0A$2         -2.742      0.120    -22.930      0.000
    LEISB0A$3         -1.293      0.070    -18.362      0.000
    LEISB0B$1         -2.445      0.054    -45.438      0.000
    LEISB0B$2         -1.461      0.040    -36.447      0.000
    LEISB0B$3         -0.313      0.030    -10.565      0.000
    LEISB0C$1         -1.996      0.033    -60.317      0.000
    LEISB0C$2         -0.545      0.019    -28.280      0.000
    LEISB0C$3          0.741      0.020     37.235      0.000
    LEISB0D$1         -3.561      0.093    -38.426      0.000
    LEISB0D$2         -2.787      0.062    -45.217      0.000
    LEISB0D$3         -1.389      0.037    -37.237      0.000

 Variances
    F1                 1.000      0.000    999.000    999.000

 Residual Variances
    LEISB0A            1.000      0.000    999.000    999.000
    LEISB0B            1.000      0.000    999.000    999.000
    LEISB0C            1.000      0.000    999.000    999.000
    LEISB0D            1.000      0.000    999.000    999.000


R-SQUARE

Group WEB

    Observed                                        Two-Tailed     Scale
    Variable        Estimate       S.E.  Est./S.E.    P-Value     Factors

    LEISB0A            0.779      0.019     41.138      0.000      0.470
    LEISB0B            0.612      0.016     38.374      0.000      0.623
    LEISB0C            0.245      0.013     18.458      0.000      0.869
    LEISB0D            0.469      0.020     23.446      0.000      0.729

Group TEL

    Observed                                        Two-Tailed     Scale
    Variable        Estimate       S.E.  Est./S.E.    P-Value     Factors

    LEISB0A            0.720      0.030     24.063      0.000      0.529
    LEISB0B            0.534      0.030     17.745      0.000      0.682
    LEISB0C            0.191      0.019     10.174      0.000      0.900
    LEISB0D            0.391      0.030     13.032      0.000      0.780

Group FTF

    Observed                                        Two-Tailed     Scale
    Variable        Estimate       S.E.  Est./S.E.    P-Value     Factors

    LEISB0A            0.794      0.020     39.557      0.000      0.454
    LEISB0B            0.632      0.019     32.498      0.000      0.607
    LEISB0C            0.261      0.016     16.597      0.000      0.860
    LEISB0D            0.490      0.024     20.406      0.000      0.714


QUALITY OF NUMERICAL RESULTS

     Condition Number for the Information Matrix              0.180E-03
       (ratio of smallest to largest eigenvalue)


MODEL MODIFICATION INDICES

NOTE:  Modification indices for direct effects of observed dependent variables
regressed on covariates and residual covariances among observed dependent
variables may not be included.  To include these, request MODINDICES (ALL).

Minimum M.I. value for printing the modification index    10.000

                                   M.I.     E.P.C.  Std E.P.C.  StdYX E.P.C.
Group WEB


BY Statements

F1       BY LEISB0B               19.563    -0.053     -0.100       -0.062
F1       BY LEISB0D               14.640     0.036      0.067        0.049

Variances/Residual Variances

LEISB0B                           55.458    -0.489     -0.489       -0.190
LEISB0C                           43.035    -0.265     -0.265       -0.200

Means/Intercepts/Thresholds

[ LEISB0A  ]                      19.488    -0.189     -0.189       -0.089
[ LEISB0B  ]                      33.546     0.166      0.166        0.104
[ LEISB0D  ]                      16.751    -0.126     -0.126       -0.092
[ LEISB0A$ ]                      39.410     0.165      0.165        0.077
[ LEISB0B$ ]                      18.863    -0.166     -0.166       -0.103
[ LEISB0B$ ]                      35.102    -0.152     -0.152       -0.095
[ LEISB0C$ ]                      18.113    -0.132     -0.132       -0.115
[ LEISB0C$ ]                      22.215    -0.075     -0.075       -0.065
[ LEISB0C$ ]                      19.269     0.074      0.074        0.064
[ LEISB0D$ ]                      23.507     0.104      0.104        0.076

Group TEL


ON/BY Statements

F1       ON F1       /
F1       BY F1                   999.000     0.000      0.000        0.000

Group FTF


BY Statements

F1       BY LEISB0B               11.502     0.049      0.095        0.058
F1       BY LEISB0D               12.264    -0.036     -0.070       -0.050

ON/BY Statements

F1       ON F1       /
F1       BY F1                   999.000     0.000      0.000        0.000

Variances/Residual Variances

LEISB0B                           34.742     0.389      0.389        0.143
LEISB0C                           35.355     0.242      0.242        0.179

Means/Intercepts/Thresholds

[ LEISB0B  ]                      24.167    -0.144     -0.144       -0.087
[ LEISB0D  ]                      13.106     0.112      0.112        0.080
[ LEISB0A$ ]                      17.460    -0.150     -0.150       -0.068
[ LEISB0B$ ]                      23.775     0.149      0.149        0.090
[ LEISB0C$ ]                      14.061     0.120      0.120        0.103
[ LEISB0C$ ]                      10.037     0.058      0.058        0.050
[ LEISB0C$ ]                      22.555    -0.098     -0.098       -0.084
[ LEISB0D$ ]                      14.698    -0.095     -0.095       -0.068



SAMPLE STATISTICS FOR ESTIMATED FACTOR SCORES


     SAMPLE STATISTICS


           Means
              F1            F1_SE
              ________      ________
               -0.142         1.049


           Covariances
              F1            F1_SE
              ________      ________
 F1             2.118
 F1_SE          0.350         0.068


           Correlations
              F1            F1_SE
              ________      ________
 F1             1.000
 F1_SE          0.919         1.000


PLOT INFORMATION

The following plots are available:

  Histograms (sample values, estimated factor scores, estimated values, residuals)
  Scatterplots (sample values, estimated factor scores, estimated values, residuals)
  Sample proportions and estimated probabilities
  Item characteristic curves
  Information curves
  Measurement parameter plots
  Latent variable distribution plots

DIAGRAM INFORMATION

  Use View Diagram under the Diagram menu in the Mplus Editor to view the diagram.
  If running Mplus from the Mplus Diagrammer, the diagram opens automatically.

  Diagram output
    c:\users\msassac6\dropbox (the university of manchester)\papers\joe s\uclmm\uclmm_r\mplus\mean no correction\scalar_

     Beginning Time:  08:58:08
        Ending Time:  08:58:09
       Elapsed Time:  00:00:01



MUTHEN & MUTHEN
3463 Stoner Ave.
Los Angeles, CA  90066

Tel: (310) 391-9971
Fax: (310) 391-8971
Web: www.StatModel.com
Support: Support@StatModel.com

Copyright (c) 1998-2019 Muthen & Muthen
