Mplus VERSION 8.6
MUTHEN & MUTHEN
07/01/2021   8:47 AM

INPUT INSTRUCTIONS

  TITLE: Your title goes here

  DATA: FILE = data.dta;

  VARIABLE:

  NAMES =  audit1 bully0a bully0b bully0c bully0d bully0e bully0f bully0g adult0a
       adult0b adult0c leisa0a leisa0b leisa0c leisa0d leisa0e leisa0f leisb0a leisb0b
       leisb0c leisb0d designweight samppsu sampstratum mode locus0a locus0b locus0c
       locus0d ghq_1 ghq_2 ghq_3 ghq_4 ghq_5 ghq_6 ghq_7 ghq_8 ghq_9 ghq_10 ghq_11
       ghq_12 audit2 audit3 designweight_combin;

  MISSING=.;
  USEVARIABLES ARE leisa0a
  leisa0b
  leisa0c
  leisa0d
  leisa0e
  leisa0f;
  CATEGORICAL ARE leisa0a
  leisa0b
  leisa0c
  leisa0d
  leisa0e
  leisa0f;
  GROUPING IS mode (1=Web 2=Tel 3=Ftf);
  WEIGHT IS designweight_combin;

                  STRATIFICATION IS sampstratum;

                  CLUSTER IS samppsu;

  ANALYSIS: TYPE IS COMPLEX;

                  ESTIMATOR = WLSMV;

                  ITERATIONS = 100000;

                  PARAMETERIZATION = THETA;

  Model:


  f1 BY leisa0a@1
  leisa0b (L2_Web)
  leisa0c (L3_Web)
  leisa0d (L4_Web)
  leisa0e (L5_Web)
  leisa0f (L6_Web)
  ;


  [leisa0a$1] (t_leisa0a_1);
  [leisa0a$2] (t_leisa0a_2);
  [leisa0a$3] (t_leisa0a_3);

  [leisa0b$1] (t_leisa0b_1);
  [leisa0b$2] (t_leisa0b_2_Web);
  [leisa0b$3] (t_leisa0b_3_Web);

  [leisa0c$1] (t_leisa0c_1);
  [leisa0c$2] (t_leisa0c_2_Web);
  [leisa0c$3] (t_leisa0c_3_Web);

  [leisa0d$1] (t_leisa0d_1);
  [leisa0d$2] (t_leisa0d_2_Web);
  [leisa0d$3] (t_leisa0d_3_Web);

  [leisa0e$1] (t_leisa0e_1);
  [leisa0e$2] (t_leisa0e_2_Web);
  [leisa0e$3] (t_leisa0e_3_Web);

  [leisa0f$1] (t_leisa0f_1);
  [leisa0f$2] (t_leisa0f_2_Web);
  [leisa0f$3] (t_leisa0f_3_Web);
  leisa0a@1;
  leisa0b@1;
  leisa0c@1;
  leisa0d@1;
  leisa0e@1;
  leisa0f@1;

  Model Tel:

  f1 BY leisa0a@1
  leisa0b (L2_Tel)
  leisa0c (L3_Tel)
  leisa0d (L4_Tel)
  leisa0e (L5_Tel)
  leisa0f (L6_Tel)
  ;


  [leisa0a$1] (t_leisa0a_1);
  [leisa0a$2] (t_leisa0a_2);
  [leisa0a$3] (t_leisa0a_3);

  [leisa0b$1] (t_leisa0b_1);
  [leisa0b$2] (t_leisa0b_2_Tel);
  [leisa0b$3] (t_leisa0b_3_Tel);

  [leisa0c$1] (t_leisa0c_1);
  [leisa0c$2] (t_leisa0c_2_Tel);
  [leisa0c$3] (t_leisa0c_3_Tel);

  [leisa0d$1] (t_leisa0d_1);
  [leisa0d$2] (t_leisa0d_2_Tel);
  [leisa0d$3] (t_leisa0d_3_Tel);

  [leisa0e$1] (t_leisa0e_1);
  [leisa0e$2] (t_leisa0e_2_Tel);
  [leisa0e$3] (t_leisa0e_3_Tel);

  [leisa0f$1] (t_leisa0f_1);
  [leisa0f$2] (t_leisa0f_2_Tel);
  [leisa0f$3] (t_leisa0f_3_Tel);
  leisa0a@1;
  leisa0b@1;
  leisa0c@1;
  leisa0d@1;
  leisa0e@1;
  leisa0f@1;

  Model Ftf:

  f1 BY leisa0a@1
  leisa0b (L2_Ftf)
  leisa0c (L3_Ftf)
  leisa0d (L4_Ftf)
  leisa0e (L5_Ftf)
  leisa0f (L6_Ftf)
  ;


  [leisa0a$1] (t_leisa0a_1);
  [leisa0a$2] (t_leisa0a_2);
  [leisa0a$3] (t_leisa0a_3);

  [leisa0b$1] (t_leisa0b_1);
  [leisa0b$2] (t_leisa0b_2_Ftf);
  [leisa0b$3] (t_leisa0b_3_Ftf);

  [leisa0c$1] (t_leisa0c_1);
  [leisa0c$2] (t_leisa0c_2_Ftf);
  [leisa0c$3] (t_leisa0c_3_Ftf);

  [leisa0d$1] (t_leisa0d_1);
  [leisa0d$2] (t_leisa0d_2_Ftf);
  [leisa0d$3] (t_leisa0d_3_Ftf);

  [leisa0e$1] (t_leisa0e_1);
  [leisa0e$2] (t_leisa0e_2_Ftf);
  [leisa0e$3] (t_leisa0e_3_Ftf);

  [leisa0f$1] (t_leisa0f_1);
  [leisa0f$2] (t_leisa0f_2_Ftf);
  [leisa0f$3] (t_leisa0f_3_Ftf);
  leisa0a@1;
  leisa0b@1;
  leisa0c@1;
  leisa0d@1;
  leisa0e@1;
  leisa0f@1;
  SAVEDATA: DIFFTEST IS leisa0a_configural.dat;
  OUTPUT: SAMPSTAT;

  MODINDICES;

  STD;

  Plot: type = plot3;




*** WARNING
  Data set contains cases with missing on all variables.
  These cases were not included in the analysis.
  Number of cases with missing on all variables:  203
   1 WARNING(S) FOUND IN THE INPUT INSTRUCTIONS



Your title goes here

SUMMARY OF ANALYSIS

Number of groups                                                 3
Number of observations
   Group WEB                                                  4558
   Group TEL                                                   648
   Group FTF                                                  2160
   Total sample size                                          7366

Number of dependent variables                                    6
Number of independent variables                                  0
Number of continuous latent variables                            1

Observed dependent variables

  Binary and ordered categorical (ordinal)
   LEISA0A     LEISA0B     LEISA0C     LEISA0D     LEISA0E     LEISA0F

Continuous latent variables
   F1

Variables with special functions

  Grouping variable     MODE
  Stratification        SAMPSTRA
  Cluster variable      SAMPPSU
  Weight variable       DESIGNWE

Estimator                                                    WLSMV
Maximum number of iterations                                100000
Convergence criterion                                    0.500D-04
Maximum number of steepest descent iterations                   20
Maximum number of iterations for H1                           2000
Convergence criterion for H1                             0.100D-03
Parameterization                                             THETA
Link                                                        PROBIT

Input data file(s)
  data.dta

Input data format  FREE


SUMMARY OF DATA

   Total number of strata                       37
   Total number of clusters                    656

   Group WEB
     Number of missing data patterns             6
     Number of strata                           37
     Number of clusters                        650

   Group TEL
     Number of missing data patterns             1
     Number of strata                           37
     Number of clusters                        407

   Group FTF
     Number of missing data patterns             3
     Number of strata                           36
     Number of clusters                        618


COVARIANCE COVERAGE OF DATA

Minimum covariance coverage value   0.100


     PROPORTION OF DATA PRESENT FOR WEB


           Covariance Coverage
              LEISA0A       LEISA0B       LEISA0C       LEISA0D       LEISA0E
              ________      ________      ________      ________      ________
 LEISA0A        1.000
 LEISA0B        1.000         1.000
 LEISA0C        0.999         0.999         0.999
 LEISA0D        1.000         1.000         0.999         1.000
 LEISA0E        0.999         1.000         0.999         1.000         1.000
 LEISA0F        0.999         0.999         0.998         0.999         0.999


           Covariance Coverage
              LEISA0F
              ________
 LEISA0F        0.999


     PROPORTION OF DATA PRESENT FOR TEL


           Covariance Coverage
              LEISA0A       LEISA0B       LEISA0C       LEISA0D       LEISA0E
              ________      ________      ________      ________      ________
 LEISA0A        1.000
 LEISA0B        1.000         1.000
 LEISA0C        1.000         1.000         1.000
 LEISA0D        1.000         1.000         1.000         1.000
 LEISA0E        1.000         1.000         1.000         1.000         1.000
 LEISA0F        1.000         1.000         1.000         1.000         1.000


           Covariance Coverage
              LEISA0F
              ________
 LEISA0F        1.000


     PROPORTION OF DATA PRESENT FOR FTF


           Covariance Coverage
              LEISA0A       LEISA0B       LEISA0C       LEISA0D       LEISA0E
              ________      ________      ________      ________      ________
 LEISA0A        1.000
 LEISA0B        1.000         1.000
 LEISA0C        1.000         1.000         1.000
 LEISA0D        1.000         1.000         1.000         1.000
 LEISA0E        1.000         1.000         1.000         1.000         1.000
 LEISA0F        0.999         0.999         0.999         0.999         0.999


           Covariance Coverage
              LEISA0F
              ________
 LEISA0F        0.999


UNIVARIATE PROPORTIONS AND COUNTS FOR CATEGORICAL VARIABLES

  Group WEB
    LEISA0A
      Category 1    0.597         2719.989
      Category 2    0.144          655.518
      Category 3    0.165          753.949
      Category 4    0.094          427.949
    LEISA0B
      Category 1    0.061          279.302
      Category 2    0.394         1797.608
      Category 3    0.467         2129.019
      Category 4    0.077          352.071
    LEISA0C
      Category 1    0.007           29.837
      Category 2    0.092          419.370
      Category 3    0.518         2358.133
      Category 4    0.384         1748.498
    LEISA0D
      Category 1    0.219          999.450
      Category 2    0.554         2526.595
      Category 3    0.185          844.756
      Category 4    0.041          187.039
    LEISA0E
      Category 1    0.216          983.293
      Category 2    0.392         1786.904
      Category 3    0.260         1184.146
      Category 4    0.132          600.800
    LEISA0F
      Category 1    0.065          293.996
      Category 2    0.068          308.056
      Category 3    0.285         1299.944
      Category 4    0.582         2652.386

  Group TEL
    LEISA0A
      Category 1    0.748          484.742
      Category 2    0.143           92.714
      Category 3    0.058           37.577
      Category 4    0.051           32.967
    LEISA0B
      Category 1    0.062           40.062
      Category 2    0.483          312.982
      Category 3    0.368          238.353
      Category 4    0.087           56.603
    LEISA0C
      Category 1    0.012            7.832
      Category 2    0.159          102.717
      Category 3    0.461          298.996
      Category 4    0.368          238.456
    LEISA0D
      Category 1    0.319          206.496
      Category 2    0.501          324.441
      Category 3    0.143           92.671
      Category 4    0.038           24.392
    LEISA0E
      Category 1    0.334          216.592
      Category 2    0.323          209.250
      Category 3    0.194          125.960
      Category 4    0.148           96.198
    LEISA0F
      Category 1    0.063           40.726
      Category 2    0.049           31.963
      Category 3    0.182          117.648
      Category 4    0.706          457.663

  Group FTF
    LEISA0A
      Category 1    0.693         1497.296
      Category 2    0.085          184.481
      Category 3    0.099          213.212
      Category 4    0.123          264.877
    LEISA0B
      Category 1    0.052          113.099
      Category 2    0.389          839.356
      Category 3    0.426          919.962
      Category 4    0.133          287.582
    LEISA0C
      Category 1    0.008           17.175
      Category 2    0.095          204.130
      Category 3    0.471         1016.471
      Category 4    0.427          922.225
    LEISA0D
      Category 1    0.269          580.967
      Category 2    0.515         1112.826
      Category 3    0.171          368.512
      Category 4    0.045           97.695
    LEISA0E
      Category 1    0.267          576.943
      Category 2    0.338          731.085
      Category 3    0.241          520.009
      Category 4    0.154          331.962
    LEISA0F
      Category 1    0.061          130.917
      Category 2    0.044           95.141
      Category 3    0.150          324.695
      Category 4    0.745         1608.853


SAMPLE STATISTICS


     ESTIMATED SAMPLE STATISTICS FOR WEB


           MEANS/INTERCEPTS/THRESHOLDS
              LEISA0A$      LEISA0A$      LEISA0A$      LEISA0B$      LEISA0B$
              ________      ________      ________      ________      ________
                0.245         0.645         1.317        -1.544        -0.111


           MEANS/INTERCEPTS/THRESHOLDS
              LEISA0B$      LEISA0C$      LEISA0C$      LEISA0C$      LEISA0D$
              ________      ________      ________      ________      ________
                1.424        -2.481        -1.290         0.296        -0.775


           MEANS/INTERCEPTS/THRESHOLDS
              LEISA0D$      LEISA0D$      LEISA0E$      LEISA0E$      LEISA0E$
              ________      ________      ________      ________      ________
                0.751         1.739        -0.786         0.274         1.117


           MEANS/INTERCEPTS/THRESHOLDS
              LEISA0F$      LEISA0F$      LEISA0F$
              ________      ________      ________
               -1.518        -1.116        -0.208


           CORRELATION MATRIX (WITH VARIANCES ON THE DIAGONAL)
              LEISA0A       LEISA0B       LEISA0C       LEISA0D       LEISA0E
              ________      ________      ________      ________      ________
 LEISA0A
 LEISA0B        0.314
 LEISA0C        0.204         0.402
 LEISA0D        0.255         0.513         0.294
 LEISA0E        0.238         0.375         0.269         0.534
 LEISA0F        0.133         0.226         0.377         0.194         0.204


           CORRELATION MATRIX (WITH VARIANCES ON THE DIAGONAL)
              LEISA0F
              ________


     ESTIMATED SAMPLE STATISTICS FOR TEL


           MEANS/INTERCEPTS/THRESHOLDS
              LEISA0A$      LEISA0A$      LEISA0A$      LEISA0B$      LEISA0B$
              ________      ________      ________      ________      ________
                0.668         1.233         1.636        -1.540         0.113


           MEANS/INTERCEPTS/THRESHOLDS
              LEISA0B$      LEISA0C$      LEISA0C$      LEISA0C$      LEISA0D$
              ________      ________      ________      ________      ________
                1.357        -2.254        -0.952         0.337        -0.471


           MEANS/INTERCEPTS/THRESHOLDS
              LEISA0D$      LEISA0D$      LEISA0E$      LEISA0E$      LEISA0E$
              ________      ________      ________      ________      ________
                0.913         1.779        -0.428         0.405         1.043


           MEANS/INTERCEPTS/THRESHOLDS
              LEISA0F$      LEISA0F$      LEISA0F$
              ________      ________      ________
               -1.531        -1.215        -0.543


           CORRELATION MATRIX (WITH VARIANCES ON THE DIAGONAL)
              LEISA0A       LEISA0B       LEISA0C       LEISA0D       LEISA0E
              ________      ________      ________      ________      ________
 LEISA0A
 LEISA0B        0.224
 LEISA0C        0.236         0.458
 LEISA0D        0.012         0.449         0.267
 LEISA0E        0.179         0.382         0.250         0.481
 LEISA0F        0.095         0.196         0.333         0.171         0.137


           CORRELATION MATRIX (WITH VARIANCES ON THE DIAGONAL)
              LEISA0F
              ________


     ESTIMATED SAMPLE STATISTICS FOR FTF


           MEANS/INTERCEPTS/THRESHOLDS
              LEISA0A$      LEISA0A$      LEISA0A$      LEISA0B$      LEISA0B$
              ________      ________      ________      ________      ________
                0.505         0.768         1.162        -1.622        -0.149


           MEANS/INTERCEPTS/THRESHOLDS
              LEISA0B$      LEISA0C$      LEISA0C$      LEISA0C$      LEISA0D$
              ________      ________      ________      ________      ________
                1.112        -2.411        -1.268         0.184        -0.616


           MEANS/INTERCEPTS/THRESHOLDS
              LEISA0D$      LEISA0D$      LEISA0E$      LEISA0E$      LEISA0E$
              ________      ________      ________      ________      ________
                0.786         1.693        -0.622         0.268         1.021


           MEANS/INTERCEPTS/THRESHOLDS
              LEISA0F$      LEISA0F$      LEISA0F$
              ________      ________      ________
               -1.550        -1.255        -0.659


           CORRELATION MATRIX (WITH VARIANCES ON THE DIAGONAL)
              LEISA0A       LEISA0B       LEISA0C       LEISA0D       LEISA0E
              ________      ________      ________      ________      ________
 LEISA0A
 LEISA0B        0.270
 LEISA0C        0.253         0.376
 LEISA0D        0.191         0.390         0.160
 LEISA0E        0.264         0.327         0.157         0.424
 LEISA0F        0.245         0.263         0.371         0.165         0.111


           CORRELATION MATRIX (WITH VARIANCES ON THE DIAGONAL)
              LEISA0F
              ________


THE MODEL ESTIMATION TERMINATED NORMALLY



MODEL FIT INFORMATION

Number of Free Parameters                       58

Chi-Square Test of Model Fit

          Value                            412.651*
          Degrees of Freedom                    41
          P-Value                           0.0000

Chi-Square Contribution From Each Group

          WEB                              164.890
          TEL                               68.264
          FTF                              179.497

*   The chi-square value for MLM, MLMV, MLR, ULSMV, WLSM and WLSMV cannot be used
    for chi-square difference testing in the regular way.  MLM, MLR and WLSM
    chi-square difference testing is described on the Mplus website.  MLMV, WLSMV,
    and ULSMV difference testing is done using the DIFFTEST option.

RMSEA (Root Mean Square Error Of Approximation)

          Estimate                           0.061
          90 Percent C.I.                    0.056  0.066
          Probability RMSEA <= .05           0.000

CFI/TLI

          CFI                                0.919
          TLI                                0.911

Chi-Square Test of Model Fit for the Baseline Model

          Value                           4630.385
          Degrees of Freedom                    45
          P-Value                           0.0000

SRMR (Standardized Root Mean Square Residual)

          Value                              0.047

Optimum Function Value for Weighted Least-Squares Estimator

          Value                     0.24539096D-01



MODEL RESULTS

                                                    Two-Tailed
                    Estimate       S.E.  Est./S.E.    P-Value

Group WEB

 F1       BY
    LEISA0A            1.000      0.000    999.000    999.000
    LEISA0B            2.470      0.218     11.313      0.000
    LEISA0C            1.499      0.149     10.093      0.000
    LEISA0D            2.489      0.236     10.549      0.000
    LEISA0E            1.909      0.185     10.312      0.000
    LEISA0F            1.045      0.120      8.710      0.000

 Means
    F1                 0.000      0.000    999.000    999.000

 Thresholds
    LEISA0A$1          0.338      0.027     12.501      0.000
    LEISA0A$2          0.732      0.029     25.633      0.000
    LEISA0A$3          1.318      0.034     38.845      0.000
    LEISA0B$1         -2.301      0.060    -38.488      0.000
    LEISA0B$2         -0.160      0.043     -3.703      0.000
    LEISA0B$3          2.042      0.075     27.294      0.000
    LEISA0C$1         -2.961      0.071    -41.499      0.000
    LEISA0C$2         -1.520      0.043    -35.246      0.000
    LEISA0C$3          0.348      0.037      9.403      0.000
    LEISA0D$1         -1.067      0.043    -25.006      0.000
    LEISA0D$2          1.081      0.054     20.122      0.000
    LEISA0D$3          2.502      0.100     25.041      0.000
    LEISA0E$1         -0.981      0.037    -26.227      0.000
    LEISA0E$2          0.350      0.041      8.588      0.000
    LEISA0E$3          1.427      0.053     26.953      0.000
    LEISA0F$1         -1.741      0.040    -43.544      0.000
    LEISA0F$2         -1.217      0.038    -31.741      0.000
    LEISA0F$3         -0.227      0.030     -7.478      0.000

 Variances
    F1                 0.173      0.029      5.943      0.000

 Residual Variances
    LEISA0A            1.000      0.000    999.000    999.000
    LEISA0B            1.000      0.000    999.000    999.000
    LEISA0C            1.000      0.000    999.000    999.000
    LEISA0D            1.000      0.000    999.000    999.000
    LEISA0E            1.000      0.000    999.000    999.000
    LEISA0F            1.000      0.000    999.000    999.000

Group TEL

 F1       BY
    LEISA0A            1.000      0.000    999.000    999.000
    LEISA0B            1.952      0.439      4.446      0.000
    LEISA0C            1.720      0.411      4.183      0.000
    LEISA0D            1.929      0.444      4.341      0.000
    LEISA0E            1.822      0.444      4.105      0.000
    LEISA0F            0.878      0.250      3.506      0.000

 Means
    F1                -0.268      0.068     -3.945      0.000

 Thresholds
    LEISA0A$1          0.338      0.027     12.501      0.000
    LEISA0A$2          0.732      0.029     25.633      0.000
    LEISA0A$3          1.318      0.034     38.845      0.000
    LEISA0B$1         -2.301      0.060    -38.488      0.000
    LEISA0B$2         -0.379      0.099     -3.845      0.000
    LEISA0B$3          1.197      0.135      8.899      0.000
    LEISA0C$1         -2.961      0.071    -41.499      0.000
    LEISA0C$2         -1.617      0.131    -12.344      0.000
    LEISA0C$3         -0.050      0.102     -0.492      0.623
    LEISA0D$1         -1.067      0.043    -25.006      0.000
    LEISA0D$2          0.635      0.110      5.761      0.000
    LEISA0D$3          1.728      0.212      8.146      0.000
    LEISA0E$1         -0.981      0.037    -26.227      0.000
    LEISA0E$2          0.015      0.087      0.174      0.862
    LEISA0E$3          0.807      0.115      6.990      0.000
    LEISA0F$1         -1.741      0.040    -43.544      0.000
    LEISA0F$2         -1.524      0.096    -15.881      0.000
    LEISA0F$3         -0.811      0.096     -8.429      0.000

 Variances
    F1                 0.161      0.062      2.615      0.009

 Residual Variances
    LEISA0A            1.000      0.000    999.000    999.000
    LEISA0B            1.000      0.000    999.000    999.000
    LEISA0C            1.000      0.000    999.000    999.000
    LEISA0D            1.000      0.000    999.000    999.000
    LEISA0E            1.000      0.000    999.000    999.000
    LEISA0F            1.000      0.000    999.000    999.000

Group FTF

 F1       BY
    LEISA0A            1.000      0.000    999.000    999.000
    LEISA0B            1.619      0.163      9.941      0.000
    LEISA0C            1.099      0.124      8.839      0.000
    LEISA0D            1.494      0.167      8.949      0.000
    LEISA0E            1.290      0.133      9.667      0.000
    LEISA0F            0.872      0.107      8.173      0.000

 Means
    F1                -0.154      0.033     -4.642      0.000

 Thresholds
    LEISA0A$1          0.338      0.027     12.501      0.000
    LEISA0A$2          0.732      0.029     25.633      0.000
    LEISA0A$3          1.318      0.034     38.845      0.000
    LEISA0B$1         -2.301      0.060    -38.488      0.000
    LEISA0B$2         -0.442      0.057     -7.828      0.000
    LEISA0B$3          1.191      0.067     17.676      0.000
    LEISA0C$1         -2.961      0.071    -41.499      0.000
    LEISA0C$2         -1.622      0.063    -25.638      0.000
    LEISA0C$3          0.041      0.048      0.868      0.385
    LEISA0D$1         -1.067      0.043    -25.006      0.000
    LEISA0D$2          0.758      0.056     13.638      0.000
    LEISA0D$3          1.897      0.079     23.861      0.000
    LEISA0E$1         -0.981      0.037    -26.227      0.000
    LEISA0E$2          0.122      0.047      2.605      0.009
    LEISA0E$3          1.022      0.054     18.967      0.000
    LEISA0F$1         -1.741      0.040    -43.544      0.000
    LEISA0F$2         -1.508      0.051    -29.505      0.000
    LEISA0F$3         -0.855      0.045    -18.927      0.000

 Variances
    F1                 0.260      0.045      5.764      0.000

 Residual Variances
    LEISA0A            1.000      0.000    999.000    999.000
    LEISA0B            1.000      0.000    999.000    999.000
    LEISA0C            1.000      0.000    999.000    999.000
    LEISA0D            1.000      0.000    999.000    999.000
    LEISA0E            1.000      0.000    999.000    999.000
    LEISA0F            1.000      0.000    999.000    999.000


QUALITY OF NUMERICAL RESULTS

     Condition Number for the Information Matrix              0.464E-04
       (ratio of smallest to largest eigenvalue)


STANDARDIZED MODEL RESULTS


STD Standardization

                                                    Two-Tailed
                    Estimate       S.E.  Est./S.E.    P-Value

Group WEB

 F1       BY
    LEISA0A            0.416      0.035     11.886      0.000
    LEISA0B            1.028      0.049     21.099      0.000
    LEISA0C            0.624      0.035     17.856      0.000
    LEISA0D            1.036      0.048     21.493      0.000
    LEISA0E            0.794      0.041     19.351      0.000
    LEISA0F            0.435      0.034     12.824      0.000

 Means
    F1                 0.000      0.000    999.000    999.000

 Thresholds
    LEISA0A$1          0.338      0.027     12.501      0.000
    LEISA0A$2          0.732      0.029     25.633      0.000
    LEISA0A$3          1.318      0.034     38.845      0.000
    LEISA0B$1         -2.301      0.060    -38.488      0.000
    LEISA0B$2         -0.160      0.043     -3.703      0.000
    LEISA0B$3          2.042      0.075     27.294      0.000
    LEISA0C$1         -2.961      0.071    -41.499      0.000
    LEISA0C$2         -1.520      0.043    -35.246      0.000
    LEISA0C$3          0.348      0.037      9.403      0.000
    LEISA0D$1         -1.067      0.043    -25.006      0.000
    LEISA0D$2          1.081      0.054     20.122      0.000
    LEISA0D$3          2.502      0.100     25.041      0.000
    LEISA0E$1         -0.981      0.037    -26.227      0.000
    LEISA0E$2          0.350      0.041      8.588      0.000
    LEISA0E$3          1.427      0.053     26.953      0.000
    LEISA0F$1         -1.741      0.040    -43.544      0.000
    LEISA0F$2         -1.217      0.038    -31.741      0.000
    LEISA0F$3         -0.227      0.030     -7.478      0.000

 Variances
    F1                 1.000      0.000    999.000    999.000

 Residual Variances
    LEISA0A            1.000      0.000    999.000    999.000
    LEISA0B            1.000      0.000    999.000    999.000
    LEISA0C            1.000      0.000    999.000    999.000
    LEISA0D            1.000      0.000    999.000    999.000
    LEISA0E            1.000      0.000    999.000    999.000
    LEISA0F            1.000      0.000    999.000    999.000

Group TEL

 F1       BY
    LEISA0A            0.402      0.077      5.229      0.000
    LEISA0B            0.784      0.068     11.483      0.000
    LEISA0C            0.691      0.075      9.249      0.000
    LEISA0D            0.775      0.084      9.230      0.000
    LEISA0E            0.732      0.085      8.606      0.000
    LEISA0F            0.352      0.071      4.953      0.000

 Means
    F1                -0.668      0.100     -6.671      0.000

 Thresholds
    LEISA0A$1          0.338      0.027     12.501      0.000
    LEISA0A$2          0.732      0.029     25.633      0.000
    LEISA0A$3          1.318      0.034     38.845      0.000
    LEISA0B$1         -2.301      0.060    -38.488      0.000
    LEISA0B$2         -0.379      0.099     -3.845      0.000
    LEISA0B$3          1.197      0.135      8.899      0.000
    LEISA0C$1         -2.961      0.071    -41.499      0.000
    LEISA0C$2         -1.617      0.131    -12.344      0.000
    LEISA0C$3         -0.050      0.102     -0.492      0.623
    LEISA0D$1         -1.067      0.043    -25.006      0.000
    LEISA0D$2          0.635      0.110      5.761      0.000
    LEISA0D$3          1.728      0.212      8.146      0.000
    LEISA0E$1         -0.981      0.037    -26.227      0.000
    LEISA0E$2          0.015      0.087      0.174      0.862
    LEISA0E$3          0.807      0.115      6.990      0.000
    LEISA0F$1         -1.741      0.040    -43.544      0.000
    LEISA0F$2         -1.524      0.096    -15.881      0.000
    LEISA0F$3         -0.811      0.096     -8.429      0.000

 Variances
    F1                 1.000      0.000    999.000    999.000

 Residual Variances
    LEISA0A            1.000      0.000    999.000    999.000
    LEISA0B            1.000      0.000    999.000    999.000
    LEISA0C            1.000      0.000    999.000    999.000
    LEISA0D            1.000      0.000    999.000    999.000
    LEISA0E            1.000      0.000    999.000    999.000
    LEISA0F            1.000      0.000    999.000    999.000

Group FTF

 F1       BY
    LEISA0A            0.509      0.044     11.529      0.000
    LEISA0B            0.825      0.047     17.718      0.000
    LEISA0C            0.560      0.040     14.118      0.000
    LEISA0D            0.761      0.050     15.338      0.000
    LEISA0E            0.657      0.041     16.110      0.000
    LEISA0F            0.444      0.038     11.588      0.000

 Means
    F1                -0.303      0.060     -5.025      0.000

 Thresholds
    LEISA0A$1          0.338      0.027     12.501      0.000
    LEISA0A$2          0.732      0.029     25.633      0.000
    LEISA0A$3          1.318      0.034     38.845      0.000
    LEISA0B$1         -2.301      0.060    -38.488      0.000
    LEISA0B$2         -0.442      0.057     -7.828      0.000
    LEISA0B$3          1.191      0.067     17.676      0.000
    LEISA0C$1         -2.961      0.071    -41.499      0.000
    LEISA0C$2         -1.622      0.063    -25.638      0.000
    LEISA0C$3          0.041      0.048      0.868      0.385
    LEISA0D$1         -1.067      0.043    -25.006      0.000
    LEISA0D$2          0.758      0.056     13.638      0.000
    LEISA0D$3          1.897      0.079     23.861      0.000
    LEISA0E$1         -0.981      0.037    -26.227      0.000
    LEISA0E$2          0.122      0.047      2.605      0.009
    LEISA0E$3          1.022      0.054     18.967      0.000
    LEISA0F$1         -1.741      0.040    -43.544      0.000
    LEISA0F$2         -1.508      0.051    -29.505      0.000
    LEISA0F$3         -0.855      0.045    -18.927      0.000

 Variances
    F1                 1.000      0.000    999.000    999.000

 Residual Variances
    LEISA0A            1.000      0.000    999.000    999.000
    LEISA0B            1.000      0.000    999.000    999.000
    LEISA0C            1.000      0.000    999.000    999.000
    LEISA0D            1.000      0.000    999.000    999.000
    LEISA0E            1.000      0.000    999.000    999.000
    LEISA0F            1.000      0.000    999.000    999.000


R-SQUARE

Group WEB

    Observed                                        Two-Tailed     Scale
    Variable        Estimate       S.E.  Est./S.E.    P-Value     Factors

    LEISA0A            0.148      0.021      6.972      0.000      0.923
    LEISA0B            0.514      0.024     21.695      0.000      0.697
    LEISA0C            0.280      0.023     12.403      0.000      0.848
    LEISA0D            0.517      0.023     22.271      0.000      0.695
    LEISA0E            0.387      0.025     15.779      0.000      0.783
    LEISA0F            0.159      0.021      7.624      0.000      0.917

Group TEL

    Observed                                        Two-Tailed     Scale
    Variable        Estimate       S.E.  Est./S.E.    P-Value     Factors

    LEISA0A            0.139      0.046      3.036      0.002      0.928
    LEISA0B            0.381      0.041      9.269      0.000      0.787
    LEISA0C            0.323      0.047      6.831      0.000      0.823
    LEISA0D            0.375      0.051      7.385      0.000      0.791
    LEISA0E            0.349      0.053      6.606      0.000      0.807
    LEISA0F            0.110      0.040      2.784      0.005      0.943

Group FTF

    Observed                                        Two-Tailed     Scale
    Variable        Estimate       S.E.  Est./S.E.    P-Value     Factors

    LEISA0A            0.206      0.028      7.261      0.000      0.891
    LEISA0B            0.405      0.027     14.886      0.000      0.771
    LEISA0C            0.239      0.026      9.272      0.000      0.873
    LEISA0D            0.367      0.030     12.111      0.000      0.796
    LEISA0E            0.302      0.026     11.536      0.000      0.836
    LEISA0F            0.165      0.024      6.936      0.000      0.914


MODEL MODIFICATION INDICES

NOTE:  Modification indices for direct effects of observed dependent variables
regressed on covariates and residual covariances among observed dependent
variables may not be included.  To include these, request MODINDICES (ALL).

Minimum M.I. value for printing the modification index    10.000

                                   M.I.     E.P.C.  Std E.P.C.  StdYX E.P.C.
Group WEB


WITH Statements

LEISA0D  WITH LEISA0C             23.255    -0.236     -0.236       -0.236
LEISA0E  WITH LEISA0B             24.567    -0.253     -0.253       -0.253
LEISA0E  WITH LEISA0D             71.781     0.416      0.416        0.416
LEISA0F  WITH LEISA0C             72.699     0.284      0.284        0.284
LEISA0F  WITH LEISA0D             14.562    -0.197     -0.197       -0.197

Means/Intercepts/Thresholds

[ LEISA0A$ ]                      10.520    -0.073     -0.073       -0.067
[ LEISA0A$ ]                      10.902     0.115      0.115        0.106

Group TEL


No modification indices above the minimum value.

Group FTF


WITH Statements

LEISA0C  WITH LEISA0B             11.581     0.129      0.129        0.129
LEISA0D  WITH LEISA0A             14.533    -0.168     -0.168       -0.168
LEISA0D  WITH LEISA0C             27.821    -0.212     -0.212       -0.212
LEISA0E  WITH LEISA0C             22.488    -0.181     -0.181       -0.181
LEISA0E  WITH LEISA0D             30.511     0.205      0.205        0.205
LEISA0F  WITH LEISA0C             41.947     0.211      0.211        0.211
LEISA0F  WITH LEISA0E             13.431    -0.140     -0.140       -0.140

Variances/Residual Variances

LEISA0A                           12.550     0.277      0.277        0.220

Means/Intercepts/Thresholds

[ LEISA0A$ ]                      17.563    -0.171     -0.171       -0.153



SAMPLE STATISTICS FOR ESTIMATED FACTOR SCORES


     SAMPLE STATISTICS


           Means
              F1            F1_SE
              ________      ________
               -0.077         0.246


           Covariances
              F1            F1_SE
              ________      ________
 F1             0.135
 F1_SE         -0.002         0.001


           Correlations
              F1            F1_SE
              ________      ________
 F1             1.000
 F1_SE         -0.120         1.000


PLOT INFORMATION

The following plots are available:

  Histograms (sample values, estimated factor scores, estimated values, residuals)
  Scatterplots (sample values, estimated factor scores, estimated values, residuals)
  Sample proportions and estimated probabilities
  Item characteristic curves
  Information curves
  Measurement parameter plots
  Latent variable distribution plots

SAVEDATA INFORMATION


  Difference testing

  Save file
    leisa0a_configural.dat
  Save format      Free

DIAGRAM INFORMATION

  Use View Diagram under the Diagram menu in the Mplus Editor to view the diagram.
  If running Mplus from the Mplus Diagrammer, the diagram opens automatically.

  Diagram output
    c:\users\msassac6\dropbox (the university of manchester)\papers\joe s\uclmm\uclmm_r\mplus\partial eq\configural_leis

     Beginning Time:  08:47:27
        Ending Time:  08:47:27
       Elapsed Time:  00:00:00



MUTHEN & MUTHEN
3463 Stoner Ave.
Los Angeles, CA  90066

Tel: (310) 391-9971
Fax: (310) 391-8971
Web: www.StatModel.com
Support: Support@StatModel.com

Copyright (c) 1998-2021 Muthen & Muthen
