Mplus VERSION 8.6
MUTHEN & MUTHEN
07/01/2021   8:48 AM

INPUT INSTRUCTIONS

  TITLE: Your title goes here

  DATA: FILE = data.dta;

  VARIABLE:

  NAMES =  audit1 bully0a bully0b bully0c bully0d bully0e bully0f bully0g adult0a
       adult0b adult0c leisa0a leisa0b leisa0c leisa0d leisa0e leisa0f leisb0a leisb0b
       leisb0c leisb0d designweight samppsu sampstratum mode locus0a locus0b locus0c
       locus0d ghq_1 ghq_2 ghq_3 ghq_4 ghq_5 ghq_6 ghq_7 ghq_8 ghq_9 ghq_10 ghq_11
       ghq_12 audit2 audit3 designweight_combin;

  MISSING=.;
  USEVARIABLES ARE leisa0a
  leisa0b
  leisa0c
  leisa0d
  leisa0e
  leisa0f;
  CATEGORICAL ARE leisa0a
  leisa0b
  leisa0c
  leisa0d
  leisa0e
  leisa0f;
  GROUPING IS mode (1=Web 2=Tel 3=Ftf);
  WEIGHT IS designweight_combin;

                  STRATIFICATION IS sampstratum;

                  CLUSTER IS samppsu;

  ANALYSIS: TYPE IS COMPLEX;

                  ESTIMATOR = WLSMV;

                  ITERATIONS = 100000;

                  PARAMETERIZATION = THETA;

  DIFFTEST = leisa0a_metric.dat;
  Model:


  f1 BY leisa0a@1
  leisa0b (L2)
  leisa0c (L3)
  leisa0d (L4)
  leisa0e (L5)
  leisa0f (L6)
  ;


  [leisa0a$1] (t_leisa0a_1);
  [leisa0a$2] (t_leisa0a_2);
  [leisa0a$3] (t_leisa0a_3);

  [leisa0b$1] (t_leisa0b_1);
  [leisa0b$2] (t_leisa0b_2);
  [leisa0b$3] (t_leisa0b_3);

  [leisa0c$1] (t_leisa0c_1);
  [leisa0c$2] (t_leisa0c_2);
  [leisa0c$3] (t_leisa0c_3);

  [leisa0d$1] (t_leisa0d_1);
  [leisa0d$2] (t_leisa0d_2);
  [leisa0d$3] (t_leisa0d_3);

  [leisa0e$1] (t_leisa0e_1);
  [leisa0e$2] (t_leisa0e_2);
  [leisa0e$3] (t_leisa0e_3);

  [leisa0f$1] (t_leisa0f_1);
  [leisa0f$2] (t_leisa0f_2);
  [leisa0f$3] (t_leisa0f_3);
  leisa0a@1;
  leisa0b@1;
  leisa0c@1;
  leisa0d@1;
  leisa0e@1;
  leisa0f@1;

  Model Tel:

  f1 BY leisa0a@1
  leisa0b (L2)
  leisa0c (L3)
  leisa0d (L4)
  leisa0e (L5)
  leisa0f (L6)
  ;


  [leisa0a$1] (t_leisa0a_1);
  [leisa0a$2] (t_leisa0a_2);
  [leisa0a$3] (t_leisa0a_3);

  [leisa0b$1] (t_leisa0b_1);
  [leisa0b$2] (t_leisa0b_2);
  [leisa0b$3] (t_leisa0b_3);

  [leisa0c$1] (t_leisa0c_1);
  [leisa0c$2] (t_leisa0c_2);
  [leisa0c$3] (t_leisa0c_3);

  [leisa0d$1] (t_leisa0d_1);
  [leisa0d$2] (t_leisa0d_2);
  [leisa0d$3] (t_leisa0d_3);

  [leisa0e$1] (t_leisa0e_1);
  [leisa0e$2] (t_leisa0e_2);
  [leisa0e$3] (t_leisa0e_3);

  [leisa0f$1] (t_leisa0f_1);
  [leisa0f$2] (t_leisa0f_2);
  [leisa0f$3] (t_leisa0f_3);
  leisa0a@1;
  leisa0b@1;
  leisa0c@1;
  leisa0d@1;
  leisa0e@1;
  leisa0f@1;

  Model Ftf:

  f1 BY leisa0a@1
  leisa0b (L2)
  leisa0c (L3)
  leisa0d (L4)
  leisa0e (L5)
  leisa0f (L6)
  ;


  [leisa0a$1] (t_leisa0a_1);
  [leisa0a$2] (t_leisa0a_2);
  [leisa0a$3] (t_leisa0a_3);

  [leisa0b$1] (t_leisa0b_1);
  [leisa0b$2] (t_leisa0b_2);
  [leisa0b$3] (t_leisa0b_3);

  [leisa0c$1] (t_leisa0c_1);
  [leisa0c$2] (t_leisa0c_2);
  [leisa0c$3] (t_leisa0c_3);

  [leisa0d$1] (t_leisa0d_1);
  [leisa0d$2] (t_leisa0d_2);
  [leisa0d$3] (t_leisa0d_3);

  [leisa0e$1] (t_leisa0e_1);
  [leisa0e$2] (t_leisa0e_2);
  [leisa0e$3] (t_leisa0e_3);

  [leisa0f$1] (t_leisa0f_1);
  [leisa0f$2] (t_leisa0f_2);
  [leisa0f$3] (t_leisa0f_3);
  leisa0a@1;
  leisa0b@1;
  leisa0c@1;
  leisa0d@1;
  leisa0e@1;
  leisa0f@1;
  SAVEDATA: DIFFTEST IS leisa0a_scalar.dat;
  OUTPUT: SAMPSTAT;

  MODINDICES;

  STD;

  Plot: type = plot3;




*** WARNING
  Data set contains cases with missing on all variables.
  These cases were not included in the analysis.
  Number of cases with missing on all variables:  203
   1 WARNING(S) FOUND IN THE INPUT INSTRUCTIONS



Your title goes here

SUMMARY OF ANALYSIS

Number of groups                                                 3
Number of observations
   Group WEB                                                  4558
   Group TEL                                                   648
   Group FTF                                                  2160
   Total sample size                                          7366

Number of dependent variables                                    6
Number of independent variables                                  0
Number of continuous latent variables                            1

Observed dependent variables

  Binary and ordered categorical (ordinal)
   LEISA0A     LEISA0B     LEISA0C     LEISA0D     LEISA0E     LEISA0F

Continuous latent variables
   F1

Variables with special functions

  Grouping variable     MODE
  Stratification        SAMPSTRA
  Cluster variable      SAMPPSU
  Weight variable       DESIGNWE

Estimator                                                    WLSMV
Maximum number of iterations                                100000
Convergence criterion                                    0.500D-04
Maximum number of steepest descent iterations                   20
Maximum number of iterations for H1                           2000
Convergence criterion for H1                             0.100D-03
Parameterization                                             THETA
Link                                                        PROBIT

Input data file(s)
  data.dta

Input data format  FREE


SUMMARY OF DATA

   Total number of strata                       37
   Total number of clusters                    656

   Group WEB
     Number of missing data patterns             6
     Number of strata                           37
     Number of clusters                        650

   Group TEL
     Number of missing data patterns             1
     Number of strata                           37
     Number of clusters                        407

   Group FTF
     Number of missing data patterns             3
     Number of strata                           36
     Number of clusters                        618


COVARIANCE COVERAGE OF DATA

Minimum covariance coverage value   0.100


     PROPORTION OF DATA PRESENT FOR WEB


           Covariance Coverage
              LEISA0A       LEISA0B       LEISA0C       LEISA0D       LEISA0E
              ________      ________      ________      ________      ________
 LEISA0A        1.000
 LEISA0B        1.000         1.000
 LEISA0C        0.999         0.999         0.999
 LEISA0D        1.000         1.000         0.999         1.000
 LEISA0E        0.999         1.000         0.999         1.000         1.000
 LEISA0F        0.999         0.999         0.998         0.999         0.999


           Covariance Coverage
              LEISA0F
              ________
 LEISA0F        0.999


     PROPORTION OF DATA PRESENT FOR TEL


           Covariance Coverage
              LEISA0A       LEISA0B       LEISA0C       LEISA0D       LEISA0E
              ________      ________      ________      ________      ________
 LEISA0A        1.000
 LEISA0B        1.000         1.000
 LEISA0C        1.000         1.000         1.000
 LEISA0D        1.000         1.000         1.000         1.000
 LEISA0E        1.000         1.000         1.000         1.000         1.000
 LEISA0F        1.000         1.000         1.000         1.000         1.000


           Covariance Coverage
              LEISA0F
              ________
 LEISA0F        1.000


     PROPORTION OF DATA PRESENT FOR FTF


           Covariance Coverage
              LEISA0A       LEISA0B       LEISA0C       LEISA0D       LEISA0E
              ________      ________      ________      ________      ________
 LEISA0A        1.000
 LEISA0B        1.000         1.000
 LEISA0C        1.000         1.000         1.000
 LEISA0D        1.000         1.000         1.000         1.000
 LEISA0E        1.000         1.000         1.000         1.000         1.000
 LEISA0F        0.999         0.999         0.999         0.999         0.999


           Covariance Coverage
              LEISA0F
              ________
 LEISA0F        0.999


UNIVARIATE PROPORTIONS AND COUNTS FOR CATEGORICAL VARIABLES

  Group WEB
    LEISA0A
      Category 1    0.597         2719.989
      Category 2    0.144          655.518
      Category 3    0.165          753.949
      Category 4    0.094          427.949
    LEISA0B
      Category 1    0.061          279.302
      Category 2    0.394         1797.608
      Category 3    0.467         2129.019
      Category 4    0.077          352.071
    LEISA0C
      Category 1    0.007           29.837
      Category 2    0.092          419.370
      Category 3    0.518         2358.133
      Category 4    0.384         1748.498
    LEISA0D
      Category 1    0.219          999.450
      Category 2    0.554         2526.595
      Category 3    0.185          844.756
      Category 4    0.041          187.039
    LEISA0E
      Category 1    0.216          983.293
      Category 2    0.392         1786.904
      Category 3    0.260         1184.146
      Category 4    0.132          600.800
    LEISA0F
      Category 1    0.065          293.996
      Category 2    0.068          308.056
      Category 3    0.285         1299.944
      Category 4    0.582         2652.386

  Group TEL
    LEISA0A
      Category 1    0.748          484.742
      Category 2    0.143           92.714
      Category 3    0.058           37.577
      Category 4    0.051           32.967
    LEISA0B
      Category 1    0.062           40.062
      Category 2    0.483          312.982
      Category 3    0.368          238.353
      Category 4    0.087           56.603
    LEISA0C
      Category 1    0.012            7.832
      Category 2    0.159          102.717
      Category 3    0.461          298.996
      Category 4    0.368          238.456
    LEISA0D
      Category 1    0.319          206.496
      Category 2    0.501          324.441
      Category 3    0.143           92.671
      Category 4    0.038           24.392
    LEISA0E
      Category 1    0.334          216.592
      Category 2    0.323          209.250
      Category 3    0.194          125.960
      Category 4    0.148           96.198
    LEISA0F
      Category 1    0.063           40.726
      Category 2    0.049           31.963
      Category 3    0.182          117.648
      Category 4    0.706          457.663

  Group FTF
    LEISA0A
      Category 1    0.693         1497.296
      Category 2    0.085          184.481
      Category 3    0.099          213.212
      Category 4    0.123          264.877
    LEISA0B
      Category 1    0.052          113.099
      Category 2    0.389          839.356
      Category 3    0.426          919.962
      Category 4    0.133          287.582
    LEISA0C
      Category 1    0.008           17.175
      Category 2    0.095          204.130
      Category 3    0.471         1016.471
      Category 4    0.427          922.225
    LEISA0D
      Category 1    0.269          580.967
      Category 2    0.515         1112.826
      Category 3    0.171          368.512
      Category 4    0.045           97.695
    LEISA0E
      Category 1    0.267          576.943
      Category 2    0.338          731.085
      Category 3    0.241          520.009
      Category 4    0.154          331.962
    LEISA0F
      Category 1    0.061          130.917
      Category 2    0.044           95.141
      Category 3    0.150          324.695
      Category 4    0.745         1608.853


SAMPLE STATISTICS


     ESTIMATED SAMPLE STATISTICS FOR WEB


           MEANS/INTERCEPTS/THRESHOLDS
              LEISA0A$      LEISA0A$      LEISA0A$      LEISA0B$      LEISA0B$
              ________      ________      ________      ________      ________
                0.245         0.645         1.317        -1.544        -0.111


           MEANS/INTERCEPTS/THRESHOLDS
              LEISA0B$      LEISA0C$      LEISA0C$      LEISA0C$      LEISA0D$
              ________      ________      ________      ________      ________
                1.424        -2.481        -1.290         0.296        -0.775


           MEANS/INTERCEPTS/THRESHOLDS
              LEISA0D$      LEISA0D$      LEISA0E$      LEISA0E$      LEISA0E$
              ________      ________      ________      ________      ________
                0.751         1.739        -0.786         0.274         1.117


           MEANS/INTERCEPTS/THRESHOLDS
              LEISA0F$      LEISA0F$      LEISA0F$
              ________      ________      ________
               -1.518        -1.116        -0.208


           CORRELATION MATRIX (WITH VARIANCES ON THE DIAGONAL)
              LEISA0A       LEISA0B       LEISA0C       LEISA0D       LEISA0E
              ________      ________      ________      ________      ________
 LEISA0A
 LEISA0B        0.314
 LEISA0C        0.204         0.402
 LEISA0D        0.255         0.513         0.294
 LEISA0E        0.238         0.375         0.269         0.534
 LEISA0F        0.133         0.226         0.377         0.194         0.204


           CORRELATION MATRIX (WITH VARIANCES ON THE DIAGONAL)
              LEISA0F
              ________


     ESTIMATED SAMPLE STATISTICS FOR TEL


           MEANS/INTERCEPTS/THRESHOLDS
              LEISA0A$      LEISA0A$      LEISA0A$      LEISA0B$      LEISA0B$
              ________      ________      ________      ________      ________
                0.668         1.233         1.636        -1.540         0.113


           MEANS/INTERCEPTS/THRESHOLDS
              LEISA0B$      LEISA0C$      LEISA0C$      LEISA0C$      LEISA0D$
              ________      ________      ________      ________      ________
                1.357        -2.254        -0.952         0.337        -0.471


           MEANS/INTERCEPTS/THRESHOLDS
              LEISA0D$      LEISA0D$      LEISA0E$      LEISA0E$      LEISA0E$
              ________      ________      ________      ________      ________
                0.913         1.779        -0.428         0.405         1.043


           MEANS/INTERCEPTS/THRESHOLDS
              LEISA0F$      LEISA0F$      LEISA0F$
              ________      ________      ________
               -1.531        -1.215        -0.543


           CORRELATION MATRIX (WITH VARIANCES ON THE DIAGONAL)
              LEISA0A       LEISA0B       LEISA0C       LEISA0D       LEISA0E
              ________      ________      ________      ________      ________
 LEISA0A
 LEISA0B        0.224
 LEISA0C        0.236         0.458
 LEISA0D        0.012         0.449         0.267
 LEISA0E        0.179         0.382         0.250         0.481
 LEISA0F        0.095         0.196         0.333         0.171         0.137


           CORRELATION MATRIX (WITH VARIANCES ON THE DIAGONAL)
              LEISA0F
              ________


     ESTIMATED SAMPLE STATISTICS FOR FTF


           MEANS/INTERCEPTS/THRESHOLDS
              LEISA0A$      LEISA0A$      LEISA0A$      LEISA0B$      LEISA0B$
              ________      ________      ________      ________      ________
                0.505         0.768         1.162        -1.622        -0.149


           MEANS/INTERCEPTS/THRESHOLDS
              LEISA0B$      LEISA0C$      LEISA0C$      LEISA0C$      LEISA0D$
              ________      ________      ________      ________      ________
                1.112        -2.411        -1.268         0.184        -0.616


           MEANS/INTERCEPTS/THRESHOLDS
              LEISA0D$      LEISA0D$      LEISA0E$      LEISA0E$      LEISA0E$
              ________      ________      ________      ________      ________
                0.786         1.693        -0.622         0.268         1.021


           MEANS/INTERCEPTS/THRESHOLDS
              LEISA0F$      LEISA0F$      LEISA0F$
              ________      ________      ________
               -1.550        -1.255        -0.659


           CORRELATION MATRIX (WITH VARIANCES ON THE DIAGONAL)
              LEISA0A       LEISA0B       LEISA0C       LEISA0D       LEISA0E
              ________      ________      ________      ________      ________
 LEISA0A
 LEISA0B        0.270
 LEISA0C        0.253         0.376
 LEISA0D        0.191         0.390         0.160
 LEISA0E        0.264         0.327         0.157         0.424
 LEISA0F        0.245         0.263         0.371         0.165         0.111


           CORRELATION MATRIX (WITH VARIANCES ON THE DIAGONAL)
              LEISA0F
              ________


THE MODEL ESTIMATION TERMINATED NORMALLY



MODEL FIT INFORMATION

Number of Free Parameters                       28

Chi-Square Test of Model Fit

          Value                            611.275*
          Degrees of Freedom                    71
          P-Value                           0.0000

Chi-Square Contribution From Each Group

          WEB                              255.440
          TEL                              100.104
          FTF                              255.731

Chi-Square Test for Difference Testing

          Value                            265.361*
          Degrees of Freedom                    20
          P-Value                           0.0000

*   The chi-square value for MLM, MLMV, MLR, ULSMV, WLSM and WLSMV cannot be used
    for chi-square difference testing in the regular way.  MLM, MLR and WLSM
    chi-square difference testing is described on the Mplus website.  MLMV, WLSMV,
    and ULSMV difference testing is done using the DIFFTEST option.  The DIFFTEST
    option assumes the models are nested.  The NESTED option can be used to verify
    that the models are nested.

RMSEA (Root Mean Square Error Of Approximation)

          Estimate                           0.056
          90 Percent C.I.                    0.052  0.060
          Probability RMSEA <= .05           0.010

CFI/TLI

          CFI                                0.882
          TLI                                0.925

Chi-Square Test of Model Fit for the Baseline Model

          Value                           4630.385
          Degrees of Freedom                    45
          P-Value                           0.0000

SRMR (Standardized Root Mean Square Residual)

          Value                              0.054

Optimum Function Value for Weighted Least-Squares Estimator

          Value                     0.41789299D-01



MODEL RESULTS

                                                    Two-Tailed
                    Estimate       S.E.  Est./S.E.    P-Value

Group WEB

 F1       BY
    LEISA0A            1.000      0.000    999.000    999.000
    LEISA0B            2.085      0.138     15.053      0.000
    LEISA0C            1.380      0.100     13.856      0.000
    LEISA0D            2.077      0.148     14.022      0.000
    LEISA0E            1.671      0.118     14.112      0.000
    LEISA0F            0.986      0.082     12.018      0.000

 Means
    F1                 0.000      0.000    999.000    999.000

 Thresholds
    LEISA0A$1          0.418      0.025     16.847      0.000
    LEISA0A$2          0.809      0.027     30.388      0.000
    LEISA0A$3          1.389      0.033     42.488      0.000
    LEISA0B$1         -2.152      0.054    -40.179      0.000
    LEISA0B$2         -0.152      0.035     -4.383      0.000
    LEISA0B$3          1.691      0.050     33.724      0.000
    LEISA0C$1         -2.864      0.069    -41.779      0.000
    LEISA0C$2         -1.467      0.036    -41.219      0.000
    LEISA0C$3          0.290      0.029     10.137      0.000
    LEISA0D$1         -0.935      0.039    -23.822      0.000
    LEISA0D$2          1.050      0.042     25.163      0.000
    LEISA0D$3          2.312      0.067     34.738      0.000
    LEISA0E$1         -0.860      0.034    -24.969      0.000
    LEISA0E$2          0.346      0.032     10.710      0.000
    LEISA0E$3          1.315      0.038     34.222      0.000
    LEISA0F$1         -1.674      0.038    -44.462      0.000
    LEISA0F$2         -1.283      0.031    -40.987      0.000
    LEISA0F$3         -0.426      0.024    -17.395      0.000

 Variances
    F1                 0.208      0.026      8.004      0.000

 Residual Variances
    LEISA0A            1.000      0.000    999.000    999.000
    LEISA0B            1.000      0.000    999.000    999.000
    LEISA0C            1.000      0.000    999.000    999.000
    LEISA0D            1.000      0.000    999.000    999.000
    LEISA0E            1.000      0.000    999.000    999.000
    LEISA0F            1.000      0.000    999.000    999.000

Group TEL

 F1       BY
    LEISA0A            1.000      0.000    999.000    999.000
    LEISA0B            2.085      0.138     15.053      0.000
    LEISA0C            1.380      0.100     13.856      0.000
    LEISA0D            2.077      0.148     14.022      0.000
    LEISA0E            1.671      0.118     14.112      0.000
    LEISA0F            0.986      0.082     12.018      0.000

 Means
    F1                -0.124      0.034     -3.629      0.000

 Thresholds
    LEISA0A$1          0.418      0.025     16.847      0.000
    LEISA0A$2          0.809      0.027     30.388      0.000
    LEISA0A$3          1.389      0.033     42.488      0.000
    LEISA0B$1         -2.152      0.054    -40.179      0.000
    LEISA0B$2         -0.152      0.035     -4.383      0.000
    LEISA0B$3          1.691      0.050     33.724      0.000
    LEISA0C$1         -2.864      0.069    -41.779      0.000
    LEISA0C$2         -1.467      0.036    -41.219      0.000
    LEISA0C$3          0.290      0.029     10.137      0.000
    LEISA0D$1         -0.935      0.039    -23.822      0.000
    LEISA0D$2          1.050      0.042     25.163      0.000
    LEISA0D$3          2.312      0.067     34.738      0.000
    LEISA0E$1         -0.860      0.034    -24.969      0.000
    LEISA0E$2          0.346      0.032     10.710      0.000
    LEISA0E$3          1.315      0.038     34.222      0.000
    LEISA0F$1         -1.674      0.038    -44.462      0.000
    LEISA0F$2         -1.283      0.031    -40.987      0.000
    LEISA0F$3         -0.426      0.024    -17.395      0.000

 Variances
    F1                 0.185      0.028      6.630      0.000

 Residual Variances
    LEISA0A            1.000      0.000    999.000    999.000
    LEISA0B            1.000      0.000    999.000    999.000
    LEISA0C            1.000      0.000    999.000    999.000
    LEISA0D            1.000      0.000    999.000    999.000
    LEISA0E            1.000      0.000    999.000    999.000
    LEISA0F            1.000      0.000    999.000    999.000

Group FTF

 F1       BY
    LEISA0A            1.000      0.000    999.000    999.000
    LEISA0B            2.085      0.138     15.053      0.000
    LEISA0C            1.380      0.100     13.856      0.000
    LEISA0D            2.077      0.148     14.022      0.000
    LEISA0E            1.671      0.118     14.112      0.000
    LEISA0F            0.986      0.082     12.018      0.000

 Means
    F1                 0.018      0.019      0.943      0.346

 Thresholds
    LEISA0A$1          0.418      0.025     16.847      0.000
    LEISA0A$2          0.809      0.027     30.388      0.000
    LEISA0A$3          1.389      0.033     42.488      0.000
    LEISA0B$1         -2.152      0.054    -40.179      0.000
    LEISA0B$2         -0.152      0.035     -4.383      0.000
    LEISA0B$3          1.691      0.050     33.724      0.000
    LEISA0C$1         -2.864      0.069    -41.779      0.000
    LEISA0C$2         -1.467      0.036    -41.219      0.000
    LEISA0C$3          0.290      0.029     10.137      0.000
    LEISA0D$1         -0.935      0.039    -23.822      0.000
    LEISA0D$2          1.050      0.042     25.163      0.000
    LEISA0D$3          2.312      0.067     34.738      0.000
    LEISA0E$1         -0.860      0.034    -24.969      0.000
    LEISA0E$2          0.346      0.032     10.710      0.000
    LEISA0E$3          1.315      0.038     34.222      0.000
    LEISA0F$1         -1.674      0.038    -44.462      0.000
    LEISA0F$2         -1.283      0.031    -40.987      0.000
    LEISA0F$3         -0.426      0.024    -17.395      0.000

 Variances
    F1                 0.174      0.022      8.017      0.000

 Residual Variances
    LEISA0A            1.000      0.000    999.000    999.000
    LEISA0B            1.000      0.000    999.000    999.000
    LEISA0C            1.000      0.000    999.000    999.000
    LEISA0D            1.000      0.000    999.000    999.000
    LEISA0E            1.000      0.000    999.000    999.000
    LEISA0F            1.000      0.000    999.000    999.000


QUALITY OF NUMERICAL RESULTS

     Condition Number for the Information Matrix              0.823E-03
       (ratio of smallest to largest eigenvalue)


STANDARDIZED MODEL RESULTS


STD Standardization

                                                    Two-Tailed
                    Estimate       S.E.  Est./S.E.    P-Value

Group WEB

 F1       BY
    LEISA0A            0.456      0.029     16.008      0.000
    LEISA0B            0.952      0.040     24.049      0.000
    LEISA0C            0.630      0.029     21.851      0.000
    LEISA0D            0.948      0.040     23.552      0.000
    LEISA0E            0.763      0.034     22.381      0.000
    LEISA0F            0.450      0.028     16.189      0.000

 Means
    F1                 0.000      0.000    999.000    999.000

 Thresholds
    LEISA0A$1          0.418      0.025     16.847      0.000
    LEISA0A$2          0.809      0.027     30.388      0.000
    LEISA0A$3          1.389      0.033     42.488      0.000
    LEISA0B$1         -2.152      0.054    -40.179      0.000
    LEISA0B$2         -0.152      0.035     -4.383      0.000
    LEISA0B$3          1.691      0.050     33.724      0.000
    LEISA0C$1         -2.864      0.069    -41.779      0.000
    LEISA0C$2         -1.467      0.036    -41.219      0.000
    LEISA0C$3          0.290      0.029     10.137      0.000
    LEISA0D$1         -0.935      0.039    -23.822      0.000
    LEISA0D$2          1.050      0.042     25.163      0.000
    LEISA0D$3          2.312      0.067     34.738      0.000
    LEISA0E$1         -0.860      0.034    -24.969      0.000
    LEISA0E$2          0.346      0.032     10.710      0.000
    LEISA0E$3          1.315      0.038     34.222      0.000
    LEISA0F$1         -1.674      0.038    -44.462      0.000
    LEISA0F$2         -1.283      0.031    -40.987      0.000
    LEISA0F$3         -0.426      0.024    -17.395      0.000

 Variances
    F1                 1.000      0.000    999.000    999.000

 Residual Variances
    LEISA0A            1.000      0.000    999.000    999.000
    LEISA0B            1.000      0.000    999.000    999.000
    LEISA0C            1.000      0.000    999.000    999.000
    LEISA0D            1.000      0.000    999.000    999.000
    LEISA0E            1.000      0.000    999.000    999.000
    LEISA0F            1.000      0.000    999.000    999.000

Group TEL

 F1       BY
    LEISA0A            0.430      0.032     13.259      0.000
    LEISA0B            0.896      0.061     14.718      0.000
    LEISA0C            0.593      0.042     14.245      0.000
    LEISA0D            0.892      0.063     14.164      0.000
    LEISA0E            0.718      0.051     14.099      0.000
    LEISA0F            0.424      0.035     12.090      0.000

 Means
    F1                -0.288      0.082     -3.504      0.000

 Thresholds
    LEISA0A$1          0.418      0.025     16.847      0.000
    LEISA0A$2          0.809      0.027     30.388      0.000
    LEISA0A$3          1.389      0.033     42.488      0.000
    LEISA0B$1         -2.152      0.054    -40.179      0.000
    LEISA0B$2         -0.152      0.035     -4.383      0.000
    LEISA0B$3          1.691      0.050     33.724      0.000
    LEISA0C$1         -2.864      0.069    -41.779      0.000
    LEISA0C$2         -1.467      0.036    -41.219      0.000
    LEISA0C$3          0.290      0.029     10.137      0.000
    LEISA0D$1         -0.935      0.039    -23.822      0.000
    LEISA0D$2          1.050      0.042     25.163      0.000
    LEISA0D$3          2.312      0.067     34.738      0.000
    LEISA0E$1         -0.860      0.034    -24.969      0.000
    LEISA0E$2          0.346      0.032     10.710      0.000
    LEISA0E$3          1.315      0.038     34.222      0.000
    LEISA0F$1         -1.674      0.038    -44.462      0.000
    LEISA0F$2         -1.283      0.031    -40.987      0.000
    LEISA0F$3         -0.426      0.024    -17.395      0.000

 Variances
    F1                 1.000      0.000    999.000    999.000

 Residual Variances
    LEISA0A            1.000      0.000    999.000    999.000
    LEISA0B            1.000      0.000    999.000    999.000
    LEISA0C            1.000      0.000    999.000    999.000
    LEISA0D            1.000      0.000    999.000    999.000
    LEISA0E            1.000      0.000    999.000    999.000
    LEISA0F            1.000      0.000    999.000    999.000

Group FTF

 F1       BY
    LEISA0A            0.417      0.026     16.034      0.000
    LEISA0B            0.870      0.036     23.932      0.000
    LEISA0C            0.576      0.027     21.339      0.000
    LEISA0D            0.866      0.038     22.851      0.000
    LEISA0E            0.697      0.030     23.084      0.000
    LEISA0F            0.411      0.025     16.141      0.000

 Means
    F1                 0.044      0.046      0.948      0.343

 Thresholds
    LEISA0A$1          0.418      0.025     16.847      0.000
    LEISA0A$2          0.809      0.027     30.388      0.000
    LEISA0A$3          1.389      0.033     42.488      0.000
    LEISA0B$1         -2.152      0.054    -40.179      0.000
    LEISA0B$2         -0.152      0.035     -4.383      0.000
    LEISA0B$3          1.691      0.050     33.724      0.000
    LEISA0C$1         -2.864      0.069    -41.779      0.000
    LEISA0C$2         -1.467      0.036    -41.219      0.000
    LEISA0C$3          0.290      0.029     10.137      0.000
    LEISA0D$1         -0.935      0.039    -23.822      0.000
    LEISA0D$2          1.050      0.042     25.163      0.000
    LEISA0D$3          2.312      0.067     34.738      0.000
    LEISA0E$1         -0.860      0.034    -24.969      0.000
    LEISA0E$2          0.346      0.032     10.710      0.000
    LEISA0E$3          1.315      0.038     34.222      0.000
    LEISA0F$1         -1.674      0.038    -44.462      0.000
    LEISA0F$2         -1.283      0.031    -40.987      0.000
    LEISA0F$3         -0.426      0.024    -17.395      0.000

 Variances
    F1                 1.000      0.000    999.000    999.000

 Residual Variances
    LEISA0A            1.000      0.000    999.000    999.000
    LEISA0B            1.000      0.000    999.000    999.000
    LEISA0C            1.000      0.000    999.000    999.000
    LEISA0D            1.000      0.000    999.000    999.000
    LEISA0E            1.000      0.000    999.000    999.000
    LEISA0F            1.000      0.000    999.000    999.000


R-SQUARE

Group WEB

    Observed                                        Two-Tailed     Scale
    Variable        Estimate       S.E.  Est./S.E.    P-Value     Factors

    LEISA0A            0.172      0.018      9.672      0.000      0.910
    LEISA0B            0.475      0.021     22.916      0.000      0.724
    LEISA0C            0.284      0.019     15.263      0.000      0.846
    LEISA0D            0.473      0.021     22.358      0.000      0.726
    LEISA0E            0.368      0.021     17.701      0.000      0.795
    LEISA0F            0.168      0.017      9.735      0.000      0.912

Group TEL

    Observed                                        Two-Tailed     Scale
    Variable        Estimate       S.E.  Est./S.E.    P-Value     Factors

    LEISA0A            0.156      0.020      7.853      0.000      0.919
    LEISA0B            0.445      0.034     13.261      0.000      0.745
    LEISA0C            0.260      0.027      9.627      0.000      0.860
    LEISA0D            0.443      0.035     12.716      0.000      0.746
    LEISA0E            0.340      0.032     10.681      0.000      0.812
    LEISA0F            0.152      0.021      7.130      0.000      0.921

Group FTF

    Observed                                        Two-Tailed     Scale
    Variable        Estimate       S.E.  Est./S.E.    P-Value     Factors

    LEISA0A            0.148      0.016      9.412      0.000      0.923
    LEISA0B            0.431      0.020     21.017      0.000      0.755
    LEISA0C            0.249      0.018     14.207      0.000      0.867
    LEISA0D            0.429      0.021     19.998      0.000      0.756
    LEISA0E            0.327      0.019     17.149      0.000      0.820
    LEISA0F            0.145      0.015      9.436      0.000      0.925


MODEL MODIFICATION INDICES

NOTE:  Modification indices for direct effects of observed dependent variables
regressed on covariates and residual covariances among observed dependent
variables may not be included.  To include these, request MODINDICES (ALL).

Minimum M.I. value for printing the modification index    10.000

                                   M.I.     E.P.C.  Std E.P.C.  StdYX E.P.C.
Group WEB


WITH Statements

LEISA0D  WITH LEISA0C             10.885    -0.147     -0.147       -0.147
LEISA0E  WITH LEISA0D             63.095     0.295      0.295        0.295
LEISA0F  WITH LEISA0C             49.067     0.234      0.234        0.234

Variances/Residual Variances

LEISA0D                           20.342    -0.379     -0.379       -0.199
LEISA0E                           21.198    -0.375     -0.375       -0.237
LEISA0F                           14.924     0.218      0.218        0.181

Means/Intercepts/Thresholds

[ LEISA0A$ ]                      31.053    -0.149     -0.149       -0.136
[ LEISA0A$ ]                      11.760    -0.101     -0.101       -0.092
[ LEISA0B$ ]                      27.050     0.289      0.289        0.209
[ LEISA0D$ ]                      15.651    -0.134     -0.134       -0.097
[ LEISA0E$ ]                      15.714    -0.129     -0.129       -0.103
[ LEISA0F$ ]                      66.103     0.197      0.197        0.180

Group TEL


No modification indices above the minimum value.

Group FTF


WITH Statements

LEISA0D  WITH LEISA0C             29.368    -0.224     -0.224       -0.224
LEISA0E  WITH LEISA0C             21.575    -0.179     -0.179       -0.179
LEISA0F  WITH LEISA0C             33.289     0.184      0.184        0.184

Variances/Residual Variances

LEISA0D                           13.834     0.303      0.303        0.173
LEISA0E                           12.521     0.284      0.284        0.191

Means/Intercepts/Thresholds

[ LEISA0A$ ]                      18.529     0.121      0.121        0.111
[ LEISA0B$ ]                      21.856    -0.260     -0.260       -0.196
[ LEISA0D$ ]                      13.148     0.134      0.134        0.102
[ LEISA0F$ ]                      42.487    -0.166     -0.166       -0.154



SAMPLE STATISTICS FOR ESTIMATED FACTOR SCORES


     SAMPLE STATISTICS


           Means
              F1            F1_SE
              ________      ________
               -0.018         0.246


           Covariances
              F1            F1_SE
              ________      ________
 F1             0.127
 F1_SE          0.000         0.000


           Correlations
              F1            F1_SE
              ________      ________
 F1             1.000
 F1_SE         -0.177         1.000


PLOT INFORMATION

The following plots are available:

  Histograms (sample values, estimated factor scores, estimated values, residuals)
  Scatterplots (sample values, estimated factor scores, estimated values, residuals)
  Sample proportions and estimated probabilities
  Item characteristic curves
  Information curves
  Measurement parameter plots
  Latent variable distribution plots

SAVEDATA INFORMATION


  Difference testing

  Save file
    leisa0a_scalar.dat
  Save format      Free

DIAGRAM INFORMATION

  Use View Diagram under the Diagram menu in the Mplus Editor to view the diagram.
  If running Mplus from the Mplus Diagrammer, the diagram opens automatically.

  Diagram output
    c:\users\msassac6\dropbox (the university of manchester)\papers\joe s\uclmm\uclmm_r\mplus\partial eq\scalar_leisurea

     Beginning Time:  08:48:06
        Ending Time:  08:48:07
       Elapsed Time:  00:00:01



MUTHEN & MUTHEN
3463 Stoner Ave.
Los Angeles, CA  90066

Tel: (310) 391-9971
Fax: (310) 391-8971
Web: www.StatModel.com
Support: Support@StatModel.com

Copyright (c) 1998-2021 Muthen & Muthen
