Mplus VERSION 8.3
MUTHEN & MUTHEN
09/02/2019  11:37 AM

INPUT INSTRUCTIONS

  TITLE: Your title goes here

  DATA: FILE = data.dta;

  VARIABLE:

  NAMES = audit1 bully0a bully0b bully0c bully0d bully0e bully0f bully0g adult0a
       adult0b adult0c leisa0a leisa0b leisa0c leisa0d leisa0e leisa0f leisb0a leisb0b
       leisb0c leisb0d samppsu sampstratum mode locus0a locus0b locus0c locus0d
       ghq12_1 ghq12_2 ghq12_3 ghq12_4 ghq12_5 ghq12_6 ghq12_7 ghq12_8 ghq12_9
       ghq12_10 ghq12_11 ghq12_12 audit2 audit3 designweight_combin;

  MISSING=.;
  USEVARIABLES ARE leisb0a
  leisb0b
  leisb0c
  leisb0d;
  CATEGORICAL ARE leisb0a
  leisb0b
  leisb0c
  leisb0d;
  GROUPING IS mode (1=Web 2=Tel 3=Ftf);
  WEIGHT IS designweight_combin;

                  STRATIFICATION IS sampstratum;

                  CLUSTER IS samppsu;

  ANALYSIS: TYPE IS COMPLEX;

                  ESTIMATOR = WLSMV;

                  ITERATIONS = 100000;

                  PARAMETERIZATION = THETA;

  DIFFTEST = leisb0a_scalar.dat;
  Model:


  f1 BY leisb0a@1
  leisb0b (L2)
  leisb0c (L3)
  leisb0d (L4)
  ;


  [leisb0a$1] (t_leisb0a_1);
  [leisb0a$2] (t_leisb0a_2);
  [leisb0a$3] (t_leisb0a_3);

  [leisb0b$1] (t_leisb0b_1);
  [leisb0b$2] (t_leisb0b_2_web);
  [leisb0b$3] (t_leisb0b_3);

  [leisb0c$1] (t_leisb0c_1);
  [leisb0c$2] (t_leisb0c_2);
  [leisb0c$3] (t_leisb0c_3);

  [leisb0d$1] (t_leisb0d_1);
  [leisb0d$2] (t_leisb0d_2);
  [leisb0d$3] (t_leisb0d_3);
  leisb0a@1;
  leisb0b@1;
  leisb0c@1;
  leisb0d@1;

  Model Tel:

  f1 BY leisb0a@1
  leisb0b (L2)
  leisb0c (L3)
  leisb0d (L4)
  ;


  [leisb0a$1] (t_leisb0a_1);
  [leisb0a$2] (t_leisb0a_2);
  [leisb0a$3] (t_leisb0a_3);

  [leisb0b$1] (t_leisb0b_1);
  [leisb0b$2] (t_leisb0b_2);
  [leisb0b$3] (t_leisb0b_3);

  [leisb0c$1] (t_leisb0c_1);
  [leisb0c$2] (t_leisb0c_2);
  [leisb0c$3] (t_leisb0c_3);

  [leisb0d$1] (t_leisb0d_1);
  [leisb0d$2] (t_leisb0d_2);
  [leisb0d$3] (t_leisb0d_3);
  leisb0a@1;
  leisb0b@1;
  leisb0c@1;
  leisb0d@1;

  Model Ftf:

  f1 BY leisb0a@1
  leisb0b (L2)
  leisb0c (L3)
  leisb0d (L4)
  ;


  [leisb0a$1] (t_leisb0a_1);
  [leisb0a$2] (t_leisb0a_2);
  [leisb0a$3] (t_leisb0a_3);

  [leisb0b$1] (t_leisb0b_1);
  [leisb0b$2] (t_leisb0b_2);
  [leisb0b$3] (t_leisb0b_3);

  [leisb0c$1] (t_leisb0c_1);
  [leisb0c$2] (t_leisb0c_2);
  [leisb0c$3] (t_leisb0c_3);

  [leisb0d$1] (t_leisb0d_1);
  [leisb0d$2] (t_leisb0d_2);
  [leisb0d$3] (t_leisb0d_3);
  leisb0a@1;
  leisb0b@1;
  leisb0c@1;
  leisb0d@1;
  SAVEDATA: DIFFTEST IS leisb0a_scalar2.dat;

  SAVEDATA: file is "new.dat";

  OUTPUT: SAMPSTAT;

  MODINDICES;

  STD;

  Plot: type = plot3 plot2;




*** WARNING
  Data set contains cases with missing on all variables.
  These cases were not included in the analysis.
  Number of cases with missing on all variables:  201
   1 WARNING(S) FOUND IN THE INPUT INSTRUCTIONS



Your title goes here

SUMMARY OF ANALYSIS

Number of groups                                                 3
Number of observations
   Group WEB                                                  4560
   Group TEL                                                   647
   Group FTF                                                  2161
   Total sample size                                          7368

Number of dependent variables                                    4
Number of independent variables                                  0
Number of continuous latent variables                            1

Observed dependent variables

  Binary and ordered categorical (ordinal)
   LEISB0A     LEISB0B     LEISB0C     LEISB0D

Continuous latent variables
   F1

Variables with special functions

  Grouping variable     MODE
  Stratification        SAMPSTRA
  Cluster variable      SAMPPSU
  Weight variable       DESIGNWE

Estimator                                                    WLSMV
Maximum number of iterations                                100000
Convergence criterion                                    0.500D-04
Maximum number of steepest descent iterations                   20
Maximum number of iterations for H1                           2000
Convergence criterion for H1                             0.100D-03
Parameterization                                             THETA
Link                                                        PROBIT

Input data file(s)
  data.dta

Input data format  FREE


SUMMARY OF DATA

   Total number of strata                       37
   Total number of clusters                    656

   Group WEB
     Number of missing data patterns             6
     Number of strata                           37
     Number of clusters                        650

   Group TEL
     Number of missing data patterns             2
     Number of strata                           37
     Number of clusters                        407

   Group FTF
     Number of missing data patterns             2
     Number of strata                           36
     Number of clusters                        618


COVARIANCE COVERAGE OF DATA

Minimum covariance coverage value   0.100


     PROPORTION OF DATA PRESENT FOR WEB


           Covariance Coverage
              LEISB0A       LEISB0B       LEISB0C       LEISB0D
              ________      ________      ________      ________
 LEISB0A        1.000
 LEISB0B        0.999         1.000
 LEISB0C        1.000         0.999         1.000
 LEISB0D        0.999         0.999         0.999         0.999


     PROPORTION OF DATA PRESENT FOR TEL


           Covariance Coverage
              LEISB0A       LEISB0B       LEISB0C       LEISB0D
              ________      ________      ________      ________
 LEISB0A        1.000
 LEISB0B        0.998         0.998
 LEISB0C        1.000         0.998         1.000
 LEISB0D        1.000         0.998         1.000         1.000


     PROPORTION OF DATA PRESENT FOR FTF


           Covariance Coverage
              LEISB0A       LEISB0B       LEISB0C       LEISB0D
              ________      ________      ________      ________
 LEISB0A        1.000
 LEISB0B        1.000         1.000
 LEISB0C        1.000         1.000         1.000
 LEISB0D        1.000         1.000         1.000         1.000


UNIVARIATE PROPORTIONS AND COUNTS FOR CATEGORICAL VARIABLES

  Group WEB
    LEISB0A
      Category 1    0.041          187.885
      Category 2    0.055          248.624
      Category 3    0.187          854.175
      Category 4    0.717         3268.878
    LEISB0B
      Category 1    0.055          249.860
      Category 2    0.098          444.823
      Category 3    0.261         1191.078
      Category 4    0.586         2673.092
    LEISB0C
      Category 1    0.029          130.420
      Category 2    0.239         1089.816
      Category 3    0.456         2077.234
      Category 4    0.277         1261.585
    LEISB0D
      Category 1    0.005           21.274
      Category 2    0.015           70.063
      Category 3    0.134          612.754
      Category 4    0.845         3852.193

  Group TEL
    LEISB0A
      Category 1    0.042           26.877
      Category 2    0.053           34.359
      Category 3    0.124           80.048
      Category 4    0.782          505.716
    LEISB0B
      Category 1    0.127           81.619
      Category 2    0.135           86.821
      Category 3    0.214          137.611
      Category 4    0.525          338.252
    LEISB0C
      Category 1    0.038           24.580
      Category 2    0.337          217.994
      Category 3    0.371          239.945
      Category 4    0.254          164.481
    LEISB0D
      Category 1    0.008            5.217
      Category 2    0.016           10.029
      Category 3    0.118           76.427
      Category 4    0.858          555.328

  Group FTF
    LEISB0A
      Category 1    0.038           82.388
      Category 2    0.035           75.862
      Category 3    0.096          207.789
      Category 4    0.831         1794.961
    LEISB0B
      Category 1    0.072          155.703
      Category 2    0.127          275.023
      Category 3    0.160          345.302
      Category 4    0.641         1384.434
    LEISB0C
      Category 1    0.038           81.821
      Category 2    0.236          510.748
      Category 3    0.345          745.481
      Category 4    0.381          822.411
    LEISB0D
      Category 1    0.003            7.465
      Category 2    0.010           21.438
      Category 3    0.073          157.353
      Category 4    0.914         1974.206


SAMPLE STATISTICS


     ESTIMATED SAMPLE STATISTICS FOR WEB


           MEANS/INTERCEPTS/THRESHOLDS
              LEISB0A$      LEISB0A$      LEISB0A$      LEISB0B$      LEISB0B$
              ________      ________      ________      ________      ________
               -1.737        -1.306        -0.574        -1.600        -1.026


           MEANS/INTERCEPTS/THRESHOLDS
              LEISB0B$      LEISB0C$      LEISB0C$      LEISB0C$      LEISB0D$
              ________      ________      ________      ________      ________
               -0.218        -1.902        -0.620         0.593        -2.599


           MEANS/INTERCEPTS/THRESHOLDS
              LEISB0D$      LEISB0D$
              ________      ________
               -2.053        -1.017


           CORRELATION MATRIX (WITH VARIANCES ON THE DIAGONAL)
              LEISB0A       LEISB0B       LEISB0C       LEISB0D
              ________      ________      ________      ________
 LEISB0A
 LEISB0B        0.700
 LEISB0C        0.378         0.426
 LEISB0D        0.634         0.529         0.397


     ESTIMATED SAMPLE STATISTICS FOR TEL


           MEANS/INTERCEPTS/THRESHOLDS
              LEISB0A$      LEISB0A$      LEISB0A$      LEISB0B$      LEISB0B$
              ________      ________      ________      ________      ________
               -1.733        -1.313        -0.778        -1.142        -0.639


           MEANS/INTERCEPTS/THRESHOLDS
              LEISB0B$      LEISB0C$      LEISB0C$      LEISB0C$      LEISB0D$
              ________      ________      ________      ________      ________
               -0.063        -1.774        -0.319         0.661        -2.406


           MEANS/INTERCEPTS/THRESHOLDS
              LEISB0D$      LEISB0D$
              ________      ________
               -1.985        -1.073


           CORRELATION MATRIX (WITH VARIANCES ON THE DIAGONAL)
              LEISB0A       LEISB0B       LEISB0C       LEISB0D
              ________      ________      ________      ________
 LEISB0A
 LEISB0B        0.571
 LEISB0C        0.413         0.233
 LEISB0D        0.448         0.325         0.210


     ESTIMATED SAMPLE STATISTICS FOR FTF


           MEANS/INTERCEPTS/THRESHOLDS
              LEISB0A$      LEISB0A$      LEISB0A$      LEISB0B$      LEISB0B$
              ________      ________      ________      ________      ________
               -1.773        -1.452        -0.957        -1.461        -0.844


           MEANS/INTERCEPTS/THRESHOLDS
              LEISB0B$      LEISB0C$      LEISB0C$      LEISB0C$      LEISB0D$
              ________      ________      ________      ________      ________
               -0.361        -1.776        -0.600         0.304        -2.701


           MEANS/INTERCEPTS/THRESHOLDS
              LEISB0D$      LEISB0D$
              ________      ________
               -2.215        -1.364


           CORRELATION MATRIX (WITH VARIANCES ON THE DIAGONAL)
              LEISB0A       LEISB0B       LEISB0C       LEISB0D
              ________      ________      ________      ________
 LEISB0A
 LEISB0B        0.649
 LEISB0C        0.374         0.361
 LEISB0D        0.583         0.390         0.395


THE MODEL ESTIMATION TERMINATED NORMALLY

     THE CHI-SQUARE DIFFERENCE TEST COULD NOT BE COMPUTED BECAUSE THE H0 MODEL
     IS NOT NESTED IN THE H1 MODEL. THE H1 MODEL HAS 20 PARAMETERS.
     THE H0 MODEL HAS 21 PARAMETERS.



MODEL FIT INFORMATION

Number of Free Parameters                       21

Chi-Square Test of Model Fit

          Value                            147.107*
          Degrees of Freedom                    33
          P-Value                           0.0000

Chi-Square Contribution From Each Group

          WEB                               63.539
          TEL                               28.959
          FTF                               54.609

*   The chi-square value for MLM, MLMV, MLR, ULSMV, WLSM and WLSMV cannot be used
    for chi-square difference testing in the regular way.  MLM, MLR and WLSM
    chi-square difference testing is described on the Mplus website.  MLMV, WLSMV,
    and ULSMV difference testing is done using the DIFFTEST option.

RMSEA (Root Mean Square Error Of Approximation)

          Estimate                           0.038
          90 Percent C.I.                    0.031  0.044
          Probability RMSEA <= .05           1.000

CFI/TLI

          CFI                                0.970
          TLI                                0.984

Chi-Square Test of Model Fit for the Baseline Model

          Value                           3864.879
          Degrees of Freedom                    18
          P-Value                           0.0000

SRMR (Standardized Root Mean Square Residual)

          Value                              0.033

Optimum Function Value for Weighted Least-Squares Estimator

          Value                     0.87233361D-02



MODEL RESULTS

                                                    Two-Tailed
                    Estimate       S.E.  Est./S.E.    P-Value

Group WEB

 F1       BY
    LEISB0A            1.000      0.000    999.000    999.000
    LEISB0B            0.638      0.070      9.082      0.000
    LEISB0C            0.303      0.030     10.251      0.000
    LEISB0D            0.513      0.057      9.019      0.000

 Means
    F1                 0.000      0.000    999.000    999.000

 Thresholds
    LEISB0A$1         -3.525      0.220    -16.014      0.000
    LEISB0A$2         -2.714      0.182    -14.934      0.000
    LEISB0A$3         -1.418      0.116    -12.274      0.000
    LEISB0B$1         -2.224      0.074    -29.938      0.000
    LEISB0B$2         -1.598      0.065    -24.557      0.000
    LEISB0B$3         -0.323      0.046     -6.959      0.000
    LEISB0C$1         -2.044      0.052    -39.494      0.000
    LEISB0C$2         -0.630      0.029    -21.438      0.000
    LEISB0C$3          0.601      0.030     19.740      0.000
    LEISB0D$1         -3.495      0.129    -27.134      0.000
    LEISB0D$2         -2.815      0.088    -32.103      0.000
    LEISB0D$3         -1.498      0.057    -26.512      0.000

 Variances
    F1                 3.498      0.585      5.977      0.000

 Residual Variances
    LEISB0A            1.000      0.000    999.000    999.000
    LEISB0B            1.000      0.000    999.000    999.000
    LEISB0C            1.000      0.000    999.000    999.000
    LEISB0D            1.000      0.000    999.000    999.000

Group TEL

 F1       BY
    LEISB0A            1.000      0.000    999.000    999.000
    LEISB0B            0.638      0.070      9.082      0.000
    LEISB0C            0.303      0.030     10.251      0.000
    LEISB0D            0.513      0.057      9.019      0.000

 Means
    F1                -0.374      0.140     -2.666      0.008

 Thresholds
    LEISB0A$1         -3.525      0.220    -16.014      0.000
    LEISB0A$2         -2.714      0.182    -14.934      0.000
    LEISB0A$3         -1.418      0.116    -12.274      0.000
    LEISB0B$1         -2.224      0.074    -29.938      0.000
    LEISB0B$2         -1.063      0.068    -15.611      0.000
    LEISB0B$3         -0.323      0.046     -6.959      0.000
    LEISB0C$1         -2.044      0.052    -39.494      0.000
    LEISB0C$2         -0.630      0.029    -21.438      0.000
    LEISB0C$3          0.601      0.030     19.740      0.000
    LEISB0D$1         -3.495      0.129    -27.134      0.000
    LEISB0D$2         -2.815      0.088    -32.103      0.000
    LEISB0D$3         -1.498      0.057    -26.512      0.000

 Variances
    F1                 2.221      0.481      4.613      0.000

 Residual Variances
    LEISB0A            1.000      0.000    999.000    999.000
    LEISB0B            1.000      0.000    999.000    999.000
    LEISB0C            1.000      0.000    999.000    999.000
    LEISB0D            1.000      0.000    999.000    999.000

Group FTF

 F1       BY
    LEISB0A            1.000      0.000    999.000    999.000
    LEISB0B            0.638      0.070      9.082      0.000
    LEISB0C            0.303      0.030     10.251      0.000
    LEISB0D            0.513      0.057      9.019      0.000

 Means
    F1                 0.411      0.115      3.586      0.000

 Thresholds
    LEISB0A$1         -3.525      0.220    -16.014      0.000
    LEISB0A$2         -2.714      0.182    -14.934      0.000
    LEISB0A$3         -1.418      0.116    -12.274      0.000
    LEISB0B$1         -2.224      0.074    -29.938      0.000
    LEISB0B$2         -1.063      0.068    -15.611      0.000
    LEISB0B$3         -0.323      0.046     -6.959      0.000
    LEISB0C$1         -2.044      0.052    -39.494      0.000
    LEISB0C$2         -0.630      0.029    -21.438      0.000
    LEISB0C$3          0.601      0.030     19.740      0.000
    LEISB0D$1         -3.495      0.129    -27.134      0.000
    LEISB0D$2         -2.815      0.088    -32.103      0.000
    LEISB0D$3         -1.498      0.057    -26.512      0.000

 Variances
    F1                 3.409      0.616      5.530      0.000

 Residual Variances
    LEISB0A            1.000      0.000    999.000    999.000
    LEISB0B            1.000      0.000    999.000    999.000
    LEISB0C            1.000      0.000    999.000    999.000
    LEISB0D            1.000      0.000    999.000    999.000


STANDARDIZED MODEL RESULTS


STD Standardization

                                                    Two-Tailed
                    Estimate       S.E.  Est./S.E.    P-Value

Group WEB

 F1       BY
    LEISB0A            1.870      0.156     11.955      0.000
    LEISB0B            1.194      0.064     18.726      0.000
    LEISB0C            0.567      0.031     18.222      0.000
    LEISB0D            0.959      0.059     16.387      0.000

 Means
    F1                 0.000      0.000    999.000    999.000

 Thresholds
    LEISB0A$1         -3.525      0.220    -16.014      0.000
    LEISB0A$2         -2.714      0.182    -14.934      0.000
    LEISB0A$3         -1.418      0.116    -12.274      0.000
    LEISB0B$1         -2.224      0.074    -29.938      0.000
    LEISB0B$2         -1.598      0.065    -24.557      0.000
    LEISB0B$3         -0.323      0.046     -6.959      0.000
    LEISB0C$1         -2.044      0.052    -39.494      0.000
    LEISB0C$2         -0.630      0.029    -21.438      0.000
    LEISB0C$3          0.601      0.030     19.740      0.000
    LEISB0D$1         -3.495      0.129    -27.134      0.000
    LEISB0D$2         -2.815      0.088    -32.103      0.000
    LEISB0D$3         -1.498      0.057    -26.512      0.000

 Variances
    F1                 1.000      0.000    999.000    999.000

 Residual Variances
    LEISB0A            1.000      0.000    999.000    999.000
    LEISB0B            1.000      0.000    999.000    999.000
    LEISB0C            1.000      0.000    999.000    999.000
    LEISB0D            1.000      0.000    999.000    999.000

Group TEL

 F1       BY
    LEISB0A            1.490      0.162      9.227      0.000
    LEISB0B            0.951      0.080     11.828      0.000
    LEISB0C            0.452      0.039     11.465      0.000
    LEISB0D            0.764      0.065     11.793      0.000

 Means
    F1                -0.251      0.099     -2.544      0.011

 Thresholds
    LEISB0A$1         -3.525      0.220    -16.014      0.000
    LEISB0A$2         -2.714      0.182    -14.934      0.000
    LEISB0A$3         -1.418      0.116    -12.274      0.000
    LEISB0B$1         -2.224      0.074    -29.938      0.000
    LEISB0B$2         -1.063      0.068    -15.611      0.000
    LEISB0B$3         -0.323      0.046     -6.959      0.000
    LEISB0C$1         -2.044      0.052    -39.494      0.000
    LEISB0C$2         -0.630      0.029    -21.438      0.000
    LEISB0C$3          0.601      0.030     19.740      0.000
    LEISB0D$1         -3.495      0.129    -27.134      0.000
    LEISB0D$2         -2.815      0.088    -32.103      0.000
    LEISB0D$3         -1.498      0.057    -26.512      0.000

 Variances
    F1                 1.000      0.000    999.000    999.000

 Residual Variances
    LEISB0A            1.000      0.000    999.000    999.000
    LEISB0B            1.000      0.000    999.000    999.000
    LEISB0C            1.000      0.000    999.000    999.000
    LEISB0D            1.000      0.000    999.000    999.000

Group FTF

 F1       BY
    LEISB0A            1.846      0.167     11.061      0.000
    LEISB0B            1.179      0.068     17.380      0.000
    LEISB0C            0.560      0.033     17.020      0.000
    LEISB0D            0.947      0.063     15.101      0.000

 Means
    F1                 0.223      0.055      4.024      0.000

 Thresholds
    LEISB0A$1         -3.525      0.220    -16.014      0.000
    LEISB0A$2         -2.714      0.182    -14.934      0.000
    LEISB0A$3         -1.418      0.116    -12.274      0.000
    LEISB0B$1         -2.224      0.074    -29.938      0.000
    LEISB0B$2         -1.063      0.068    -15.611      0.000
    LEISB0B$3         -0.323      0.046     -6.959      0.000
    LEISB0C$1         -2.044      0.052    -39.494      0.000
    LEISB0C$2         -0.630      0.029    -21.438      0.000
    LEISB0C$3          0.601      0.030     19.740      0.000
    LEISB0D$1         -3.495      0.129    -27.134      0.000
    LEISB0D$2         -2.815      0.088    -32.103      0.000
    LEISB0D$3         -1.498      0.057    -26.512      0.000

 Variances
    F1                 1.000      0.000    999.000    999.000

 Residual Variances
    LEISB0A            1.000      0.000    999.000    999.000
    LEISB0B            1.000      0.000    999.000    999.000
    LEISB0C            1.000      0.000    999.000    999.000
    LEISB0D            1.000      0.000    999.000    999.000


R-SQUARE

Group WEB

    Observed                                        Two-Tailed     Scale
    Variable        Estimate       S.E.  Est./S.E.    P-Value     Factors

    LEISB0A            0.778      0.029     26.884      0.000      0.472
    LEISB0B            0.588      0.026     22.709      0.000      0.642
    LEISB0C            0.243      0.020     12.041      0.000      0.870
    LEISB0D            0.479      0.030     15.730      0.000      0.722

Group TEL

    Observed                                        Two-Tailed     Scale
    Variable        Estimate       S.E.  Est./S.E.    P-Value     Factors

    LEISB0A            0.690      0.046     14.861      0.000      0.557
    LEISB0B            0.475      0.042     11.267      0.000      0.724
    LEISB0C            0.170      0.025      6.904      0.000      0.911
    LEISB0D            0.369      0.039      9.341      0.000      0.794

Group FTF

    Observed                                        Two-Tailed     Scale
    Variable        Estimate       S.E.  Est./S.E.    P-Value     Factors

    LEISB0A            0.773      0.032     24.385      0.000      0.476
    LEISB0B            0.581      0.028     20.763      0.000      0.647
    LEISB0C            0.239      0.021     11.177      0.000      0.873
    LEISB0D            0.473      0.033     14.321      0.000      0.726


QUALITY OF NUMERICAL RESULTS

     Condition Number for the Information Matrix              0.188E-03
       (ratio of smallest to largest eigenvalue)


MODEL MODIFICATION INDICES

NOTE:  Modification indices for direct effects of observed dependent variables
regressed on covariates and residual covariances among observed dependent
variables may not be included.  To include these, request MODINDICES (ALL).

Minimum M.I. value for printing the modification index    10.000

                                   M.I.     E.P.C.  Std E.P.C.  StdYX E.P.C.
Group WEB


Variances/Residual Variances

LEISB0B                           25.446    -0.618     -0.618       -0.255
LEISB0C                           18.733    -0.300     -0.300       -0.227

Means/Intercepts/Thresholds

[ LEISB0A$ ]                      18.285     0.204      0.204        0.096
[ LEISB0B$ ]                      20.458    -0.295     -0.295       -0.189

Group TEL


No modification indices above the minimum value.

Group FTF


Variances/Residual Variances

LEISB0B                           11.102     0.380      0.380        0.159
LEISB0C                           15.725     0.271      0.271        0.206



SAMPLE STATISTICS FOR ESTIMATED FACTOR SCORES


     SAMPLE STATISTICS


           Means
              F1            F1_SE
              ________      ________
               -0.187         1.048


           Covariances
              F1            F1_SE
              ________      ________
 F1             1.989
 F1_SE          0.333         0.065


           Correlations
              F1            F1_SE
              ________      ________
 F1             1.000
 F1_SE          0.927         1.000


PLOT INFORMATION

The following plots are available:

  Histograms (sample values, estimated factor scores, estimated values, residuals)
  Scatterplots (sample values, estimated factor scores, estimated values, residuals)
  Sample proportions and estimated probabilities
  Item characteristic curves
  Information curves
  Measurement parameter plots
  Latent variable distribution plots

SAVEDATA INFORMATION


  Save file
    new.dat

  Order and format of variables

    LEISB0A        F10.3
    LEISB0B        F10.3
    LEISB0C        F10.3
    LEISB0D        F10.3
    F1             F10.3
    F1_SE          F10.3
    DESIGNWE       F10.3
    MODE           I2
    SAMPSTRATUM    I6
    SAMPPSU        I6

  Save file format
    7F10.3 I2 2I6

  Save file record length    10000


  Difference testing

  Save file
    leisb0a_scalar2.dat
  Save format      Free

DIAGRAM INFORMATION

  Use View Diagram under the Diagram menu in the Mplus Editor to view the diagram.
  If running Mplus from the Mplus Diagrammer, the diagram opens automatically.

  Diagram output
    c:\users\msassac6\dropbox (the university of manchester)\papers\joe s\uclmm\uclmm_r\mplus\partial eq\scalar_leisureb

     Beginning Time:  11:37:26
        Ending Time:  11:37:27
       Elapsed Time:  00:00:01



MUTHEN & MUTHEN
3463 Stoner Ave.
Los Angeles, CA  90066

Tel: (310) 391-9971
Fax: (310) 391-8971
Web: www.StatModel.com
Support: Support@StatModel.com

Copyright (c) 1998-2019 Muthen & Muthen
