Mplus VERSION 8.3
MUTHEN & MUTHEN
08/23/2019   2:44 PM

INPUT INSTRUCTIONS

  TITLE: Your title goes here

  DATA: FILE = data.dta;

  VARIABLE:

  NAMES = audit1 bully0a bully0b bully0c bully0d bully0e bully0f bully0g adult0a
       adult0b adult0c leisa0a leisa0b leisa0c leisa0d leisa0e leisa0f leisb0a leisb0b
       leisb0c leisb0d samppsu sampstratum mode locus0a locus0b locus0c locus0d
       ghq12_1 ghq12_2 ghq12_3 ghq12_4 ghq12_5 ghq12_6 ghq12_7 ghq12_8 ghq12_9
       ghq12_10 ghq12_11 ghq12_12 audit2 audit3 designweight_combin;

  MISSING=.;
  USEVARIABLES ARE adult0a
  adult0b
  adult0c;
  CATEGORICAL ARE adult0a
  adult0b
  adult0c;
  GROUPING IS mode (1=Web 2=Tel 3=Ftf);
  WEIGHT IS designweight_combin;

                  STRATIFICATION IS sampstratum;

                  CLUSTER IS samppsu;

  ANALYSIS: TYPE IS COMPLEX;

                  ESTIMATOR = WLSMV;

                  ITERATIONS = 100000;

                  PARAMETERIZATION = THETA;

  DIFFTEST = adult0a_metric.dat;
  Model:


  f1 BY adult0a@1
  adult0b (L2)
  adult0c (L3)
  ;


  [adult0a$1] (t_adult0a_1);
  [adult0a$2] (t_adult0a_2);
  [adult0a$3] (t_adult0a_3);

  [adult0b$1] (t_adult0b_1);
  [adult0b$2] (t_adult0b_2);
  [adult0b$3] (t_adult0b_3);

  [adult0c$1] (t_adult0c_1);
  [adult0c$2] (t_adult0c_2);
  [adult0c$3] (t_adult0c_3);
  adult0a@1;
  adult0b@1;
  adult0c@1;

  Model Tel:

  f1 BY adult0a@1
  adult0b (L2)
  adult0c (L3)
  ;


  [adult0a$1] (t_adult0a_1);
  [adult0a$2] (t_adult0a_2);
  [adult0a$3] (t_adult0a_3);

  [adult0b$1] (t_adult0b_1);
  [adult0b$2] (t_adult0b_2);
  [adult0b$3] (t_adult0b_3);

  [adult0c$1] (t_adult0c_1);
  [adult0c$2] (t_adult0c_2);
  [adult0c$3] (t_adult0c_3);
  adult0a@1;
  adult0b@1;
  adult0c@1;

  Model Ftf:

  f1 BY adult0a@1
  adult0b (L2)
  adult0c (L3)
  ;


  [adult0a$1] (t_adult0a_1);
  [adult0a$2] (t_adult0a_2);
  [adult0a$3] (t_adult0a_3);

  [adult0b$1] (t_adult0b_1);
  [adult0b$2] (t_adult0b_2);
  [adult0b$3] (t_adult0b_3);

  [adult0c$1] (t_adult0c_1);
  [adult0c$2] (t_adult0c_2);
  [adult0c$3] (t_adult0c_3);
  adult0a@1;
  adult0b@1;
  adult0c@1;
  SAVEDATA: DIFFTEST IS adult0a_scalar.dat;
  OUTPUT: SAMPSTAT;

  MODINDICES;

  STD;

  Plot: type = plot3;




*** WARNING
  Data set contains cases with missing on all variables.
  These cases were not included in the analysis.
  Number of cases with missing on all variables:  193
   1 WARNING(S) FOUND IN THE INPUT INSTRUCTIONS



Your title goes here

SUMMARY OF ANALYSIS

Number of groups                                                 3
Number of observations
   Group WEB                                                  4567
   Group TEL                                                   648
   Group FTF                                                  2161
   Total sample size                                          7376

Number of dependent variables                                    3
Number of independent variables                                  0
Number of continuous latent variables                            1

Observed dependent variables

  Binary and ordered categorical (ordinal)
   ADULT0A     ADULT0B     ADULT0C

Continuous latent variables
   F1

Variables with special functions

  Grouping variable     MODE
  Stratification        SAMPSTRA
  Cluster variable      SAMPPSU
  Weight variable       DESIGNWE

Estimator                                                    WLSMV
Maximum number of iterations                                100000
Convergence criterion                                    0.500D-04
Maximum number of steepest descent iterations                   20
Maximum number of iterations for H1                           2000
Convergence criterion for H1                             0.100D-03
Parameterization                                             THETA
Link                                                        PROBIT

Input data file(s)
  data.dta

Input data format  FREE


SUMMARY OF DATA

   Total number of strata                       37
   Total number of clusters                    656

   Group WEB
     Number of missing data patterns             5
     Number of strata                           37
     Number of clusters                        650

   Group TEL
     Number of missing data patterns             2
     Number of strata                           37
     Number of clusters                        407

   Group FTF
     Number of missing data patterns             1
     Number of strata                           36
     Number of clusters                        618


COVARIANCE COVERAGE OF DATA

Minimum covariance coverage value   0.100


     PROPORTION OF DATA PRESENT FOR WEB


           Covariance Coverage
              ADULT0A       ADULT0B       ADULT0C
              ________      ________      ________
 ADULT0A        1.000
 ADULT0B        0.999         0.999
 ADULT0C        0.999         0.999         0.999


     PROPORTION OF DATA PRESENT FOR TEL


           Covariance Coverage
              ADULT0A       ADULT0B       ADULT0C
              ________      ________      ________
 ADULT0A        1.000
 ADULT0B        0.998         0.998
 ADULT0C        1.000         0.998         1.000


     PROPORTION OF DATA PRESENT FOR FTF


           Covariance Coverage
              ADULT0A       ADULT0B       ADULT0C
              ________      ________      ________
 ADULT0A        1.000
 ADULT0B        1.000         1.000
 ADULT0C        1.000         1.000         1.000


UNIVARIATE PROPORTIONS AND COUNTS FOR CATEGORICAL VARIABLES

  Group WEB
    ADULT0A
      Category 1    0.010           47.899
      Category 2    0.128          586.418
      Category 3    0.299         1364.960
      Category 4    0.562         2567.617
    ADULT0B
      Category 1    0.047          214.981
      Category 2    0.201          915.509
      Category 3    0.423         1931.889
      Category 4    0.329         1502.073
    ADULT0C
      Category 1    0.075          342.340
      Category 2    0.234         1068.053
      Category 3    0.399         1818.161
      Category 4    0.292         1328.603

  Group TEL
    ADULT0A
      Category 1    0.008            4.983
      Category 2    0.092           59.716
      Category 3    0.264          170.868
      Category 4    0.636          412.434
    ADULT0B
      Category 1    0.018           11.621
      Category 2    0.189          122.125
      Category 3    0.411          266.234
      Category 4    0.383          247.857
    ADULT0C
      Category 1    0.019           12.457
      Category 2    0.237          153.344
      Category 3    0.388          251.608
      Category 4    0.356          230.592

  Group FTF
    ADULT0A
      Category 1    0.016           35.646
      Category 2    0.111          239.140
      Category 3    0.260          560.933
      Category 4    0.613         1325.280
    ADULT0B
      Category 1    0.032           68.977
      Category 2    0.165          357.422
      Category 3    0.359          776.425
      Category 4    0.443          958.176
    ADULT0C
      Category 1    0.047          101.325
      Category 2    0.210          454.604
      Category 3    0.335          723.304
      Category 4    0.408          881.767


SAMPLE STATISTICS


     ESTIMATED SAMPLE STATISTICS FOR WEB


           MEANS/INTERCEPTS/THRESHOLDS
              ADULT0A$      ADULT0A$      ADULT0A$      ADULT0B$      ADULT0B$
              ________      ________      ________      ________      ________
               -2.308        -1.085        -0.157        -1.674        -0.682


           MEANS/INTERCEPTS/THRESHOLDS
              ADULT0B$      ADULT0C$      ADULT0C$      ADULT0C$
              ________      ________      ________      ________
                0.442        -1.439        -0.497         0.549


           CORRELATION MATRIX (WITH VARIANCES ON THE DIAGONAL)
              ADULT0A       ADULT0B       ADULT0C
              ________      ________      ________
 ADULT0A
 ADULT0B        0.666
 ADULT0C        0.737         0.570


     ESTIMATED SAMPLE STATISTICS FOR TEL


           MEANS/INTERCEPTS/THRESHOLDS
              ADULT0A$      ADULT0A$      ADULT0A$      ADULT0B$      ADULT0B$
              ________      ________      ________      ________      ________
               -2.423        -1.282        -0.349        -2.098        -0.819


           MEANS/INTERCEPTS/THRESHOLDS
              ADULT0B$      ADULT0C$      ADULT0C$      ADULT0C$
              ________      ________      ________      ________
                0.299        -2.070        -0.656         0.370


           CORRELATION MATRIX (WITH VARIANCES ON THE DIAGONAL)
              ADULT0A       ADULT0B       ADULT0C
              ________      ________      ________
 ADULT0A
 ADULT0B        0.513
 ADULT0C        0.545         0.473


     ESTIMATED SAMPLE STATISTICS FOR FTF


           MEANS/INTERCEPTS/THRESHOLDS
              ADULT0A$      ADULT0A$      ADULT0A$      ADULT0B$      ADULT0B$
              ________      ________      ________      ________      ________
               -2.132        -1.140        -0.288        -1.853        -0.851


           MEANS/INTERCEPTS/THRESHOLDS
              ADULT0B$      ADULT0C$      ADULT0C$      ADULT0C$
              ________      ________      ________      ________
                0.142        -1.676        -0.652         0.233


           CORRELATION MATRIX (WITH VARIANCES ON THE DIAGONAL)
              ADULT0A       ADULT0B       ADULT0C
              ________      ________      ________
 ADULT0A
 ADULT0B        0.640
 ADULT0C        0.662         0.558


THE MODEL ESTIMATION TERMINATED NORMALLY



MODEL FIT INFORMATION

Number of Free Parameters                       16

Chi-Square Test of Model Fit

          Value                             85.963*
          Degrees of Freedom                    20
          P-Value                           0.0000

Chi-Square Contribution From Each Group

          WEB                               31.544
          TEL                               18.051
          FTF                               36.368

Chi-Square Test for Difference Testing

          Value                             48.184*
          Degrees of Freedom                     8
          P-Value                           0.0000

*   The chi-square value for MLM, MLMV, MLR, ULSMV, WLSM and WLSMV cannot be used
    for chi-square difference testing in the regular way.  MLM, MLR and WLSM
    chi-square difference testing is described on the Mplus website.  MLMV, WLSMV,
    and ULSMV difference testing is done using the DIFFTEST option.  The DIFFTEST
    option assumes the models are nested.  The NESTED option can be used to verify
    that the models are nested.

RMSEA (Root Mean Square Error Of Approximation)

          Estimate                           0.037
          90 Percent C.I.                    0.029  0.045
          Probability RMSEA <= .05           0.997

CFI/TLI

          CFI                                0.993
          TLI                                0.997

Chi-Square Test of Model Fit for the Baseline Model

          Value                           9060.499
          Degrees of Freedom                     9
          P-Value                           0.0000

SRMR (Standardized Root Mean Square Residual)

          Value                              0.018

Optimum Function Value for Weighted Least-Squares Estimator

          Value                     0.41033142D-02



MODEL RESULTS

                                                    Two-Tailed
                    Estimate       S.E.  Est./S.E.    P-Value

Group WEB

 F1       BY
    ADULT0A            1.000      0.000    999.000    999.000
    ADULT0B            0.522      0.037     14.264      0.000
    ADULT0C            0.657      0.048     13.645      0.000

 Means
    F1                 0.000      0.000    999.000    999.000

 Thresholds
    ADULT0A$1         -4.859      0.229    -21.220      0.000
    ADULT0A$2         -2.283      0.120    -18.992      0.000
    ADULT0A$3         -0.294      0.066     -4.465      0.000
    ADULT0B$1         -2.453      0.069    -35.661      0.000
    ADULT0B$2         -0.978      0.045    -21.767      0.000
    ADULT0B$3          0.562      0.039     14.490      0.000
    ADULT0C$1         -2.447      0.067    -36.736      0.000
    ADULT0C$2         -0.797      0.048    -16.638      0.000
    ADULT0C$3          0.815      0.047     17.492      0.000

 Variances
    F1                 4.023      0.442      9.092      0.000

 Residual Variances
    ADULT0A            1.000      0.000    999.000    999.000
    ADULT0B            1.000      0.000    999.000    999.000
    ADULT0C            1.000      0.000    999.000    999.000

Group TEL

 F1       BY
    ADULT0A            1.000      0.000    999.000    999.000
    ADULT0B            0.522      0.037     14.264      0.000
    ADULT0C            0.657      0.048     13.645      0.000

 Means
    F1                 0.307      0.128      2.391      0.017

 Thresholds
    ADULT0A$1         -4.859      0.229    -21.220      0.000
    ADULT0A$2         -2.283      0.120    -18.992      0.000
    ADULT0A$3         -0.294      0.066     -4.465      0.000
    ADULT0B$1         -2.453      0.069    -35.661      0.000
    ADULT0B$2         -0.978      0.045    -21.767      0.000
    ADULT0B$3          0.562      0.039     14.490      0.000
    ADULT0C$1         -2.447      0.067    -36.736      0.000
    ADULT0C$2         -0.797      0.048    -16.638      0.000
    ADULT0C$3          0.815      0.047     17.492      0.000

 Variances
    F1                 2.415      0.390      6.195      0.000

 Residual Variances
    ADULT0A            1.000      0.000    999.000    999.000
    ADULT0B            1.000      0.000    999.000    999.000
    ADULT0C            1.000      0.000    999.000    999.000

Group FTF

 F1       BY
    ADULT0A            1.000      0.000    999.000    999.000
    ADULT0B            0.522      0.037     14.264      0.000
    ADULT0C            0.657      0.048     13.645      0.000

 Means
    F1                 0.476      0.099      4.793      0.000

 Thresholds
    ADULT0A$1         -4.859      0.229    -21.220      0.000
    ADULT0A$2         -2.283      0.120    -18.992      0.000
    ADULT0A$3         -0.294      0.066     -4.465      0.000
    ADULT0B$1         -2.453      0.069    -35.661      0.000
    ADULT0B$2         -0.978      0.045    -21.767      0.000
    ADULT0B$3          0.562      0.039     14.490      0.000
    ADULT0C$1         -2.447      0.067    -36.736      0.000
    ADULT0C$2         -0.797      0.048    -16.638      0.000
    ADULT0C$3          0.815      0.047     17.492      0.000

 Variances
    F1                 4.191      0.535      7.840      0.000

 Residual Variances
    ADULT0A            1.000      0.000    999.000    999.000
    ADULT0B            1.000      0.000    999.000    999.000
    ADULT0C            1.000      0.000    999.000    999.000


STANDARDIZED MODEL RESULTS


STD Standardization

                                                    Two-Tailed
                    Estimate       S.E.  Est./S.E.    P-Value

Group WEB

 F1       BY
    ADULT0A            2.006      0.110     18.185      0.000
    ADULT0B            1.046      0.040     26.269      0.000
    ADULT0C            1.318      0.047     27.802      0.000

 Means
    F1                 0.000      0.000    999.000    999.000

 Thresholds
    ADULT0A$1         -4.859      0.229    -21.220      0.000
    ADULT0A$2         -2.283      0.120    -18.992      0.000
    ADULT0A$3         -0.294      0.066     -4.465      0.000
    ADULT0B$1         -2.453      0.069    -35.661      0.000
    ADULT0B$2         -0.978      0.045    -21.767      0.000
    ADULT0B$3          0.562      0.039     14.490      0.000
    ADULT0C$1         -2.447      0.067    -36.736      0.000
    ADULT0C$2         -0.797      0.048    -16.638      0.000
    ADULT0C$3          0.815      0.047     17.492      0.000

 Variances
    F1                 1.000      0.000    999.000    999.000

 Residual Variances
    ADULT0A            1.000      0.000    999.000    999.000
    ADULT0B            1.000      0.000    999.000    999.000
    ADULT0C            1.000      0.000    999.000    999.000

Group TEL

 F1       BY
    ADULT0A            1.554      0.125     12.389      0.000
    ADULT0B            0.811      0.054     14.969      0.000
    ADULT0C            1.021      0.068     15.012      0.000

 Means
    F1                 0.197      0.078      2.529      0.011

 Thresholds
    ADULT0A$1         -4.859      0.229    -21.220      0.000
    ADULT0A$2         -2.283      0.120    -18.992      0.000
    ADULT0A$3         -0.294      0.066     -4.465      0.000
    ADULT0B$1         -2.453      0.069    -35.661      0.000
    ADULT0B$2         -0.978      0.045    -21.767      0.000
    ADULT0B$3          0.562      0.039     14.490      0.000
    ADULT0C$1         -2.447      0.067    -36.736      0.000
    ADULT0C$2         -0.797      0.048    -16.638      0.000
    ADULT0C$3          0.815      0.047     17.492      0.000

 Variances
    F1                 1.000      0.000    999.000    999.000

 Residual Variances
    ADULT0A            1.000      0.000    999.000    999.000
    ADULT0B            1.000      0.000    999.000    999.000
    ADULT0C            1.000      0.000    999.000    999.000

Group FTF

 F1       BY
    ADULT0A            2.047      0.131     15.680      0.000
    ADULT0B            1.068      0.046     23.000      0.000
    ADULT0C            1.345      0.061     21.888      0.000

 Means
    F1                 0.232      0.045      5.168      0.000

 Thresholds
    ADULT0A$1         -4.859      0.229    -21.220      0.000
    ADULT0A$2         -2.283      0.120    -18.992      0.000
    ADULT0A$3         -0.294      0.066     -4.465      0.000
    ADULT0B$1         -2.453      0.069    -35.661      0.000
    ADULT0B$2         -0.978      0.045    -21.767      0.000
    ADULT0B$3          0.562      0.039     14.490      0.000
    ADULT0C$1         -2.447      0.067    -36.736      0.000
    ADULT0C$2         -0.797      0.048    -16.638      0.000
    ADULT0C$3          0.815      0.047     17.492      0.000

 Variances
    F1                 1.000      0.000    999.000    999.000

 Residual Variances
    ADULT0A            1.000      0.000    999.000    999.000
    ADULT0B            1.000      0.000    999.000    999.000
    ADULT0C            1.000      0.000    999.000    999.000


R-SQUARE

Group WEB

    Observed                                        Two-Tailed     Scale
    Variable        Estimate       S.E.  Est./S.E.    P-Value     Factors

    ADULT0A            0.801      0.018     45.673      0.000      0.446
    ADULT0B            0.523      0.019     27.519      0.000      0.691
    ADULT0C            0.635      0.017     38.045      0.000      0.604

Group TEL

    Observed                                        Two-Tailed     Scale
    Variable        Estimate       S.E.  Est./S.E.    P-Value     Factors

    ADULT0A            0.707      0.033     21.155      0.000      0.541
    ADULT0B            0.397      0.032     12.405      0.000      0.777
    ADULT0C            0.510      0.033     15.331      0.000      0.700

Group FTF

    Observed                                        Two-Tailed     Scale
    Variable        Estimate       S.E.  Est./S.E.    P-Value     Factors

    ADULT0A            0.807      0.020     40.694      0.000      0.439
    ADULT0B            0.533      0.022     24.618      0.000      0.683
    ADULT0C            0.644      0.021     30.741      0.000      0.597


QUALITY OF NUMERICAL RESULTS

     Condition Number for the Information Matrix              0.389E-03
       (ratio of smallest to largest eigenvalue)


MODEL MODIFICATION INDICES

NOTE:  Modification indices for direct effects of observed dependent variables
regressed on covariates and residual covariances among observed dependent
variables may not be included.  To include these, request MODINDICES (ALL).

Minimum M.I. value for printing the modification index    10.000

                                   M.I.     E.P.C.  Std E.P.C.  StdYX E.P.C.
Group WEB


BY Statements

F1       BY ADULT0A               10.984    -0.132     -0.264       -0.118

WITH Statements

ADULT0C  WITH ADULT0A             11.670     0.170      0.170        0.170

Variances/Residual Variances

ADULT0A                           29.142    -0.688     -0.688       -0.137

Means/Intercepts/Thresholds

[ ADULT0A  ]                      18.782     0.279      0.279        0.124
[ ADULT0A$ ]                      10.188    -0.418     -0.418       -0.187

Group TEL


No modification indices above the minimum value.

Group FTF


ON/BY Statements

F1       ON F1       /
F1       BY F1                   999.000     0.000      0.000        0.000

Variances/Residual Variances

ADULT0A                           13.852     0.468      0.468        0.090

Means/Intercepts/Thresholds

[ ADULT0A  ]                      12.832    -0.229     -0.229       -0.101



SAMPLE STATISTICS FOR ESTIMATED FACTOR SCORES


     SAMPLE STATISTICS


           Means
              F1            F1_SE
              ________      ________
                0.035         0.941


           Covariances
              F1            F1_SE
              ________      ________
 F1             2.685
 F1_SE          0.238         0.033


           Correlations
              F1            F1_SE
              ________      ________
 F1             1.000
 F1_SE          0.806         1.000


PLOT INFORMATION

The following plots are available:

  Histograms (sample values, estimated factor scores, estimated values, residuals)
  Scatterplots (sample values, estimated factor scores, estimated values, residuals)
  Sample proportions and estimated probabilities
  Item characteristic curves
  Information curves
  Measurement parameter plots
  Latent variable distribution plots

SAVEDATA INFORMATION


  Difference testing

  Save file
    adult0a_scalar.dat
  Save format      Free

     Beginning Time:  14:44:31
        Ending Time:  14:44:32
       Elapsed Time:  00:00:01



MUTHEN & MUTHEN
3463 Stoner Ave.
Los Angeles, CA  90066

Tel: (310) 391-9971
Fax: (310) 391-8971
Web: www.StatModel.com
Support: Support@StatModel.com

Copyright (c) 1998-2019 Muthen & Muthen
