Mplus VERSION 8.3
MUTHEN & MUTHEN
08/23/2019   2:44 PM

INPUT INSTRUCTIONS

  TITLE: Your title goes here

  DATA: FILE = data.dta;

  VARIABLE:

  NAMES = audit1 bully0a bully0b bully0c bully0d bully0e bully0f bully0g adult0a
       adult0b adult0c leisa0a leisa0b leisa0c leisa0d leisa0e leisa0f leisb0a leisb0b
       leisb0c leisb0d samppsu sampstratum mode locus0a locus0b locus0c locus0d
       ghq12_1 ghq12_2 ghq12_3 ghq12_4 ghq12_5 ghq12_6 ghq12_7 ghq12_8 ghq12_9
       ghq12_10 ghq12_11 ghq12_12 audit2 audit3 designweight_combin;

  MISSING=.;
  USEVARIABLES ARE ghq12_1
  ghq12_2
  ghq12_3
  ghq12_4
  ghq12_5
  ghq12_6
  ghq12_7
  ghq12_8
  ghq12_9
  ghq12_10
  ghq12_11
  ghq12_12;
  CATEGORICAL ARE ghq12_1
  ghq12_2
  ghq12_3
  ghq12_4
  ghq12_5
  ghq12_6
  ghq12_7
  ghq12_8
  ghq12_9
  ghq12_10
  ghq12_11
  ghq12_12;
  GROUPING IS mode (1=Web 2=Tel 3=Ftf);
  WEIGHT IS designweight_combin;

                  STRATIFICATION IS sampstratum;

                  CLUSTER IS samppsu;

  ANALYSIS: TYPE IS COMPLEX;

                  ESTIMATOR = WLSMV;

                  ITERATIONS = 100000;

                  PARAMETERIZATION = THETA;

  DIFFTEST = ghq12_1_metric.dat;
  Model:


  f1 BY ghq12_1@1
  ghq12_2 (L2)
  ghq12_3 (L3)
  ghq12_4 (L4)
  ghq12_5 (L5)
  ghq12_6 (L6)
  ghq12_7 (L7)
  ghq12_8 (L8)
  ghq12_9 (L9)
  ghq12_10 (L10)
  ghq12_11 (L11)
  ghq12_12 (L12)
  ;


  [ghq12_1$1] (t_ghq12_1_1);
  [ghq12_1$2] (t_ghq12_1_2);
  [ghq12_1$3] (t_ghq12_1_3);

  [ghq12_2$1] (t_ghq12_2_1);
  [ghq12_2$2] (t_ghq12_2_2);
  [ghq12_2$3] (t_ghq12_2_3);

  [ghq12_3$1] (t_ghq12_3_1);
  [ghq12_3$2] (t_ghq12_3_2);
  [ghq12_3$3] (t_ghq12_3_3);

  [ghq12_4$1] (t_ghq12_4_1);
  [ghq12_4$2] (t_ghq12_4_2);
  [ghq12_4$3] (t_ghq12_4_3);

  [ghq12_5$1] (t_ghq12_5_1);
  [ghq12_5$2] (t_ghq12_5_2);
  [ghq12_5$3] (t_ghq12_5_3);

  [ghq12_6$1] (t_ghq12_6_1);
  [ghq12_6$2] (t_ghq12_6_2);
  [ghq12_6$3] (t_ghq12_6_3);

  [ghq12_7$1] (t_ghq12_7_1);
  [ghq12_7$2] (t_ghq12_7_2);
  [ghq12_7$3] (t_ghq12_7_3);

  [ghq12_8$1] (t_ghq12_8_1);
  [ghq12_8$2] (t_ghq12_8_2);
  [ghq12_8$3] (t_ghq12_8_3);

  [ghq12_9$1] (t_ghq12_9_1);
  [ghq12_9$2] (t_ghq12_9_2);
  [ghq12_9$3] (t_ghq12_9_3);

  [ghq12_10$1] (t_ghq12_10_1);
  [ghq12_10$2] (t_ghq12_10_2);
  [ghq12_10$3] (t_ghq12_10_3);

  [ghq12_11$1] (t_ghq12_11_1);
  [ghq12_11$2] (t_ghq12_11_2);
  [ghq12_11$3] (t_ghq12_11_3);

  [ghq12_12$1] (t_ghq12_12_1);
  [ghq12_12$2] (t_ghq12_12_2);
  [ghq12_12$3] (t_ghq12_12_3);
  ghq12_1@1;
  ghq12_2@1;
  ghq12_3@1;
  ghq12_4@1;
  ghq12_5@1;
  ghq12_6@1;
  ghq12_7@1;
  ghq12_8@1;
  ghq12_9@1;
  ghq12_10@1;
  ghq12_11@1;
  ghq12_12@1;

  Model Tel:

  f1 BY ghq12_1@1
  ghq12_2 (L2)
  ghq12_3 (L3)
  ghq12_4 (L4)
  ghq12_5 (L5)
  ghq12_6 (L6)
  ghq12_7 (L7)
  ghq12_8 (L8)
  ghq12_9 (L9)
  ghq12_10 (L10)
  ghq12_11 (L11)
  ghq12_12 (L12)
  ;


  [ghq12_1$1] (t_ghq12_1_1);
  [ghq12_1$2] (t_ghq12_1_2);
  [ghq12_1$3] (t_ghq12_1_3);

  [ghq12_2$1] (t_ghq12_2_1);
  [ghq12_2$2] (t_ghq12_2_2);
  [ghq12_2$3] (t_ghq12_2_3);

  [ghq12_3$1] (t_ghq12_3_1);
  [ghq12_3$2] (t_ghq12_3_2);
  [ghq12_3$3] (t_ghq12_3_3);

  [ghq12_4$1] (t_ghq12_4_1);
  [ghq12_4$2] (t_ghq12_4_2);
  [ghq12_4$3] (t_ghq12_4_3);

  [ghq12_5$1] (t_ghq12_5_1);
  [ghq12_5$2] (t_ghq12_5_2);
  [ghq12_5$3] (t_ghq12_5_3);

  [ghq12_6$1] (t_ghq12_6_1);
  [ghq12_6$2] (t_ghq12_6_2);
  [ghq12_6$3] (t_ghq12_6_3);

  [ghq12_7$1] (t_ghq12_7_1);
  [ghq12_7$2] (t_ghq12_7_2);
  [ghq12_7$3] (t_ghq12_7_3);

  [ghq12_8$1] (t_ghq12_8_1);
  [ghq12_8$2] (t_ghq12_8_2);
  [ghq12_8$3] (t_ghq12_8_3);

  [ghq12_9$1] (t_ghq12_9_1);
  [ghq12_9$2] (t_ghq12_9_2);
  [ghq12_9$3] (t_ghq12_9_3);

  [ghq12_10$1] (t_ghq12_10_1);
  [ghq12_10$2] (t_ghq12_10_2);
  [ghq12_10$3] (t_ghq12_10_3);

  [ghq12_11$1] (t_ghq12_11_1);
  [ghq12_11$2] (t_ghq12_11_2);
  [ghq12_11$3] (t_ghq12_11_3);

  [ghq12_12$1] (t_ghq12_12_1);
  [ghq12_12$2] (t_ghq12_12_2);
  [ghq12_12$3] (t_ghq12_12_3);
  ghq12_1@1;
  ghq12_2@1;
  ghq12_3@1;
  ghq12_4@1;
  ghq12_5@1;
  ghq12_6@1;
  ghq12_7@1;
  ghq12_8@1;
  ghq12_9@1;
  ghq12_10@1;
  ghq12_11@1;
  ghq12_12@1;

  Model Ftf:

  f1 BY ghq12_1@1
  ghq12_2 (L2)
  ghq12_3 (L3)
  ghq12_4 (L4)
  ghq12_5 (L5)
  ghq12_6 (L6)
  ghq12_7 (L7)
  ghq12_8 (L8)
  ghq12_9 (L9)
  ghq12_10 (L10)
  ghq12_11 (L11)
  ghq12_12 (L12)
  ;


  [ghq12_1$1] (t_ghq12_1_1);
  [ghq12_1$2] (t_ghq12_1_2);
  [ghq12_1$3] (t_ghq12_1_3);

  [ghq12_2$1] (t_ghq12_2_1);
  [ghq12_2$2] (t_ghq12_2_2);
  [ghq12_2$3] (t_ghq12_2_3);

  [ghq12_3$1] (t_ghq12_3_1);
  [ghq12_3$2] (t_ghq12_3_2);
  [ghq12_3$3] (t_ghq12_3_3);

  [ghq12_4$1] (t_ghq12_4_1);
  [ghq12_4$2] (t_ghq12_4_2);
  [ghq12_4$3] (t_ghq12_4_3);

  [ghq12_5$1] (t_ghq12_5_1);
  [ghq12_5$2] (t_ghq12_5_2);
  [ghq12_5$3] (t_ghq12_5_3);

  [ghq12_6$1] (t_ghq12_6_1);
  [ghq12_6$2] (t_ghq12_6_2);
  [ghq12_6$3] (t_ghq12_6_3);

  [ghq12_7$1] (t_ghq12_7_1);
  [ghq12_7$2] (t_ghq12_7_2);
  [ghq12_7$3] (t_ghq12_7_3);

  [ghq12_8$1] (t_ghq12_8_1);
  [ghq12_8$2] (t_ghq12_8_2);
  [ghq12_8$3] (t_ghq12_8_3);

  [ghq12_9$1] (t_ghq12_9_1);
  [ghq12_9$2] (t_ghq12_9_2);
  [ghq12_9$3] (t_ghq12_9_3);

  [ghq12_10$1] (t_ghq12_10_1);
  [ghq12_10$2] (t_ghq12_10_2);
  [ghq12_10$3] (t_ghq12_10_3);

  [ghq12_11$1] (t_ghq12_11_1);
  [ghq12_11$2] (t_ghq12_11_2);
  [ghq12_11$3] (t_ghq12_11_3);

  [ghq12_12$1] (t_ghq12_12_1);
  [ghq12_12$2] (t_ghq12_12_2);
  [ghq12_12$3] (t_ghq12_12_3);
  ghq12_1@1;
  ghq12_2@1;
  ghq12_3@1;
  ghq12_4@1;
  ghq12_5@1;
  ghq12_6@1;
  ghq12_7@1;
  ghq12_8@1;
  ghq12_9@1;
  ghq12_10@1;
  ghq12_11@1;
  ghq12_12@1;
  SAVEDATA: DIFFTEST IS ghq12_1_scalar.dat;
  OUTPUT: SAMPSTAT;

  MODINDICES;

  STD;

  Plot: type = plot3;




*** WARNING
  Data set contains cases with missing on all variables.
  These cases were not included in the analysis.
  Number of cases with missing on all variables:  265
   1 WARNING(S) FOUND IN THE INPUT INSTRUCTIONS



Your title goes here

SUMMARY OF ANALYSIS

Number of groups                                                 3
Number of observations
   Group WEB                                                  4569
   Group TEL                                                   646
   Group FTF                                                  2089
   Total sample size                                          7304

Number of dependent variables                                   12
Number of independent variables                                  0
Number of continuous latent variables                            1

Observed dependent variables

  Binary and ordered categorical (ordinal)
   GHQ12_1     GHQ12_2     GHQ12_3     GHQ12_4     GHQ12_5     GHQ12_6
   GHQ12_7     GHQ12_8     GHQ12_9     GHQ12_10    GHQ12_11    GHQ12_12

Continuous latent variables
   F1

Variables with special functions

  Grouping variable     MODE
  Stratification        SAMPSTRA
  Cluster variable      SAMPPSU
  Weight variable       DESIGNWE

Estimator                                                    WLSMV
Maximum number of iterations                                100000
Convergence criterion                                    0.500D-04
Maximum number of steepest descent iterations                   20
Maximum number of iterations for H1                           2000
Convergence criterion for H1                             0.100D-03
Parameterization                                             THETA
Link                                                        PROBIT

Input data file(s)
  data.dta

Input data format  FREE


SUMMARY OF DATA

   Total number of strata                       37
   Total number of clusters                    656

   Group WEB
     Number of missing data patterns            30
     Number of strata                           37
     Number of clusters                        650

   Group TEL
     Number of missing data patterns            15
     Number of strata                           37
     Number of clusters                        407

   Group FTF
     Number of missing data patterns             9
     Number of strata                           36
     Number of clusters                        609


COVARIANCE COVERAGE OF DATA

Minimum covariance coverage value   0.100


     PROPORTION OF DATA PRESENT FOR WEB


           Covariance Coverage
              GHQ12_1       GHQ12_2       GHQ12_3       GHQ12_4       GHQ12_5
              ________      ________      ________      ________      ________
 GHQ12_1        0.998
 GHQ12_2        0.997         0.998
 GHQ12_3        0.995         0.996         0.996
 GHQ12_4        0.996         0.996         0.994         0.997
 GHQ12_5        0.996         0.996         0.995         0.996         0.997
 GHQ12_6        0.997         0.997         0.995         0.997         0.997
 GHQ12_7        0.996         0.996         0.994         0.996         0.996
 GHQ12_8        0.996         0.996         0.995         0.996         0.996
 GHQ12_9        0.996         0.996         0.994         0.996         0.996
 GHQ12_10       0.995         0.996         0.994         0.996         0.996
 GHQ12_11       0.995         0.996         0.994         0.996         0.996
 GHQ12_12       0.995         0.995         0.993         0.995         0.995


           Covariance Coverage
              GHQ12_6       GHQ12_7       GHQ12_8       GHQ12_9       GHQ12_10
              ________      ________      ________      ________      ________
 GHQ12_6        0.998
 GHQ12_7        0.997         0.997
 GHQ12_8        0.997         0.997         0.997
 GHQ12_9        0.997         0.996         0.996         0.997
 GHQ12_10       0.996         0.996         0.996         0.996         0.997
 GHQ12_11       0.996         0.996         0.996         0.996         0.996
 GHQ12_12       0.996         0.996         0.995         0.995         0.995


           Covariance Coverage
              GHQ12_11      GHQ12_12
              ________      ________
 GHQ12_11       0.997
 GHQ12_12       0.996         0.996


     PROPORTION OF DATA PRESENT FOR TEL


           Covariance Coverage
              GHQ12_1       GHQ12_2       GHQ12_3       GHQ12_4       GHQ12_5
              ________      ________      ________      ________      ________
 GHQ12_1        0.994
 GHQ12_2        0.989         0.995
 GHQ12_3        0.989         0.991         0.994
 GHQ12_4        0.991         0.992         0.992         0.995
 GHQ12_5        0.991         0.992         0.991         0.992         0.995
 GHQ12_6        0.991         0.994         0.992         0.994         0.994
 GHQ12_7        0.989         0.992         0.992         0.992         0.992
 GHQ12_8        0.991         0.995         0.992         0.994         0.994
 GHQ12_9        0.989         0.994         0.991         0.992         0.992
 GHQ12_10       0.991         0.995         0.992         0.994         0.994
 GHQ12_11       0.991         0.995         0.992         0.994         0.994
 GHQ12_12       0.991         0.992         0.992         0.994         0.992


           Covariance Coverage
              GHQ12_6       GHQ12_7       GHQ12_8       GHQ12_9       GHQ12_10
              ________      ________      ________      ________      ________
 GHQ12_6        0.997
 GHQ12_7        0.994         0.995
 GHQ12_8        0.995         0.994         0.997
 GHQ12_9        0.994         0.992         0.995         0.995
 GHQ12_10       0.995         0.994         0.997         0.995         0.997
 GHQ12_11       0.995         0.994         0.997         0.995         0.997
 GHQ12_12       0.994         0.992         0.994         0.992         0.994


           Covariance Coverage
              GHQ12_11      GHQ12_12
              ________      ________
 GHQ12_11       0.997
 GHQ12_12       0.994         0.995


     PROPORTION OF DATA PRESENT FOR FTF


           Covariance Coverage
              GHQ12_1       GHQ12_2       GHQ12_3       GHQ12_4       GHQ12_5
              ________      ________      ________      ________      ________
 GHQ12_1        0.999
 GHQ12_2        0.998         0.999
 GHQ12_3        0.998         0.999         0.999
 GHQ12_4        0.999         0.999         0.998         1.000
 GHQ12_5        0.999         0.999         0.999         0.999         1.000
 GHQ12_6        0.998         0.999         0.998         0.999         0.999
 GHQ12_7        0.998         0.999         0.998         0.999         0.999
 GHQ12_8        0.998         0.998         0.998         0.999         0.999
 GHQ12_9        0.998         0.999         0.999         0.999         0.999
 GHQ12_10       0.998         0.999         0.998         0.999         0.999
 GHQ12_11       0.997         0.998         0.997         0.998         0.998
 GHQ12_12       0.998         0.998         0.998         0.999         0.999


           Covariance Coverage
              GHQ12_6       GHQ12_7       GHQ12_8       GHQ12_9       GHQ12_10
              ________      ________      ________      ________      ________
 GHQ12_6        0.999
 GHQ12_7        0.999         0.999
 GHQ12_8        0.998         0.999         0.999
 GHQ12_9        0.999         0.999         0.998         0.999
 GHQ12_10       0.999         0.999         0.998         0.999         0.999
 GHQ12_11       0.998         0.998         0.997         0.998         0.998
 GHQ12_12       0.998         0.999         0.998         0.998         0.998


           Covariance Coverage
              GHQ12_11      GHQ12_12
              ________      ________
 GHQ12_11       0.998
 GHQ12_12       0.998         0.999


UNIVARIATE PROPORTIONS AND COUNTS FOR CATEGORICAL VARIABLES

  Group WEB
    GHQ12_1
      Category 1    0.117          533.300
      Category 2    0.680         3101.539
      Category 3    0.172          785.408
      Category 4    0.031          143.487
    GHQ12_2
      Category 1    0.241         1099.186
      Category 2    0.492         2247.951
      Category 3    0.197          899.652
      Category 4    0.070          320.036
    GHQ12_3
      Category 1    0.157          714.744
      Category 2    0.656         2988.150
      Category 3    0.141          642.693
      Category 4    0.047          212.448
    GHQ12_4
      Category 1    0.198          903.145
      Category 2    0.704         3210.448
      Category 3    0.073          333.622
      Category 4    0.025          113.703
    GHQ12_5
      Category 1    0.137          622.983
      Category 2    0.507         2315.223
      Category 3    0.265         1210.232
      Category 4    0.091          414.583
    GHQ12_6
      Category 1    0.266         1215.372
      Category 2    0.536         2444.285
      Category 3    0.147          672.856
      Category 4    0.051          231.835
    GHQ12_7
      Category 1    0.098          445.621
      Category 2    0.703         3207.112
      Category 3    0.156          713.630
      Category 4    0.043          196.138
    GHQ12_8
      Category 1    0.124          564.966
      Category 2    0.732         3337.791
      Category 3    0.110          503.653
      Category 4    0.034          155.417
    GHQ12_9
      Category 1    0.314         1431.086
      Category 2    0.414         1883.855
      Category 3    0.188          857.185
      Category 4    0.084          382.977
    GHQ12_10
      Category 1    0.350         1598.547
      Category 2    0.396         1807.535
      Category 3    0.174          795.856
      Category 4    0.079          360.903
    GHQ12_11
      Category 1    0.595         2716.458
      Category 2    0.259         1179.625
      Category 3    0.097          441.925
      Category 4    0.049          224.080
    GHQ12_12
      Category 1    0.187          851.692
      Category 2    0.643         2932.104
      Category 3    0.126          575.816
      Category 4    0.043          197.913

  Group TEL
    GHQ12_1
      Category 1    0.182          116.589
      Category 2    0.636          407.193
      Category 3    0.143           91.916
      Category 4    0.039           24.887
    GHQ12_2
      Category 1    0.392          252.218
      Category 2    0.381          245.616
      Category 3    0.148           95.394
      Category 4    0.079           50.840
    GHQ12_3
      Category 1    0.244          156.358
      Category 2    0.621          398.299
      Category 3    0.099           63.535
      Category 4    0.036           22.756
    GHQ12_4
      Category 1    0.278          178.608
      Category 2    0.674          433.203
      Category 3    0.039           24.993
      Category 4    0.010            6.282
    GHQ12_5
      Category 1    0.228          146.402
      Category 2    0.494          317.359
      Category 3    0.206          132.179
      Category 4    0.072           46.232
    GHQ12_6
      Category 1    0.407          262.362
      Category 2    0.432          278.293
      Category 3    0.123           79.195
      Category 4    0.038           24.614
    GHQ12_7
      Category 1    0.115           74.166
      Category 2    0.689          442.871
      Category 3    0.134           85.873
      Category 4    0.062           39.922
    GHQ12_8
      Category 1    0.226          145.475
      Category 2    0.684          440.825
      Category 3    0.079           51.020
      Category 4    0.011            6.923
    GHQ12_9
      Category 1    0.512          329.334
      Category 2    0.285          183.153
      Category 3    0.154           98.848
      Category 4    0.050           31.847
    GHQ12_10
      Category 1    0.538          346.915
      Category 2    0.314          201.988
      Category 3    0.105           67.883
      Category 4    0.043           27.457
    GHQ12_11
      Category 1    0.787          506.964
      Category 2    0.143           92.372
      Category 3    0.051           32.696
      Category 4    0.019           12.211
    GHQ12_12
      Category 1    0.224          144.017
      Category 2    0.673          432.564
      Category 3    0.087           55.897
      Category 4    0.016           10.142

  Group FTF
    GHQ12_1
      Category 1    0.149          310.074
      Category 2    0.665         1388.607
      Category 3    0.149          311.159
      Category 4    0.037           77.669
    GHQ12_2
      Category 1    0.254          530.476
      Category 2    0.460          959.033
      Category 3    0.198          411.849
      Category 4    0.088          183.595
    GHQ12_3
      Category 1    0.195          406.980
      Category 2    0.662         1380.654
      Category 3    0.104          217.015
      Category 4    0.038           79.760
    GHQ12_4
      Category 1    0.259          540.178
      Category 2    0.649         1354.698
      Category 3    0.074          155.288
      Category 4    0.019           38.666
    GHQ12_5
      Category 1    0.178          371.486
      Category 2    0.489         1019.449
      Category 3    0.240          500.907
      Category 4    0.093          193.929
    GHQ12_6
      Category 1    0.321          669.583
      Category 2    0.469          977.258
      Category 3    0.151          315.336
      Category 4    0.059          122.606
    GHQ12_7
      Category 1    0.132          275.312
      Category 2    0.665         1386.204
      Category 3    0.157          327.444
      Category 4    0.046           96.640
    GHQ12_8
      Category 1    0.189          394.006
      Category 2    0.686         1430.332
      Category 3    0.098          204.050
      Category 4    0.027           57.005
    GHQ12_9
      Category 1    0.368          766.396
      Category 2    0.363          756.680
      Category 3    0.172          357.929
      Category 4    0.098          203.948
    GHQ12_10
      Category 1    0.440          916.392
      Category 2    0.322          671.211
      Category 3    0.165          344.504
      Category 4    0.073          152.676
    GHQ12_11
      Category 1    0.663         1383.868
      Category 2    0.202          421.674
      Category 3    0.090          188.039
      Category 4    0.045           93.618
    GHQ12_12
      Category 1    0.223          465.180
      Category 2    0.621         1296.493
      Category 3    0.120          251.234
      Category 4    0.036           75.260


SAMPLE STATISTICS


     ESTIMATED SAMPLE STATISTICS FOR WEB


           MEANS/INTERCEPTS/THRESHOLDS
              GHQ12_1$      GHQ12_1$      GHQ12_1$      GHQ12_2$      GHQ12_2$
              ________      ________      ________      ________      ________
               -1.191         0.829         1.860        -0.704         0.622


           MEANS/INTERCEPTS/THRESHOLDS
              GHQ12_2$      GHQ12_3$      GHQ12_3$      GHQ12_3$      GHQ12_4$
              ________      ________      ________      ________      ________
                1.475        -1.008         0.887         1.679        -0.849


           MEANS/INTERCEPTS/THRESHOLDS
              GHQ12_4$      GHQ12_4$      GHQ12_5$      GHQ12_5$      GHQ12_5$
              ________      ________      ________      ________      ________
                1.293         1.961        -1.096         0.369         1.335


           MEANS/INTERCEPTS/THRESHOLDS
              GHQ12_6$      GHQ12_6$      GHQ12_6$      GHQ12_7$      GHQ12_7$
              ________      ________      ________      ________      ________
               -0.624         0.848         1.637        -1.295         0.844


           MEANS/INTERCEPTS/THRESHOLDS
              GHQ12_7$      GHQ12_8$      GHQ12_8$      GHQ12_8$      GHQ12_9$
              ________      ________      ________      ________      ________
                1.717        -1.156         1.060         1.824        -0.484


           MEANS/INTERCEPTS/THRESHOLDS
              GHQ12_9$      GHQ12_9$      GHQ12_10      GHQ12_10      GHQ12_10
              ________      ________      ________      ________      ________
                0.606         1.378        -0.384         0.663         1.411


           MEANS/INTERCEPTS/THRESHOLDS
              GHQ12_11      GHQ12_11      GHQ12_11      GHQ12_12      GHQ12_12
              ________      ________      ________      ________      ________
                0.242         1.054         1.653        -0.889         0.955


           MEANS/INTERCEPTS/THRESHOLDS
              GHQ12_12
              ________
                1.712


           CORRELATION MATRIX (WITH VARIANCES ON THE DIAGONAL)
              GHQ12_1       GHQ12_2       GHQ12_3       GHQ12_4       GHQ12_5
              ________      ________      ________      ________      ________
 GHQ12_1
 GHQ12_2        0.446
 GHQ12_3        0.547         0.333
 GHQ12_4        0.520         0.285         0.596
 GHQ12_5        0.459         0.677         0.322         0.290
 GHQ12_6        0.482         0.581         0.468         0.424         0.632
 GHQ12_7        0.580         0.450         0.523         0.463         0.502
 GHQ12_8        0.428         0.324         0.463         0.496         0.337
 GHQ12_9        0.509         0.681         0.475         0.384         0.634
 GHQ12_10       0.518         0.594         0.516         0.449         0.549
 GHQ12_11       0.491         0.552         0.557         0.475         0.516
 GHQ12_12       0.568         0.467         0.576         0.501         0.483


           CORRELATION MATRIX (WITH VARIANCES ON THE DIAGONAL)
              GHQ12_6       GHQ12_7       GHQ12_8       GHQ12_9       GHQ12_10
              ________      ________      ________      ________      ________
 GHQ12_7        0.522
 GHQ12_8        0.447         0.543
 GHQ12_9        0.700         0.564         0.491
 GHQ12_10       0.667         0.520         0.507         0.784
 GHQ12_11       0.659         0.501         0.523         0.792         0.825
 GHQ12_12       0.535         0.628         0.589         0.701         0.604


           CORRELATION MATRIX (WITH VARIANCES ON THE DIAGONAL)
              GHQ12_11      GHQ12_12
              ________      ________
 GHQ12_12       0.660


     ESTIMATED SAMPLE STATISTICS FOR TEL


           MEANS/INTERCEPTS/THRESHOLDS
              GHQ12_1$      GHQ12_1$      GHQ12_1$      GHQ12_2$      GHQ12_2$
              ________      ________      ________      ________      ________
               -0.908         0.906         1.764        -0.275         0.749


           MEANS/INTERCEPTS/THRESHOLDS
              GHQ12_2$      GHQ12_3$      GHQ12_3$      GHQ12_3$      GHQ12_4$
              ________      ________      ________      ________      ________
                1.412        -0.694         1.105         1.805        -0.590


           MEANS/INTERCEPTS/THRESHOLDS
              GHQ12_4$      GHQ12_4$      GHQ12_5$      GHQ12_5$      GHQ12_5$
              ________      ________      ________      ________      ________
                1.658         2.335        -0.746         0.589         1.461


           MEANS/INTERCEPTS/THRESHOLDS
              GHQ12_6$      GHQ12_6$      GHQ12_6$      GHQ12_7$      GHQ12_7$
              ________      ________      ________      ________      ________
               -0.235         0.990         1.772        -1.198         0.857


           MEANS/INTERCEPTS/THRESHOLDS
              GHQ12_7$      GHQ12_8$      GHQ12_8$      GHQ12_8$      GHQ12_9$
              ________      ________      ________      ________      ________
                1.537        -0.753         1.341         2.299         0.030


           MEANS/INTERCEPTS/THRESHOLDS
              GHQ12_9$      GHQ12_9$      GHQ12_10      GHQ12_10      GHQ12_10
              ________      ________      ________      ________      ________
                0.830         1.650         0.097         1.045         1.721


           MEANS/INTERCEPTS/THRESHOLDS
              GHQ12_11      GHQ12_11      GHQ12_11      GHQ12_12      GHQ12_12
              ________      ________      ________      ________      ________
                0.796         1.478         2.076        -0.758         1.266


           MEANS/INTERCEPTS/THRESHOLDS
              GHQ12_12
              ________
                2.150


           CORRELATION MATRIX (WITH VARIANCES ON THE DIAGONAL)
              GHQ12_1       GHQ12_2       GHQ12_3       GHQ12_4       GHQ12_5
              ________      ________      ________      ________      ________
 GHQ12_1
 GHQ12_2        0.281
 GHQ12_3        0.330         0.330
 GHQ12_4        0.437         0.222         0.509
 GHQ12_5        0.252         0.617         0.265         0.141
 GHQ12_6        0.232         0.376         0.232         0.097         0.426
 GHQ12_7        0.475         0.461         0.557         0.345         0.484
 GHQ12_8        0.507         0.186         0.294         0.383         0.235
 GHQ12_9        0.311         0.610         0.448         0.203         0.577
 GHQ12_10       0.274         0.492         0.463         0.174         0.523
 GHQ12_11       0.151         0.414         0.358         0.123         0.360
 GHQ12_12       0.443         0.350         0.489         0.372         0.362


           CORRELATION MATRIX (WITH VARIANCES ON THE DIAGONAL)
              GHQ12_6       GHQ12_7       GHQ12_8       GHQ12_9       GHQ12_10
              ________      ________      ________      ________      ________
 GHQ12_7        0.270
 GHQ12_8        0.162         0.463
 GHQ12_9        0.517         0.637         0.283
 GHQ12_10       0.516         0.442         0.236         0.732
 GHQ12_11       0.602         0.281        -0.002         0.667         0.662
 GHQ12_12       0.359         0.567         0.441         0.506         0.516


           CORRELATION MATRIX (WITH VARIANCES ON THE DIAGONAL)
              GHQ12_11      GHQ12_12
              ________      ________
 GHQ12_12       0.372


     ESTIMATED SAMPLE STATISTICS FOR FTF


           MEANS/INTERCEPTS/THRESHOLDS
              GHQ12_1$      GHQ12_1$      GHQ12_1$      GHQ12_2$      GHQ12_2$
              ________      ________      ________      ________      ________
               -1.043         0.892         1.784        -0.661         0.566


           MEANS/INTERCEPTS/THRESHOLDS
              GHQ12_2$      GHQ12_3$      GHQ12_3$      GHQ12_3$      GHQ12_4$
              ________      ________      ________      ________      ________
                1.353        -0.859         1.070         1.771        -0.648


           MEANS/INTERCEPTS/THRESHOLDS
              GHQ12_4$      GHQ12_4$      GHQ12_5$      GHQ12_5$      GHQ12_5$
              ________      ________      ________      ________      ________
                1.323         2.086        -0.923         0.431         1.323


           MEANS/INTERCEPTS/THRESHOLDS
              GHQ12_6$      GHQ12_6$      GHQ12_6$      GHQ12_7$      GHQ12_7$
              ________      ________      ________      ________      ________
               -0.464         0.806         1.565        -1.117         0.830


           MEANS/INTERCEPTS/THRESHOLDS
              GHQ12_7$      GHQ12_8$      GHQ12_8$      GHQ12_8$      GHQ12_9$
              ________      ________      ________      ________      ________
                1.681        -0.882         1.149         1.921        -0.338


           MEANS/INTERCEPTS/THRESHOLDS
              GHQ12_9$      GHQ12_9$      GHQ12_10      GHQ12_10      GHQ12_10
              ________      ________      ________      ________      ________
                0.614         1.294        -0.152         0.711         1.452


           MEANS/INTERCEPTS/THRESHOLDS
              GHQ12_11      GHQ12_11      GHQ12_11      GHQ12_12      GHQ12_12
              ________      ________      ________      ________      ________
                0.421         1.103         1.697        -0.763         1.010


           MEANS/INTERCEPTS/THRESHOLDS
              GHQ12_12
              ________
                1.799


           CORRELATION MATRIX (WITH VARIANCES ON THE DIAGONAL)
              GHQ12_1       GHQ12_2       GHQ12_3       GHQ12_4       GHQ12_5
              ________      ________      ________      ________      ________
 GHQ12_1
 GHQ12_2        0.433
 GHQ12_3        0.471         0.338
 GHQ12_4        0.481         0.337         0.557
 GHQ12_5        0.459         0.615         0.287         0.310
 GHQ12_6        0.433         0.551         0.369         0.422         0.644
 GHQ12_7        0.524         0.470         0.514         0.481         0.561
 GHQ12_8        0.465         0.387         0.426         0.535         0.388
 GHQ12_9        0.486         0.685         0.432         0.404         0.673
 GHQ12_10       0.468         0.620         0.473         0.455         0.602
 GHQ12_11       0.456         0.610         0.520         0.457         0.542
 GHQ12_12       0.489         0.480         0.528         0.486         0.497


           CORRELATION MATRIX (WITH VARIANCES ON THE DIAGONAL)
              GHQ12_6       GHQ12_7       GHQ12_8       GHQ12_9       GHQ12_10
              ________      ________      ________      ________      ________
 GHQ12_7        0.509
 GHQ12_8        0.429         0.600
 GHQ12_9        0.680         0.576         0.436
 GHQ12_10       0.690         0.564         0.457         0.787
 GHQ12_11       0.681         0.513         0.501         0.796         0.831
 GHQ12_12       0.508         0.665         0.514         0.655         0.644


           CORRELATION MATRIX (WITH VARIANCES ON THE DIAGONAL)
              GHQ12_11      GHQ12_12
              ________      ________
 GHQ12_12       0.663


THE MODEL ESTIMATION TERMINATED NORMALLY



MODEL FIT INFORMATION

Number of Free Parameters                       52

Chi-Square Test of Model Fit

          Value                           1850.280*
          Degrees of Freedom                   254
          P-Value                           0.0000

Chi-Square Contribution From Each Group

          WEB                              916.966
          TEL                              389.029
          FTF                              544.284

Chi-Square Test for Difference Testing

          Value                            184.936*
          Degrees of Freedom                    44
          P-Value                           0.0000

*   The chi-square value for MLM, MLMV, MLR, ULSMV, WLSM and WLSMV cannot be used
    for chi-square difference testing in the regular way.  MLM, MLR and WLSM
    chi-square difference testing is described on the Mplus website.  MLMV, WLSMV,
    and ULSMV difference testing is done using the DIFFTEST option.  The DIFFTEST
    option assumes the models are nested.  The NESTED option can be used to verify
    that the models are nested.

RMSEA (Root Mean Square Error Of Approximation)

          Estimate                           0.051
          90 Percent C.I.                    0.049  0.053
          Probability RMSEA <= .05           0.267

CFI/TLI

          CFI                                0.967
          TLI                                0.975

Chi-Square Test of Model Fit for the Baseline Model

          Value                          49056.237
          Degrees of Freedom                   198
          P-Value                           0.0000

SRMR (Standardized Root Mean Square Residual)

          Value                              0.068

Optimum Function Value for Weighted Least-Squares Estimator

          Value                     0.17714067D+00



MODEL RESULTS

                                                    Two-Tailed
                    Estimate       S.E.  Est./S.E.    P-Value

Group WEB

 F1       BY
    GHQ12_1            1.000      0.000    999.000    999.000
    GHQ12_2            1.188      0.049     24.123      0.000
    GHQ12_3            1.008      0.039     26.007      0.000
    GHQ12_4            0.874      0.034     25.919      0.000
    GHQ12_5            1.192      0.044     26.869      0.000
    GHQ12_6            1.350      0.049     27.628      0.000
    GHQ12_7            1.255      0.049     25.827      0.000
    GHQ12_8            0.928      0.036     25.950      0.000
    GHQ12_9            2.127      0.085     25.151      0.000
    GHQ12_10           2.006      0.079     25.442      0.000
    GHQ12_11           1.994      0.079     25.130      0.000
    GHQ12_12           1.441      0.052     27.627      0.000

 Means
    F1                 0.000      0.000    999.000    999.000

 Thresholds
    GHQ12_1$1         -1.513      0.042    -35.982      0.000
    GHQ12_1$2          1.063      0.036     29.221      0.000
    GHQ12_1$3          2.282      0.057     39.756      0.000
    GHQ12_2$1         -0.984      0.037    -26.574      0.000
    GHQ12_2$2          0.790      0.039     20.173      0.000
    GHQ12_2$3          1.916      0.052     36.605      0.000
    GHQ12_3$1         -1.273      0.038    -33.624      0.000
    GHQ12_3$2          1.219      0.039     30.970      0.000
    GHQ12_3$3          2.215      0.058     38.417      0.000
    GHQ12_4$1         -0.983      0.032    -30.957      0.000
    GHQ12_4$2          1.611      0.042     38.728      0.000
    GHQ12_4$3          2.485      0.069     35.903      0.000
    GHQ12_5$1         -1.486      0.042    -35.161      0.000
    GHQ12_5$2          0.510      0.035     14.447      0.000
    GHQ12_5$3          1.825      0.047     39.048      0.000
    GHQ12_6$1         -0.885      0.038    -23.055      0.000
    GHQ12_6$2          1.205      0.044     27.639      0.000
    GHQ12_6$3          2.397      0.060     40.062      0.000
    GHQ12_7$1         -1.851      0.049    -37.737      0.000
    GHQ12_7$2          1.146      0.041     27.699      0.000
    GHQ12_7$3          2.379      0.065     36.403      0.000
    GHQ12_8$1         -1.346      0.035    -38.405      0.000
    GHQ12_8$2          1.366      0.039     35.119      0.000
    GHQ12_8$3          2.363      0.061     38.485      0.000
    GHQ12_9$1         -0.905      0.059    -15.425      0.000
    GHQ12_9$2          1.157      0.058     19.963      0.000
    GHQ12_9$3          2.680      0.077     34.910      0.000
    GHQ12_10$1        -0.619      0.053    -11.773      0.000
    GHQ12_10$2         1.277      0.057     22.261      0.000
    GHQ12_10$3         2.752      0.073     37.767      0.000
    GHQ12_11$1         0.566      0.054     10.510      0.000
    GHQ12_11$2         2.045      0.069     29.677      0.000
    GHQ12_11$3         3.229      0.089     36.356      0.000
    GHQ12_12$1        -1.396      0.044    -31.992      0.000
    GHQ12_12$2         1.490      0.048     31.135      0.000
    GHQ12_12$3         2.720      0.070     38.647      0.000

 Variances
    F1                 0.738      0.051     14.402      0.000

 Residual Variances
    GHQ12_1            1.000      0.000    999.000    999.000
    GHQ12_2            1.000      0.000    999.000    999.000
    GHQ12_3            1.000      0.000    999.000    999.000
    GHQ12_4            1.000      0.000    999.000    999.000
    GHQ12_5            1.000      0.000    999.000    999.000
    GHQ12_6            1.000      0.000    999.000    999.000
    GHQ12_7            1.000      0.000    999.000    999.000
    GHQ12_8            1.000      0.000    999.000    999.000
    GHQ12_9            1.000      0.000    999.000    999.000
    GHQ12_10           1.000      0.000    999.000    999.000
    GHQ12_11           1.000      0.000    999.000    999.000
    GHQ12_12           1.000      0.000    999.000    999.000

Group TEL

 F1       BY
    GHQ12_1            1.000      0.000    999.000    999.000
    GHQ12_2            1.188      0.049     24.123      0.000
    GHQ12_3            1.008      0.039     26.007      0.000
    GHQ12_4            0.874      0.034     25.919      0.000
    GHQ12_5            1.192      0.044     26.869      0.000
    GHQ12_6            1.350      0.049     27.628      0.000
    GHQ12_7            1.255      0.049     25.827      0.000
    GHQ12_8            0.928      0.036     25.950      0.000
    GHQ12_9            2.127      0.085     25.151      0.000
    GHQ12_10           2.006      0.079     25.442      0.000
    GHQ12_11           1.994      0.079     25.130      0.000
    GHQ12_12           1.441      0.052     27.627      0.000

 Means
    F1                -0.265      0.054     -4.951      0.000

 Thresholds
    GHQ12_1$1         -1.513      0.042    -35.982      0.000
    GHQ12_1$2          1.063      0.036     29.221      0.000
    GHQ12_1$3          2.282      0.057     39.756      0.000
    GHQ12_2$1         -0.984      0.037    -26.574      0.000
    GHQ12_2$2          0.790      0.039     20.173      0.000
    GHQ12_2$3          1.916      0.052     36.605      0.000
    GHQ12_3$1         -1.273      0.038    -33.624      0.000
    GHQ12_3$2          1.219      0.039     30.970      0.000
    GHQ12_3$3          2.215      0.058     38.417      0.000
    GHQ12_4$1         -0.983      0.032    -30.957      0.000
    GHQ12_4$2          1.611      0.042     38.728      0.000
    GHQ12_4$3          2.485      0.069     35.903      0.000
    GHQ12_5$1         -1.486      0.042    -35.161      0.000
    GHQ12_5$2          0.510      0.035     14.447      0.000
    GHQ12_5$3          1.825      0.047     39.048      0.000
    GHQ12_6$1         -0.885      0.038    -23.055      0.000
    GHQ12_6$2          1.205      0.044     27.639      0.000
    GHQ12_6$3          2.397      0.060     40.062      0.000
    GHQ12_7$1         -1.851      0.049    -37.737      0.000
    GHQ12_7$2          1.146      0.041     27.699      0.000
    GHQ12_7$3          2.379      0.065     36.403      0.000
    GHQ12_8$1         -1.346      0.035    -38.405      0.000
    GHQ12_8$2          1.366      0.039     35.119      0.000
    GHQ12_8$3          2.363      0.061     38.485      0.000
    GHQ12_9$1         -0.905      0.059    -15.425      0.000
    GHQ12_9$2          1.157      0.058     19.963      0.000
    GHQ12_9$3          2.680      0.077     34.910      0.000
    GHQ12_10$1        -0.619      0.053    -11.773      0.000
    GHQ12_10$2         1.277      0.057     22.261      0.000
    GHQ12_10$3         2.752      0.073     37.767      0.000
    GHQ12_11$1         0.566      0.054     10.510      0.000
    GHQ12_11$2         2.045      0.069     29.677      0.000
    GHQ12_11$3         3.229      0.089     36.356      0.000
    GHQ12_12$1        -1.396      0.044    -31.992      0.000
    GHQ12_12$2         1.490      0.048     31.135      0.000
    GHQ12_12$3         2.720      0.070     38.647      0.000

 Variances
    F1                 0.464      0.048      9.767      0.000

 Residual Variances
    GHQ12_1            1.000      0.000    999.000    999.000
    GHQ12_2            1.000      0.000    999.000    999.000
    GHQ12_3            1.000      0.000    999.000    999.000
    GHQ12_4            1.000      0.000    999.000    999.000
    GHQ12_5            1.000      0.000    999.000    999.000
    GHQ12_6            1.000      0.000    999.000    999.000
    GHQ12_7            1.000      0.000    999.000    999.000
    GHQ12_8            1.000      0.000    999.000    999.000
    GHQ12_9            1.000      0.000    999.000    999.000
    GHQ12_10           1.000      0.000    999.000    999.000
    GHQ12_11           1.000      0.000    999.000    999.000
    GHQ12_12           1.000      0.000    999.000    999.000

Group FTF

 F1       BY
    GHQ12_1            1.000      0.000    999.000    999.000
    GHQ12_2            1.188      0.049     24.123      0.000
    GHQ12_3            1.008      0.039     26.007      0.000
    GHQ12_4            0.874      0.034     25.919      0.000
    GHQ12_5            1.192      0.044     26.869      0.000
    GHQ12_6            1.350      0.049     27.628      0.000
    GHQ12_7            1.255      0.049     25.827      0.000
    GHQ12_8            0.928      0.036     25.950      0.000
    GHQ12_9            2.127      0.085     25.151      0.000
    GHQ12_10           2.006      0.079     25.442      0.000
    GHQ12_11           1.994      0.079     25.130      0.000
    GHQ12_12           1.441      0.052     27.627      0.000

 Means
    F1                -0.098      0.033     -2.956      0.003

 Thresholds
    GHQ12_1$1         -1.513      0.042    -35.982      0.000
    GHQ12_1$2          1.063      0.036     29.221      0.000
    GHQ12_1$3          2.282      0.057     39.756      0.000
    GHQ12_2$1         -0.984      0.037    -26.574      0.000
    GHQ12_2$2          0.790      0.039     20.173      0.000
    GHQ12_2$3          1.916      0.052     36.605      0.000
    GHQ12_3$1         -1.273      0.038    -33.624      0.000
    GHQ12_3$2          1.219      0.039     30.970      0.000
    GHQ12_3$3          2.215      0.058     38.417      0.000
    GHQ12_4$1         -0.983      0.032    -30.957      0.000
    GHQ12_4$2          1.611      0.042     38.728      0.000
    GHQ12_4$3          2.485      0.069     35.903      0.000
    GHQ12_5$1         -1.486      0.042    -35.161      0.000
    GHQ12_5$2          0.510      0.035     14.447      0.000
    GHQ12_5$3          1.825      0.047     39.048      0.000
    GHQ12_6$1         -0.885      0.038    -23.055      0.000
    GHQ12_6$2          1.205      0.044     27.639      0.000
    GHQ12_6$3          2.397      0.060     40.062      0.000
    GHQ12_7$1         -1.851      0.049    -37.737      0.000
    GHQ12_7$2          1.146      0.041     27.699      0.000
    GHQ12_7$3          2.379      0.065     36.403      0.000
    GHQ12_8$1         -1.346      0.035    -38.405      0.000
    GHQ12_8$2          1.366      0.039     35.119      0.000
    GHQ12_8$3          2.363      0.061     38.485      0.000
    GHQ12_9$1         -0.905      0.059    -15.425      0.000
    GHQ12_9$2          1.157      0.058     19.963      0.000
    GHQ12_9$3          2.680      0.077     34.910      0.000
    GHQ12_10$1        -0.619      0.053    -11.773      0.000
    GHQ12_10$2         1.277      0.057     22.261      0.000
    GHQ12_10$3         2.752      0.073     37.767      0.000
    GHQ12_11$1         0.566      0.054     10.510      0.000
    GHQ12_11$2         2.045      0.069     29.677      0.000
    GHQ12_11$3         3.229      0.089     36.356      0.000
    GHQ12_12$1        -1.396      0.044    -31.992      0.000
    GHQ12_12$2         1.490      0.048     31.135      0.000
    GHQ12_12$3         2.720      0.070     38.647      0.000

 Variances
    F1                 0.746      0.057     13.198      0.000

 Residual Variances
    GHQ12_1            1.000      0.000    999.000    999.000
    GHQ12_2            1.000      0.000    999.000    999.000
    GHQ12_3            1.000      0.000    999.000    999.000
    GHQ12_4            1.000      0.000    999.000    999.000
    GHQ12_5            1.000      0.000    999.000    999.000
    GHQ12_6            1.000      0.000    999.000    999.000
    GHQ12_7            1.000      0.000    999.000    999.000
    GHQ12_8            1.000      0.000    999.000    999.000
    GHQ12_9            1.000      0.000    999.000    999.000
    GHQ12_10           1.000      0.000    999.000    999.000
    GHQ12_11           1.000      0.000    999.000    999.000
    GHQ12_12           1.000      0.000    999.000    999.000


STANDARDIZED MODEL RESULTS


STD Standardization

                                                    Two-Tailed
                    Estimate       S.E.  Est./S.E.    P-Value

Group WEB

 F1       BY
    GHQ12_1            0.859      0.030     28.803      0.000
    GHQ12_2            1.020      0.031     32.706      0.000
    GHQ12_3            0.866      0.029     29.850      0.000
    GHQ12_4            0.751      0.026     28.820      0.000
    GHQ12_5            1.024      0.031     33.489      0.000
    GHQ12_6            1.159      0.036     32.517      0.000
    GHQ12_7            1.078      0.036     30.304      0.000
    GHQ12_8            0.797      0.025     31.983      0.000
    GHQ12_9            1.827      0.052     34.964      0.000
    GHQ12_10           1.723      0.049     35.474      0.000
    GHQ12_11           1.712      0.056     30.457      0.000
    GHQ12_12           1.238      0.036     34.829      0.000

 Means
    F1                 0.000      0.000    999.000    999.000

 Thresholds
    GHQ12_1$1         -1.513      0.042    -35.982      0.000
    GHQ12_1$2          1.063      0.036     29.221      0.000
    GHQ12_1$3          2.282      0.057     39.756      0.000
    GHQ12_2$1         -0.984      0.037    -26.574      0.000
    GHQ12_2$2          0.790      0.039     20.173      0.000
    GHQ12_2$3          1.916      0.052     36.605      0.000
    GHQ12_3$1         -1.273      0.038    -33.624      0.000
    GHQ12_3$2          1.219      0.039     30.970      0.000
    GHQ12_3$3          2.215      0.058     38.417      0.000
    GHQ12_4$1         -0.983      0.032    -30.957      0.000
    GHQ12_4$2          1.611      0.042     38.728      0.000
    GHQ12_4$3          2.485      0.069     35.903      0.000
    GHQ12_5$1         -1.486      0.042    -35.161      0.000
    GHQ12_5$2          0.510      0.035     14.447      0.000
    GHQ12_5$3          1.825      0.047     39.048      0.000
    GHQ12_6$1         -0.885      0.038    -23.055      0.000
    GHQ12_6$2          1.205      0.044     27.639      0.000
    GHQ12_6$3          2.397      0.060     40.062      0.000
    GHQ12_7$1         -1.851      0.049    -37.737      0.000
    GHQ12_7$2          1.146      0.041     27.699      0.000
    GHQ12_7$3          2.379      0.065     36.403      0.000
    GHQ12_8$1         -1.346      0.035    -38.405      0.000
    GHQ12_8$2          1.366      0.039     35.119      0.000
    GHQ12_8$3          2.363      0.061     38.485      0.000
    GHQ12_9$1         -0.905      0.059    -15.425      0.000
    GHQ12_9$2          1.157      0.058     19.963      0.000
    GHQ12_9$3          2.680      0.077     34.910      0.000
    GHQ12_10$1        -0.619      0.053    -11.773      0.000
    GHQ12_10$2         1.277      0.057     22.261      0.000
    GHQ12_10$3         2.752      0.073     37.767      0.000
    GHQ12_11$1         0.566      0.054     10.510      0.000
    GHQ12_11$2         2.045      0.069     29.677      0.000
    GHQ12_11$3         3.229      0.089     36.356      0.000
    GHQ12_12$1        -1.396      0.044    -31.992      0.000
    GHQ12_12$2         1.490      0.048     31.135      0.000
    GHQ12_12$3         2.720      0.070     38.647      0.000

 Variances
    F1                 1.000      0.000    999.000    999.000

 Residual Variances
    GHQ12_1            1.000      0.000    999.000    999.000
    GHQ12_2            1.000      0.000    999.000    999.000
    GHQ12_3            1.000      0.000    999.000    999.000
    GHQ12_4            1.000      0.000    999.000    999.000
    GHQ12_5            1.000      0.000    999.000    999.000
    GHQ12_6            1.000      0.000    999.000    999.000
    GHQ12_7            1.000      0.000    999.000    999.000
    GHQ12_8            1.000      0.000    999.000    999.000
    GHQ12_9            1.000      0.000    999.000    999.000
    GHQ12_10           1.000      0.000    999.000    999.000
    GHQ12_11           1.000      0.000    999.000    999.000
    GHQ12_12           1.000      0.000    999.000    999.000

Group TEL

 F1       BY
    GHQ12_1            0.681      0.035     19.534      0.000
    GHQ12_2            0.810      0.042     19.270      0.000
    GHQ12_3            0.687      0.036     19.029      0.000
    GHQ12_4            0.596      0.032     18.650      0.000
    GHQ12_5            0.812      0.040     20.352      0.000
    GHQ12_6            0.920      0.045     20.298      0.000
    GHQ12_7            0.855      0.044     19.339      0.000
    GHQ12_8            0.632      0.032     19.517      0.000
    GHQ12_9            1.450      0.073     19.978      0.000
    GHQ12_10           1.367      0.069     19.739      0.000
    GHQ12_11           1.359      0.068     19.872      0.000
    GHQ12_12           0.982      0.049     20.199      0.000

 Means
    F1                -0.389      0.074     -5.277      0.000

 Thresholds
    GHQ12_1$1         -1.513      0.042    -35.982      0.000
    GHQ12_1$2          1.063      0.036     29.221      0.000
    GHQ12_1$3          2.282      0.057     39.756      0.000
    GHQ12_2$1         -0.984      0.037    -26.574      0.000
    GHQ12_2$2          0.790      0.039     20.173      0.000
    GHQ12_2$3          1.916      0.052     36.605      0.000
    GHQ12_3$1         -1.273      0.038    -33.624      0.000
    GHQ12_3$2          1.219      0.039     30.970      0.000
    GHQ12_3$3          2.215      0.058     38.417      0.000
    GHQ12_4$1         -0.983      0.032    -30.957      0.000
    GHQ12_4$2          1.611      0.042     38.728      0.000
    GHQ12_4$3          2.485      0.069     35.903      0.000
    GHQ12_5$1         -1.486      0.042    -35.161      0.000
    GHQ12_5$2          0.510      0.035     14.447      0.000
    GHQ12_5$3          1.825      0.047     39.048      0.000
    GHQ12_6$1         -0.885      0.038    -23.055      0.000
    GHQ12_6$2          1.205      0.044     27.639      0.000
    GHQ12_6$3          2.397      0.060     40.062      0.000
    GHQ12_7$1         -1.851      0.049    -37.737      0.000
    GHQ12_7$2          1.146      0.041     27.699      0.000
    GHQ12_7$3          2.379      0.065     36.403      0.000
    GHQ12_8$1         -1.346      0.035    -38.405      0.000
    GHQ12_8$2          1.366      0.039     35.119      0.000
    GHQ12_8$3          2.363      0.061     38.485      0.000
    GHQ12_9$1         -0.905      0.059    -15.425      0.000
    GHQ12_9$2          1.157      0.058     19.963      0.000
    GHQ12_9$3          2.680      0.077     34.910      0.000
    GHQ12_10$1        -0.619      0.053    -11.773      0.000
    GHQ12_10$2         1.277      0.057     22.261      0.000
    GHQ12_10$3         2.752      0.073     37.767      0.000
    GHQ12_11$1         0.566      0.054     10.510      0.000
    GHQ12_11$2         2.045      0.069     29.677      0.000
    GHQ12_11$3         3.229      0.089     36.356      0.000
    GHQ12_12$1        -1.396      0.044    -31.992      0.000
    GHQ12_12$2         1.490      0.048     31.135      0.000
    GHQ12_12$3         2.720      0.070     38.647      0.000

 Variances
    F1                 1.000      0.000    999.000    999.000

 Residual Variances
    GHQ12_1            1.000      0.000    999.000    999.000
    GHQ12_2            1.000      0.000    999.000    999.000
    GHQ12_3            1.000      0.000    999.000    999.000
    GHQ12_4            1.000      0.000    999.000    999.000
    GHQ12_5            1.000      0.000    999.000    999.000
    GHQ12_6            1.000      0.000    999.000    999.000
    GHQ12_7            1.000      0.000    999.000    999.000
    GHQ12_8            1.000      0.000    999.000    999.000
    GHQ12_9            1.000      0.000    999.000    999.000
    GHQ12_10           1.000      0.000    999.000    999.000
    GHQ12_11           1.000      0.000    999.000    999.000
    GHQ12_12           1.000      0.000    999.000    999.000

Group FTF

 F1       BY
    GHQ12_1            0.864      0.033     26.396      0.000
    GHQ12_2            1.026      0.037     28.045      0.000
    GHQ12_3            0.871      0.032     26.877      0.000
    GHQ12_4            0.755      0.030     25.196      0.000
    GHQ12_5            1.030      0.035     29.046      0.000
    GHQ12_6            1.166      0.041     28.129      0.000
    GHQ12_7            1.084      0.037     28.946      0.000
    GHQ12_8            0.801      0.029     28.081      0.000
    GHQ12_9            1.838      0.059     30.991      0.000
    GHQ12_10           1.733      0.058     29.974      0.000
    GHQ12_11           1.722      0.065     26.346      0.000
    GHQ12_12           1.245      0.042     29.926      0.000

 Means
    F1                -0.113      0.038     -2.945      0.003

 Thresholds
    GHQ12_1$1         -1.513      0.042    -35.982      0.000
    GHQ12_1$2          1.063      0.036     29.221      0.000
    GHQ12_1$3          2.282      0.057     39.756      0.000
    GHQ12_2$1         -0.984      0.037    -26.574      0.000
    GHQ12_2$2          0.790      0.039     20.173      0.000
    GHQ12_2$3          1.916      0.052     36.605      0.000
    GHQ12_3$1         -1.273      0.038    -33.624      0.000
    GHQ12_3$2          1.219      0.039     30.970      0.000
    GHQ12_3$3          2.215      0.058     38.417      0.000
    GHQ12_4$1         -0.983      0.032    -30.957      0.000
    GHQ12_4$2          1.611      0.042     38.728      0.000
    GHQ12_4$3          2.485      0.069     35.903      0.000
    GHQ12_5$1         -1.486      0.042    -35.161      0.000
    GHQ12_5$2          0.510      0.035     14.447      0.000
    GHQ12_5$3          1.825      0.047     39.048      0.000
    GHQ12_6$1         -0.885      0.038    -23.055      0.000
    GHQ12_6$2          1.205      0.044     27.639      0.000
    GHQ12_6$3          2.397      0.060     40.062      0.000
    GHQ12_7$1         -1.851      0.049    -37.737      0.000
    GHQ12_7$2          1.146      0.041     27.699      0.000
    GHQ12_7$3          2.379      0.065     36.403      0.000
    GHQ12_8$1         -1.346      0.035    -38.405      0.000
    GHQ12_8$2          1.366      0.039     35.119      0.000
    GHQ12_8$3          2.363      0.061     38.485      0.000
    GHQ12_9$1         -0.905      0.059    -15.425      0.000
    GHQ12_9$2          1.157      0.058     19.963      0.000
    GHQ12_9$3          2.680      0.077     34.910      0.000
    GHQ12_10$1        -0.619      0.053    -11.773      0.000
    GHQ12_10$2         1.277      0.057     22.261      0.000
    GHQ12_10$3         2.752      0.073     37.767      0.000
    GHQ12_11$1         0.566      0.054     10.510      0.000
    GHQ12_11$2         2.045      0.069     29.677      0.000
    GHQ12_11$3         3.229      0.089     36.356      0.000
    GHQ12_12$1        -1.396      0.044    -31.992      0.000
    GHQ12_12$2         1.490      0.048     31.135      0.000
    GHQ12_12$3         2.720      0.070     38.647      0.000

 Variances
    F1                 1.000      0.000    999.000    999.000

 Residual Variances
    GHQ12_1            1.000      0.000    999.000    999.000
    GHQ12_2            1.000      0.000    999.000    999.000
    GHQ12_3            1.000      0.000    999.000    999.000
    GHQ12_4            1.000      0.000    999.000    999.000
    GHQ12_5            1.000      0.000    999.000    999.000
    GHQ12_6            1.000      0.000    999.000    999.000
    GHQ12_7            1.000      0.000    999.000    999.000
    GHQ12_8            1.000      0.000    999.000    999.000
    GHQ12_9            1.000      0.000    999.000    999.000
    GHQ12_10           1.000      0.000    999.000    999.000
    GHQ12_11           1.000      0.000    999.000    999.000
    GHQ12_12           1.000      0.000    999.000    999.000


R-SQUARE

Group WEB

    Observed                                        Two-Tailed     Scale
    Variable        Estimate       S.E.  Est./S.E.    P-Value     Factors

    GHQ12_1            0.424      0.017     25.023      0.000      0.759
    GHQ12_2            0.510      0.015     33.375      0.000      0.700
    GHQ12_3            0.428      0.016     26.111      0.000      0.756
    GHQ12_4            0.361      0.016     22.537      0.000      0.800
    GHQ12_5            0.512      0.015     34.291      0.000      0.699
    GHQ12_6            0.573      0.015     38.105      0.000      0.653
    GHQ12_7            0.537      0.016     32.750      0.000      0.680
    GHQ12_8            0.388      0.015     26.141      0.000      0.782
    GHQ12_9            0.769      0.010     75.837      0.000      0.480
    GHQ12_10           0.748      0.011     70.381      0.000      0.502
    GHQ12_11           0.746      0.012     59.871      0.000      0.504
    GHQ12_12           0.605      0.014     44.097      0.000      0.628

Group TEL

    Observed                                        Two-Tailed     Scale
    Variable        Estimate       S.E.  Est./S.E.    P-Value     Factors

    GHQ12_1            0.317      0.022     14.302      0.000      0.826
    GHQ12_2            0.396      0.025     15.950      0.000      0.777
    GHQ12_3            0.321      0.023     14.004      0.000      0.824
    GHQ12_4            0.262      0.021     12.637      0.000      0.859
    GHQ12_5            0.398      0.024     16.890      0.000      0.776
    GHQ12_6            0.458      0.024     18.735      0.000      0.736
    GHQ12_7            0.422      0.025     16.741      0.000      0.760
    GHQ12_8            0.286      0.021     13.658      0.000      0.845
    GHQ12_9            0.678      0.022     30.984      0.000      0.568
    GHQ12_10           0.651      0.023     28.313      0.000      0.590
    GHQ12_11           0.649      0.023     28.276      0.000      0.593
    GHQ12_12           0.491      0.025     19.843      0.000      0.713

Group FTF

    Observed                                        Two-Tailed     Scale
    Variable        Estimate       S.E.  Est./S.E.    P-Value     Factors

    GHQ12_1            0.427      0.019     23.047      0.000      0.757
    GHQ12_2            0.513      0.018     28.789      0.000      0.698
    GHQ12_3            0.431      0.018     23.629      0.000      0.754
    GHQ12_4            0.363      0.018     19.786      0.000      0.798
    GHQ12_5            0.515      0.017     29.920      0.000      0.697
    GHQ12_6            0.576      0.017     33.186      0.000      0.651
    GHQ12_7            0.540      0.017     31.480      0.000      0.678
    GHQ12_8            0.391      0.017     23.057      0.000      0.780
    GHQ12_9            0.772      0.011     67.828      0.000      0.478
    GHQ12_10           0.750      0.013     59.992      0.000      0.500
    GHQ12_11           0.748      0.014     52.245      0.000      0.502
    GHQ12_12           0.608      0.016     38.160      0.000      0.626


QUALITY OF NUMERICAL RESULTS

     Condition Number for the Information Matrix              0.393E-02
       (ratio of smallest to largest eigenvalue)


MODEL MODIFICATION INDICES

NOTE:  Modification indices for direct effects of observed dependent variables
regressed on covariates and residual covariances among observed dependent
variables may not be included.  To include these, request MODINDICES (ALL).

Minimum M.I. value for printing the modification index    10.000

                                   M.I.     E.P.C.  Std E.P.C.  StdYX E.P.C.
Group WEB


WITH Statements

GHQ12_3  WITH GHQ12_1             32.601     0.226      0.226        0.226
GHQ12_3  WITH GHQ12_2             19.141    -0.264     -0.264       -0.264
GHQ12_4  WITH GHQ12_1             28.776     0.223      0.223        0.223
GHQ12_4  WITH GHQ12_2             24.526    -0.268     -0.268       -0.268
GHQ12_4  WITH GHQ12_3             94.554     0.359      0.359        0.359
GHQ12_5  WITH GHQ12_2            107.734     0.382      0.382        0.382
GHQ12_5  WITH GHQ12_3             28.292    -0.289     -0.289       -0.289
GHQ12_5  WITH GHQ12_4             29.660    -0.263     -0.263       -0.263
GHQ12_6  WITH GHQ12_5             28.644     0.220      0.220        0.220
GHQ12_7  WITH GHQ12_1             22.282     0.213      0.213        0.213
GHQ12_8  WITH GHQ12_2             17.985    -0.230     -0.230       -0.230
GHQ12_8  WITH GHQ12_4             31.609     0.206      0.206        0.206
GHQ12_8  WITH GHQ12_5             17.865    -0.208     -0.208       -0.208
GHQ12_8  WITH GHQ12_7             13.255     0.172      0.172        0.172
GHQ12_9  WITH GHQ12_3             13.899    -0.288     -0.288       -0.288
GHQ12_9  WITH GHQ12_4             27.036    -0.391     -0.391       -0.391
GHQ12_9  WITH GHQ12_7             11.563    -0.260     -0.260       -0.260
GHQ12_10 WITH GHQ12_5             10.137    -0.214     -0.214       -0.214
GHQ12_10 WITH GHQ12_7             19.904    -0.353     -0.353       -0.353
GHQ12_11 WITH GHQ12_5             14.677    -0.304     -0.304       -0.304
GHQ12_11 WITH GHQ12_7             23.661    -0.406     -0.406       -0.406
GHQ12_11 WITH GHQ12_10            42.532     0.368      0.368        0.368
GHQ12_12 WITH GHQ12_2             11.487    -0.213     -0.213       -0.213
GHQ12_12 WITH GHQ12_3             11.270     0.152      0.152        0.152
GHQ12_12 WITH GHQ12_8             29.282     0.229      0.229        0.229
GHQ12_12 WITH GHQ12_10            12.675    -0.237     -0.237       -0.237

Variances/Residual Variances

GHQ12_1                           19.192    -0.252     -0.252       -0.145

Group TEL


No modification indices above the minimum value.

Group FTF


BY Statements

F1       BY GHQ12_3               11.492    -0.071     -0.061       -0.046

WITH Statements

GHQ12_4  WITH GHQ12_3             24.949     0.185      0.185        0.185
GHQ12_5  WITH GHQ12_3             13.681    -0.202     -0.202       -0.202
GHQ12_6  WITH GHQ12_5             11.160     0.138      0.138        0.138
GHQ12_8  WITH GHQ12_4             22.222     0.174      0.174        0.174
GHQ12_8  WITH GHQ12_7             30.161     0.261      0.261        0.261
GHQ12_9  WITH GHQ12_3             12.908    -0.280     -0.280       -0.280
GHQ12_9  WITH GHQ12_4             11.599    -0.258     -0.258       -0.258
GHQ12_11 WITH GHQ12_7             11.648    -0.287     -0.287       -0.287
GHQ12_11 WITH GHQ12_10            23.042     0.273      0.273        0.273
GHQ12_12 WITH GHQ12_7             26.774     0.269      0.269        0.269



SAMPLE STATISTICS FOR ESTIMATED FACTOR SCORES


     SAMPLE STATISTICS


           Means
              F1            F1_SE
              ________      ________
               -0.046         0.249


           Covariances
              F1            F1_SE
              ________      ________
 F1             0.537
 F1_SE         -0.015         0.001


           Correlations
              F1            F1_SE
              ________      ________
 F1             1.000
 F1_SE         -0.614         1.000


PLOT INFORMATION

The following plots are available:

  Histograms (sample values, estimated factor scores, estimated values, residuals)
  Scatterplots (sample values, estimated factor scores, estimated values, residuals)
  Sample proportions and estimated probabilities
  Item characteristic curves
  Information curves
  Measurement parameter plots
  Latent variable distribution plots

SAVEDATA INFORMATION


  Difference testing

  Save file
    ghq12_1_scalar.dat
  Save format      Free

     Beginning Time:  14:44:54
        Ending Time:  14:44:57
       Elapsed Time:  00:00:03



MUTHEN & MUTHEN
3463 Stoner Ave.
Los Angeles, CA  90066

Tel: (310) 391-9971
Fax: (310) 391-8971
Web: www.StatModel.com
Support: Support@StatModel.com

Copyright (c) 1998-2019 Muthen & Muthen
