Mplus VERSION 8.3
MUTHEN & MUTHEN
08/23/2019   2:45 PM

INPUT INSTRUCTIONS

  TITLE: Your title goes here

  DATA: FILE = data.dta;

  VARIABLE:

  NAMES = audit1 bully0a bully0b bully0c bully0d bully0e bully0f bully0g adult0a
       adult0b adult0c leisa0a leisa0b leisa0c leisa0d leisa0e leisa0f leisb0a leisb0b
       leisb0c leisb0d samppsu sampstratum mode locus0a locus0b locus0c locus0d
       ghq12_1 ghq12_2 ghq12_3 ghq12_4 ghq12_5 ghq12_6 ghq12_7 ghq12_8 ghq12_9
       ghq12_10 ghq12_11 ghq12_12 audit2 audit3 designweight_combin;

  MISSING=.;
  USEVARIABLES ARE locus0a
  locus0b
  locus0c
  locus0d;
  CATEGORICAL ARE locus0a
  locus0b
  locus0c
  locus0d;
  GROUPING IS mode (1=Web 2=Tel 3=Ftf);
  WEIGHT IS designweight_combin;

                  STRATIFICATION IS sampstratum;

                  CLUSTER IS samppsu;

  ANALYSIS: TYPE IS COMPLEX;

                  ESTIMATOR = WLSMV;

                  ITERATIONS = 100000;

                  PARAMETERIZATION = THETA;

  DIFFTEST = locus0a_metric.dat;
  Model:


  f1 BY locus0a@1
  locus0b (L2)
  locus0c (L3)
  locus0d (L4)
  ;


  [locus0a$1] (t_locus0a_1);
  [locus0a$2] (t_locus0a_2);
  [locus0a$3] (t_locus0a_3);

  [locus0b$1] (t_locus0b_1);
  [locus0b$2] (t_locus0b_2);
  [locus0b$3] (t_locus0b_3);

  [locus0c$1] (t_locus0c_1);
  [locus0c$2] (t_locus0c_2);
  [locus0c$3] (t_locus0c_3);

  [locus0d$1] (t_locus0d_1);
  [locus0d$2] (t_locus0d_2);
  [locus0d$3] (t_locus0d_3);
  locus0a@1;
  locus0b@1;
  locus0c@1;
  locus0d@1;

  Model Tel:

  f1 BY locus0a@1
  locus0b (L2)
  locus0c (L3)
  locus0d (L4)
  ;


  [locus0a$1] (t_locus0a_1);
  [locus0a$2] (t_locus0a_2);
  [locus0a$3] (t_locus0a_3);

  [locus0b$1] (t_locus0b_1);
  [locus0b$2] (t_locus0b_2);
  [locus0b$3] (t_locus0b_3);

  [locus0c$1] (t_locus0c_1);
  [locus0c$2] (t_locus0c_2);
  [locus0c$3] (t_locus0c_3);

  [locus0d$1] (t_locus0d_1);
  [locus0d$2] (t_locus0d_2);
  [locus0d$3] (t_locus0d_3);
  locus0a@1;
  locus0b@1;
  locus0c@1;
  locus0d@1;

  Model Ftf:

  f1 BY locus0a@1
  locus0b (L2)
  locus0c (L3)
  locus0d (L4)
  ;


  [locus0a$1] (t_locus0a_1);
  [locus0a$2] (t_locus0a_2);
  [locus0a$3] (t_locus0a_3);

  [locus0b$1] (t_locus0b_1);
  [locus0b$2] (t_locus0b_2);
  [locus0b$3] (t_locus0b_3);

  [locus0c$1] (t_locus0c_1);
  [locus0c$2] (t_locus0c_2);
  [locus0c$3] (t_locus0c_3);

  [locus0d$1] (t_locus0d_1);
  [locus0d$2] (t_locus0d_2);
  [locus0d$3] (t_locus0d_3);
  locus0a@1;
  locus0b@1;
  locus0c@1;
  locus0d@1;
  SAVEDATA: DIFFTEST IS locus0a_scalar.dat;
  OUTPUT: SAMPSTAT;

  MODINDICES;

  STD;

  Plot: type = plot3;




*** WARNING
  Data set contains cases with missing on all variables.
  These cases were not included in the analysis.
  Number of cases with missing on all variables:  274
   1 WARNING(S) FOUND IN THE INPUT INSTRUCTIONS



Your title goes here

SUMMARY OF ANALYSIS

Number of groups                                                 3
Number of observations
   Group WEB                                                  4560
   Group TEL                                                   646
   Group FTF                                                  2089
   Total sample size                                          7295

Number of dependent variables                                    4
Number of independent variables                                  0
Number of continuous latent variables                            1

Observed dependent variables

  Binary and ordered categorical (ordinal)
   LOCUS0A     LOCUS0B     LOCUS0C     LOCUS0D

Continuous latent variables
   F1

Variables with special functions

  Grouping variable     MODE
  Stratification        SAMPSTRA
  Cluster variable      SAMPPSU
  Weight variable       DESIGNWE

Estimator                                                    WLSMV
Maximum number of iterations                                100000
Convergence criterion                                    0.500D-04
Maximum number of steepest descent iterations                   20
Maximum number of iterations for H1                           2000
Convergence criterion for H1                             0.100D-03
Parameterization                                             THETA
Link                                                        PROBIT

Input data file(s)
  data.dta

Input data format  FREE


SUMMARY OF DATA

   Total number of strata                       37
   Total number of clusters                    656

   Group WEB
     Number of missing data patterns             6
     Number of strata                           37
     Number of clusters                        650

   Group TEL
     Number of missing data patterns            10
     Number of strata                           37
     Number of clusters                        407

   Group FTF
     Number of missing data patterns             5
     Number of strata                           36
     Number of clusters                        609


COVARIANCE COVERAGE OF DATA

Minimum covariance coverage value   0.100


     PROPORTION OF DATA PRESENT FOR WEB


           Covariance Coverage
              LOCUS0A       LOCUS0B       LOCUS0C       LOCUS0D
              ________      ________      ________      ________
 LOCUS0A        0.999
 LOCUS0B        0.998         0.999
 LOCUS0C        0.999         0.999         0.999
 LOCUS0D        0.999         0.999         0.999         1.000


     PROPORTION OF DATA PRESENT FOR TEL


           Covariance Coverage
              LOCUS0A       LOCUS0B       LOCUS0C       LOCUS0D
              ________      ________      ________      ________
 LOCUS0A        0.969
 LOCUS0B        0.966         0.991
 LOCUS0C        0.960         0.978         0.985
 LOCUS0D        0.966         0.989         0.981         0.995


     PROPORTION OF DATA PRESENT FOR FTF


           Covariance Coverage
              LOCUS0A       LOCUS0B       LOCUS0C       LOCUS0D
              ________      ________      ________      ________
 LOCUS0A        1.000
 LOCUS0B        0.998         0.999
 LOCUS0C        0.999         0.998         0.999
 LOCUS0D        0.999         0.998         0.999         1.000


UNIVARIATE PROPORTIONS AND COUNTS FOR CATEGORICAL VARIABLES

  Group WEB
    LOCUS0A
      Category 1    0.052          237.364
      Category 2    0.363         1650.614
      Category 3    0.503         2287.504
      Category 4    0.082          373.774
    LOCUS0B
      Category 1    0.076          344.033
      Category 2    0.531         2417.959
      Category 3    0.334         1520.859
      Category 4    0.059          268.822
    LOCUS0C
      Category 1    0.044          198.488
      Category 2    0.308         1400.955
      Category 3    0.549         2498.952
      Category 4    0.100          453.158
    LOCUS0D
      Category 1    0.244         1114.733
      Category 2    0.639         2913.313
      Category 3    0.107          489.651
      Category 4    0.009           42.304

  Group TEL
    LOCUS0A
      Category 1    0.078           49.023
      Category 2    0.354          223.902
      Category 3    0.446          281.714
      Category 4    0.122           77.048
    LOCUS0B
      Category 1    0.124           79.570
      Category 2    0.530          339.474
      Category 3    0.295          189.225
      Category 4    0.051           32.766
    LOCUS0C
      Category 1    0.040           25.835
      Category 2    0.249          159.011
      Category 3    0.600          383.173
      Category 4    0.110           70.427
    LOCUS0D
      Category 1    0.288          185.105
      Category 2    0.643          414.117
      Category 3    0.054           34.648
      Category 4    0.015            9.943

  Group FTF
    LOCUS0A
      Category 1    0.053          110.437
      Category 2    0.381          795.689
      Category 3    0.500         1044.170
      Category 4    0.066          138.016
    LOCUS0B
      Category 1    0.107          223.521
      Category 2    0.562         1172.153
      Category 3    0.281          586.176
      Category 4    0.050          104.470
    LOCUS0C
      Category 1    0.037           76.936
      Category 2    0.279          583.104
      Category 3    0.574         1197.694
      Category 4    0.110          229.760
    LOCUS0D
      Category 1    0.344          719.011
      Category 2    0.579         1209.999
      Category 3    0.070          145.154
      Category 4    0.007           14.297


SAMPLE STATISTICS


     ESTIMATED SAMPLE STATISTICS FOR WEB


           MEANS/INTERCEPTS/THRESHOLDS
              LOCUS0A$      LOCUS0A$      LOCUS0A$      LOCUS0B$      LOCUS0B$
              ________      ________      ________      ________      ________
               -1.624        -0.215         1.391        -1.435         0.271


           MEANS/INTERCEPTS/THRESHOLDS
              LOCUS0B$      LOCUS0C$      LOCUS0C$      LOCUS0C$      LOCUS0D$
              ________      ________      ________      ________      ________
                1.563        -1.710        -0.382         1.284        -0.692


           MEANS/INTERCEPTS/THRESHOLDS
              LOCUS0D$      LOCUS0D$
              ________      ________
                1.192         2.354


           CORRELATION MATRIX (WITH VARIANCES ON THE DIAGONAL)
              LOCUS0A       LOCUS0B       LOCUS0C       LOCUS0D
              ________      ________      ________      ________
 LOCUS0A
 LOCUS0B        0.413
 LOCUS0C       -0.085        -0.050
 LOCUS0D        0.331         0.370        -0.263


     ESTIMATED SAMPLE STATISTICS FOR TEL


           MEANS/INTERCEPTS/THRESHOLDS
              LOCUS0A$      LOCUS0A$      LOCUS0A$      LOCUS0B$      LOCUS0B$
              ________      ________      ________      ________      ________
               -1.421        -0.171         1.165        -1.155         0.395


           MEANS/INTERCEPTS/THRESHOLDS
              LOCUS0B$      LOCUS0C$      LOCUS0C$      LOCUS0C$      LOCUS0D$
              ________      ________      ________      ________      ________
                1.634        -1.745        -0.555         1.225        -0.561


           MEANS/INTERCEPTS/THRESHOLDS
              LOCUS0D$      LOCUS0D$
              ________      ________
                1.481         2.159


           CORRELATION MATRIX (WITH VARIANCES ON THE DIAGONAL)
              LOCUS0A       LOCUS0B       LOCUS0C       LOCUS0D
              ________      ________      ________      ________
 LOCUS0A
 LOCUS0B        0.331
 LOCUS0C       -0.122         0.014
 LOCUS0D        0.295         0.223        -0.261


     ESTIMATED SAMPLE STATISTICS FOR FTF


           MEANS/INTERCEPTS/THRESHOLDS
              LOCUS0A$      LOCUS0A$      LOCUS0A$      LOCUS0B$      LOCUS0B$
              ________      ________      ________      ________      ________
               -1.618        -0.166         1.506        -1.242         0.437


           MEANS/INTERCEPTS/THRESHOLDS
              LOCUS0B$      LOCUS0C$      LOCUS0C$      LOCUS0C$      LOCUS0D$
              ________      ________      ________      ________      ________
                1.644        -1.788        -0.478         1.226        -0.401


           MEANS/INTERCEPTS/THRESHOLDS
              LOCUS0D$      LOCUS0D$
              ________      ________
                1.430         2.465


           CORRELATION MATRIX (WITH VARIANCES ON THE DIAGONAL)
              LOCUS0A       LOCUS0B       LOCUS0C       LOCUS0D
              ________      ________      ________      ________
 LOCUS0A
 LOCUS0B        0.384
 LOCUS0C       -0.067        -0.074
 LOCUS0D        0.323         0.372        -0.198


THE MODEL ESTIMATION TERMINATED NORMALLY



MODEL FIT INFORMATION

Number of Free Parameters                       20

Chi-Square Test of Model Fit

          Value                            131.145*
          Degrees of Freedom                    34
          P-Value                           0.0000

Chi-Square Contribution From Each Group

          WEB                               70.900
          TEL                               33.014
          FTF                               27.230

Chi-Square Test for Difference Testing

          Value                             10.449*
          Degrees of Freedom                    12
          P-Value                           0.5766

*   The chi-square value for MLM, MLMV, MLR, ULSMV, WLSM and WLSMV cannot be used
    for chi-square difference testing in the regular way.  MLM, MLR and WLSM
    chi-square difference testing is described on the Mplus website.  MLMV, WLSMV,
    and ULSMV difference testing is done using the DIFFTEST option.  The DIFFTEST
    option assumes the models are nested.  The NESTED option can be used to verify
    that the models are nested.

RMSEA (Root Mean Square Error Of Approximation)

          Estimate                           0.034
          90 Percent C.I.                    0.028  0.041
          Probability RMSEA <= .05           1.000

CFI/TLI

          CFI                                0.937
          TLI                                0.966

Chi-Square Test of Model Fit for the Baseline Model

          Value                           1552.761
          Degrees of Freedom                    18
          P-Value                           0.0000

SRMR (Standardized Root Mean Square Residual)

          Value                              0.037

Optimum Function Value for Weighted Least-Squares Estimator

          Value                     0.85987062D-02



MODEL RESULTS

                                                    Two-Tailed
                    Estimate       S.E.  Est./S.E.    P-Value

Group WEB

 F1       BY
    LOCUS0A            1.000      0.000    999.000    999.000
    LOCUS0B            1.113      0.096     11.625      0.000
    LOCUS0C           -0.306      0.037     -8.317      0.000
    LOCUS0D            1.073      0.082     13.153      0.000

 Means
    F1                 0.000      0.000    999.000    999.000

 Thresholds
    LOCUS0A$1         -2.044      0.055    -37.476      0.000
    LOCUS0A$2         -0.317      0.030    -10.550      0.000
    LOCUS0A$3          1.656      0.043     38.206      0.000
    LOCUS0B$1         -1.798      0.056    -32.160      0.000
    LOCUS0B$2          0.349      0.033     10.440      0.000
    LOCUS0B$3          1.951      0.055     35.449      0.000
    LOCUS0C$1         -1.759      0.042    -41.690      0.000
    LOCUS0C$2         -0.417      0.022    -18.556      0.000
    LOCUS0C$3          1.312      0.032     40.640      0.000
    LOCUS0D$1         -0.811      0.036    -22.759      0.000
    LOCUS0D$2          1.550      0.048     32.545      0.000
    LOCUS0D$3          2.928      0.092     31.855      0.000

 Variances
    F1                 0.520      0.058      8.972      0.000

 Residual Variances
    LOCUS0A            1.000      0.000    999.000    999.000
    LOCUS0B            1.000      0.000    999.000    999.000
    LOCUS0C            1.000      0.000    999.000    999.000
    LOCUS0D            1.000      0.000    999.000    999.000

Group TEL

 F1       BY
    LOCUS0A            1.000      0.000    999.000    999.000
    LOCUS0B            1.113      0.096     11.625      0.000
    LOCUS0C           -0.306      0.037     -8.317      0.000
    LOCUS0D            1.073      0.082     13.153      0.000

 Means
    F1                -0.136      0.059     -2.323      0.020

 Thresholds
    LOCUS0A$1         -2.044      0.055    -37.476      0.000
    LOCUS0A$2         -0.317      0.030    -10.550      0.000
    LOCUS0A$3          1.656      0.043     38.206      0.000
    LOCUS0B$1         -1.798      0.056    -32.160      0.000
    LOCUS0B$2          0.349      0.033     10.440      0.000
    LOCUS0B$3          1.951      0.055     35.449      0.000
    LOCUS0C$1         -1.759      0.042    -41.690      0.000
    LOCUS0C$2         -0.417      0.022    -18.556      0.000
    LOCUS0C$3          1.312      0.032     40.640      0.000
    LOCUS0D$1         -0.811      0.036    -22.759      0.000
    LOCUS0D$2          1.550      0.048     32.545      0.000
    LOCUS0D$3          2.928      0.092     31.855      0.000

 Variances
    F1                 0.486      0.092      5.312      0.000

 Residual Variances
    LOCUS0A            1.000      0.000    999.000    999.000
    LOCUS0B            1.000      0.000    999.000    999.000
    LOCUS0C            1.000      0.000    999.000    999.000
    LOCUS0D            1.000      0.000    999.000    999.000

Group FTF

 F1       BY
    LOCUS0A            1.000      0.000    999.000    999.000
    LOCUS0B            1.113      0.096     11.625      0.000
    LOCUS0C           -0.306      0.037     -8.317      0.000
    LOCUS0D            1.073      0.082     13.153      0.000

 Means
    F1                -0.184      0.036     -5.108      0.000

 Thresholds
    LOCUS0A$1         -2.044      0.055    -37.476      0.000
    LOCUS0A$2         -0.317      0.030    -10.550      0.000
    LOCUS0A$3          1.656      0.043     38.206      0.000
    LOCUS0B$1         -1.798      0.056    -32.160      0.000
    LOCUS0B$2          0.349      0.033     10.440      0.000
    LOCUS0B$3          1.951      0.055     35.449      0.000
    LOCUS0C$1         -1.759      0.042    -41.690      0.000
    LOCUS0C$2         -0.417      0.022    -18.556      0.000
    LOCUS0C$3          1.312      0.032     40.640      0.000
    LOCUS0D$1         -0.811      0.036    -22.759      0.000
    LOCUS0D$2          1.550      0.048     32.545      0.000
    LOCUS0D$3          2.928      0.092     31.855      0.000

 Variances
    F1                 0.499      0.059      8.528      0.000

 Residual Variances
    LOCUS0A            1.000      0.000    999.000    999.000
    LOCUS0B            1.000      0.000    999.000    999.000
    LOCUS0C            1.000      0.000    999.000    999.000
    LOCUS0D            1.000      0.000    999.000    999.000


STANDARDIZED MODEL RESULTS


STD Standardization

                                                    Two-Tailed
                    Estimate       S.E.  Est./S.E.    P-Value

Group WEB

 F1       BY
    LOCUS0A            0.721      0.040     17.944      0.000
    LOCUS0B            0.803      0.045     17.693      0.000
    LOCUS0C           -0.220      0.024     -9.120      0.000
    LOCUS0D            0.774      0.045     17.046      0.000

 Means
    F1                 0.000      0.000    999.000    999.000

 Thresholds
    LOCUS0A$1         -2.044      0.055    -37.476      0.000
    LOCUS0A$2         -0.317      0.030    -10.550      0.000
    LOCUS0A$3          1.656      0.043     38.206      0.000
    LOCUS0B$1         -1.798      0.056    -32.160      0.000
    LOCUS0B$2          0.349      0.033     10.440      0.000
    LOCUS0B$3          1.951      0.055     35.449      0.000
    LOCUS0C$1         -1.759      0.042    -41.690      0.000
    LOCUS0C$2         -0.417      0.022    -18.556      0.000
    LOCUS0C$3          1.312      0.032     40.640      0.000
    LOCUS0D$1         -0.811      0.036    -22.759      0.000
    LOCUS0D$2          1.550      0.048     32.545      0.000
    LOCUS0D$3          2.928      0.092     31.855      0.000

 Variances
    F1                 1.000      0.000    999.000    999.000

 Residual Variances
    LOCUS0A            1.000      0.000    999.000    999.000
    LOCUS0B            1.000      0.000    999.000    999.000
    LOCUS0C            1.000      0.000    999.000    999.000
    LOCUS0D            1.000      0.000    999.000    999.000

Group TEL

 F1       BY
    LOCUS0A            0.697      0.066     10.623      0.000
    LOCUS0B            0.776      0.072     10.745      0.000
    LOCUS0C           -0.213      0.030     -7.103      0.000
    LOCUS0D            0.749      0.072     10.392      0.000

 Means
    F1                -0.195      0.087     -2.259      0.024

 Thresholds
    LOCUS0A$1         -2.044      0.055    -37.476      0.000
    LOCUS0A$2         -0.317      0.030    -10.550      0.000
    LOCUS0A$3          1.656      0.043     38.206      0.000
    LOCUS0B$1         -1.798      0.056    -32.160      0.000
    LOCUS0B$2          0.349      0.033     10.440      0.000
    LOCUS0B$3          1.951      0.055     35.449      0.000
    LOCUS0C$1         -1.759      0.042    -41.690      0.000
    LOCUS0C$2         -0.417      0.022    -18.556      0.000
    LOCUS0C$3          1.312      0.032     40.640      0.000
    LOCUS0D$1         -0.811      0.036    -22.759      0.000
    LOCUS0D$2          1.550      0.048     32.545      0.000
    LOCUS0D$3          2.928      0.092     31.855      0.000

 Variances
    F1                 1.000      0.000    999.000    999.000

 Residual Variances
    LOCUS0A            1.000      0.000    999.000    999.000
    LOCUS0B            1.000      0.000    999.000    999.000
    LOCUS0C            1.000      0.000    999.000    999.000
    LOCUS0D            1.000      0.000    999.000    999.000

Group FTF

 F1       BY
    LOCUS0A            0.706      0.041     17.056      0.000
    LOCUS0B            0.786      0.049     16.102      0.000
    LOCUS0C           -0.216      0.024     -8.841      0.000
    LOCUS0D            0.758      0.046     16.425      0.000

 Means
    F1                -0.261      0.049     -5.284      0.000

 Thresholds
    LOCUS0A$1         -2.044      0.055    -37.476      0.000
    LOCUS0A$2         -0.317      0.030    -10.550      0.000
    LOCUS0A$3          1.656      0.043     38.206      0.000
    LOCUS0B$1         -1.798      0.056    -32.160      0.000
    LOCUS0B$2          0.349      0.033     10.440      0.000
    LOCUS0B$3          1.951      0.055     35.449      0.000
    LOCUS0C$1         -1.759      0.042    -41.690      0.000
    LOCUS0C$2         -0.417      0.022    -18.556      0.000
    LOCUS0C$3          1.312      0.032     40.640      0.000
    LOCUS0D$1         -0.811      0.036    -22.759      0.000
    LOCUS0D$2          1.550      0.048     32.545      0.000
    LOCUS0D$3          2.928      0.092     31.855      0.000

 Variances
    F1                 1.000      0.000    999.000    999.000

 Residual Variances
    LOCUS0A            1.000      0.000    999.000    999.000
    LOCUS0B            1.000      0.000    999.000    999.000
    LOCUS0C            1.000      0.000    999.000    999.000
    LOCUS0D            1.000      0.000    999.000    999.000


R-SQUARE

Group WEB

    Observed                                        Two-Tailed     Scale
    Variable        Estimate       S.E.  Est./S.E.    P-Value     Factors

    LOCUS0A            0.342      0.025     13.639      0.000      0.811
    LOCUS0B            0.392      0.027     14.545      0.000      0.780
    LOCUS0C            0.046      0.010      4.781      0.000      0.977
    LOCUS0D            0.375      0.027     13.632      0.000      0.791

Group TEL

    Observed                                        Two-Tailed     Scale
    Variable        Estimate       S.E.  Est./S.E.    P-Value     Factors

    LOCUS0A            0.327      0.041      7.895      0.000      0.820
    LOCUS0B            0.376      0.044      8.609      0.000      0.790
    LOCUS0C            0.043      0.012      3.713      0.000      0.978
    LOCUS0D            0.359      0.044      8.108      0.000      0.801

Group FTF

    Observed                                        Two-Tailed     Scale
    Variable        Estimate       S.E.  Est./S.E.    P-Value     Factors

    LOCUS0A            0.333      0.026     12.783      0.000      0.817
    LOCUS0B            0.382      0.029     13.025      0.000      0.786
    LOCUS0C            0.045      0.010      4.627      0.000      0.977
    LOCUS0D            0.365      0.028     12.934      0.000      0.797


QUALITY OF NUMERICAL RESULTS

     Condition Number for the Information Matrix              0.976E-02
       (ratio of smallest to largest eigenvalue)


MODEL MODIFICATION INDICES

NOTE:  Modification indices for direct effects of observed dependent variables
regressed on covariates and residual covariances among observed dependent
variables may not be included.  To include these, request MODINDICES (ALL).

Minimum M.I. value for printing the modification index    10.000

                                   M.I.     E.P.C.  Std E.P.C.  StdYX E.P.C.
Group WEB


WITH Statements

LOCUS0B  WITH LOCUS0A             11.272     0.139      0.139        0.139
LOCUS0C  WITH LOCUS0B             16.589     0.135      0.135        0.135
LOCUS0D  WITH LOCUS0C             40.189    -0.203     -0.203       -0.203

Means/Intercepts/Thresholds

[ F1       ]                     999.000     0.000      0.000        0.000

Group TEL


No modification indices above the minimum value.

Group FTF


No modification indices above the minimum value.



SAMPLE STATISTICS FOR ESTIMATED FACTOR SCORES


     SAMPLE STATISTICS


           Means
              F1            F1_SE
              ________      ________
               -0.071         0.472


           Covariances
              F1            F1_SE
              ________      ________
 F1             0.273
 F1_SE         -0.001         0.000


           Correlations
              F1            F1_SE
              ________      ________
 F1             1.000
 F1_SE         -0.300         1.000


PLOT INFORMATION

The following plots are available:

  Histograms (sample values, estimated factor scores, estimated values, residuals)
  Scatterplots (sample values, estimated factor scores, estimated values, residuals)
  Sample proportions and estimated probabilities
  Item characteristic curves
  Information curves
  Measurement parameter plots
  Latent variable distribution plots

SAVEDATA INFORMATION


  Difference testing

  Save file
    locus0a_scalar.dat
  Save format      Free

     Beginning Time:  14:45:43
        Ending Time:  14:45:44
       Elapsed Time:  00:00:01



MUTHEN & MUTHEN
3463 Stoner Ave.
Los Angeles, CA  90066

Tel: (310) 391-9971
Fax: (310) 391-8971
Web: www.StatModel.com
Support: Support@StatModel.com

Copyright (c) 1998-2019 Muthen & Muthen
