Mplus VERSION 8.6
MUTHEN & MUTHEN
07/01/2021   9:24 AM

INPUT INSTRUCTIONS

  TITLE: Your title goes here

  DATA: FILE = data.dta;

  VARIABLE:

  NAMES = audit1 bully0a bully0b bully0c bully0d bully0e bully0f bully0g adult0a
       adult0b adult0c leisa0a leisa0b leisa0c leisa0d leisa0e leisa0f leisb0a leisb0b
       leisb0c leisb0d designweight samppsu sampstratum mode locus0a locus0b locus0c
       locus0d ghq_1 ghq_2 ghq_3 ghq_4 ghq_5 ghq_6 ghq_7 ghq_8 ghq_9 ghq_10 ghq_11
       ghq_12 audit2 audit3 designweight_combin;

  MISSING=.;
  USEVARIABLES ARE audit1
  audit2
  audit3;

  GROUPING IS mode (1=Web 2=Tel 3=Ftf);
  WEIGHT IS designweight;

                  STRATIFICATION IS sampstratum;

                  CLUSTER IS samppsu;

  ANALYSIS: TYPE IS COMPLEX;

                  !ESTIMATOR = WLSMV;

                  !ITERATIONS = 100000;

                  !PARAMETERIZATION = THETA;

  Model:

  [f1@0];
  f1@1;

  f1 BY audit1@1
  audit2 (L2_Web)
  audit3 (L3_Web)
  ;


  [audit1] (t_audit1_Web);
  [audit2] (t_audit2_Web);
  [audit3] (t_audit3_Web);


  Model Tel:

  f1 BY audit1@1
  audit2 (L2_Tel)
  audit3 (L3_Tel)
  ;

  [audit1] (t_audit1_Tel);
  [audit2] (t_audit2_Tel);
  [audit3] (t_audit3_Tel);


  Model Ftf:

  f1 BY audit1@1
  audit2 (L2_Ftf)
  audit3 (L3_Ftf)
  ;



  [audit1] (t_audit1_Ftf);
  [audit2] (t_audit2_Ftf);
  [audit3] (t_audit3_Ftf);


  SAVEDATA: DIFFTEST IS audit1_configural.dat;
  OUTPUT: SAMPSTAT;

  MODINDICES;

  STD;

  Plot: type = plot3;




*** WARNING in SAVEDATA command
  The DIFFTEST option is available only for the estimators MLMV, WLSMV and ULSMV.
  Request for DIFFTEST will be ignored.
   1 WARNING(S) FOUND IN THE INPUT INSTRUCTIONS



Your title goes here

SUMMARY OF ANALYSIS

Number of groups                                                 3
Number of observations
   Group WEB                                                  4725
   Group TEL                                                   671
   Group FTF                                                  2173
   Total sample size                                          7569

Number of dependent variables                                    3
Number of independent variables                                  0
Number of continuous latent variables                            1

Observed dependent variables

  Continuous
   AUDIT1      AUDIT2      AUDIT3

Continuous latent variables
   F1

Variables with special functions

  Grouping variable     MODE
  Stratification        SAMPSTRA
  Cluster variable      SAMPPSU
  Weight variable       DESIGNWE

Estimator                                                      MLR
Information matrix                                        OBSERVED
Maximum number of iterations                                  1000
Convergence criterion                                    0.500D-04
Maximum number of steepest descent iterations                   20
Maximum number of iterations for H1                           2000
Convergence criterion for H1                             0.100D-03

Input data file(s)
  data.dta

Input data format  FREE


SUMMARY OF DATA

   Total number of strata                       37
   Total number of clusters                    656

   Group WEB
     Number of missing data patterns             5
     Number of strata                           37
     Number of clusters                        651

   Group TEL
     Number of missing data patterns             4
     Number of strata                           37
     Number of clusters                        416

   Group FTF
     Number of missing data patterns             4
     Number of strata                           36
     Number of clusters                        618


COVARIANCE COVERAGE OF DATA

Minimum covariance coverage value   0.100


     PROPORTION OF DATA PRESENT FOR WEB


           Covariance Coverage
              AUDIT1        AUDIT2        AUDIT3
              ________      ________      ________
 AUDIT1         0.966
 AUDIT2         0.965         0.999
 AUDIT3         0.966         0.999         0.999


     PROPORTION OF DATA PRESENT FOR TEL


           Covariance Coverage
              AUDIT1        AUDIT2        AUDIT3
              ________      ________      ________
 AUDIT1         0.958
 AUDIT2         0.957         0.999
 AUDIT3         0.955         0.996         0.997


     PROPORTION OF DATA PRESENT FOR FTF


           Covariance Coverage
              AUDIT1        AUDIT2        AUDIT3
              ________      ________      ________
 AUDIT1         0.960
 AUDIT2         0.959         0.999
 AUDIT3         0.960         0.998         1.000


SAMPLE STATISTICS


     ESTIMATED SAMPLE STATISTICS FOR WEB


           Means
              AUDIT1        AUDIT2        AUDIT3
              ________      ________      ________
                2.670         1.699         1.814


           Covariances
              AUDIT1        AUDIT2        AUDIT3
              ________      ________      ________
 AUDIT1         1.135
 AUDIT2         0.524         1.566
 AUDIT3         0.844         0.956         1.203


           Correlations
              AUDIT1        AUDIT2        AUDIT3
              ________      ________      ________
 AUDIT1         1.000
 AUDIT2         0.393         1.000
 AUDIT3         0.722         0.696         1.000


     ESTIMATED SAMPLE STATISTICS FOR TEL


           Means
              AUDIT1        AUDIT2        AUDIT3
              ________      ________      ________
                2.717         1.796         1.777


           Covariances
              AUDIT1        AUDIT2        AUDIT3
              ________      ________      ________
 AUDIT1         1.239
 AUDIT2         0.649         1.961
 AUDIT3         0.936         1.088         1.272


           Correlations
              AUDIT1        AUDIT2        AUDIT3
              ________      ________      ________
 AUDIT1         1.000
 AUDIT2         0.416         1.000
 AUDIT3         0.746         0.689         1.000


     ESTIMATED SAMPLE STATISTICS FOR FTF


           Means
              AUDIT1        AUDIT2        AUDIT3
              ________      ________      ________
                2.614         1.801         1.795


           Covariances
              AUDIT1        AUDIT2        AUDIT3
              ________      ________      ________
 AUDIT1         1.265
 AUDIT2         0.686         1.912
 AUDIT3         0.947         1.161         1.354


           Correlations
              AUDIT1        AUDIT2        AUDIT3
              ________      ________      ________
 AUDIT1         1.000
 AUDIT2         0.441         1.000
 AUDIT3         0.724         0.722         1.000


     MAXIMUM LOG-LIKELIHOOD VALUE FOR THE UNRESTRICTED (H1) MODEL IS -29852.107


UNIVARIATE SAMPLE STATISTICS


     UNIVARIATE HIGHER-ORDER MOMENT DESCRIPTIVE STATISTICS FOR WEB

         Variable/         Mean/     Skewness/   Minimum/ % with                Percentiles
        Sample Size      Variance    Kurtosis    Maximum  Min/Max      20%/60%    40%/80%    Median

     AUDIT1                2.703       0.081       1.000   21.92%       1.000      2.000      3.000
            4566.000       1.110      -0.671       5.000    3.26%       3.000      4.000
     AUDIT2                1.699       0.692       0.000   24.58%       0.000      1.000      1.000
            4720.000       1.566       0.146       5.000    3.33%       2.000      2.000
     AUDIT3                1.814      -0.098       0.000   24.57%       0.000      1.000      2.000
            4722.000       1.204      -0.487       5.000    0.19%       2.000      3.000


     UNIVARIATE HIGHER-ORDER MOMENT DESCRIPTIVE STATISTICS FOR TEL

         Variable/         Mean/     Skewness/   Minimum/ % with                Percentiles
        Sample Size      Variance    Kurtosis    Maximum  Min/Max      20%/60%    40%/80%    Median

     AUDIT1                2.773      -0.075       1.000   24.26%       1.000      2.000      3.000
             643.000       1.197      -0.803       5.000    3.27%       3.000      4.000
     AUDIT2                1.796       0.623       0.000   27.46%       0.000      1.000      1.000
             670.000       1.963      -0.302       5.000    5.22%       2.000      3.000
     AUDIT3                1.776      -0.148       0.000   27.50%       0.000      1.000      2.000
             669.000       1.272      -0.744       4.000    4.04%       2.000      3.000


     UNIVARIATE HIGHER-ORDER MOMENT DESCRIPTIVE STATISTICS FOR FTF

         Variable/         Mean/     Skewness/   Minimum/ % with                Percentiles
        Sample Size      Variance    Kurtosis    Maximum  Min/Max      20%/60%    40%/80%    Median

     AUDIT1                2.654       0.210       1.000   24.92%       1.000      2.000      2.000
            2087.000       1.237      -0.729       5.000    4.02%       3.000      4.000
     AUDIT2                1.800       0.563       0.000   27.93%       0.000      1.000      1.000
            2170.000       1.912      -0.356       5.000    4.47%       2.000      3.000
     AUDIT3                1.795      -0.046       0.000   27.90%       0.000      1.000      2.000
            2172.000       1.354      -0.661       5.000    0.28%       2.000      3.000


THE MODEL ESTIMATION TERMINATED NORMALLY

     WARNING:  THE RESIDUAL COVARIANCE MATRIX (THETA) IN GROUP WEB IS NOT
     POSITIVE DEFINITE.  THIS COULD INDICATE A NEGATIVE VARIANCE/RESIDUAL
     VARIANCE FOR AN OBSERVED VARIABLE, A CORRELATION GREATER OR EQUAL TO ONE
     BETWEEN TWO OBSERVED VARIABLES, OR A LINEAR DEPENDENCY AMONG MORE THAN TWO
     OBSERVED VARIABLES.  CHECK THE RESULTS SECTION FOR MORE INFORMATION.
     PROBLEM INVOLVING VARIABLE AUDIT3.


     WARNING:  THE RESIDUAL COVARIANCE MATRIX (THETA) IN GROUP TEL IS NOT
     POSITIVE DEFINITE.  THIS COULD INDICATE A NEGATIVE VARIANCE/RESIDUAL
     VARIANCE FOR AN OBSERVED VARIABLE, A CORRELATION GREATER OR EQUAL TO ONE
     BETWEEN TWO OBSERVED VARIABLES, OR A LINEAR DEPENDENCY AMONG MORE THAN TWO
     OBSERVED VARIABLES.  CHECK THE RESULTS SECTION FOR MORE INFORMATION.
     PROBLEM INVOLVING VARIABLE AUDIT3.


     WARNING:  THE RESIDUAL COVARIANCE MATRIX (THETA) IN GROUP FTF IS NOT
     POSITIVE DEFINITE.  THIS COULD INDICATE A NEGATIVE VARIANCE/RESIDUAL
     VARIANCE FOR AN OBSERVED VARIABLE, A CORRELATION GREATER OR EQUAL TO ONE
     BETWEEN TWO OBSERVED VARIABLES, OR A LINEAR DEPENDENCY AMONG MORE THAN TWO
     OBSERVED VARIABLES.  CHECK THE RESULTS SECTION FOR MORE INFORMATION.
     PROBLEM INVOLVING VARIABLE AUDIT3.




MODEL FIT INFORMATION

Number of Free Parameters                       24

Loglikelihood

          H0 Value                      -30098.436
          H0 Scaling Correction Factor      1.3665
            for MLR
          H1 Value                      -29852.107
          H1 Scaling Correction Factor      1.3403
            for MLR

Information Criteria

          Akaike (AIC)                   60244.872
          Bayesian (BIC)                 60411.235
          Sample-Size Adjusted BIC       60334.968
            (n* = (n + 2) / 24)

Chi-Square Test of Model Fit

          Value                            435.877*
          Degrees of Freedom                     3
          P-Value                           0.0000
          Scaling Correction Factor         1.1303
            for MLR

Chi-Square Contribution From Each Group

          WEB                              319.777
          TEL                               27.362
          FTF                               88.738

*   The chi-square value for MLM, MLMV, MLR, ULSMV, WLSM and WLSMV cannot be used
    for chi-square difference testing in the regular way.  MLM, MLR and WLSM
    chi-square difference testing is described on the Mplus website.  MLMV, WLSMV,
    and ULSMV difference testing is done using the DIFFTEST option.

RMSEA (Root Mean Square Error Of Approximation)

          Estimate                           0.239
          90 Percent C.I.                    0.220  0.258
          Probability RMSEA <= .05           0.000

CFI/TLI

          CFI                                0.934
          TLI                                0.801

Chi-Square Test of Model Fit for the Baseline Model

          Value                           6537.677
          Degrees of Freedom                     9
          P-Value                           0.0000

SRMR (Standardized Root Mean Square Residual)

          Value                              0.234



MODEL RESULTS

                                                    Two-Tailed
                    Estimate       S.E.  Est./S.E.    P-Value

Group WEB

 F1       BY
    AUDIT1             1.000      0.000    999.000    999.000
    AUDIT2             0.937      0.018     53.194      0.000
    AUDIT3             1.319      0.014     93.157      0.000

 Means
    F1                 0.000      0.000    999.000    999.000

 Intercepts
    AUDIT1             2.663      0.020    134.635      0.000
    AUDIT2             1.699      0.021     80.698      0.000
    AUDIT3             1.814      0.019     97.685      0.000

 Variances
    F1                 1.000      0.000    999.000    999.000

 Residual Variances
    AUDIT1             0.652      0.018     35.682      0.000
    AUDIT2             0.878      0.029     30.717      0.000
    AUDIT3            -0.160      0.020     -8.212      0.000

Group TEL

 F1       BY
    AUDIT1             1.000      0.000    999.000    999.000
    AUDIT2             1.008      0.048     20.954      0.000
    AUDIT3             1.313      0.035     37.670      0.000

 Means
    F1                 0.000      0.000    999.000    999.000

 Intercepts
    AUDIT1             2.709      0.048     56.146      0.000
    AUDIT2             1.796      0.059     30.205      0.000
    AUDIT3             1.777      0.048     37.277      0.000

 Variances
    F1                 1.000      0.000    999.000    999.000

 Residual Variances
    AUDIT1             0.654      0.051     12.879      0.000
    AUDIT2             1.117      0.083     13.379      0.000
    AUDIT3            -0.159      0.051     -3.137      0.002

Group FTF

 F1       BY
    AUDIT1             1.000      0.000    999.000    999.000
    AUDIT2             1.054      0.025     42.058      0.000
    AUDIT3             1.335      0.019     69.789      0.000

 Means
    F1                 0.000      0.000    999.000    999.000

 Intercepts
    AUDIT1             2.607      0.030     86.495      0.000
    AUDIT2             1.801      0.036     49.759      0.000
    AUDIT3             1.795      0.032     56.183      0.000

 Variances
    F1                 1.000      0.000    999.000    999.000

 Residual Variances
    AUDIT1             0.685      0.031     21.934      0.000
    AUDIT2             0.990      0.043     23.012      0.000
    AUDIT3            -0.126      0.028     -4.537      0.000


QUALITY OF NUMERICAL RESULTS

     Condition Number for the Information Matrix              0.398E-02
       (ratio of smallest to largest eigenvalue)


STANDARDIZED MODEL RESULTS


STD Standardization

                                                    Two-Tailed
                    Estimate       S.E.  Est./S.E.    P-Value

Group WEB

 F1       BY
    AUDIT1             1.000      0.000    999.000    999.000
    AUDIT2             0.937      0.018     53.194      0.000
    AUDIT3             1.319      0.014     93.157      0.000

 Means
    F1                 0.000      0.000    999.000    999.000

 Intercepts
    AUDIT1             2.663      0.020    134.635      0.000
    AUDIT2             1.699      0.021     80.698      0.000
    AUDIT3             1.814      0.019     97.685      0.000

 Variances
    F1                 1.000      0.000    999.000    999.000

 Residual Variances
    AUDIT1             0.652      0.018     35.682      0.000
    AUDIT2             0.878      0.029     30.717      0.000
    AUDIT3           999.000    999.000    999.000    999.000

Group TEL

 F1       BY
    AUDIT1             1.000      0.000    999.000    999.000
    AUDIT2             1.008      0.048     20.954      0.000
    AUDIT3             1.313      0.035     37.670      0.000

 Means
    F1                 0.000      0.000    999.000    999.000

 Intercepts
    AUDIT1             2.709      0.048     56.146      0.000
    AUDIT2             1.796      0.059     30.205      0.000
    AUDIT3             1.777      0.048     37.277      0.000

 Variances
    F1                 1.000      0.000    999.000    999.000

 Residual Variances
    AUDIT1             0.654      0.051     12.879      0.000
    AUDIT2             1.117      0.083     13.379      0.000
    AUDIT3           999.000    999.000    999.000    999.000

Group FTF

 F1       BY
    AUDIT1             1.000      0.000    999.000    999.000
    AUDIT2             1.054      0.025     42.058      0.000
    AUDIT3             1.335      0.019     69.789      0.000

 Means
    F1                 0.000      0.000    999.000    999.000

 Intercepts
    AUDIT1             2.607      0.030     86.495      0.000
    AUDIT2             1.801      0.036     49.759      0.000
    AUDIT3             1.795      0.032     56.183      0.000

 Variances
    F1                 1.000      0.000    999.000    999.000

 Residual Variances
    AUDIT1             0.685      0.031     21.934      0.000
    AUDIT2             0.990      0.043     23.012      0.000
    AUDIT3           999.000    999.000    999.000    999.000


R-SQUARE

Group WEB

    Observed                                        Two-Tailed
    Variable        Estimate       S.E.  Est./S.E.    P-Value

    AUDIT1             0.605      0.007     90.426      0.000
    AUDIT2             0.500      0.012     40.342      0.000
    AUDIT3          Undefined   0.11016E+01

Group TEL

    Observed                                        Two-Tailed
    Variable        Estimate       S.E.  Est./S.E.    P-Value

    AUDIT1             0.605      0.019     32.568      0.000
    AUDIT2             0.476      0.031     15.592      0.000
    AUDIT3          Undefined   0.11018E+01

Group FTF

    Observed                                        Two-Tailed
    Variable        Estimate       S.E.  Est./S.E.    P-Value

    AUDIT1             0.593      0.011     53.953      0.000
    AUDIT2             0.529      0.017     31.822      0.000
    AUDIT3          Undefined   0.10763E+01


MODEL MODIFICATION INDICES

NOTE:  Modification indices for direct effects of observed dependent variables
regressed on covariates may not be included.  To include these, request
MODINDICES (ALL).

Minimum M.I. value for printing the modification index    10.000

                                   M.I.     E.P.C.  Std E.P.C.  StdYX E.P.C.
Group WEB


BY Statements

F1       BY AUDIT1               252.964    -0.280     -0.280       -0.218

ON/BY Statements

F1       ON F1       /
F1       BY F1                   252.906    -0.280     -0.280       -0.280

WITH Statements

AUDIT2   WITH AUDIT1             252.966    -0.524     -0.524       -0.693
AUDIT3   WITH AUDIT1             252.876    -0.738     -0.738      999.000
AUDIT3   WITH AUDIT2             252.945     0.691      0.691      999.000

Variances/Residual Variances

F1                               252.906    -0.560     -0.560       -0.560

Group TEL


BY Statements

F1       BY AUDIT1                22.545    -0.224     -0.224       -0.174

ON/BY Statements

F1       ON F1       /
F1       BY F1                    22.558    -0.224     -0.224       -0.224

WITH Statements

AUDIT2   WITH AUDIT1              22.579    -0.452     -0.452       -0.529
AUDIT3   WITH AUDIT1              22.497    -0.588     -0.588      999.000
AUDIT3   WITH AUDIT2              22.545     0.593      0.593      999.000

Variances/Residual Variances

F1                                22.558    -0.449     -0.449       -0.449

Group FTF


BY Statements

F1       BY AUDIT1                73.785    -0.226     -0.226       -0.174

ON/BY Statements

F1       ON F1       /
F1       BY F1                    73.796    -0.226     -0.226       -0.226

WITH Statements

AUDIT2   WITH AUDIT1              73.844    -0.477     -0.477       -0.579
AUDIT3   WITH AUDIT1              73.739    -0.604     -0.604      999.000
AUDIT3   WITH AUDIT2              73.882     0.637      0.637      999.000

Variances/Residual Variances

F1                                73.796    -0.452     -0.452       -0.452



SAMPLE STATISTICS FOR ESTIMATED FACTOR SCORES


     SAMPLE STATISTICS


           Means
              F1            F1_SE
              ________      ________
               -0.166         0.000


           Covariances
              F1            F1_SE
              ________      ________
 F1             1.002
 F1_SE          0.000         0.000


           Correlations
              F1            F1_SE
              ________      ________
 F1             1.000
 F1_SE          0.006         1.000


PLOT INFORMATION

The following plots are available:

  Histograms (sample values, estimated factor scores, estimated values, residuals)
  Scatterplots (sample values, estimated factor scores, estimated values, residuals)
  Measurement parameter plots
  Latent variable distribution plots

DIAGRAM INFORMATION

  Use View Diagram under the Diagram menu in the Mplus Editor to view the diagram.
  If running Mplus from the Mplus Diagrammer, the diagram opens automatically.

  Diagram output
    c:\users\msassac6\dropbox (the university of manchester)\papers\joe s\uclmm\uclmm_r\mplus\sensitivity_design_weights

     Beginning Time:  09:24:51
        Ending Time:  09:24:51
       Elapsed Time:  00:00:00



MUTHEN & MUTHEN
3463 Stoner Ave.
Los Angeles, CA  90066

Tel: (310) 391-9971
Fax: (310) 391-8971
Web: www.StatModel.com
Support: Support@StatModel.com

Copyright (c) 1998-2021 Muthen & Muthen
