Mplus VERSION 8.6
MUTHEN & MUTHEN
07/01/2021   9:20 AM

INPUT INSTRUCTIONS

  TITLE: Your title goes here

  DATA: FILE = data.dta;

  VARIABLE:

  NAMES = audit1 bully0a bully0b bully0c bully0d bully0e bully0f bully0g adult0a
       adult0b adult0c leisa0a leisa0b leisa0c leisa0d leisa0e leisa0f leisb0a leisb0b
       leisb0c leisb0d designweight samppsu sampstratum mode locus0a locus0b locus0c
       locus0d ghq_1 ghq_2 ghq_3 ghq_4 ghq_5 ghq_6 ghq_7 ghq_8 ghq_9 ghq_10 ghq_11
       ghq_12 audit2 audit3 designweight_combin;

  MISSING=.;
  USEVARIABLES ARE ghq_1
  ghq_2
  ghq_3
  ghq_4
  ghq_5
  ghq_6
  ghq_7
  ghq_8
  ghq_9
  ghq_10
  ghq_11
  ghq_12;
  CATEGORICAL ARE ghq_1
  ghq_2
  ghq_3
  ghq_4
  ghq_5
  ghq_6
  ghq_7
  ghq_8
  ghq_9
  ghq_10
  ghq_11
  ghq_12;
  GROUPING IS mode (1=Web 2=Tel 3=Ftf);
  WEIGHT IS designweight;

                  STRATIFICATION IS sampstratum;

                  CLUSTER IS samppsu;

  ANALYSIS: TYPE IS COMPLEX;

                  ESTIMATOR = WLSMV;

                  ITERATIONS = 100000;

                  PARAMETERIZATION = THETA;

  Model:


  f1 BY ghq_1@1
  ghq_2 (L2_Web)
  ghq_3 (L3_Web)
  ghq_4 (L4_Web)
  ghq_5 (L5_Web)
  ghq_6 (L6_Web)
  ghq_7 (L7_Web)
  ghq_8 (L8_Web)
  ghq_9 (L9_Web)
  ghq_10 (L10_Web)
  ghq_11 (L11_Web)
  ghq_12 (L12_Web)
  ;


  [ghq_1$1] (t_ghq_1_1);
  [ghq_1$2] (t_ghq_1_2);
  [ghq_1$3] (t_ghq_1_3);

  [ghq_2$1] (t_ghq_2_1);
  [ghq_2$2] (t_ghq_2_2_Web);
  [ghq_2$3] (t_ghq_2_3_Web);

  [ghq_3$1] (t_ghq_3_1);
  [ghq_3$2] (t_ghq_3_2_Web);
  [ghq_3$3] (t_ghq_3_3_Web);

  [ghq_4$1] (t_ghq_4_1);
  [ghq_4$2] (t_ghq_4_2_Web);
  [ghq_4$3] (t_ghq_4_3_Web);

  [ghq_5$1] (t_ghq_5_1);
  [ghq_5$2] (t_ghq_5_2_Web);
  [ghq_5$3] (t_ghq_5_3_Web);

  [ghq_6$1] (t_ghq_6_1);
  [ghq_6$2] (t_ghq_6_2_Web);
  [ghq_6$3] (t_ghq_6_3_Web);

  [ghq_7$1] (t_ghq_7_1);
  [ghq_7$2] (t_ghq_7_2_Web);
  [ghq_7$3] (t_ghq_7_3_Web);

  [ghq_8$1] (t_ghq_8_1);
  [ghq_8$2] (t_ghq_8_2_Web);
  [ghq_8$3] (t_ghq_8_3_Web);

  [ghq_9$1] (t_ghq_9_1);
  [ghq_9$2] (t_ghq_9_2_Web);
  [ghq_9$3] (t_ghq_9_3_Web);

  [ghq_10$1] (t_ghq_10_1);
  [ghq_10$2] (t_ghq_10_2_Web);
  [ghq_10$3] (t_ghq_10_3_Web);

  [ghq_11$1] (t_ghq_11_1);
  [ghq_11$2] (t_ghq_11_2_Web);
  [ghq_11$3] (t_ghq_11_3_Web);

  [ghq_12$1] (t_ghq_12_1);
  [ghq_12$2] (t_ghq_12_2_Web);
  [ghq_12$3] (t_ghq_12_3_Web);
  ghq_1@1;
  ghq_2@1;
  ghq_3@1;
  ghq_4@1;
  ghq_5@1;
  ghq_6@1;
  ghq_7@1;
  ghq_8@1;
  ghq_9@1;
  ghq_10@1;
  ghq_11@1;
  ghq_12@1;

  Model Tel:

  f1 BY ghq_1@1
  ghq_2 (L2_Tel)
  ghq_3 (L3_Tel)
  ghq_4 (L4_Tel)
  ghq_5 (L5_Tel)
  ghq_6 (L6_Tel)
  ghq_7 (L7_Tel)
  ghq_8 (L8_Tel)
  ghq_9 (L9_Tel)
  ghq_10 (L10_Tel)
  ghq_11 (L11_Tel)
  ghq_12 (L12_Tel)
  ;


  [ghq_1$1] (t_ghq_1_1);
  [ghq_1$2] (t_ghq_1_2);
  [ghq_1$3] (t_ghq_1_3);

  [ghq_2$1] (t_ghq_2_1);
  [ghq_2$2] (t_ghq_2_2_Tel);
  [ghq_2$3] (t_ghq_2_3_Tel);

  [ghq_3$1] (t_ghq_3_1);
  [ghq_3$2] (t_ghq_3_2_Tel);
  [ghq_3$3] (t_ghq_3_3_Tel);

  [ghq_4$1] (t_ghq_4_1);
  [ghq_4$2] (t_ghq_4_2_Tel);
  [ghq_4$3] (t_ghq_4_3_Tel);

  [ghq_5$1] (t_ghq_5_1);
  [ghq_5$2] (t_ghq_5_2_Tel);
  [ghq_5$3] (t_ghq_5_3_Tel);

  [ghq_6$1] (t_ghq_6_1);
  [ghq_6$2] (t_ghq_6_2_Tel);
  [ghq_6$3] (t_ghq_6_3_Tel);

  [ghq_7$1] (t_ghq_7_1);
  [ghq_7$2] (t_ghq_7_2_Tel);
  [ghq_7$3] (t_ghq_7_3_Tel);

  [ghq_8$1] (t_ghq_8_1);
  [ghq_8$2] (t_ghq_8_2_Tel);
  [ghq_8$3] (t_ghq_8_3_Tel);

  [ghq_9$1] (t_ghq_9_1);
  [ghq_9$2] (t_ghq_9_2_Tel);
  [ghq_9$3] (t_ghq_9_3_Tel);

  [ghq_10$1] (t_ghq_10_1);
  [ghq_10$2] (t_ghq_10_2_Tel);
  [ghq_10$3] (t_ghq_10_3_Tel);

  [ghq_11$1] (t_ghq_11_1);
  [ghq_11$2] (t_ghq_11_2_Tel);
  [ghq_11$3] (t_ghq_11_3_Tel);

  [ghq_12$1] (t_ghq_12_1);
  [ghq_12$2] (t_ghq_12_2_Tel);
  [ghq_12$3] (t_ghq_12_3_Tel);
  ghq_1@1;
  ghq_2@1;
  ghq_3@1;
  ghq_4@1;
  ghq_5@1;
  ghq_6@1;
  ghq_7@1;
  ghq_8@1;
  ghq_9@1;
  ghq_10@1;
  ghq_11@1;
  ghq_12@1;

  Model Ftf:

  f1 BY ghq_1@1
  ghq_2 (L2_Ftf)
  ghq_3 (L3_Ftf)
  ghq_4 (L4_Ftf)
  ghq_5 (L5_Ftf)
  ghq_6 (L6_Ftf)
  ghq_7 (L7_Ftf)
  ghq_8 (L8_Ftf)
  ghq_9 (L9_Ftf)
  ghq_10 (L10_Ftf)
  ghq_11 (L11_Ftf)
  ghq_12 (L12_Ftf)
  ;


  [ghq_1$1] (t_ghq_1_1);
  [ghq_1$2] (t_ghq_1_2);
  [ghq_1$3] (t_ghq_1_3);

  [ghq_2$1] (t_ghq_2_1);
  [ghq_2$2] (t_ghq_2_2_Ftf);
  [ghq_2$3] (t_ghq_2_3_Ftf);

  [ghq_3$1] (t_ghq_3_1);
  [ghq_3$2] (t_ghq_3_2_Ftf);
  [ghq_3$3] (t_ghq_3_3_Ftf);

  [ghq_4$1] (t_ghq_4_1);
  [ghq_4$2] (t_ghq_4_2_Ftf);
  [ghq_4$3] (t_ghq_4_3_Ftf);

  [ghq_5$1] (t_ghq_5_1);
  [ghq_5$2] (t_ghq_5_2_Ftf);
  [ghq_5$3] (t_ghq_5_3_Ftf);

  [ghq_6$1] (t_ghq_6_1);
  [ghq_6$2] (t_ghq_6_2_Ftf);
  [ghq_6$3] (t_ghq_6_3_Ftf);

  [ghq_7$1] (t_ghq_7_1);
  [ghq_7$2] (t_ghq_7_2_Ftf);
  [ghq_7$3] (t_ghq_7_3_Ftf);

  [ghq_8$1] (t_ghq_8_1);
  [ghq_8$2] (t_ghq_8_2_Ftf);
  [ghq_8$3] (t_ghq_8_3_Ftf);

  [ghq_9$1] (t_ghq_9_1);
  [ghq_9$2] (t_ghq_9_2_Ftf);
  [ghq_9$3] (t_ghq_9_3_Ftf);

  [ghq_10$1] (t_ghq_10_1);
  [ghq_10$2] (t_ghq_10_2_Ftf);
  [ghq_10$3] (t_ghq_10_3_Ftf);

  [ghq_11$1] (t_ghq_11_1);
  [ghq_11$2] (t_ghq_11_2_Ftf);
  [ghq_11$3] (t_ghq_11_3_Ftf);

  [ghq_12$1] (t_ghq_12_1);
  [ghq_12$2] (t_ghq_12_2_Ftf);
  [ghq_12$3] (t_ghq_12_3_Ftf);
  ghq_1@1;
  ghq_2@1;
  ghq_3@1;
  ghq_4@1;
  ghq_5@1;
  ghq_6@1;
  ghq_7@1;
  ghq_8@1;
  ghq_9@1;
  ghq_10@1;
  ghq_11@1;
  ghq_12@1;
  SAVEDATA: DIFFTEST IS ghq_1_configural.dat;
  OUTPUT: SAMPSTAT;

  MODINDICES;

  STD;

  Plot: type = plot3;




*** WARNING
  Data set contains cases with missing on all variables.
  These cases were not included in the analysis.
  Number of cases with missing on all variables:  265
   1 WARNING(S) FOUND IN THE INPUT INSTRUCTIONS



Your title goes here

SUMMARY OF ANALYSIS

Number of groups                                                 3
Number of observations
   Group WEB                                                  4569
   Group TEL                                                   646
   Group FTF                                                  2089
   Total sample size                                          7304

Number of dependent variables                                   12
Number of independent variables                                  0
Number of continuous latent variables                            1

Observed dependent variables

  Binary and ordered categorical (ordinal)
   GHQ_1       GHQ_2       GHQ_3       GHQ_4       GHQ_5       GHQ_6
   GHQ_7       GHQ_8       GHQ_9       GHQ_10      GHQ_11      GHQ_12

Continuous latent variables
   F1

Variables with special functions

  Grouping variable     MODE
  Stratification        SAMPSTRA
  Cluster variable      SAMPPSU
  Weight variable       DESIGNWE

Estimator                                                    WLSMV
Maximum number of iterations                                100000
Convergence criterion                                    0.500D-04
Maximum number of steepest descent iterations                   20
Maximum number of iterations for H1                           2000
Convergence criterion for H1                             0.100D-03
Parameterization                                             THETA
Link                                                        PROBIT

Input data file(s)
  data.dta

Input data format  FREE


SUMMARY OF DATA

   Total number of strata                       37
   Total number of clusters                    656

   Group WEB
     Number of missing data patterns            30
     Number of strata                           37
     Number of clusters                        650

   Group TEL
     Number of missing data patterns            15
     Number of strata                           37
     Number of clusters                        407

   Group FTF
     Number of missing data patterns             9
     Number of strata                           36
     Number of clusters                        609


COVARIANCE COVERAGE OF DATA

Minimum covariance coverage value   0.100


     PROPORTION OF DATA PRESENT FOR WEB


           Covariance Coverage
              GHQ_1         GHQ_2         GHQ_3         GHQ_4         GHQ_5
              ________      ________      ________      ________      ________
 GHQ_1          0.998
 GHQ_2          0.997         0.998
 GHQ_3          0.995         0.996         0.996
 GHQ_4          0.996         0.996         0.994         0.997
 GHQ_5          0.996         0.996         0.995         0.996         0.997
 GHQ_6          0.997         0.997         0.995         0.997         0.997
 GHQ_7          0.996         0.996         0.994         0.996         0.996
 GHQ_8          0.996         0.996         0.995         0.996         0.996
 GHQ_9          0.996         0.996         0.994         0.996         0.996
 GHQ_10         0.995         0.996         0.994         0.996         0.996
 GHQ_11         0.995         0.996         0.994         0.996         0.996
 GHQ_12         0.995         0.995         0.993         0.995         0.995


           Covariance Coverage
              GHQ_6         GHQ_7         GHQ_8         GHQ_9         GHQ_10
              ________      ________      ________      ________      ________
 GHQ_6          0.998
 GHQ_7          0.997         0.997
 GHQ_8          0.997         0.997         0.997
 GHQ_9          0.997         0.996         0.996         0.997
 GHQ_10         0.996         0.996         0.996         0.996         0.997
 GHQ_11         0.996         0.996         0.996         0.996         0.996
 GHQ_12         0.996         0.996         0.995         0.995         0.995


           Covariance Coverage
              GHQ_11        GHQ_12
              ________      ________
 GHQ_11         0.997
 GHQ_12         0.996         0.996


     PROPORTION OF DATA PRESENT FOR TEL


           Covariance Coverage
              GHQ_1         GHQ_2         GHQ_3         GHQ_4         GHQ_5
              ________      ________      ________      ________      ________
 GHQ_1          0.994
 GHQ_2          0.989         0.995
 GHQ_3          0.989         0.991         0.994
 GHQ_4          0.991         0.992         0.992         0.995
 GHQ_5          0.991         0.992         0.991         0.992         0.995
 GHQ_6          0.991         0.994         0.992         0.994         0.994
 GHQ_7          0.989         0.992         0.992         0.992         0.992
 GHQ_8          0.991         0.995         0.992         0.994         0.994
 GHQ_9          0.989         0.994         0.991         0.992         0.992
 GHQ_10         0.991         0.995         0.992         0.994         0.994
 GHQ_11         0.991         0.995         0.992         0.994         0.994
 GHQ_12         0.991         0.992         0.992         0.994         0.992


           Covariance Coverage
              GHQ_6         GHQ_7         GHQ_8         GHQ_9         GHQ_10
              ________      ________      ________      ________      ________
 GHQ_6          0.997
 GHQ_7          0.994         0.995
 GHQ_8          0.995         0.994         0.997
 GHQ_9          0.994         0.992         0.995         0.995
 GHQ_10         0.995         0.994         0.997         0.995         0.997
 GHQ_11         0.995         0.994         0.997         0.995         0.997
 GHQ_12         0.994         0.992         0.994         0.992         0.994


           Covariance Coverage
              GHQ_11        GHQ_12
              ________      ________
 GHQ_11         0.997
 GHQ_12         0.994         0.995


     PROPORTION OF DATA PRESENT FOR FTF


           Covariance Coverage
              GHQ_1         GHQ_2         GHQ_3         GHQ_4         GHQ_5
              ________      ________      ________      ________      ________
 GHQ_1          0.999
 GHQ_2          0.998         0.999
 GHQ_3          0.998         0.999         0.999
 GHQ_4          0.999         0.999         0.998         1.000
 GHQ_5          0.999         0.999         0.999         0.999         1.000
 GHQ_6          0.998         0.999         0.998         0.999         0.999
 GHQ_7          0.998         0.999         0.998         0.999         0.999
 GHQ_8          0.998         0.998         0.998         0.999         0.999
 GHQ_9          0.998         0.999         0.999         0.999         0.999
 GHQ_10         0.998         0.999         0.998         0.999         0.999
 GHQ_11         0.997         0.998         0.997         0.998         0.998
 GHQ_12         0.998         0.998         0.998         0.999         0.999


           Covariance Coverage
              GHQ_6         GHQ_7         GHQ_8         GHQ_9         GHQ_10
              ________      ________      ________      ________      ________
 GHQ_6          0.999
 GHQ_7          0.999         0.999
 GHQ_8          0.998         0.999         0.999
 GHQ_9          0.999         0.999         0.998         0.999
 GHQ_10         0.999         0.999         0.998         0.999         0.999
 GHQ_11         0.998         0.998         0.997         0.998         0.998
 GHQ_12         0.998         0.999         0.998         0.998         0.998


           Covariance Coverage
              GHQ_11        GHQ_12
              ________      ________
 GHQ_11         0.998
 GHQ_12         0.998         0.999


UNIVARIATE PROPORTIONS AND COUNTS FOR CATEGORICAL VARIABLES

  Group WEB
    GHQ_1
      Category 1    0.107          490.466
      Category 2    0.703         3206.773
      Category 3    0.164          748.564
      Category 4    0.026          117.700
    GHQ_2
      Category 1    0.231         1054.103
      Category 2    0.517         2362.199
      Category 3    0.193          881.029
      Category 4    0.059          270.128
    GHQ_3
      Category 1    0.163          741.775
      Category 2    0.665         3029.448
      Category 3    0.135          615.350
      Category 4    0.038          172.321
    GHQ_4
      Category 1    0.192          874.452
      Category 2    0.714         3259.619
      Category 3    0.075          343.370
      Category 4    0.019           84.893
    GHQ_5
      Category 1    0.128          583.413
      Category 2    0.511         2332.917
      Category 3    0.277         1264.415
      Category 4    0.084          383.121
    GHQ_6
      Category 1    0.270         1234.456
      Category 2    0.525         2398.054
      Category 3    0.156          712.158
      Category 4    0.048          220.941
    GHQ_7
      Category 1    0.090          409.176
      Category 2    0.722         3294.651
      Category 3    0.155          708.984
      Category 4    0.033          150.752
    GHQ_8
      Category 1    0.119          543.818
      Category 2    0.752         3430.387
      Category 3    0.104          472.894
      Category 4    0.025          115.680
    GHQ_9
      Category 1    0.302         1379.318
      Category 2    0.435         1985.585
      Category 3    0.195          888.764
      Category 4    0.068          308.675
    GHQ_10
      Category 1    0.345         1576.281
      Category 2    0.411         1875.315
      Category 3    0.176          801.024
      Category 4    0.068          310.484
    GHQ_11
      Category 1    0.609         2779.462
      Category 2    0.264         1206.782
      Category 3    0.086          391.229
      Category 4    0.041          186.853
    GHQ_12
      Category 1    0.193          880.592
      Category 2    0.650         2962.778
      Category 3    0.123          562.848
      Category 4    0.034          154.615

  Group TEL
    GHQ_1
      Category 1    0.159          102.239
      Category 2    0.667          428.225
      Category 3    0.132           84.712
      Category 4    0.041           26.546
    GHQ_2
      Category 1    0.374          240.527
      Category 2    0.405          260.505
      Category 3    0.147           94.532
      Category 4    0.075           48.078
    GHQ_3
      Category 1    0.235          150.405
      Category 2    0.646          413.587
      Category 3    0.099           63.330
      Category 4    0.021           13.244
    GHQ_4
      Category 1    0.271          174.529
      Category 2    0.671          431.429
      Category 3    0.047           29.958
      Category 4    0.012            7.419
    GHQ_5
      Category 1    0.203          130.690
      Category 2    0.495          318.309
      Category 3    0.226          145.251
      Category 4    0.077           49.306
    GHQ_6
      Category 1    0.389          251.068
      Category 2    0.449          289.365
      Category 3    0.129           83.031
      Category 4    0.033           21.197
    GHQ_7
      Category 1    0.102           65.241
      Category 2    0.721          462.980
      Category 3    0.141           90.535
      Category 4    0.036           23.185
    GHQ_8
      Category 1    0.195          125.445
      Category 2    0.735          473.019
      Category 3    0.059           37.865
      Category 4    0.012            7.466
    GHQ_9
      Category 1    0.508          326.105
      Category 2    0.308          197.974
      Category 3    0.150           96.371
      Category 4    0.034           21.969
    GHQ_10
      Category 1    0.543          349.575
      Category 2    0.326          209.574
      Category 3    0.106           68.426
      Category 4    0.025           16.219
    GHQ_11
      Category 1    0.797          513.059
      Category 2    0.147           94.439
      Category 3    0.044           28.107
      Category 4    0.013            8.189
    GHQ_12
      Category 1    0.207          133.227
      Category 2    0.691          443.591
      Category 3    0.084           54.028
      Category 4    0.018           11.487

  Group FTF
    GHQ_1
      Category 1    0.142          297.375
      Category 2    0.669         1395.459
      Category 3    0.155          323.916
      Category 4    0.034           70.438
    GHQ_2
      Category 1    0.245          510.803
      Category 2    0.480         1002.168
      Category 3    0.196          409.707
      Category 4    0.078          163.552
    GHQ_3
      Category 1    0.187          389.903
      Category 2    0.675         1407.072
      Category 3    0.103          215.043
      Category 4    0.035           73.290
    GHQ_4
      Category 1    0.259          540.415
      Category 2    0.656         1371.271
      Category 3    0.069          144.633
      Category 4    0.016           32.527
    GHQ_5
      Category 1    0.165          343.587
      Category 2    0.493         1029.614
      Category 3    0.256          534.514
      Category 4    0.086          179.901
    GHQ_6
      Category 1    0.312          651.488
      Category 2    0.489         1020.123
      Category 3    0.145          302.526
      Category 4    0.054          111.941
    GHQ_7
      Category 1    0.134          279.337
      Category 2    0.674         1406.028
      Category 3    0.154          321.945
      Category 4    0.038           80.151
    GHQ_8
      Category 1    0.191          398.388
      Category 2    0.692         1444.413
      Category 3    0.095          197.705
      Category 4    0.022           46.671
    GHQ_9
      Category 1    0.365          761.904
      Category 2    0.381          795.416
      Category 3    0.168          350.079
      Category 4    0.086          178.833
    GHQ_10
      Category 1    0.431          898.181
      Category 2    0.334          695.991
      Category 3    0.167          349.391
      Category 4    0.068          142.515
    GHQ_11
      Category 1    0.675         1408.856
      Category 2    0.195          407.155
      Category 3    0.091          189.552
      Category 4    0.039           81.444
    GHQ_12
      Category 1    0.233          486.425
      Category 2    0.621         1296.519
      Category 3    0.116          241.907
      Category 4    0.031           63.712


SAMPLE STATISTICS


     ESTIMATED SAMPLE STATISTICS FOR WEB


           MEANS/INTERCEPTS/THRESHOLDS
              GHQ_1$1       GHQ_1$2       GHQ_1$3       GHQ_2$1       GHQ_2$2
              ________      ________      ________      ________      ________
               -1.240         0.879         1.947        -0.736         0.668


           MEANS/INTERCEPTS/THRESHOLDS
              GHQ_2$3       GHQ_3$1       GHQ_3$2       GHQ_3$3       GHQ_4$1
              ________      ________      ________      ________      ________
                1.562        -0.983         0.943         1.777        -0.872


           MEANS/INTERCEPTS/THRESHOLDS
              GHQ_4$2       GHQ_4$3       GHQ_5$1       GHQ_5$2       GHQ_5$3
              ________      ________      ________      ________      ________
                1.317         2.083        -1.137         0.356         1.379


           MEANS/INTERCEPTS/THRESHOLDS
              GHQ_6$1       GHQ_6$2       GHQ_6$3       GHQ_7$1       GHQ_7$2
              ________      ________      ________      ________      ________
               -0.612         0.826         1.661        -1.343         0.884


           MEANS/INTERCEPTS/THRESHOLDS
              GHQ_7$3       GHQ_8$1       GHQ_8$2       GHQ_8$3       GHQ_9$1
              ________      ________      ________      ________      ________
                1.838        -1.179         1.131         1.954        -0.518


           MEANS/INTERCEPTS/THRESHOLDS
              GHQ_9$2       GHQ_9$3       GHQ_10$1      GHQ_10$2      GHQ_10$3
              ________      ________      ________      ________      ________
                0.636         1.493        -0.398         0.695         1.491


           MEANS/INTERCEPTS/THRESHOLDS
              GHQ_11$1      GHQ_11$2      GHQ_11$3      GHQ_12$1      GHQ_12$2
              ________      ________      ________      ________      ________
                0.277         1.142         1.740        -0.867         1.006


           MEANS/INTERCEPTS/THRESHOLDS
              GHQ_12$3
              ________
                1.826


           CORRELATION MATRIX (WITH VARIANCES ON THE DIAGONAL)
              GHQ_1         GHQ_2         GHQ_3         GHQ_4         GHQ_5
              ________      ________      ________      ________      ________
 GHQ_1
 GHQ_2          0.419
 GHQ_3          0.504         0.319
 GHQ_4          0.501         0.282         0.608
 GHQ_5          0.412         0.642         0.274         0.270
 GHQ_6          0.452         0.571         0.455         0.401         0.626
 GHQ_7          0.544         0.438         0.475         0.443         0.523
 GHQ_8          0.425         0.309         0.438         0.507         0.324
 GHQ_9          0.497         0.618         0.459         0.394         0.603
 GHQ_10         0.485         0.554         0.499         0.453         0.526
 GHQ_11         0.465         0.495         0.551         0.457         0.480
 GHQ_12         0.533         0.433         0.533         0.477         0.445


           CORRELATION MATRIX (WITH VARIANCES ON THE DIAGONAL)
              GHQ_6         GHQ_7         GHQ_8         GHQ_9         GHQ_10
              ________      ________      ________      ________      ________
 GHQ_7          0.519
 GHQ_8          0.431         0.514
 GHQ_9          0.692         0.570         0.458
 GHQ_10         0.657         0.499         0.473         0.758
 GHQ_11         0.658         0.474         0.460         0.761         0.803
 GHQ_12         0.511         0.633         0.514         0.683         0.576


           CORRELATION MATRIX (WITH VARIANCES ON THE DIAGONAL)
              GHQ_11        GHQ_12
              ________      ________
 GHQ_12         0.610


     ESTIMATED SAMPLE STATISTICS FOR TEL


           MEANS/INTERCEPTS/THRESHOLDS
              GHQ_1$1       GHQ_1$2       GHQ_1$3       GHQ_2$1       GHQ_2$2
              ________      ________      ________      ________      ________
               -0.997         0.941         1.735        -0.322         0.767


           MEANS/INTERCEPTS/THRESHOLDS
              GHQ_2$3       GHQ_3$1       GHQ_3$2       GHQ_3$3       GHQ_4$1
              ________      ________      ________      ________      ________
                1.442        -0.723         1.177         2.040        -0.609


           MEANS/INTERCEPTS/THRESHOLDS
              GHQ_4$2       GHQ_4$3       GHQ_5$1       GHQ_5$2       GHQ_5$3
              ________      ________      ________      ________      ________
                1.571         2.272        -0.831         0.518         1.428


           MEANS/INTERCEPTS/THRESHOLDS
              GHQ_6$1       GHQ_6$2       GHQ_6$3       GHQ_7$1       GHQ_7$2
              ________      ________      ________      ________      ________
               -0.281         0.988         1.840        -1.272         0.926


           MEANS/INTERCEPTS/THRESHOLDS
              GHQ_7$3       GHQ_8$1       GHQ_8$2       GHQ_8$3       GHQ_9$1
              ________      ________      ________      ________      ________
                1.798        -0.860         1.473         2.270         0.019


           MEANS/INTERCEPTS/THRESHOLDS
              GHQ_9$2       GHQ_9$3       GHQ_10$1      GHQ_10$2      GHQ_10$3
              ________      ________      ________      ________      ________
                0.899         1.822         0.108         1.119         1.957


           MEANS/INTERCEPTS/THRESHOLDS
              GHQ_11$1      GHQ_11$2      GHQ_11$3      GHQ_12$1      GHQ_12$2
              ________      ________      ________      ________      ________
                0.831         1.586         2.235        -0.815         1.270


           MEANS/INTERCEPTS/THRESHOLDS
              GHQ_12$3
              ________
                2.100


           CORRELATION MATRIX (WITH VARIANCES ON THE DIAGONAL)
              GHQ_1         GHQ_2         GHQ_3         GHQ_4         GHQ_5
              ________      ________      ________      ________      ________
 GHQ_1
 GHQ_2          0.412
 GHQ_3          0.377         0.281
 GHQ_4          0.455         0.234         0.499
 GHQ_5          0.354         0.588         0.195         0.148
 GHQ_6          0.258         0.421         0.260         0.190         0.466
 GHQ_7          0.525         0.439         0.424         0.330         0.417
 GHQ_8          0.433         0.179         0.275         0.398         0.178
 GHQ_9          0.408         0.585         0.338         0.236         0.546
 GHQ_10         0.348         0.475         0.378         0.221         0.471
 GHQ_11         0.296         0.420         0.352         0.267         0.358
 GHQ_12         0.480         0.360         0.428         0.389         0.370


           CORRELATION MATRIX (WITH VARIANCES ON THE DIAGONAL)
              GHQ_6         GHQ_7         GHQ_8         GHQ_9         GHQ_10
              ________      ________      ________      ________      ________
 GHQ_7          0.344
 GHQ_8          0.129         0.393
 GHQ_9          0.587         0.515         0.207
 GHQ_10         0.555         0.335         0.112         0.705
 GHQ_11         0.555         0.312         0.076         0.705         0.688
 GHQ_12         0.396         0.533         0.335         0.490         0.408


           CORRELATION MATRIX (WITH VARIANCES ON THE DIAGONAL)
              GHQ_11        GHQ_12
              ________      ________
 GHQ_12         0.415


     ESTIMATED SAMPLE STATISTICS FOR FTF


           MEANS/INTERCEPTS/THRESHOLDS
              GHQ_1$1       GHQ_1$2       GHQ_1$3       GHQ_2$1       GHQ_2$2
              ________      ________      ________      ________      ________
               -1.069         0.882         1.828        -0.691         0.598


           MEANS/INTERCEPTS/THRESHOLDS
              GHQ_2$3       GHQ_3$1       GHQ_3$2       GHQ_3$3       GHQ_4$1
              ________      ________      ________      ________      ________
                1.416        -0.889         1.088         1.810        -0.647


           MEANS/INTERCEPTS/THRESHOLDS
              GHQ_4$2       GHQ_4$3       GHQ_5$1       GHQ_5$2       GHQ_5$3
              ________      ________      ________      ________      ________
                1.373         2.155        -0.976         0.406         1.365


           MEANS/INTERCEPTS/THRESHOLDS
              GHQ_6$1       GHQ_6$2       GHQ_6$3       GHQ_7$1       GHQ_7$2
              ________      ________      ________      ________      ________
               -0.489         0.846         1.610        -1.109         0.868


           MEANS/INTERCEPTS/THRESHOLDS
              GHQ_7$3       GHQ_8$1       GHQ_8$2       GHQ_8$3       GHQ_9$1
              ________      ________      ________      ________      ________
                1.770        -0.875         1.190         2.007        -0.345


           MEANS/INTERCEPTS/THRESHOLDS
              GHQ_9$2       GHQ_9$3       GHQ_10$1      GHQ_10$2      GHQ_10$3
              ________      ________      ________      ________      ________
                0.663         1.368        -0.175         0.720         1.488


           MEANS/INTERCEPTS/THRESHOLDS
              GHQ_11$1      GHQ_11$2      GHQ_11$3      GHQ_12$1      GHQ_12$2
              ________      ________      ________      ________      ________
                0.454         1.127         1.762        -0.729         1.052


           MEANS/INTERCEPTS/THRESHOLDS
              GHQ_12$3
              ________
                1.873


           CORRELATION MATRIX (WITH VARIANCES ON THE DIAGONAL)
              GHQ_1         GHQ_2         GHQ_3         GHQ_4         GHQ_5
              ________      ________      ________      ________      ________
 GHQ_1
 GHQ_2          0.434
 GHQ_3          0.463         0.337
 GHQ_4          0.486         0.308         0.565
 GHQ_5          0.454         0.593         0.290         0.278
 GHQ_6          0.425         0.529         0.390         0.400         0.633
 GHQ_7          0.520         0.442         0.483         0.484         0.540
 GHQ_8          0.461         0.354         0.422         0.508         0.352
 GHQ_9          0.482         0.658         0.447         0.389         0.659
 GHQ_10         0.469         0.592         0.472         0.432         0.573
 GHQ_11         0.458         0.576         0.549         0.431         0.532
 GHQ_12         0.465         0.451         0.518         0.492         0.451


           CORRELATION MATRIX (WITH VARIANCES ON THE DIAGONAL)
              GHQ_6         GHQ_7         GHQ_8         GHQ_9         GHQ_10
              ________      ________      ________      ________      ________
 GHQ_7          0.491
 GHQ_8          0.405         0.566
 GHQ_9          0.666         0.566         0.429
 GHQ_10         0.670         0.535         0.454         0.764
 GHQ_11         0.667         0.508         0.502         0.783         0.818
 GHQ_12         0.495         0.622         0.509         0.644         0.612


           CORRELATION MATRIX (WITH VARIANCES ON THE DIAGONAL)
              GHQ_11        GHQ_12
              ________      ________
 GHQ_12         0.659


THE MODEL ESTIMATION TERMINATED NORMALLY



MODEL FIT INFORMATION

Number of Free Parameters                      118

Chi-Square Test of Model Fit

          Value                           5425.116*
          Degrees of Freedom                   188
          P-Value                           0.0000

Chi-Square Contribution From Each Group

          WEB                             3397.789
          TEL                              723.133
          FTF                             1304.194

*   The chi-square value for MLM, MLMV, MLR, ULSMV, WLSM and WLSMV cannot be used
    for chi-square difference testing in the regular way.  MLM, MLR and WLSM
    chi-square difference testing is described on the Mplus website.  MLMV, WLSMV,
    and ULSMV difference testing is done using the DIFFTEST option.

RMSEA (Root Mean Square Error Of Approximation)

          Estimate                           0.107
          90 Percent C.I.                    0.105  0.109
          Probability RMSEA <= .05           0.000

CFI/TLI

          CFI                                0.942
          TLI                                0.939

Chi-Square Test of Model Fit for the Baseline Model

          Value                          89931.567
          Degrees of Freedom                   198
          P-Value                           0.0000

SRMR (Standardized Root Mean Square Residual)

          Value                              0.062

Optimum Function Value for Weighted Least-Squares Estimator

          Value                     0.27148483D+00



MODEL RESULTS

                                                    Two-Tailed
                    Estimate       S.E.  Est./S.E.    P-Value

Group WEB

 F1       BY
    GHQ_1              1.000      0.000    999.000    999.000
    GHQ_2              1.104      0.041     26.791      0.000
    GHQ_3              1.031      0.036     28.361      0.000
    GHQ_4              0.924      0.033     28.330      0.000
    GHQ_5              1.122      0.040     28.370      0.000
    GHQ_6              1.458      0.054     27.178      0.000
    GHQ_7              1.218      0.041     29.383      0.000
    GHQ_8              0.892      0.034     26.435      0.000
    GHQ_9              2.035      0.069     29.371      0.000
    GHQ_10             1.879      0.065     28.905      0.000
    GHQ_11             1.882      0.074     25.442      0.000
    GHQ_12             1.400      0.049     28.694      0.000

 Means
    F1                 0.000      0.000    999.000    999.000

 Thresholds
    GHQ_1$1           -1.615      0.030    -53.151      0.000
    GHQ_1$2            1.058      0.026     40.399      0.000
    GHQ_1$3            2.351      0.043     54.136      0.000
    GHQ_2$1           -1.033      0.027    -38.458      0.000
    GHQ_2$2            0.910      0.030     30.327      0.000
    GHQ_2$3            2.126      0.046     46.061      0.000
    GHQ_3$1           -1.292      0.027    -48.327      0.000
    GHQ_3$2            1.246      0.034     36.906      0.000
    GHQ_3$3            2.346      0.050     47.321      0.000
    GHQ_4$1           -1.054      0.024    -43.374      0.000
    GHQ_4$2            1.665      0.040     41.522      0.000
    GHQ_4$3            2.633      0.066     39.665      0.000
    GHQ_5$1           -1.566      0.031    -50.672      0.000
    GHQ_5$2            0.488      0.030     16.198      0.000
    GHQ_5$3            1.891      0.039     47.881      0.000
    GHQ_6$1           -0.950      0.030    -31.904      0.000
    GHQ_6$2            1.303      0.040     32.184      0.000
    GHQ_6$3            2.620      0.058     45.275      0.000
    GHQ_7$1           -1.919      0.035    -54.215      0.000
    GHQ_7$2            1.262      0.036     35.293      0.000
    GHQ_7$3            2.624      0.060     43.889      0.000
    GHQ_8$1           -1.386      0.025    -55.583      0.000
    GHQ_8$2            1.411      0.034     42.088      0.000
    GHQ_8$3            2.438      0.054     44.961      0.000
    GHQ_9$1           -1.008      0.037    -27.089      0.000
    GHQ_9$2            1.256      0.045     27.849      0.000
    GHQ_9$3            2.949      0.068     43.532      0.000
    GHQ_10$1          -0.698      0.035    -19.821      0.000
    GHQ_10$2           1.295      0.045     28.788      0.000
    GHQ_10$3           2.777      0.063     43.949      0.000
    GHQ_11$1           0.536      0.037     14.640      0.000
    GHQ_11$2           2.131      0.056     37.918      0.000
    GHQ_11$3           3.245      0.078     41.836      0.000
    GHQ_12$1          -1.362      0.031    -43.698      0.000
    GHQ_12$2           1.549      0.042     37.201      0.000
    GHQ_12$3           2.813      0.062     45.042      0.000

 Variances
    F1                 0.700      0.040     17.413      0.000

 Residual Variances
    GHQ_1              1.000      0.000    999.000    999.000
    GHQ_2              1.000      0.000    999.000    999.000
    GHQ_3              1.000      0.000    999.000    999.000
    GHQ_4              1.000      0.000    999.000    999.000
    GHQ_5              1.000      0.000    999.000    999.000
    GHQ_6              1.000      0.000    999.000    999.000
    GHQ_7              1.000      0.000    999.000    999.000
    GHQ_8              1.000      0.000    999.000    999.000
    GHQ_9              1.000      0.000    999.000    999.000
    GHQ_10             1.000      0.000    999.000    999.000
    GHQ_11             1.000      0.000    999.000    999.000
    GHQ_12             1.000      0.000    999.000    999.000

Group TEL

 F1       BY
    GHQ_1              1.000      0.000    999.000    999.000
    GHQ_2              1.089      0.102     10.683      0.000
    GHQ_3              0.786      0.080      9.863      0.000
    GHQ_4              0.663      0.066     10.030      0.000
    GHQ_5              0.981      0.089     11.045      0.000
    GHQ_6              1.006      0.092     10.899      0.000
    GHQ_7              1.013      0.082     12.410      0.000
    GHQ_8              0.532      0.062      8.554      0.000
    GHQ_9              1.870      0.184     10.175      0.000
    GHQ_10             1.428      0.146      9.791      0.000
    GHQ_11             1.158      0.147      7.874      0.000
    GHQ_12             1.003      0.087     11.517      0.000

 Means
    F1                -0.472      0.053     -8.821      0.000

 Thresholds
    GHQ_1$1           -1.615      0.030    -53.151      0.000
    GHQ_1$2            1.058      0.026     40.399      0.000
    GHQ_1$3            2.351      0.043     54.136      0.000
    GHQ_2$1           -1.033      0.027    -38.458      0.000
    GHQ_2$2            0.524      0.077      6.828      0.000
    GHQ_2$3            1.436      0.103     13.974      0.000
    GHQ_3$1           -1.292      0.027    -48.327      0.000
    GHQ_3$2            1.039      0.079     13.179      0.000
    GHQ_3$3            2.072      0.134     15.465      0.000
    GHQ_4$1           -1.054      0.024    -43.374      0.000
    GHQ_4$2            1.483      0.095     15.694      0.000
    GHQ_4$3            2.285      0.165     13.817      0.000
    GHQ_5$1           -1.566      0.031    -50.672      0.000
    GHQ_5$2            0.207      0.071      2.893      0.004
    GHQ_5$3            1.384      0.095     14.581      0.000
    GHQ_6$1           -0.950      0.030    -31.904      0.000
    GHQ_6$2            0.817      0.077     10.550      0.000
    GHQ_6$3            1.932      0.134     14.394      0.000
    GHQ_7$1           -1.919      0.035    -54.215      0.000
    GHQ_7$2            0.737      0.078      9.388      0.000
    GHQ_7$3            1.880      0.125     14.987      0.000
    GHQ_8$1           -1.386      0.025    -55.583      0.000
    GHQ_8$2            1.361      0.085     15.929      0.000
    GHQ_8$3            2.234      0.153     14.604      0.000
    GHQ_9$1           -1.008      0.037    -27.089      0.000
    GHQ_9$2            0.788      0.121      6.531      0.000
    GHQ_9$3            2.497      0.197     12.669      0.000
    GHQ_10$1          -0.698      0.035    -19.821      0.000
    GHQ_10$2           1.070      0.098     10.863      0.000
    GHQ_10$3           2.378      0.178     13.352      0.000
    GHQ_11$1           0.536      0.037     14.640      0.000
    GHQ_11$2           1.663      0.125     13.258      0.000
    GHQ_11$3           2.563      0.211     12.162      0.000
    GHQ_12$1          -1.362      0.031    -43.698      0.000
    GHQ_12$2           1.185      0.086     13.837      0.000
    GHQ_12$3           2.265      0.194     11.688      0.000

 Variances
    F1                 0.700      0.098      7.145      0.000

 Residual Variances
    GHQ_1              1.000      0.000    999.000    999.000
    GHQ_2              1.000      0.000    999.000    999.000
    GHQ_3              1.000      0.000    999.000    999.000
    GHQ_4              1.000      0.000    999.000    999.000
    GHQ_5              1.000      0.000    999.000    999.000
    GHQ_6              1.000      0.000    999.000    999.000
    GHQ_7              1.000      0.000    999.000    999.000
    GHQ_8              1.000      0.000    999.000    999.000
    GHQ_9              1.000      0.000    999.000    999.000
    GHQ_10             1.000      0.000    999.000    999.000
    GHQ_11             1.000      0.000    999.000    999.000
    GHQ_12             1.000      0.000    999.000    999.000

Group FTF

 F1       BY
    GHQ_1              1.000      0.000    999.000    999.000
    GHQ_2              1.127      0.057     19.923      0.000
    GHQ_3              0.949      0.048     19.577      0.000
    GHQ_4              0.919      0.046     20.094      0.000
    GHQ_5              1.210      0.058     20.943      0.000
    GHQ_6              1.349      0.065     20.782      0.000
    GHQ_7              1.277      0.058     21.889      0.000
    GHQ_8              0.939      0.044     21.333      0.000
    GHQ_9              2.032      0.103     19.824      0.000
    GHQ_10             2.000      0.103     19.371      0.000
    GHQ_11             2.147      0.117     18.431      0.000
    GHQ_12             1.371      0.071     19.377      0.000

 Means
    F1                -0.175      0.025     -6.920      0.000

 Thresholds
    GHQ_1$1           -1.615      0.030    -53.151      0.000
    GHQ_1$2            1.058      0.026     40.399      0.000
    GHQ_1$3            2.351      0.043     54.136      0.000
    GHQ_2$1           -1.033      0.027    -38.458      0.000
    GHQ_2$2            0.623      0.045     13.964      0.000
    GHQ_2$3            1.744      0.062     27.976      0.000
    GHQ_3$1           -1.292      0.027    -48.327      0.000
    GHQ_3$2            1.220      0.047     26.030      0.000
    GHQ_3$3            2.140      0.073     29.388      0.000
    GHQ_4$1           -1.054      0.024    -43.374      0.000
    GHQ_4$2            1.568      0.051     30.975      0.000
    GHQ_4$3            2.553      0.097     26.220      0.000
    GHQ_5$1           -1.566      0.031    -50.672      0.000
    GHQ_5$2            0.365      0.044      8.324      0.000
    GHQ_5$3            1.725      0.061     28.337      0.000
    GHQ_6$1           -0.950      0.030    -31.904      0.000
    GHQ_6$2            1.036      0.053     19.426      0.000
    GHQ_6$3            2.185      0.071     30.684      0.000
    GHQ_7$1           -1.919      0.035    -54.215      0.000
    GHQ_7$2            1.043      0.047     22.230      0.000
    GHQ_7$3            2.359      0.078     30.285      0.000
    GHQ_8$1           -1.386      0.025    -55.583      0.000
    GHQ_8$2            1.345      0.043     31.278      0.000
    GHQ_8$3            2.383      0.077     31.045      0.000
    GHQ_9$1           -1.008      0.037    -27.089      0.000
    GHQ_9$2            0.948      0.063     15.013      0.000
    GHQ_9$3            2.332      0.086     27.264      0.000
    GHQ_10$1          -0.698      0.035    -19.821      0.000
    GHQ_10$2           1.047      0.063     16.698      0.000
    GHQ_10$3           2.540      0.093     27.217      0.000
    GHQ_11$1           0.536      0.037     14.640      0.000
    GHQ_11$2           1.932      0.077     25.250      0.000
    GHQ_11$3           3.232      0.113     28.499      0.000
    GHQ_12$1          -1.362      0.031    -43.698      0.000
    GHQ_12$2           1.356      0.056     24.216      0.000
    GHQ_12$3           2.602      0.089     29.271      0.000

 Variances
    F1                 0.693      0.054     12.725      0.000

 Residual Variances
    GHQ_1              1.000      0.000    999.000    999.000
    GHQ_2              1.000      0.000    999.000    999.000
    GHQ_3              1.000      0.000    999.000    999.000
    GHQ_4              1.000      0.000    999.000    999.000
    GHQ_5              1.000      0.000    999.000    999.000
    GHQ_6              1.000      0.000    999.000    999.000
    GHQ_7              1.000      0.000    999.000    999.000
    GHQ_8              1.000      0.000    999.000    999.000
    GHQ_9              1.000      0.000    999.000    999.000
    GHQ_10             1.000      0.000    999.000    999.000
    GHQ_11             1.000      0.000    999.000    999.000
    GHQ_12             1.000      0.000    999.000    999.000


QUALITY OF NUMERICAL RESULTS

     Condition Number for the Information Matrix              0.384E-03
       (ratio of smallest to largest eigenvalue)


STANDARDIZED MODEL RESULTS


STD Standardization

                                                    Two-Tailed
                    Estimate       S.E.  Est./S.E.    P-Value

Group WEB

 F1       BY
    GHQ_1              0.837      0.024     34.826      0.000
    GHQ_2              0.924      0.025     36.310      0.000
    GHQ_3              0.863      0.024     35.975      0.000
    GHQ_4              0.773      0.023     33.663      0.000
    GHQ_5              0.939      0.023     40.401      0.000
    GHQ_6              1.220      0.033     37.128      0.000
    GHQ_7              1.019      0.027     38.418      0.000
    GHQ_8              0.746      0.021     36.048      0.000
    GHQ_9              1.703      0.038     45.138      0.000
    GHQ_10             1.572      0.037     42.798      0.000
    GHQ_11             1.574      0.048     32.661      0.000
    GHQ_12             1.171      0.029     40.196      0.000

 Means
    F1                 0.000      0.000    999.000    999.000

 Thresholds
    GHQ_1$1           -1.615      0.030    -53.151      0.000
    GHQ_1$2            1.058      0.026     40.399      0.000
    GHQ_1$3            2.351      0.043     54.136      0.000
    GHQ_2$1           -1.033      0.027    -38.458      0.000
    GHQ_2$2            0.910      0.030     30.327      0.000
    GHQ_2$3            2.126      0.046     46.061      0.000
    GHQ_3$1           -1.292      0.027    -48.327      0.000
    GHQ_3$2            1.246      0.034     36.906      0.000
    GHQ_3$3            2.346      0.050     47.321      0.000
    GHQ_4$1           -1.054      0.024    -43.374      0.000
    GHQ_4$2            1.665      0.040     41.522      0.000
    GHQ_4$3            2.633      0.066     39.665      0.000
    GHQ_5$1           -1.566      0.031    -50.672      0.000
    GHQ_5$2            0.488      0.030     16.198      0.000
    GHQ_5$3            1.891      0.039     47.881      0.000
    GHQ_6$1           -0.950      0.030    -31.904      0.000
    GHQ_6$2            1.303      0.040     32.184      0.000
    GHQ_6$3            2.620      0.058     45.275      0.000
    GHQ_7$1           -1.919      0.035    -54.215      0.000
    GHQ_7$2            1.262      0.036     35.293      0.000
    GHQ_7$3            2.624      0.060     43.889      0.000
    GHQ_8$1           -1.386      0.025    -55.583      0.000
    GHQ_8$2            1.411      0.034     42.088      0.000
    GHQ_8$3            2.438      0.054     44.961      0.000
    GHQ_9$1           -1.008      0.037    -27.089      0.000
    GHQ_9$2            1.256      0.045     27.849      0.000
    GHQ_9$3            2.949      0.068     43.532      0.000
    GHQ_10$1          -0.698      0.035    -19.821      0.000
    GHQ_10$2           1.295      0.045     28.788      0.000
    GHQ_10$3           2.777      0.063     43.949      0.000
    GHQ_11$1           0.536      0.037     14.640      0.000
    GHQ_11$2           2.131      0.056     37.918      0.000
    GHQ_11$3           3.245      0.078     41.836      0.000
    GHQ_12$1          -1.362      0.031    -43.698      0.000
    GHQ_12$2           1.549      0.042     37.201      0.000
    GHQ_12$3           2.813      0.062     45.042      0.000

 Variances
    F1                 1.000      0.000    999.000    999.000

 Residual Variances
    GHQ_1              1.000      0.000    999.000    999.000
    GHQ_2              1.000      0.000    999.000    999.000
    GHQ_3              1.000      0.000    999.000    999.000
    GHQ_4              1.000      0.000    999.000    999.000
    GHQ_5              1.000      0.000    999.000    999.000
    GHQ_6              1.000      0.000    999.000    999.000
    GHQ_7              1.000      0.000    999.000    999.000
    GHQ_8              1.000      0.000    999.000    999.000
    GHQ_9              1.000      0.000    999.000    999.000
    GHQ_10             1.000      0.000    999.000    999.000
    GHQ_11             1.000      0.000    999.000    999.000
    GHQ_12             1.000      0.000    999.000    999.000

Group TEL

 F1       BY
    GHQ_1              0.837      0.059     14.289      0.000
    GHQ_2              0.911      0.065     14.053      0.000
    GHQ_3              0.657      0.053     12.466      0.000
    GHQ_4              0.555      0.048     11.643      0.000
    GHQ_5              0.821      0.053     15.460      0.000
    GHQ_6              0.842      0.056     14.977      0.000
    GHQ_7              0.848      0.058     14.725      0.000
    GHQ_8              0.445      0.048      9.339      0.000
    GHQ_9              1.565      0.110     14.201      0.000
    GHQ_10             1.194      0.087     13.736      0.000
    GHQ_11             0.969      0.111      8.703      0.000
    GHQ_12             0.839      0.056     14.931      0.000

 Means
    F1                -0.564      0.054    -10.463      0.000

 Thresholds
    GHQ_1$1           -1.615      0.030    -53.151      0.000
    GHQ_1$2            1.058      0.026     40.399      0.000
    GHQ_1$3            2.351      0.043     54.136      0.000
    GHQ_2$1           -1.033      0.027    -38.458      0.000
    GHQ_2$2            0.524      0.077      6.828      0.000
    GHQ_2$3            1.436      0.103     13.974      0.000
    GHQ_3$1           -1.292      0.027    -48.327      0.000
    GHQ_3$2            1.039      0.079     13.179      0.000
    GHQ_3$3            2.072      0.134     15.465      0.000
    GHQ_4$1           -1.054      0.024    -43.374      0.000
    GHQ_4$2            1.483      0.095     15.694      0.000
    GHQ_4$3            2.285      0.165     13.817      0.000
    GHQ_5$1           -1.566      0.031    -50.672      0.000
    GHQ_5$2            0.207      0.071      2.893      0.004
    GHQ_5$3            1.384      0.095     14.581      0.000
    GHQ_6$1           -0.950      0.030    -31.904      0.000
    GHQ_6$2            0.817      0.077     10.550      0.000
    GHQ_6$3            1.932      0.134     14.394      0.000
    GHQ_7$1           -1.919      0.035    -54.215      0.000
    GHQ_7$2            0.737      0.078      9.388      0.000
    GHQ_7$3            1.880      0.125     14.987      0.000
    GHQ_8$1           -1.386      0.025    -55.583      0.000
    GHQ_8$2            1.361      0.085     15.929      0.000
    GHQ_8$3            2.234      0.153     14.604      0.000
    GHQ_9$1           -1.008      0.037    -27.089      0.000
    GHQ_9$2            0.788      0.121      6.531      0.000
    GHQ_9$3            2.497      0.197     12.669      0.000
    GHQ_10$1          -0.698      0.035    -19.821      0.000
    GHQ_10$2           1.070      0.098     10.863      0.000
    GHQ_10$3           2.378      0.178     13.352      0.000
    GHQ_11$1           0.536      0.037     14.640      0.000
    GHQ_11$2           1.663      0.125     13.258      0.000
    GHQ_11$3           2.563      0.211     12.162      0.000
    GHQ_12$1          -1.362      0.031    -43.698      0.000
    GHQ_12$2           1.185      0.086     13.837      0.000
    GHQ_12$3           2.265      0.194     11.688      0.000

 Variances
    F1                 1.000      0.000    999.000    999.000

 Residual Variances
    GHQ_1              1.000      0.000    999.000    999.000
    GHQ_2              1.000      0.000    999.000    999.000
    GHQ_3              1.000      0.000    999.000    999.000
    GHQ_4              1.000      0.000    999.000    999.000
    GHQ_5              1.000      0.000    999.000    999.000
    GHQ_6              1.000      0.000    999.000    999.000
    GHQ_7              1.000      0.000    999.000    999.000
    GHQ_8              1.000      0.000    999.000    999.000
    GHQ_9              1.000      0.000    999.000    999.000
    GHQ_10             1.000      0.000    999.000    999.000
    GHQ_11             1.000      0.000    999.000    999.000
    GHQ_12             1.000      0.000    999.000    999.000

Group FTF

 F1       BY
    GHQ_1              0.833      0.033     25.450      0.000
    GHQ_2              0.938      0.036     25.837      0.000
    GHQ_3              0.790      0.035     22.678      0.000
    GHQ_4              0.765      0.034     22.253      0.000
    GHQ_5              1.008      0.038     26.686      0.000
    GHQ_6              1.123      0.043     26.246      0.000
    GHQ_7              1.063      0.038     28.009      0.000
    GHQ_8              0.782      0.031     25.314      0.000
    GHQ_9              1.692      0.057     29.913      0.000
    GHQ_10             1.666      0.066     25.298      0.000
    GHQ_11             1.788      0.082     21.900      0.000
    GHQ_12             1.141      0.047     24.536      0.000

 Means
    F1                -0.211      0.031     -6.891      0.000

 Thresholds
    GHQ_1$1           -1.615      0.030    -53.151      0.000
    GHQ_1$2            1.058      0.026     40.399      0.000
    GHQ_1$3            2.351      0.043     54.136      0.000
    GHQ_2$1           -1.033      0.027    -38.458      0.000
    GHQ_2$2            0.623      0.045     13.964      0.000
    GHQ_2$3            1.744      0.062     27.976      0.000
    GHQ_3$1           -1.292      0.027    -48.327      0.000
    GHQ_3$2            1.220      0.047     26.030      0.000
    GHQ_3$3            2.140      0.073     29.388      0.000
    GHQ_4$1           -1.054      0.024    -43.374      0.000
    GHQ_4$2            1.568      0.051     30.975      0.000
    GHQ_4$3            2.553      0.097     26.220      0.000
    GHQ_5$1           -1.566      0.031    -50.672      0.000
    GHQ_5$2            0.365      0.044      8.324      0.000
    GHQ_5$3            1.725      0.061     28.337      0.000
    GHQ_6$1           -0.950      0.030    -31.904      0.000
    GHQ_6$2            1.036      0.053     19.426      0.000
    GHQ_6$3            2.185      0.071     30.684      0.000
    GHQ_7$1           -1.919      0.035    -54.215      0.000
    GHQ_7$2            1.043      0.047     22.230      0.000
    GHQ_7$3            2.359      0.078     30.285      0.000
    GHQ_8$1           -1.386      0.025    -55.583      0.000
    GHQ_8$2            1.345      0.043     31.278      0.000
    GHQ_8$3            2.383      0.077     31.045      0.000
    GHQ_9$1           -1.008      0.037    -27.089      0.000
    GHQ_9$2            0.948      0.063     15.013      0.000
    GHQ_9$3            2.332      0.086     27.264      0.000
    GHQ_10$1          -0.698      0.035    -19.821      0.000
    GHQ_10$2           1.047      0.063     16.698      0.000
    GHQ_10$3           2.540      0.093     27.217      0.000
    GHQ_11$1           0.536      0.037     14.640      0.000
    GHQ_11$2           1.932      0.077     25.250      0.000
    GHQ_11$3           3.232      0.113     28.499      0.000
    GHQ_12$1          -1.362      0.031    -43.698      0.000
    GHQ_12$2           1.356      0.056     24.216      0.000
    GHQ_12$3           2.602      0.089     29.271      0.000

 Variances
    F1                 1.000      0.000    999.000    999.000

 Residual Variances
    GHQ_1              1.000      0.000    999.000    999.000
    GHQ_2              1.000      0.000    999.000    999.000
    GHQ_3              1.000      0.000    999.000    999.000
    GHQ_4              1.000      0.000    999.000    999.000
    GHQ_5              1.000      0.000    999.000    999.000
    GHQ_6              1.000      0.000    999.000    999.000
    GHQ_7              1.000      0.000    999.000    999.000
    GHQ_8              1.000      0.000    999.000    999.000
    GHQ_9              1.000      0.000    999.000    999.000
    GHQ_10             1.000      0.000    999.000    999.000
    GHQ_11             1.000      0.000    999.000    999.000
    GHQ_12             1.000      0.000    999.000    999.000


R-SQUARE

Group WEB

    Observed                                        Two-Tailed     Scale
    Variable        Estimate       S.E.  Est./S.E.    P-Value     Factors

    GHQ_1              0.412      0.014     29.602      0.000      0.767
    GHQ_2              0.460      0.014     33.646      0.000      0.735
    GHQ_3              0.427      0.014     31.370      0.000      0.757
    GHQ_4              0.374      0.014     26.900      0.000      0.791
    GHQ_5              0.468      0.012     37.996      0.000      0.729
    GHQ_6              0.598      0.013     46.189      0.000      0.634
    GHQ_7              0.510      0.013     39.165      0.000      0.700
    GHQ_8              0.358      0.013     28.060      0.000      0.801
    GHQ_9              0.744      0.008     87.998      0.000      0.506
    GHQ_10             0.712      0.010     74.283      0.000      0.537
    GHQ_11             0.713      0.013     56.802      0.000      0.536
    GHQ_12             0.578      0.012     47.677      0.000      0.649

Group TEL

    Observed                                        Two-Tailed     Scale
    Variable        Estimate       S.E.  Est./S.E.    P-Value     Factors

    GHQ_1              0.412      0.034     12.145      0.000      0.767
    GHQ_2              0.453      0.035     12.855      0.000      0.739
    GHQ_3              0.302      0.034      8.925      0.000      0.836
    GHQ_4              0.235      0.031      7.613      0.000      0.874
    GHQ_5              0.403      0.031     12.938      0.000      0.773
    GHQ_6              0.415      0.032     12.794      0.000      0.765
    GHQ_7              0.418      0.033     12.656      0.000      0.763
    GHQ_8              0.165      0.030      5.595      0.000      0.914
    GHQ_9              0.710      0.029     24.483      0.000      0.539
    GHQ_10             0.588      0.035     16.665      0.000      0.642
    GHQ_11             0.484      0.057      8.439      0.000      0.718
    GHQ_12             0.413      0.032     12.719      0.000      0.766

Group FTF

    Observed                                        Two-Tailed     Scale
    Variable        Estimate       S.E.  Est./S.E.    P-Value     Factors

    GHQ_1              0.409      0.019     21.547      0.000      0.768
    GHQ_2              0.468      0.019     24.293      0.000      0.729
    GHQ_3              0.384      0.021     18.422      0.000      0.785
    GHQ_4              0.369      0.021     17.645      0.000      0.794
    GHQ_5              0.504      0.019     26.892      0.000      0.704
    GHQ_6              0.558      0.019     29.677      0.000      0.665
    GHQ_7              0.531      0.018     29.841      0.000      0.685
    GHQ_8              0.379      0.019     20.390      0.000      0.788
    GHQ_9              0.741      0.013     57.769      0.000      0.509
    GHQ_10             0.735      0.015     47.741      0.000      0.515
    GHQ_11             0.762      0.017     45.957      0.000      0.488
    GHQ_12             0.566      0.020     28.247      0.000      0.659


MODEL MODIFICATION INDICES

NOTE:  Modification indices for direct effects of observed dependent variables
regressed on covariates and residual covariances among observed dependent
variables may not be included.  To include these, request MODINDICES (ALL).

Minimum M.I. value for printing the modification index    10.000

                                   M.I.     E.P.C.  Std E.P.C.  StdYX E.P.C.
Group WEB


WITH Statements

GHQ_3    WITH GHQ_1               63.169     0.170      0.170        0.170
GHQ_3    WITH GHQ_2               90.007    -0.251     -0.251       -0.251
GHQ_4    WITH GHQ_1               95.259     0.205      0.205        0.205
GHQ_4    WITH GHQ_2               92.754    -0.254     -0.254       -0.254
GHQ_4    WITH GHQ_3              572.207     0.432      0.432        0.432
GHQ_5    WITH GHQ_2              527.687     0.435      0.435        0.435
GHQ_5    WITH GHQ_3              184.333    -0.352     -0.352       -0.352
GHQ_5    WITH GHQ_4              139.540    -0.290     -0.290       -0.290
GHQ_6    WITH GHQ_1               15.126    -0.106     -0.106       -0.106
GHQ_6    WITH GHQ_2               24.629     0.123      0.123        0.123
GHQ_6    WITH GHQ_3               19.107    -0.121     -0.121       -0.121
GHQ_6    WITH GHQ_4               42.369    -0.169     -0.169       -0.169
GHQ_6    WITH GHQ_5              135.104     0.269      0.269        0.269
GHQ_7    WITH GHQ_1               63.830     0.188      0.188        0.188
GHQ_7    WITH GHQ_2               13.284    -0.102     -0.102       -0.102
GHQ_7    WITH GHQ_5               11.639     0.081      0.081        0.081
GHQ_7    WITH GHQ_6               10.352    -0.089     -0.089       -0.089
GHQ_8    WITH GHQ_1               13.740     0.077      0.077        0.077
GHQ_8    WITH GHQ_2               57.049    -0.183     -0.183       -0.183
GHQ_8    WITH GHQ_3               17.299     0.088      0.088        0.088
GHQ_8    WITH GHQ_4              204.353     0.260      0.260        0.260
GHQ_8    WITH GHQ_5               47.835    -0.162     -0.162       -0.162
GHQ_8    WITH GHQ_7               72.078     0.181      0.181        0.181
GHQ_9    WITH GHQ_1               25.019    -0.172     -0.172       -0.172
GHQ_9    WITH GHQ_2               14.100     0.115      0.115        0.115
GHQ_9    WITH GHQ_3               81.622    -0.321     -0.321       -0.321
GHQ_9    WITH GHQ_4              126.409    -0.391     -0.391       -0.391
GHQ_9    WITH GHQ_6               14.870     0.117      0.117        0.117
GHQ_9    WITH GHQ_7               23.223    -0.161     -0.161       -0.161
GHQ_9    WITH GHQ_8               40.168    -0.177     -0.177       -0.177
GHQ_10   WITH GHQ_1               26.825    -0.163     -0.163       -0.163
GHQ_10   WITH GHQ_3               19.401    -0.149     -0.149       -0.149
GHQ_10   WITH GHQ_4               30.101    -0.176     -0.176       -0.176
GHQ_10   WITH GHQ_5               25.594    -0.160     -0.160       -0.160
GHQ_10   WITH GHQ_7               82.093    -0.324     -0.324       -0.324
GHQ_10   WITH GHQ_9               41.846     0.206      0.206        0.206
GHQ_11   WITH GHQ_1               34.509    -0.213     -0.213       -0.213
GHQ_11   WITH GHQ_2               37.115    -0.228     -0.228       -0.228
GHQ_11   WITH GHQ_4               21.629    -0.161     -0.161       -0.161
GHQ_11   WITH GHQ_5               56.846    -0.286     -0.286       -0.286
GHQ_11   WITH GHQ_7              112.815    -0.402     -0.402       -0.402
GHQ_11   WITH GHQ_8               17.166    -0.123     -0.123       -0.123
GHQ_11   WITH GHQ_9               18.584     0.172      0.172        0.172
GHQ_11   WITH GHQ_10             305.400     0.559      0.559        0.559
GHQ_12   WITH GHQ_1               17.254     0.106      0.106        0.106
GHQ_12   WITH GHQ_2               48.934    -0.200     -0.200       -0.200
GHQ_12   WITH GHQ_3               11.213     0.088      0.088        0.088
GHQ_12   WITH GHQ_5               44.604    -0.186     -0.186       -0.186
GHQ_12   WITH GHQ_6               47.199    -0.221     -0.221       -0.221
GHQ_12   WITH GHQ_7              131.363     0.263      0.263        0.263
GHQ_12   WITH GHQ_8               34.916     0.135      0.135        0.135
GHQ_12   WITH GHQ_9               12.570     0.114      0.114        0.114
GHQ_12   WITH GHQ_10              54.975    -0.242     -0.242       -0.242
GHQ_12   WITH GHQ_11              10.917    -0.117     -0.117       -0.117

Variances/Residual Variances

GHQ_1                             29.338    -0.175     -0.175       -0.103
GHQ_8                             16.968    -0.196     -0.196       -0.126

Means/Intercepts/Thresholds

[ GHQ_1$2  ]                      17.590     0.091      0.091        0.070
[ GHQ_1$3  ]                      26.423     0.200      0.200        0.153
[ GHQ_8$1  ]                      17.015    -0.090     -0.090       -0.072

Group TEL


No modification indices above the minimum value.

Group FTF


WITH Statements

GHQ_4    WITH GHQ_1               16.057     0.083      0.083        0.083
GHQ_4    WITH GHQ_2               13.221    -0.096     -0.096       -0.096
GHQ_4    WITH GHQ_3               64.214     0.138      0.138        0.138
GHQ_5    WITH GHQ_2               28.995     0.106      0.106        0.106
GHQ_5    WITH GHQ_3               23.588    -0.126     -0.126       -0.126
GHQ_5    WITH GHQ_4               22.481    -0.120     -0.120       -0.120
GHQ_6    WITH GHQ_5               34.671     0.134      0.134        0.134
GHQ_8    WITH GHQ_4               25.852     0.094      0.094        0.094
GHQ_8    WITH GHQ_5               10.038    -0.078     -0.078       -0.078
GHQ_8    WITH GHQ_7               33.569     0.128      0.128        0.128
GHQ_9    WITH GHQ_1               11.441    -0.115     -0.115       -0.115
GHQ_9    WITH GHQ_2               22.102     0.143      0.143        0.143
GHQ_9    WITH GHQ_3               10.805    -0.112     -0.112       -0.112
GHQ_9    WITH GHQ_4               21.533    -0.159     -0.159       -0.159
GHQ_9    WITH GHQ_5               10.041     0.105      0.105        0.105
GHQ_9    WITH GHQ_7               10.599    -0.110     -0.110       -0.110
GHQ_9    WITH GHQ_8               18.801    -0.122     -0.122       -0.122
GHQ_10   WITH GHQ_4               11.078    -0.111     -0.111       -0.111
GHQ_10   WITH GHQ_7               15.017    -0.148     -0.148       -0.148
GHQ_11   WITH GHQ_1               11.825    -0.137     -0.137       -0.137
GHQ_11   WITH GHQ_4               10.416    -0.123     -0.123       -0.123
GHQ_11   WITH GHQ_5               11.084    -0.144     -0.144       -0.144
GHQ_11   WITH GHQ_7               28.590    -0.228     -0.228       -0.228
GHQ_11   WITH GHQ_10              37.746     0.228      0.228        0.228
GHQ_12   WITH GHQ_7               18.461     0.099      0.099        0.099



SAMPLE STATISTICS FOR ESTIMATED FACTOR SCORES


     SAMPLE STATISTICS


           Means
              F1            F1_SE
              ________      ________
               -0.091         0.260


           Covariances
              F1            F1_SE
              ________      ________
 F1             0.614
 F1_SE         -0.018         0.001


           Correlations
              F1            F1_SE
              ________      ________
 F1             1.000
 F1_SE         -0.614         1.000


PLOT INFORMATION

The following plots are available:

  Histograms (sample values, estimated factor scores, estimated values, residuals)
  Scatterplots (sample values, estimated factor scores, estimated values, residuals)
  Sample proportions and estimated probabilities
  Item characteristic curves
  Information curves
  Measurement parameter plots
  Latent variable distribution plots

SAVEDATA INFORMATION


  Difference testing

  Save file
    ghq_1_configural.dat
  Save format      Free

DIAGRAM INFORMATION

  Use View Diagram under the Diagram menu in the Mplus Editor to view the diagram.
  If running Mplus from the Mplus Diagrammer, the diagram opens automatically.

  Diagram output
    c:\users\msassac6\dropbox (the university of manchester)\papers\joe s\uclmm\uclmm_r\mplus\sensitivity_design_weights

     Beginning Time:  09:20:40
        Ending Time:  09:20:42
       Elapsed Time:  00:00:02



MUTHEN & MUTHEN
3463 Stoner Ave.
Los Angeles, CA  90066

Tel: (310) 391-9971
Fax: (310) 391-8971
Web: www.StatModel.com
Support: Support@StatModel.com

Copyright (c) 1998-2021 Muthen & Muthen
