Mplus VERSION 8.6
MUTHEN & MUTHEN
07/01/2021   9:25 AM

INPUT INSTRUCTIONS

  TITLE: Your title goes here

  DATA: FILE = data.dta;

  VARIABLE:

  NAMES = audit1 bully0a bully0b bully0c bully0d bully0e bully0f bully0g adult0a
       adult0b adult0c leisa0a leisa0b leisa0c leisa0d leisa0e leisa0f leisb0a leisb0b
       leisb0c leisb0d designweight samppsu sampstratum mode locus0a locus0b locus0c
       locus0d ghq_1 ghq_2 ghq_3 ghq_4 ghq_5 ghq_6 ghq_7 ghq_8 ghq_9 ghq_10 ghq_11
       ghq_12 audit2 audit3 designweight_combin;

  MISSING=.;
  USEVARIABLES ARE bully0a
  bully0b
  bully0c
  bully0d
  bully0e
  bully0f
  bully0g;
  CATEGORICAL ARE bully0a
  bully0b
  bully0c
  bully0d
  bully0e
  bully0f
  bully0g;
  GROUPING IS mode (1=Web 2=Tel 3=Ftf);
  WEIGHT IS designweight;

                  STRATIFICATION IS sampstratum;

                  CLUSTER IS samppsu;

  ANALYSIS: TYPE IS COMPLEX;

                  ESTIMATOR = WLSMV;

                  ITERATIONS = 100000;

                  PARAMETERIZATION = THETA;

  DIFFTEST = bully0a_configural.dat;

  Model:



  f1@1;
  [f1@0];

  f1 BY bully0a@1
  bully0b (L2)
  bully0c (L3)
  bully0d (L4)
  bully0e (L5)
  bully0f (L6)
  bully0g (L7)
  ;


  [bully0a$1] (t_bully0a);
  [bully0b$1] (t_bully0b_Web);
  [bully0c$1] (t_bully0c_Web);
  [bully0d$1] (t_bully0d_Web);
  [bully0e$1] (t_bully0e_Web);
  [bully0f$1] (t_bully0f_Web);
  [bully0g$1] (t_bully0g_Web);


  bully0a@1;
  bully0b@1;
  bully0c@1;
  bully0d@1;
  bully0e@1;
  bully0f@1;
  bully0g@1;

  Model Tel:

  f1 BY bully0a@1
  bully0b (L2)
  bully0c (L3)
  bully0d (L4)
  bully0e (L5)
  bully0f (L6)
  bully0g (L7)
  ;


  [bully0a$1] (t_bully0a);
  [bully0b$1] (t_bully0b_Tel);
  [bully0c$1] (t_bully0c_Tel);
  [bully0d$1] (t_bully0d_Tel);
  [bully0e$1] (t_bully0e_Tel);
  [bully0f$1] (t_bully0f_Tel);
  [bully0g$1] (t_bully0g_Tel);


  bully0a@1;
  bully0b@1;
  bully0c@1;
  bully0d@1;
  bully0e@1;
  bully0f@1;
  bully0g@1;

  Model Ftf:

  f1 BY bully0a@1
  bully0b (L2)
  bully0c (L3)
  bully0d (L4)
  bully0e (L5)
  bully0f (L6)
  bully0g (L7)
  ;


  [bully0a$1] (t_bully0a);
  [bully0b$1] (t_bully0b_F2f);
  [bully0c$1] (t_bully0c_F2f);
  [bully0d$1] (t_bully0d_F2f);
  [bully0e$1] (t_bully0e_F2f);
  [bully0f$1] (t_bully0f_F2f);
  [bully0g$1] (t_bully0g_F2f);



  bully0a@1;
  bully0b@1;
  bully0c@1;
  bully0d@1;
  bully0e@1;
  bully0f@1;
  bully0g@1;



  SAVEDATA: DIFFTEST IS bully0a_metric.dat;
  OUTPUT: SAMPSTAT;

  MODINDICES;

  STD;

  Plot: TYPE = plot3;




*** WARNING
  Data set contains cases with missing on all variables.
  These cases were not included in the analysis.
  Number of cases with missing on all variables:  379
   1 WARNING(S) FOUND IN THE INPUT INSTRUCTIONS



Your title goes here

SUMMARY OF ANALYSIS

Number of groups                                                 3
Number of observations
   Group WEB                                                  4537
   Group TEL                                                   636
   Group FTF                                                  2017
   Total sample size                                          7190

Number of dependent variables                                    7
Number of independent variables                                  0
Number of continuous latent variables                            1

Observed dependent variables

  Binary and ordered categorical (ordinal)
   BULLY0A     BULLY0B     BULLY0C     BULLY0D     BULLY0E     BULLY0F
   BULLY0G

Continuous latent variables
   F1

Variables with special functions

  Grouping variable     MODE
  Stratification        SAMPSTRA
  Cluster variable      SAMPPSU
  Weight variable       DESIGNWE

Estimator                                                    WLSMV
Maximum number of iterations                                100000
Convergence criterion                                    0.500D-04
Maximum number of steepest descent iterations                   20
Maximum number of iterations for H1                           2000
Convergence criterion for H1                             0.100D-03
Parameterization                                             THETA
Link                                                        PROBIT

Input data file(s)
  data.dta

Input data format  FREE


SUMMARY OF DATA

   Total number of strata                       37
   Total number of clusters                    656

   Group WEB
     Number of missing data patterns            19
     Number of strata                           37
     Number of clusters                        650

   Group TEL
     Number of missing data patterns             6
     Number of strata                           37
     Number of clusters                        404

   Group FTF
     Number of missing data patterns            20
     Number of strata                           36
     Number of clusters                        604


COVARIANCE COVERAGE OF DATA

Minimum covariance coverage value   0.100


     PROPORTION OF DATA PRESENT FOR WEB


           Covariance Coverage
              BULLY0A       BULLY0B       BULLY0C       BULLY0D       BULLY0E
              ________      ________      ________      ________      ________
 BULLY0A        0.996
 BULLY0B        0.991         0.992
 BULLY0C        0.996         0.992         1.000
 BULLY0D        0.996         0.991         0.999         0.999
 BULLY0E        0.995         0.991         0.998         0.997         0.998
 BULLY0F        0.995         0.991         0.998         0.997         0.997
 BULLY0G        0.994         0.990         0.997         0.996         0.995


           Covariance Coverage
              BULLY0F       BULLY0G
              ________      ________
 BULLY0F        0.998
 BULLY0G        0.996         0.997


     PROPORTION OF DATA PRESENT FOR TEL


           Covariance Coverage
              BULLY0A       BULLY0B       BULLY0C       BULLY0D       BULLY0E
              ________      ________      ________      ________      ________
 BULLY0A        0.994
 BULLY0B        0.992         0.998
 BULLY0C        0.994         0.998         1.000
 BULLY0D        0.991         0.995         0.997         0.997
 BULLY0E        0.992         0.997         0.998         0.995         0.998
 BULLY0F        0.992         0.997         0.998         0.995         0.997
 BULLY0G        0.994         0.998         1.000         0.997         0.998


           Covariance Coverage
              BULLY0F       BULLY0G
              ________      ________
 BULLY0F        0.998
 BULLY0G        0.998         1.000


     PROPORTION OF DATA PRESENT FOR FTF


           Covariance Coverage
              BULLY0A       BULLY0B       BULLY0C       BULLY0D       BULLY0E
              ________      ________      ________      ________      ________
 BULLY0A        0.995
 BULLY0B        0.989         0.992
 BULLY0C        0.995         0.991         0.999
 BULLY0D        0.993         0.990         0.997         0.997
 BULLY0E        0.987         0.985         0.991         0.990         0.991
 BULLY0F        0.992         0.989         0.996         0.994         0.990
 BULLY0G        0.993         0.990         0.997         0.996         0.990


           Covariance Coverage
              BULLY0F       BULLY0G
              ________      ________
 BULLY0F        0.997
 BULLY0G        0.995         0.998


UNIVARIATE PROPORTIONS AND COUNTS FOR CATEGORICAL VARIABLES

  Group WEB
    BULLY0A
      Category 1    0.836         3778.587
      Category 2    0.164          743.899
    BULLY0B
      Category 1    0.840         3782.416
      Category 2    0.160          719.213
    BULLY0C
      Category 1    0.954         4325.827
      Category 2    0.046          209.892
    BULLY0D
      Category 1    0.940         4257.711
      Category 2    0.060          273.679
    BULLY0E
      Category 1    0.979         4432.155
      Category 2    0.021           95.750
    BULLY0F
      Category 1    0.933         4226.756
      Category 2    0.067          305.224
    BULLY0G
      Category 1    0.949         4295.077
      Category 2    0.051          229.930

  Group TEL
    BULLY0A
      Category 1    0.859          542.610
      Category 2    0.141           89.375
    BULLY0B
      Category 1    0.860          546.081
      Category 2    0.140           88.551
    BULLY0C
      Category 1    0.937          595.696
      Category 2    0.063           40.304
    BULLY0D
      Category 1    0.936          594.391
      Category 2    0.064           40.942
    BULLY0E
      Category 1    0.976          620.513
      Category 2    0.024           15.121
    BULLY0F
      Category 1    0.931          591.577
      Category 2    0.069           44.001
    BULLY0G
      Category 1    0.959          609.919
      Category 2    0.041           26.081

  Group FTF
    BULLY0A
      Category 1    0.818         1642.057
      Category 2    0.182          364.229
    BULLY0B
      Category 1    0.804         1606.924
      Category 2    0.196          392.952
    BULLY0C
      Category 1    0.924         1861.043
      Category 2    0.076          154.147
    BULLY0D
      Category 1    0.913         1837.542
      Category 2    0.087          176.141
    BULLY0E
      Category 1    0.971         1942.394
      Category 2    0.029           57.032
    BULLY0F
      Category 1    0.920         1848.848
      Category 2    0.080          161.674
    BULLY0G
      Category 1    0.970         1955.170
      Category 2    0.030           59.480


SAMPLE STATISTICS


     ESTIMATED SAMPLE STATISTICS FOR WEB


           MEANS/INTERCEPTS/THRESHOLDS
              BULLY0A$      BULLY0B$      BULLY0C$      BULLY0D$      BULLY0E$
              ________      ________      ________      ________      ________
                0.976         0.995         1.682         1.551         2.031


           MEANS/INTERCEPTS/THRESHOLDS
              BULLY0F$      BULLY0G$
              ________      ________
                1.496         1.637


           CORRELATION MATRIX (WITH VARIANCES ON THE DIAGONAL)
              BULLY0A       BULLY0B       BULLY0C       BULLY0D       BULLY0E
              ________      ________      ________      ________      ________
 BULLY0A
 BULLY0B        0.781
 BULLY0C        0.573         0.517
 BULLY0D        0.612         0.611         0.518
 BULLY0E        0.593         0.718         0.515         0.755
 BULLY0F        0.359         0.396         0.464         0.457         0.411
 BULLY0G        0.424         0.404         0.328         0.397         0.526


           CORRELATION MATRIX (WITH VARIANCES ON THE DIAGONAL)
              BULLY0F       BULLY0G
              ________      ________
 BULLY0G        0.412


     ESTIMATED SAMPLE STATISTICS FOR TEL


           MEANS/INTERCEPTS/THRESHOLDS
              BULLY0A$      BULLY0B$      BULLY0C$      BULLY0D$      BULLY0E$
              ________      ________      ________      ________      ________
                1.074         1.082         1.527         1.519         1.981


           MEANS/INTERCEPTS/THRESHOLDS
              BULLY0F$      BULLY0G$
              ________      ________
                1.482         1.739


           CORRELATION MATRIX (WITH VARIANCES ON THE DIAGONAL)
              BULLY0A       BULLY0B       BULLY0C       BULLY0D       BULLY0E
              ________      ________      ________      ________      ________
 BULLY0A
 BULLY0B        0.733
 BULLY0C        0.579         0.462
 BULLY0D        0.451         0.565         0.581
 BULLY0E        0.419         0.733         0.203         0.552
 BULLY0F        0.331         0.332         0.430         0.403         0.345
 BULLY0G        0.418         0.406         0.357         0.438         0.178


           CORRELATION MATRIX (WITH VARIANCES ON THE DIAGONAL)
              BULLY0F       BULLY0G
              ________      ________
 BULLY0G        0.109


     ESTIMATED SAMPLE STATISTICS FOR FTF


           MEANS/INTERCEPTS/THRESHOLDS
              BULLY0A$      BULLY0B$      BULLY0C$      BULLY0D$      BULLY0E$
              ________      ________      ________      ________      ________
                0.909         0.854         1.429         1.356         1.903


           MEANS/INTERCEPTS/THRESHOLDS
              BULLY0F$      BULLY0G$
              ________      ________
                1.402         1.888


           CORRELATION MATRIX (WITH VARIANCES ON THE DIAGONAL)
              BULLY0A       BULLY0B       BULLY0C       BULLY0D       BULLY0E
              ________      ________      ________      ________      ________
 BULLY0A
 BULLY0B        0.756
 BULLY0C        0.553         0.566
 BULLY0D        0.616         0.748         0.654
 BULLY0E        0.530         0.682         0.567         0.757
 BULLY0F        0.544         0.567         0.466         0.560         0.558
 BULLY0G        0.466         0.517         0.411         0.460         0.350


           CORRELATION MATRIX (WITH VARIANCES ON THE DIAGONAL)
              BULLY0F       BULLY0G
              ________      ________
 BULLY0G        0.448


THE MODEL ESTIMATION TERMINATED NORMALLY



MODEL FIT INFORMATION

Number of Free Parameters                       25

Chi-Square Test of Model Fit

          Value                            190.982*
          Degrees of Freedom                    59
          P-Value                           0.0000

Chi-Square Contribution From Each Group

          WEB                              119.183
          TEL                               25.471
          FTF                               46.328

Chi-Square Test for Difference Testing

          Value                             19.333*
          Degrees of Freedom                    12
          P-Value                           0.0808

*   The chi-square value for MLM, MLMV, MLR, ULSMV, WLSM and WLSMV cannot be used
    for chi-square difference testing in the regular way.  MLM, MLR and WLSM
    chi-square difference testing is described on the Mplus website.  MLMV, WLSMV,
    and ULSMV difference testing is done using the DIFFTEST option.  The DIFFTEST
    option assumes the models are nested.  The NESTED option can be used to verify
    that the models are nested.

RMSEA (Root Mean Square Error Of Approximation)

          Estimate                           0.031
          90 Percent C.I.                    0.026  0.035
          Probability RMSEA <= .05           1.000

CFI/TLI

          CFI                                0.981
          TLI                                0.979

Chi-Square Test of Model Fit for the Baseline Model

          Value                           6889.881
          Degrees of Freedom                    63
          P-Value                           0.0000

SRMR (Standardized Root Mean Square Residual)

          Value                              0.068

Optimum Function Value for Weighted Least-Squares Estimator

          Value                     0.14916590D-01



MODEL RESULTS

                                                    Two-Tailed
                    Estimate       S.E.  Est./S.E.    P-Value

Group WEB

 F1       BY
    BULLY0A            1.000      0.000    999.000    999.000
    BULLY0B            2.668      0.348      7.660      0.000
    BULLY0C            0.926      0.059     15.672      0.000
    BULLY0D            1.366      0.086     15.864      0.000
    BULLY0E            1.448      0.127     11.438      0.000
    BULLY0F            0.714      0.049     14.712      0.000
    BULLY0G            0.645      0.052     12.387      0.000

 Means
    F1                 0.000      0.000    999.000    999.000

 Thresholds
    BULLY0A$1          1.361      0.027     49.647      0.000
    BULLY0B$1          2.837      0.325      8.730      0.000
    BULLY0C$1          2.292      0.080     28.507      0.000
    BULLY0D$1          2.626      0.119     22.120      0.000
    BULLY0E$1          3.573      0.211     16.958      0.000
    BULLY0F$1          1.838      0.058     31.454      0.000
    BULLY0G$1          1.948      0.060     32.549      0.000

 Variances
    F1                 1.000      0.000    999.000    999.000

 Residual Variances
    BULLY0A            1.000      0.000    999.000    999.000
    BULLY0B            1.000      0.000    999.000    999.000
    BULLY0C            1.000      0.000    999.000    999.000
    BULLY0D            1.000      0.000    999.000    999.000
    BULLY0E            1.000      0.000    999.000    999.000
    BULLY0F            1.000      0.000    999.000    999.000
    BULLY0G            1.000      0.000    999.000    999.000

Group TEL

 F1       BY
    BULLY0A            1.000      0.000    999.000    999.000
    BULLY0B            2.668      0.348      7.660      0.000
    BULLY0C            0.926      0.059     15.672      0.000
    BULLY0D            1.366      0.086     15.864      0.000
    BULLY0E            1.448      0.127     11.438      0.000
    BULLY0F            0.714      0.049     14.712      0.000
    BULLY0G            0.645      0.052     12.387      0.000

 Means
    F1                 0.000      0.000    999.000    999.000

 Thresholds
    BULLY0A$1          1.361      0.027     49.647      0.000
    BULLY0B$1          3.082      0.399      7.729      0.000
    BULLY0C$1          2.079      0.132     15.729      0.000
    BULLY0D$1          2.571      0.175     14.708      0.000
    BULLY0E$1          3.485      0.295     11.833      0.000
    BULLY0F$1          1.820      0.110     16.564      0.000
    BULLY0G$1          2.072      0.129     16.057      0.000

 Variances
    F1                 1.000      0.000    999.000    999.000

 Residual Variances
    BULLY0A            1.000      0.000    999.000    999.000
    BULLY0B            1.000      0.000    999.000    999.000
    BULLY0C            1.000      0.000    999.000    999.000
    BULLY0D            1.000      0.000    999.000    999.000
    BULLY0E            1.000      0.000    999.000    999.000
    BULLY0F            1.000      0.000    999.000    999.000
    BULLY0G            1.000      0.000    999.000    999.000

Group FTF

 F1       BY
    BULLY0A            1.000      0.000    999.000    999.000
    BULLY0B            2.668      0.348      7.660      0.000
    BULLY0C            0.926      0.059     15.672      0.000
    BULLY0D            1.366      0.086     15.864      0.000
    BULLY0E            1.448      0.127     11.438      0.000
    BULLY0F            0.714      0.049     14.712      0.000
    BULLY0G            0.645      0.052     12.387      0.000

 Means
    F1                 0.000      0.000    999.000    999.000

 Thresholds
    BULLY0A$1          1.361      0.027     49.647      0.000
    BULLY0B$1          2.433      0.296      8.222      0.000
    BULLY0C$1          1.947      0.081     24.156      0.000
    BULLY0D$1          2.296      0.111     20.697      0.000
    BULLY0E$1          3.351      0.211     15.852      0.000
    BULLY0F$1          1.723      0.066     26.303      0.000
    BULLY0G$1          2.247      0.089     25.346      0.000

 Variances
    F1                 1.000      0.000    999.000    999.000

 Residual Variances
    BULLY0A            1.000      0.000    999.000    999.000
    BULLY0B            1.000      0.000    999.000    999.000
    BULLY0C            1.000      0.000    999.000    999.000
    BULLY0D            1.000      0.000    999.000    999.000
    BULLY0E            1.000      0.000    999.000    999.000
    BULLY0F            1.000      0.000    999.000    999.000
    BULLY0G            1.000      0.000    999.000    999.000


QUALITY OF NUMERICAL RESULTS

     Condition Number for the Information Matrix              0.250E-02
       (ratio of smallest to largest eigenvalue)


IRT PARAMETERIZATION

                                                    Two-Tailed
                    Estimate       S.E.  Est./S.E.    P-Value

Group WEB

 Item Discriminations

 F1       BY
    BULLY0A            1.000      0.000      0.000      1.000
    BULLY0B            2.668      0.348      7.660      0.000
    BULLY0C            0.926      0.059     15.672      0.000
    BULLY0D            1.366      0.086     15.864      0.000
    BULLY0E            1.448      0.127     11.438      0.000
    BULLY0F            0.714      0.049     14.712      0.000
    BULLY0G            0.645      0.052     12.387      0.000

 Means
    F1                 0.000      0.000      0.000      1.000

 Item Difficulties
    BULLY0A$1          1.361      0.027     49.647      0.000
    BULLY0B$1          1.063      0.034     31.554      0.000
    BULLY0C$1          2.476      0.101     24.510      0.000
    BULLY0D$1          1.923      0.060     32.174      0.000
    BULLY0E$1          2.467      0.095     25.864      0.000
    BULLY0F$1          2.573      0.131     19.675      0.000
    BULLY0G$1          3.021      0.192     15.754      0.000

 Variances
    F1                 1.000      0.000      0.000      1.000

Group TEL

 Item Discriminations

 F1       BY
    BULLY0A            1.000      0.000      0.000      1.000
    BULLY0B            2.668      0.348      7.660      0.000
    BULLY0C            0.926      0.059     15.672      0.000
    BULLY0D            1.366      0.086     15.864      0.000
    BULLY0E            1.448      0.127     11.438      0.000
    BULLY0F            0.714      0.049     14.712      0.000
    BULLY0G            0.645      0.052     12.387      0.000

 Means
    F1                 0.000      0.000      0.000      1.000

 Item Difficulties
    BULLY0A$1          1.361      0.027     49.647      0.000
    BULLY0B$1          1.155      0.075     15.340      0.000
    BULLY0C$1          2.245      0.154     14.620      0.000
    BULLY0D$1          1.882      0.115     16.319      0.000
    BULLY0E$1          2.407      0.164     14.635      0.000
    BULLY0F$1          2.547      0.183     13.900      0.000
    BULLY0G$1          3.214      0.264     12.161      0.000

 Variances
    F1                 1.000      0.000      0.000      1.000

Group FTF

 Item Discriminations

 F1       BY
    BULLY0A            1.000      0.000      0.000      1.000
    BULLY0B            2.668      0.348      7.660      0.000
    BULLY0C            0.926      0.059     15.672      0.000
    BULLY0D            1.366      0.086     15.864      0.000
    BULLY0E            1.448      0.127     11.438      0.000
    BULLY0F            0.714      0.049     14.712      0.000
    BULLY0G            0.645      0.052     12.387      0.000

 Means
    F1                 0.000      0.000      0.000      1.000

 Item Difficulties
    BULLY0A$1          1.361      0.027     49.647      0.000
    BULLY0B$1          0.912      0.040     22.685      0.000
    BULLY0C$1          2.103      0.103     20.420      0.000
    BULLY0D$1          1.681      0.067     25.113      0.000
    BULLY0E$1          2.314      0.106     21.858      0.000
    BULLY0F$1          2.412      0.137     17.549      0.000
    BULLY0G$1          3.485      0.233     14.941      0.000

 Variances
    F1                 1.000      0.000      0.000      1.000


STANDARDIZED MODEL RESULTS


STD Standardization

                                                    Two-Tailed
                    Estimate       S.E.  Est./S.E.    P-Value

Group WEB

 F1       BY
    BULLY0A            1.000      0.000    999.000    999.000
    BULLY0B            2.668      0.348      7.660      0.000
    BULLY0C            0.926      0.059     15.672      0.000
    BULLY0D            1.366      0.086     15.864      0.000
    BULLY0E            1.448      0.127     11.438      0.000
    BULLY0F            0.714      0.049     14.712      0.000
    BULLY0G            0.645      0.052     12.387      0.000

 Means
    F1                 0.000      0.000    999.000    999.000

 Thresholds
    BULLY0A$1          1.361      0.027     49.647      0.000
    BULLY0B$1          2.837      0.325      8.730      0.000
    BULLY0C$1          2.292      0.080     28.507      0.000
    BULLY0D$1          2.626      0.119     22.120      0.000
    BULLY0E$1          3.573      0.211     16.958      0.000
    BULLY0F$1          1.838      0.058     31.454      0.000
    BULLY0G$1          1.948      0.060     32.549      0.000

 Variances
    F1                 1.000      0.000    999.000    999.000

 Residual Variances
    BULLY0A            1.000      0.000    999.000    999.000
    BULLY0B            1.000      0.000    999.000    999.000
    BULLY0C            1.000      0.000    999.000    999.000
    BULLY0D            1.000      0.000    999.000    999.000
    BULLY0E            1.000      0.000    999.000    999.000
    BULLY0F            1.000      0.000    999.000    999.000
    BULLY0G            1.000      0.000    999.000    999.000

Group TEL

 F1       BY
    BULLY0A            1.000      0.000    999.000    999.000
    BULLY0B            2.668      0.348      7.660      0.000
    BULLY0C            0.926      0.059     15.672      0.000
    BULLY0D            1.366      0.086     15.864      0.000
    BULLY0E            1.448      0.127     11.438      0.000
    BULLY0F            0.714      0.049     14.712      0.000
    BULLY0G            0.645      0.052     12.387      0.000

 Means
    F1                 0.000      0.000    999.000    999.000

 Thresholds
    BULLY0A$1          1.361      0.027     49.647      0.000
    BULLY0B$1          3.082      0.399      7.729      0.000
    BULLY0C$1          2.079      0.132     15.729      0.000
    BULLY0D$1          2.571      0.175     14.708      0.000
    BULLY0E$1          3.485      0.295     11.833      0.000
    BULLY0F$1          1.820      0.110     16.564      0.000
    BULLY0G$1          2.072      0.129     16.057      0.000

 Variances
    F1                 1.000      0.000    999.000    999.000

 Residual Variances
    BULLY0A            1.000      0.000    999.000    999.000
    BULLY0B            1.000      0.000    999.000    999.000
    BULLY0C            1.000      0.000    999.000    999.000
    BULLY0D            1.000      0.000    999.000    999.000
    BULLY0E            1.000      0.000    999.000    999.000
    BULLY0F            1.000      0.000    999.000    999.000
    BULLY0G            1.000      0.000    999.000    999.000

Group FTF

 F1       BY
    BULLY0A            1.000      0.000    999.000    999.000
    BULLY0B            2.668      0.348      7.660      0.000
    BULLY0C            0.926      0.059     15.672      0.000
    BULLY0D            1.366      0.086     15.864      0.000
    BULLY0E            1.448      0.127     11.438      0.000
    BULLY0F            0.714      0.049     14.712      0.000
    BULLY0G            0.645      0.052     12.387      0.000

 Means
    F1                 0.000      0.000    999.000    999.000

 Thresholds
    BULLY0A$1          1.361      0.027     49.647      0.000
    BULLY0B$1          2.433      0.296      8.222      0.000
    BULLY0C$1          1.947      0.081     24.156      0.000
    BULLY0D$1          2.296      0.111     20.697      0.000
    BULLY0E$1          3.351      0.211     15.852      0.000
    BULLY0F$1          1.723      0.066     26.303      0.000
    BULLY0G$1          2.247      0.089     25.346      0.000

 Variances
    F1                 1.000      0.000    999.000    999.000

 Residual Variances
    BULLY0A            1.000      0.000    999.000    999.000
    BULLY0B            1.000      0.000    999.000    999.000
    BULLY0C            1.000      0.000    999.000    999.000
    BULLY0D            1.000      0.000    999.000    999.000
    BULLY0E            1.000      0.000    999.000    999.000
    BULLY0F            1.000      0.000    999.000    999.000
    BULLY0G            1.000      0.000    999.000    999.000


R-SQUARE

Group WEB

    Observed                                        Two-Tailed     Scale
    Variable        Estimate       S.E.  Est./S.E.    P-Value     Factors

    BULLY0A            0.500      0.000    999.000    999.000      0.707
    BULLY0B            0.877      0.028     31.096      0.000      0.351
    BULLY0C            0.462      0.032     14.553      0.000      0.734
    BULLY0D            0.651      0.029     22.723      0.000      0.591
    BULLY0E            0.677      0.038     17.712      0.000      0.568
    BULLY0F            0.338      0.030     11.110      0.000      0.814
    BULLY0G            0.294      0.033      8.769      0.000      0.840

Group TEL

    Observed                                        Two-Tailed     Scale
    Variable        Estimate       S.E.  Est./S.E.    P-Value     Factors

    BULLY0A            0.500      0.000    999.000    999.000      0.707
    BULLY0B            0.877      0.028     31.096      0.000      0.351
    BULLY0C            0.462      0.032     14.553      0.000      0.734
    BULLY0D            0.651      0.029     22.723      0.000      0.591
    BULLY0E            0.677      0.038     17.712      0.000      0.568
    BULLY0F            0.338      0.030     11.110      0.000      0.814
    BULLY0G            0.294      0.033      8.769      0.000      0.840

Group FTF

    Observed                                        Two-Tailed     Scale
    Variable        Estimate       S.E.  Est./S.E.    P-Value     Factors

    BULLY0A            0.500      0.000    999.000    999.000      0.707
    BULLY0B            0.877      0.028     31.096      0.000      0.351
    BULLY0C            0.462      0.032     14.553      0.000      0.734
    BULLY0D            0.651      0.029     22.723      0.000      0.591
    BULLY0E            0.677      0.038     17.712      0.000      0.568
    BULLY0F            0.338      0.030     11.110      0.000      0.814
    BULLY0G            0.294      0.033      8.769      0.000      0.840


MODEL MODIFICATION INDICES

NOTE:  Modification indices for direct effects of observed dependent variables
regressed on covariates and residual covariances among observed dependent
variables may not be included.  To include these, request MODINDICES (ALL).

Minimum M.I. value for printing the modification index    10.000

                                   M.I.     E.P.C.  Std E.P.C.  StdYX E.P.C.
Group WEB


BY Statements

F1       BY BULLY0A               25.290     0.197      0.197        0.139

WITH Statements

BULLY0B  WITH BULLY0A             48.336     0.585      0.585        0.585
BULLY0C  WITH BULLY0B             10.744    -0.538     -0.538       -0.538
BULLY0D  WITH BULLY0B             20.369    -0.839     -0.839       -0.839
BULLY0F  WITH BULLY0B             13.650    -0.593     -0.593       -0.593

Variances/Residual Variances

BULLY0A                           32.836    -0.448     -0.448       -0.224

Group TEL


No modification indices above the minimum value.

Group FTF


ON/BY Statements

F1       ON F1       /
F1       BY F1                    14.310     0.086      0.086        0.086

Variances/Residual Variances

F1                                14.310     0.171      0.171        0.171



SAMPLE STATISTICS FOR ESTIMATED FACTOR SCORES


     SAMPLE STATISTICS


           Means
              F1            F1_SE
              ________      ________
                0.147         0.711


           Covariances
              F1            F1_SE
              ________      ________
 F1             0.395
 F1_SE         -0.113         0.038


           Correlations
              F1            F1_SE
              ________      ________
 F1             1.000
 F1_SE         -0.919         1.000


PLOT INFORMATION

The following plots are available:

  Histograms (sample values, estimated factor scores, estimated values, residuals)
  Scatterplots (sample values, estimated factor scores, estimated values, residuals)
  Sample proportions and estimated probabilities
  Item characteristic curves
  Information curves
  Measurement parameter plots
  Latent variable distribution plots

SAVEDATA INFORMATION


  Difference testing

  Save file
    bully0a_metric.dat
  Save format      Free

DIAGRAM INFORMATION

  Use View Diagram under the Diagram menu in the Mplus Editor to view the diagram.
  If running Mplus from the Mplus Diagrammer, the diagram opens automatically.

  Diagram output
    c:\users\msassac6\dropbox (the university of manchester)\papers\joe s\uclmm\uclmm_r\mplus\sensitivity_design_weights

     Beginning Time:  09:25:21
        Ending Time:  09:25:21
       Elapsed Time:  00:00:00



MUTHEN & MUTHEN
3463 Stoner Ave.
Los Angeles, CA  90066

Tel: (310) 391-9971
Fax: (310) 391-8971
Web: www.StatModel.com
Support: Support@StatModel.com

Copyright (c) 1998-2021 Muthen & Muthen
