Mplus VERSION 8.6
MUTHEN & MUTHEN
07/01/2021   9:22 AM

INPUT INSTRUCTIONS

  TITLE: Your title goes here

  DATA: FILE = data.dta;

  VARIABLE:

  NAMES = audit1 bully0a bully0b bully0c bully0d bully0e bully0f bully0g adult0a
       adult0b adult0c leisa0a leisa0b leisa0c leisa0d leisa0e leisa0f leisb0a leisb0b
       leisb0c leisb0d designweight samppsu sampstratum mode locus0a locus0b locus0c
       locus0d ghq_1 ghq_2 ghq_3 ghq_4 ghq_5 ghq_6 ghq_7 ghq_8 ghq_9 ghq_10 ghq_11
       ghq_12 audit2 audit3 designweight_combin;

  MISSING=.;
  USEVARIABLES ARE leisb0a
  leisb0b
  leisb0c
  leisb0d;
  CATEGORICAL ARE leisb0a
  leisb0b
  leisb0c
  leisb0d;
  GROUPING IS mode (1=Web 2=Tel 3=Ftf);
  WEIGHT IS designweight;

                  STRATIFICATION IS sampstratum;

                  CLUSTER IS samppsu;

  ANALYSIS: TYPE IS COMPLEX;

                  ESTIMATOR = WLSMV;

                  ITERATIONS = 100000;

                  PARAMETERIZATION = THETA;

  DIFFTEST = leisb0a_configural.dat;
  Model:


  f1 BY leisb0a@1
  leisb0b (L2)
  leisb0c (L3)
  leisb0d (L4)
  ;


  [leisb0a$1] (t_leisb0a_1);
  [leisb0a$2] (t_leisb0a_2);
  [leisb0a$3] (t_leisb0a_3);

  [leisb0b$1] (t_leisb0b_1);
  [leisb0b$2] (t_leisb0b_2_Web);
  [leisb0b$3] (t_leisb0b_3_Web);

  [leisb0c$1] (t_leisb0c_1);
  [leisb0c$2] (t_leisb0c_2_Web);
  [leisb0c$3] (t_leisb0c_3_Web);

  [leisb0d$1] (t_leisb0d_1);
  [leisb0d$2] (t_leisb0d_2_Web);
  [leisb0d$3] (t_leisb0d_3_Web);
  leisb0a@1;
  leisb0b@1;
  leisb0c@1;
  leisb0d@1;

  Model Tel:

  f1 BY leisb0a@1
  leisb0b (L2)
  leisb0c (L3)
  leisb0d (L4)
  ;


  [leisb0a$1] (t_leisb0a_1);
  [leisb0a$2] (t_leisb0a_2);
  [leisb0a$3] (t_leisb0a_3);

  [leisb0b$1] (t_leisb0b_1);
  [leisb0b$2] (t_leisb0b_2_Tel);
  [leisb0b$3] (t_leisb0b_3_Tel);

  [leisb0c$1] (t_leisb0c_1);
  [leisb0c$2] (t_leisb0c_2_Tel);
  [leisb0c$3] (t_leisb0c_3_Tel);

  [leisb0d$1] (t_leisb0d_1);
  [leisb0d$2] (t_leisb0d_2_Tel);
  [leisb0d$3] (t_leisb0d_3_Tel);
  leisb0a@1;
  leisb0b@1;
  leisb0c@1;
  leisb0d@1;

  Model Ftf:

  f1 BY leisb0a@1
  leisb0b (L2)
  leisb0c (L3)
  leisb0d (L4)
  ;


  [leisb0a$1] (t_leisb0a_1);
  [leisb0a$2] (t_leisb0a_2);
  [leisb0a$3] (t_leisb0a_3);

  [leisb0b$1] (t_leisb0b_1);
  [leisb0b$2] (t_leisb0b_2_Ftf);
  [leisb0b$3] (t_leisb0b_3_Ftf);

  [leisb0c$1] (t_leisb0c_1);
  [leisb0c$2] (t_leisb0c_2_Ftf);
  [leisb0c$3] (t_leisb0c_3_Ftf);

  [leisb0d$1] (t_leisb0d_1);
  [leisb0d$2] (t_leisb0d_2_Ftf);
  [leisb0d$3] (t_leisb0d_3_Ftf);
  leisb0a@1;
  leisb0b@1;
  leisb0c@1;
  leisb0d@1;
  SAVEDATA: DIFFTEST IS leisb0a_metric.dat;
  OUTPUT: SAMPSTAT;

  MODINDICES;

  STD;

  Plot: type = plot3;




*** WARNING
  Data set contains cases with missing on all variables.
  These cases were not included in the analysis.
  Number of cases with missing on all variables:  201
   1 WARNING(S) FOUND IN THE INPUT INSTRUCTIONS



Your title goes here

SUMMARY OF ANALYSIS

Number of groups                                                 3
Number of observations
   Group WEB                                                  4560
   Group TEL                                                   647
   Group FTF                                                  2161
   Total sample size                                          7368

Number of dependent variables                                    4
Number of independent variables                                  0
Number of continuous latent variables                            1

Observed dependent variables

  Binary and ordered categorical (ordinal)
   LEISB0A     LEISB0B     LEISB0C     LEISB0D

Continuous latent variables
   F1

Variables with special functions

  Grouping variable     MODE
  Stratification        SAMPSTRA
  Cluster variable      SAMPPSU
  Weight variable       DESIGNWE

Estimator                                                    WLSMV
Maximum number of iterations                                100000
Convergence criterion                                    0.500D-04
Maximum number of steepest descent iterations                   20
Maximum number of iterations for H1                           2000
Convergence criterion for H1                             0.100D-03
Parameterization                                             THETA
Link                                                        PROBIT

Input data file(s)
  data.dta

Input data format  FREE


SUMMARY OF DATA

   Total number of strata                       37
   Total number of clusters                    656

   Group WEB
     Number of missing data patterns             6
     Number of strata                           37
     Number of clusters                        650

   Group TEL
     Number of missing data patterns             2
     Number of strata                           37
     Number of clusters                        407

   Group FTF
     Number of missing data patterns             2
     Number of strata                           36
     Number of clusters                        618


COVARIANCE COVERAGE OF DATA

Minimum covariance coverage value   0.100


     PROPORTION OF DATA PRESENT FOR WEB


           Covariance Coverage
              LEISB0A       LEISB0B       LEISB0C       LEISB0D
              ________      ________      ________      ________
 LEISB0A        1.000
 LEISB0B        0.999         1.000
 LEISB0C        1.000         0.999         1.000
 LEISB0D        0.999         0.999         0.999         0.999


     PROPORTION OF DATA PRESENT FOR TEL


           Covariance Coverage
              LEISB0A       LEISB0B       LEISB0C       LEISB0D
              ________      ________      ________      ________
 LEISB0A        1.000
 LEISB0B        0.998         0.998
 LEISB0C        1.000         0.998         1.000
 LEISB0D        1.000         0.998         1.000         1.000


     PROPORTION OF DATA PRESENT FOR FTF


           Covariance Coverage
              LEISB0A       LEISB0B       LEISB0C       LEISB0D
              ________      ________      ________      ________
 LEISB0A        1.000
 LEISB0B        1.000         1.000
 LEISB0C        1.000         1.000         1.000
 LEISB0D        1.000         1.000         1.000         1.000


UNIVARIATE PROPORTIONS AND COUNTS FOR CATEGORICAL VARIABLES

  Group WEB
    LEISB0A
      Category 1    0.041          184.812
      Category 2    0.051          232.449
      Category 3    0.191          868.787
      Category 4    0.718         3273.557
    LEISB0B
      Category 1    0.051          230.334
      Category 2    0.097          441.471
      Category 3    0.262         1194.176
      Category 4    0.591         2691.804
    LEISB0C
      Category 1    0.024          109.314
      Category 2    0.245         1117.536
      Category 3    0.478         2178.329
      Category 4    0.253         1153.539
    LEISB0D
      Category 1    0.003           12.179
      Category 2    0.013           57.965
      Category 3    0.145          658.947
      Category 4    0.840         3826.648

  Group TEL
    LEISB0A
      Category 1    0.044           28.730
      Category 2    0.056           36.027
      Category 3    0.147           95.266
      Category 4    0.753          486.976
    LEISB0B
      Category 1    0.094           60.707
      Category 2    0.147           94.719
      Category 3    0.237          152.866
      Category 4    0.522          337.332
    LEISB0C
      Category 1    0.038           24.895
      Category 2    0.350          226.166
      Category 3    0.395          255.565
      Category 4    0.217          140.374
    LEISB0D
      Category 1    0.006            4.163
      Category 2    0.016           10.627
      Category 3    0.129           83.325
      Category 4    0.848          548.885

  Group FTF
    LEISB0A
      Category 1    0.039           84.153
      Category 2    0.037           80.115
      Category 3    0.097          210.409
      Category 4    0.827         1786.323
    LEISB0B
      Category 1    0.069          149.023
      Category 2    0.117          252.537
      Category 3    0.169          365.991
      Category 4    0.645         1392.715
    LEISB0C
      Category 1    0.038           82.283
      Category 2    0.252          544.277
      Category 3    0.356          769.715
      Category 4    0.354          763.990
    LEISB0D
      Category 1    0.005            9.828
      Category 2    0.010           21.947
      Category 3    0.072          155.154
      Category 4    0.913         1973.337


SAMPLE STATISTICS


     ESTIMATED SAMPLE STATISTICS FOR WEB


           MEANS/INTERCEPTS/THRESHOLDS
              LEISB0A$      LEISB0A$      LEISB0A$      LEISB0B$      LEISB0B$
              ________      ________      ________      ________      ________
               -1.745        -1.331        -0.577        -1.640        -1.048


           MEANS/INTERCEPTS/THRESHOLDS
              LEISB0B$      LEISB0C$      LEISB0C$      LEISB0C$      LEISB0D$
              ________      ________      ________      ________      ________
               -0.229        -1.978        -0.615         0.665        -2.785


           MEANS/INTERCEPTS/THRESHOLDS
              LEISB0D$      LEISB0D$
              ________      ________
               -2.160        -0.994


           CORRELATION MATRIX (WITH VARIANCES ON THE DIAGONAL)
              LEISB0A       LEISB0B       LEISB0C       LEISB0D
              ________      ________      ________      ________
 LEISB0A
 LEISB0B        0.699
 LEISB0C        0.399         0.392
 LEISB0D        0.615         0.522         0.401


     ESTIMATED SAMPLE STATISTICS FOR TEL


           MEANS/INTERCEPTS/THRESHOLDS
              LEISB0A$      LEISB0A$      LEISB0A$      LEISB0B$      LEISB0B$
              ________      ________      ________      ________      ________
               -1.702        -1.281        -0.683        -1.316        -0.704


           MEANS/INTERCEPTS/THRESHOLDS
              LEISB0B$      LEISB0C$      LEISB0C$      LEISB0C$      LEISB0D$
              ________      ________      ________      ________      ________
               -0.056        -1.769        -0.284         0.782        -2.487


           MEANS/INTERCEPTS/THRESHOLDS
              LEISB0D$      LEISB0D$
              ________      ________
               -1.998        -1.029


           CORRELATION MATRIX (WITH VARIANCES ON THE DIAGONAL)
              LEISB0A       LEISB0B       LEISB0C       LEISB0D
              ________      ________      ________      ________
 LEISB0A
 LEISB0B        0.600
 LEISB0C        0.377         0.298
 LEISB0D        0.529         0.404         0.194


     ESTIMATED SAMPLE STATISTICS FOR FTF


           MEANS/INTERCEPTS/THRESHOLDS
              LEISB0A$      LEISB0A$      LEISB0A$      LEISB0B$      LEISB0B$
              ________      ________      ________      ________      ________
               -1.763        -1.432        -0.941        -1.483        -0.893


           MEANS/INTERCEPTS/THRESHOLDS
              LEISB0B$      LEISB0C$      LEISB0C$      LEISB0C$      LEISB0D$
              ________      ________      ________      ________      ________
               -0.371        -1.773        -0.553         0.375        -2.608


           MEANS/INTERCEPTS/THRESHOLDS
              LEISB0D$      LEISB0D$
              ________      ________
               -2.178        -1.362


           CORRELATION MATRIX (WITH VARIANCES ON THE DIAGONAL)
              LEISB0A       LEISB0B       LEISB0C       LEISB0D
              ________      ________      ________      ________
 LEISB0A
 LEISB0B        0.664
 LEISB0C        0.399         0.390
 LEISB0D        0.584         0.419         0.369


THE MODEL ESTIMATION TERMINATED NORMALLY



MODEL FIT INFORMATION

Number of Free Parameters                       32

Chi-Square Test of Model Fit

          Value                            144.147*
          Degrees of Freedom                    22
          P-Value                           0.0000

Chi-Square Contribution From Each Group

          WEB                               58.826
          TEL                               19.107
          FTF                               66.214

Chi-Square Test for Difference Testing

          Value                             12.132*
          Degrees of Freedom                     6
          P-Value                           0.0591

*   The chi-square value for MLM, MLMV, MLR, ULSMV, WLSM and WLSMV cannot be used
    for chi-square difference testing in the regular way.  MLM, MLR and WLSM
    chi-square difference testing is described on the Mplus website.  MLMV, WLSMV,
    and ULSMV difference testing is done using the DIFFTEST option.  The DIFFTEST
    option assumes the models are nested.  The NESTED option can be used to verify
    that the models are nested.

RMSEA (Root Mean Square Error Of Approximation)

          Estimate                           0.048
          90 Percent C.I.                    0.040  0.055
          Probability RMSEA <= .05           0.694

CFI/TLI

          CFI                                0.983
          TLI                                0.986

Chi-Square Test of Model Fit for the Baseline Model

          Value                           7224.527
          Degrees of Freedom                    18
          P-Value                           0.0000

SRMR (Standardized Root Mean Square Residual)

          Value                              0.024

Optimum Function Value for Weighted Least-Squares Estimator

          Value                     0.76224277D-02



MODEL RESULTS

                                                    Two-Tailed
                    Estimate       S.E.  Est./S.E.    P-Value

Group WEB

 F1       BY
    LEISB0A            1.000      0.000    999.000    999.000
    LEISB0B            0.634      0.055     11.429      0.000
    LEISB0C            0.291      0.022     13.389      0.000
    LEISB0D            0.486      0.042     11.546      0.000

 Means
    F1                 0.000      0.000    999.000    999.000

 Thresholds
    LEISB0A$1         -3.686      0.182    -20.268      0.000
    LEISB0A$2         -2.852      0.148    -19.209      0.000
    LEISB0A$3         -1.401      0.087    -16.160      0.000
    LEISB0B$1         -2.397      0.060    -40.184      0.000
    LEISB0B$2         -1.648      0.049    -33.923      0.000
    LEISB0B$3         -0.360      0.037     -9.726      0.000
    LEISB0C$1         -2.128      0.039    -54.007      0.000
    LEISB0C$2         -0.705      0.027    -26.373      0.000
    LEISB0C$3          0.761      0.027     27.741      0.000
    LEISB0D$1         -3.633      0.108    -33.740      0.000
    LEISB0D$2         -2.951      0.081    -36.224      0.000
    LEISB0D$3         -1.359      0.046    -29.439      0.000

 Variances
    F1                 3.665      0.467      7.854      0.000

 Residual Variances
    LEISB0A            1.000      0.000    999.000    999.000
    LEISB0B            1.000      0.000    999.000    999.000
    LEISB0C            1.000      0.000    999.000    999.000
    LEISB0D            1.000      0.000    999.000    999.000

Group TEL

 F1       BY
    LEISB0A            1.000      0.000    999.000    999.000
    LEISB0B            0.634      0.055     11.429      0.000
    LEISB0C            0.291      0.022     13.389      0.000
    LEISB0D            0.486      0.042     11.546      0.000

 Means
    F1                -0.359      0.132     -2.710      0.007

 Thresholds
    LEISB0A$1         -3.686      0.182    -20.268      0.000
    LEISB0A$2         -2.852      0.148    -19.209      0.000
    LEISB0A$3         -1.401      0.087    -16.160      0.000
    LEISB0B$1         -2.397      0.060    -40.184      0.000
    LEISB0B$2         -1.245      0.092    -13.488      0.000
    LEISB0B$3         -0.310      0.087     -3.545      0.000
    LEISB0C$1         -2.128      0.039    -54.007      0.000
    LEISB0C$2         -0.419      0.066     -6.368      0.000
    LEISB0C$3          0.764      0.071     10.705      0.000
    LEISB0D$1         -3.633      0.108    -33.740      0.000
    LEISB0D$2         -2.730      0.140    -19.438      0.000
    LEISB0D$3         -1.493      0.098    -15.288      0.000

 Variances
    F1                 2.708      0.495      5.469      0.000

 Residual Variances
    LEISB0A            1.000      0.000    999.000    999.000
    LEISB0B            1.000      0.000    999.000    999.000
    LEISB0C            1.000      0.000    999.000    999.000
    LEISB0D            1.000      0.000    999.000    999.000

Group FTF

 F1       BY
    LEISB0A            1.000      0.000    999.000    999.000
    LEISB0B            0.634      0.055     11.429      0.000
    LEISB0C            0.291      0.022     13.389      0.000
    LEISB0D            0.486      0.042     11.546      0.000

 Means
    F1                 0.327      0.114      2.873      0.004

 Thresholds
    LEISB0A$1         -3.686      0.182    -20.268      0.000
    LEISB0A$2         -2.852      0.148    -19.209      0.000
    LEISB0A$3         -1.401      0.087    -16.160      0.000
    LEISB0B$1         -2.397      0.060    -40.184      0.000
    LEISB0B$2         -1.213      0.067    -18.041      0.000
    LEISB0B$3         -0.383      0.064     -5.950      0.000
    LEISB0C$1         -2.128      0.039    -54.007      0.000
    LEISB0C$2         -0.541      0.043    -12.711      0.000
    LEISB0C$3          0.527      0.046     11.526      0.000
    LEISB0D$1         -3.633      0.108    -33.740      0.000
    LEISB0D$2         -2.844      0.114    -25.003      0.000
    LEISB0D$3         -1.719      0.068    -25.305      0.000

 Variances
    F1                 3.799      0.579      6.566      0.000

 Residual Variances
    LEISB0A            1.000      0.000    999.000    999.000
    LEISB0B            1.000      0.000    999.000    999.000
    LEISB0C            1.000      0.000    999.000    999.000
    LEISB0D            1.000      0.000    999.000    999.000


QUALITY OF NUMERICAL RESULTS

     Condition Number for the Information Matrix              0.159E-03
       (ratio of smallest to largest eigenvalue)


STANDARDIZED MODEL RESULTS


STD Standardization

                                                    Two-Tailed
                    Estimate       S.E.  Est./S.E.    P-Value

Group WEB

 F1       BY
    LEISB0A            1.914      0.122     15.708      0.000
    LEISB0B            1.214      0.048     25.103      0.000
    LEISB0C            0.557      0.024     23.092      0.000
    LEISB0D            0.931      0.044     21.355      0.000

 Means
    F1                 0.000      0.000    999.000    999.000

 Thresholds
    LEISB0A$1         -3.686      0.182    -20.268      0.000
    LEISB0A$2         -2.852      0.148    -19.209      0.000
    LEISB0A$3         -1.401      0.087    -16.160      0.000
    LEISB0B$1         -2.397      0.060    -40.184      0.000
    LEISB0B$2         -1.648      0.049    -33.923      0.000
    LEISB0B$3         -0.360      0.037     -9.726      0.000
    LEISB0C$1         -2.128      0.039    -54.007      0.000
    LEISB0C$2         -0.705      0.027    -26.373      0.000
    LEISB0C$3          0.761      0.027     27.741      0.000
    LEISB0D$1         -3.633      0.108    -33.740      0.000
    LEISB0D$2         -2.951      0.081    -36.224      0.000
    LEISB0D$3         -1.359      0.046    -29.439      0.000

 Variances
    F1                 1.000      0.000    999.000    999.000

 Residual Variances
    LEISB0A            1.000      0.000    999.000    999.000
    LEISB0B            1.000      0.000    999.000    999.000
    LEISB0C            1.000      0.000    999.000    999.000
    LEISB0D            1.000      0.000    999.000    999.000

Group TEL

 F1       BY
    LEISB0A            1.646      0.150     10.939      0.000
    LEISB0B            1.044      0.074     14.137      0.000
    LEISB0C            0.479      0.034     14.075      0.000
    LEISB0D            0.800      0.059     13.551      0.000

 Means
    F1                -0.218      0.087     -2.510      0.012

 Thresholds
    LEISB0A$1         -3.686      0.182    -20.268      0.000
    LEISB0A$2         -2.852      0.148    -19.209      0.000
    LEISB0A$3         -1.401      0.087    -16.160      0.000
    LEISB0B$1         -2.397      0.060    -40.184      0.000
    LEISB0B$2         -1.245      0.092    -13.488      0.000
    LEISB0B$3         -0.310      0.087     -3.545      0.000
    LEISB0C$1         -2.128      0.039    -54.007      0.000
    LEISB0C$2         -0.419      0.066     -6.368      0.000
    LEISB0C$3          0.764      0.071     10.705      0.000
    LEISB0D$1         -3.633      0.108    -33.740      0.000
    LEISB0D$2         -2.730      0.140    -19.438      0.000
    LEISB0D$3         -1.493      0.098    -15.288      0.000

 Variances
    F1                 1.000      0.000    999.000    999.000

 Residual Variances
    LEISB0A            1.000      0.000    999.000    999.000
    LEISB0B            1.000      0.000    999.000    999.000
    LEISB0C            1.000      0.000    999.000    999.000
    LEISB0D            1.000      0.000    999.000    999.000

Group FTF

 F1       BY
    LEISB0A            1.949      0.148     13.133      0.000
    LEISB0B            1.236      0.063     19.724      0.000
    LEISB0C            0.567      0.028     20.006      0.000
    LEISB0D            0.948      0.055     17.317      0.000

 Means
    F1                 0.168      0.053      3.167      0.002

 Thresholds
    LEISB0A$1         -3.686      0.182    -20.268      0.000
    LEISB0A$2         -2.852      0.148    -19.209      0.000
    LEISB0A$3         -1.401      0.087    -16.160      0.000
    LEISB0B$1         -2.397      0.060    -40.184      0.000
    LEISB0B$2         -1.213      0.067    -18.041      0.000
    LEISB0B$3         -0.383      0.064     -5.950      0.000
    LEISB0C$1         -2.128      0.039    -54.007      0.000
    LEISB0C$2         -0.541      0.043    -12.711      0.000
    LEISB0C$3          0.527      0.046     11.526      0.000
    LEISB0D$1         -3.633      0.108    -33.740      0.000
    LEISB0D$2         -2.844      0.114    -25.003      0.000
    LEISB0D$3         -1.719      0.068    -25.305      0.000

 Variances
    F1                 1.000      0.000    999.000    999.000

 Residual Variances
    LEISB0A            1.000      0.000    999.000    999.000
    LEISB0B            1.000      0.000    999.000    999.000
    LEISB0C            1.000      0.000    999.000    999.000
    LEISB0D            1.000      0.000    999.000    999.000


R-SQUARE

Group WEB

    Observed                                        Two-Tailed     Scale
    Variable        Estimate       S.E.  Est./S.E.    P-Value     Factors

    LEISB0A            0.786      0.021     36.638      0.000      0.463
    LEISB0B            0.596      0.019     31.053      0.000      0.636
    LEISB0C            0.237      0.016     15.130      0.000      0.874
    LEISB0D            0.464      0.023     19.937      0.000      0.732

Group TEL

    Observed                                        Two-Tailed     Scale
    Variable        Estimate       S.E.  Est./S.E.    P-Value     Factors

    LEISB0A            0.730      0.036     20.280      0.000      0.519
    LEISB0B            0.521      0.035     14.767      0.000      0.692
    LEISB0C            0.187      0.022      8.652      0.000      0.902
    LEISB0D            0.391      0.035     11.117      0.000      0.781

Group FTF

    Observed                                        Two-Tailed     Scale
    Variable        Estimate       S.E.  Est./S.E.    P-Value     Factors

    LEISB0A            0.792      0.025     31.515      0.000      0.456
    LEISB0B            0.604      0.024     24.932      0.000      0.629
    LEISB0C            0.243      0.018     13.223      0.000      0.870
    LEISB0D            0.473      0.029     16.443      0.000      0.726


MODEL MODIFICATION INDICES

NOTE:  Modification indices for direct effects of observed dependent variables
regressed on covariates and residual covariances among observed dependent
variables may not be included.  To include these, request MODINDICES (ALL).

Minimum M.I. value for printing the modification index    10.000

                                   M.I.     E.P.C.  Std E.P.C.  StdYX E.P.C.
Group WEB


ON/BY Statements

F1       ON F1       /
F1       BY F1                   999.000     0.000      0.000        0.000

WITH Statements

LEISB0D  WITH LEISB0C             10.945     0.124      0.124        0.124

Variances/Residual Variances

LEISB0B                           23.205    -0.401     -0.401       -0.162
LEISB0C                           13.338    -0.209     -0.209       -0.160

Means/Intercepts/Thresholds

[ LEISB0A$ ]                      44.272     0.118      0.118        0.055
[ LEISB0B$ ]                      22.219    -0.196     -0.196       -0.124
[ LEISB0C$ ]                      13.849    -0.136     -0.136       -0.119

Group TEL


No modification indices above the minimum value.

Group FTF


ON/BY Statements

F1       ON F1       /
F1       BY F1                   999.000     0.000      0.000        0.000

Variances/Residual Variances

LEISB0B                           11.126     0.275      0.275        0.109

Means/Intercepts/Thresholds

[ LEISB0A$ ]                      25.114    -0.286     -0.286       -0.131
[ LEISB0C$ ]                      10.976     0.127      0.127        0.110



SAMPLE STATISTICS FOR ESTIMATED FACTOR SCORES


     SAMPLE STATISTICS


           Means
              F1            F1_SE
              ________      ________
               -0.161         1.087


           Covariances
              F1            F1_SE
              ________      ________
 F1             2.143
 F1_SE          0.360         0.072


           Correlations
              F1            F1_SE
              ________      ________
 F1             1.000
 F1_SE          0.918         1.000


PLOT INFORMATION

The following plots are available:

  Histograms (sample values, estimated factor scores, estimated values, residuals)
  Scatterplots (sample values, estimated factor scores, estimated values, residuals)
  Sample proportions and estimated probabilities
  Item characteristic curves
  Information curves
  Measurement parameter plots
  Latent variable distribution plots

SAVEDATA INFORMATION


  Difference testing

  Save file
    leisb0a_metric.dat
  Save format      Free

DIAGRAM INFORMATION

  Use View Diagram under the Diagram menu in the Mplus Editor to view the diagram.
  If running Mplus from the Mplus Diagrammer, the diagram opens automatically.

  Diagram output
    c:\users\msassac6\dropbox (the university of manchester)\papers\joe s\uclmm\uclmm_r\mplus\sensitivity_design_weights

     Beginning Time:  09:22:10
        Ending Time:  09:22:10
       Elapsed Time:  00:00:00



MUTHEN & MUTHEN
3463 Stoner Ave.
Los Angeles, CA  90066

Tel: (310) 391-9971
Fax: (310) 391-8971
Web: www.StatModel.com
Support: Support@StatModel.com

Copyright (c) 1998-2021 Muthen & Muthen
