Mplus VERSION 8.6
MUTHEN & MUTHEN
07/01/2021   9:25 AM

INPUT INSTRUCTIONS

  TITLE: Your title goes here

  DATA: FILE = data.dta;

  VARIABLE:

  NAMES = audit1 bully0a bully0b bully0c bully0d bully0e bully0f bully0g adult0a
       adult0b adult0c leisa0a leisa0b leisa0c leisa0d leisa0e leisa0f leisb0a leisb0b
       leisb0c leisb0d designweight samppsu sampstratum mode locus0a locus0b locus0c
       locus0d ghq_1 ghq_2 ghq_3 ghq_4 ghq_5 ghq_6 ghq_7 ghq_8 ghq_9 ghq_10 ghq_11
       ghq_12 audit2 audit3 designweight_combin;

  MISSING=.;
  USEVARIABLES ARE audit1
  audit2
  audit3;

  GROUPING IS mode (1=Web 2=Tel 3=Ftf);
  WEIGHT IS designweight;

                  STRATIFICATION IS sampstratum;

                  CLUSTER IS samppsu;

  ANALYSIS: TYPE IS COMPLEX;


                  ITERATIONS = 100000;

  DIFFTEST = audit1_metric.dat;
  Model:


  f1 BY audit1@1
  audit2 (L2)
  audit3 (L3)
  ;


  [f1@0];
  f1@1;

  Model Tel:

  f1 BY audit1@1
  audit2 (L2)
  audit3 (L3)
  ;


  Model Ftf:

  f1 BY audit1@1
  audit2 (L2)
  audit3 (L3)
  ;


  SAVEDATA: DIFFTEST IS audit1_scalar.dat;
  OUTPUT: SAMPSTAT;

  MODINDICES;

  STD;

  Plot: type = plot3;




*** WARNING in ANALYSIS command
  DIFFTEST is valid only for estimators MLMV, WLSMV and ULSMV.
  Request for DIFFTEST will be ignored.
*** WARNING in SAVEDATA command
  The DIFFTEST option is available only for the estimators MLMV, WLSMV and ULSMV.
  Request for DIFFTEST will be ignored.
   2 WARNING(S) FOUND IN THE INPUT INSTRUCTIONS



Your title goes here

SUMMARY OF ANALYSIS

Number of groups                                                 3
Number of observations
   Group WEB                                                  4725
   Group TEL                                                   671
   Group FTF                                                  2173
   Total sample size                                          7569

Number of dependent variables                                    3
Number of independent variables                                  0
Number of continuous latent variables                            1

Observed dependent variables

  Continuous
   AUDIT1      AUDIT2      AUDIT3

Continuous latent variables
   F1

Variables with special functions

  Grouping variable     MODE
  Stratification        SAMPSTRA
  Cluster variable      SAMPPSU
  Weight variable       DESIGNWE

Estimator                                                      MLR
Information matrix                                        OBSERVED
Maximum number of iterations                                100000
Convergence criterion                                    0.500D-04
Maximum number of steepest descent iterations                   20
Maximum number of iterations for H1                           2000
Convergence criterion for H1                             0.100D-03

Input data file(s)
  data.dta

Input data format  FREE


SUMMARY OF DATA

   Total number of strata                       37
   Total number of clusters                    656

   Group WEB
     Number of missing data patterns             5
     Number of strata                           37
     Number of clusters                        651

   Group TEL
     Number of missing data patterns             4
     Number of strata                           37
     Number of clusters                        416

   Group FTF
     Number of missing data patterns             4
     Number of strata                           36
     Number of clusters                        618


COVARIANCE COVERAGE OF DATA

Minimum covariance coverage value   0.100


     PROPORTION OF DATA PRESENT FOR WEB


           Covariance Coverage
              AUDIT1        AUDIT2        AUDIT3
              ________      ________      ________
 AUDIT1         0.966
 AUDIT2         0.965         0.999
 AUDIT3         0.966         0.999         0.999


     PROPORTION OF DATA PRESENT FOR TEL


           Covariance Coverage
              AUDIT1        AUDIT2        AUDIT3
              ________      ________      ________
 AUDIT1         0.958
 AUDIT2         0.957         0.999
 AUDIT3         0.955         0.996         0.997


     PROPORTION OF DATA PRESENT FOR FTF


           Covariance Coverage
              AUDIT1        AUDIT2        AUDIT3
              ________      ________      ________
 AUDIT1         0.960
 AUDIT2         0.959         0.999
 AUDIT3         0.960         0.998         1.000


SAMPLE STATISTICS


     ESTIMATED SAMPLE STATISTICS FOR WEB


           Means
              AUDIT1        AUDIT2        AUDIT3
              ________      ________      ________
                2.670         1.699         1.814


           Covariances
              AUDIT1        AUDIT2        AUDIT3
              ________      ________      ________
 AUDIT1         1.135
 AUDIT2         0.524         1.566
 AUDIT3         0.844         0.956         1.203


           Correlations
              AUDIT1        AUDIT2        AUDIT3
              ________      ________      ________
 AUDIT1         1.000
 AUDIT2         0.393         1.000
 AUDIT3         0.722         0.696         1.000


     ESTIMATED SAMPLE STATISTICS FOR TEL


           Means
              AUDIT1        AUDIT2        AUDIT3
              ________      ________      ________
                2.717         1.796         1.777


           Covariances
              AUDIT1        AUDIT2        AUDIT3
              ________      ________      ________
 AUDIT1         1.239
 AUDIT2         0.649         1.961
 AUDIT3         0.936         1.088         1.272


           Correlations
              AUDIT1        AUDIT2        AUDIT3
              ________      ________      ________
 AUDIT1         1.000
 AUDIT2         0.416         1.000
 AUDIT3         0.746         0.689         1.000


     ESTIMATED SAMPLE STATISTICS FOR FTF


           Means
              AUDIT1        AUDIT2        AUDIT3
              ________      ________      ________
                2.614         1.801         1.795


           Covariances
              AUDIT1        AUDIT2        AUDIT3
              ________      ________      ________
 AUDIT1         1.265
 AUDIT2         0.686         1.912
 AUDIT3         0.947         1.161         1.354


           Correlations
              AUDIT1        AUDIT2        AUDIT3
              ________      ________      ________
 AUDIT1         1.000
 AUDIT2         0.441         1.000
 AUDIT3         0.724         0.722         1.000


     MAXIMUM LOG-LIKELIHOOD VALUE FOR THE UNRESTRICTED (H1) MODEL IS -29852.107


UNIVARIATE SAMPLE STATISTICS


     UNIVARIATE HIGHER-ORDER MOMENT DESCRIPTIVE STATISTICS FOR WEB

         Variable/         Mean/     Skewness/   Minimum/ % with                Percentiles
        Sample Size      Variance    Kurtosis    Maximum  Min/Max      20%/60%    40%/80%    Median

     AUDIT1                2.703       0.081       1.000   21.92%       1.000      2.000      3.000
            4566.000       1.110      -0.671       5.000    3.26%       3.000      4.000
     AUDIT2                1.699       0.692       0.000   24.58%       0.000      1.000      1.000
            4720.000       1.566       0.146       5.000    3.33%       2.000      2.000
     AUDIT3                1.814      -0.098       0.000   24.57%       0.000      1.000      2.000
            4722.000       1.204      -0.487       5.000    0.19%       2.000      3.000


     UNIVARIATE HIGHER-ORDER MOMENT DESCRIPTIVE STATISTICS FOR TEL

         Variable/         Mean/     Skewness/   Minimum/ % with                Percentiles
        Sample Size      Variance    Kurtosis    Maximum  Min/Max      20%/60%    40%/80%    Median

     AUDIT1                2.773      -0.075       1.000   24.26%       1.000      2.000      3.000
             643.000       1.197      -0.803       5.000    3.27%       3.000      4.000
     AUDIT2                1.796       0.623       0.000   27.46%       0.000      1.000      1.000
             670.000       1.963      -0.302       5.000    5.22%       2.000      3.000
     AUDIT3                1.776      -0.148       0.000   27.50%       0.000      1.000      2.000
             669.000       1.272      -0.744       4.000    4.04%       2.000      3.000


     UNIVARIATE HIGHER-ORDER MOMENT DESCRIPTIVE STATISTICS FOR FTF

         Variable/         Mean/     Skewness/   Minimum/ % with                Percentiles
        Sample Size      Variance    Kurtosis    Maximum  Min/Max      20%/60%    40%/80%    Median

     AUDIT1                2.654       0.210       1.000   24.92%       1.000      2.000      2.000
            2087.000       1.237      -0.729       5.000    4.02%       3.000      4.000
     AUDIT2                1.800       0.563       0.000   27.93%       0.000      1.000      1.000
            2170.000       1.912      -0.356       5.000    4.47%       2.000      3.000
     AUDIT3                1.795      -0.046       0.000   27.90%       0.000      1.000      2.000
            2172.000       1.354      -0.661       5.000    0.28%       2.000      3.000


THE MODEL ESTIMATION TERMINATED NORMALLY

     WARNING:  THE RESIDUAL COVARIANCE MATRIX (THETA) IN GROUP WEB IS NOT
     POSITIVE DEFINITE.  THIS COULD INDICATE A NEGATIVE VARIANCE/RESIDUAL
     VARIANCE FOR AN OBSERVED VARIABLE, A CORRELATION GREATER OR EQUAL TO ONE
     BETWEEN TWO OBSERVED VARIABLES, OR A LINEAR DEPENDENCY AMONG MORE THAN TWO
     OBSERVED VARIABLES.  CHECK THE RESULTS SECTION FOR MORE INFORMATION.
     PROBLEM INVOLVING VARIABLE AUDIT3.


     WARNING:  THE RESIDUAL COVARIANCE MATRIX (THETA) IN GROUP TEL IS NOT
     POSITIVE DEFINITE.  THIS COULD INDICATE A NEGATIVE VARIANCE/RESIDUAL
     VARIANCE FOR AN OBSERVED VARIABLE, A CORRELATION GREATER OR EQUAL TO ONE
     BETWEEN TWO OBSERVED VARIABLES, OR A LINEAR DEPENDENCY AMONG MORE THAN TWO
     OBSERVED VARIABLES.  CHECK THE RESULTS SECTION FOR MORE INFORMATION.
     PROBLEM INVOLVING VARIABLE AUDIT3.


     WARNING:  THE RESIDUAL COVARIANCE MATRIX (THETA) IN GROUP FTF IS NOT
     POSITIVE DEFINITE.  THIS COULD INDICATE A NEGATIVE VARIANCE/RESIDUAL
     VARIANCE FOR AN OBSERVED VARIABLE, A CORRELATION GREATER OR EQUAL TO ONE
     BETWEEN TWO OBSERVED VARIABLES, OR A LINEAR DEPENDENCY AMONG MORE THAN TWO
     OBSERVED VARIABLES.  CHECK THE RESULTS SECTION FOR MORE INFORMATION.
     PROBLEM INVOLVING VARIABLE AUDIT3.




MODEL FIT INFORMATION

Number of Free Parameters                       14

Loglikelihood

          H0 Value                      -30126.540
          H0 Scaling Correction Factor      1.5791
            for MLR
          H1 Value                      -29852.107
          H1 Scaling Correction Factor      1.3403
            for MLR

Information Criteria

          Akaike (AIC)                   60281.081
          Bayesian (BIC)                 60378.126
          Sample-Size Adjusted BIC       60333.637
            (n* = (n + 2) / 24)

Chi-Square Test of Model Fit

          Value                            506.767*
          Degrees of Freedom                    13
          P-Value                           0.0000
          Scaling Correction Factor         1.0831
            for MLR

Chi-Square Contribution From Each Group

          WEB                              347.247
          TEL                               42.724
          FTF                              116.795

*   The chi-square value for MLM, MLMV, MLR, ULSMV, WLSM and WLSMV cannot be used
    for chi-square difference testing in the regular way.  MLM, MLR and WLSM
    chi-square difference testing is described on the Mplus website.  MLMV, WLSMV,
    and ULSMV difference testing is done using the DIFFTEST option.

RMSEA (Root Mean Square Error Of Approximation)

          Estimate                           0.123
          90 Percent C.I.                    0.114  0.132
          Probability RMSEA <= .05           0.000

CFI/TLI

          CFI                                0.924
          TLI                                0.948

Chi-Square Test of Model Fit for the Baseline Model

          Value                           6537.677
          Degrees of Freedom                     9
          P-Value                           0.0000

SRMR (Standardized Root Mean Square Residual)

          Value                              0.237



MODEL RESULTS

                                                    Two-Tailed
                    Estimate       S.E.  Est./S.E.    P-Value

Group WEB

 F1       BY
    AUDIT1             1.000      0.000    999.000    999.000
    AUDIT2             0.974      0.015     66.853      0.000
    AUDIT3             1.324      0.011    120.887      0.000

 Means
    F1                 0.000      0.000    999.000    999.000

 Intercepts
    AUDIT1             2.651      0.017    154.402      0.000
    AUDIT2             1.732      0.019     92.267      0.000
    AUDIT3             1.804      0.017    108.787      0.000

 Variances
    F1                 1.000      0.000    999.000    999.000

 Residual Variances
    AUDIT1             0.641      0.018     36.568      0.000
    AUDIT2             0.880      0.028     31.857      0.000
    AUDIT3            -0.150      0.016     -9.153      0.000

Group TEL

 F1       BY
    AUDIT1             1.000      0.000    999.000    999.000
    AUDIT2             0.974      0.015     66.853      0.000
    AUDIT3             1.324      0.011    120.887      0.000

 Means
    F1                 0.000      0.000    999.000    999.000

 Intercepts
    AUDIT1             2.651      0.017    154.402      0.000
    AUDIT2             1.732      0.019     92.267      0.000
    AUDIT3             1.804      0.017    108.787      0.000

 Variances
    F1                 1.000      0.000    999.000    999.000

 Residual Variances
    AUDIT1             0.677      0.048     14.204      0.000
    AUDIT2             1.136      0.082     13.892      0.000
    AUDIT3            -0.182      0.030     -5.993      0.000

Group FTF

 F1       BY
    AUDIT1             1.000      0.000    999.000    999.000
    AUDIT2             0.974      0.015     66.853      0.000
    AUDIT3             1.324      0.011    120.887      0.000

 Means
    F1                 0.000      0.000    999.000    999.000

 Intercepts
    AUDIT1             2.651      0.017    154.402      0.000
    AUDIT2             1.732      0.019     92.267      0.000
    AUDIT3             1.804      0.017    108.787      0.000

 Variances
    F1                 1.000      0.000    999.000    999.000

 Residual Variances
    AUDIT1             0.707      0.030     23.299      0.000
    AUDIT2             1.001      0.041     24.594      0.000
    AUDIT3            -0.148      0.021     -6.979      0.000


QUALITY OF NUMERICAL RESULTS

     Condition Number for the Information Matrix              0.541E-02
       (ratio of smallest to largest eigenvalue)


STANDARDIZED MODEL RESULTS


STD Standardization

                                                    Two-Tailed
                    Estimate       S.E.  Est./S.E.    P-Value

Group WEB

 F1       BY
    AUDIT1             1.000      0.000    999.000    999.000
    AUDIT2             0.974      0.015     66.853      0.000
    AUDIT3             1.324      0.011    120.887      0.000

 Means
    F1                 0.000      0.000    999.000    999.000

 Intercepts
    AUDIT1             2.651      0.017    154.402      0.000
    AUDIT2             1.732      0.019     92.267      0.000
    AUDIT3             1.804      0.017    108.787      0.000

 Variances
    F1                 1.000      0.000    999.000    999.000

 Residual Variances
    AUDIT1             0.641      0.018     36.568      0.000
    AUDIT2             0.880      0.028     31.857      0.000
    AUDIT3           999.000    999.000    999.000    999.000

Group TEL

 F1       BY
    AUDIT1             1.000      0.000    999.000    999.000
    AUDIT2             0.974      0.015     66.853      0.000
    AUDIT3             1.324      0.011    120.887      0.000

 Means
    F1                 0.000      0.000    999.000    999.000

 Intercepts
    AUDIT1             2.651      0.017    154.402      0.000
    AUDIT2             1.732      0.019     92.267      0.000
    AUDIT3             1.804      0.017    108.787      0.000

 Variances
    F1                 1.000      0.000    999.000    999.000

 Residual Variances
    AUDIT1             0.677      0.048     14.204      0.000
    AUDIT2             1.136      0.082     13.892      0.000
    AUDIT3           999.000    999.000    999.000    999.000

Group FTF

 F1       BY
    AUDIT1             1.000      0.000    999.000    999.000
    AUDIT2             0.974      0.015     66.853      0.000
    AUDIT3             1.324      0.011    120.887      0.000

 Means
    F1                 0.000      0.000    999.000    999.000

 Intercepts
    AUDIT1             2.651      0.017    154.402      0.000
    AUDIT2             1.732      0.019     92.267      0.000
    AUDIT3             1.804      0.017    108.787      0.000

 Variances
    F1                 1.000      0.000    999.000    999.000

 Residual Variances
    AUDIT1             0.707      0.030     23.299      0.000
    AUDIT2             1.001      0.041     24.594      0.000
    AUDIT3           999.000    999.000    999.000    999.000


R-SQUARE

Group WEB

    Observed                                        Two-Tailed
    Variable        Estimate       S.E.  Est./S.E.    P-Value

    AUDIT1             0.609      0.007     93.593      0.000
    AUDIT2             0.519      0.011     47.709      0.000
    AUDIT3          Undefined   0.10934E+01

Group TEL

    Observed                                        Two-Tailed
    Variable        Estimate       S.E.  Est./S.E.    P-Value

    AUDIT1             0.596      0.017     35.172      0.000
    AUDIT2             0.455      0.019     23.399      0.000
    AUDIT3          Undefined   0.11156E+01

Group FTF

    Observed                                        Two-Tailed
    Variable        Estimate       S.E.  Est./S.E.    P-Value

    AUDIT1             0.586      0.010     56.244      0.000
    AUDIT2             0.487      0.013     37.681      0.000
    AUDIT3          Undefined   0.10924E+01


MODEL MODIFICATION INDICES

NOTE:  Modification indices for direct effects of observed dependent variables
regressed on covariates may not be included.  To include these, request
MODINDICES (ALL).

Minimum M.I. value for printing the modification index    10.000

                                   M.I.     E.P.C.  Std E.P.C.  StdYX E.P.C.
Group WEB


BY Statements

F1       BY AUDIT1               197.921    -0.223     -0.223       -0.174

ON/BY Statements

F1       ON F1       /
F1       BY F1                   185.551    -0.187     -0.187       -0.187

WITH Statements

AUDIT2   WITH AUDIT1             101.427    -0.196     -0.196       -0.261
AUDIT3   WITH AUDIT1              63.228    -0.219     -0.219      999.000
AUDIT3   WITH AUDIT2              55.762     0.185      0.185      999.000

Variances/Residual Variances

F1                               185.551    -0.374     -0.374       -0.374

Means/Intercepts/Thresholds

[ AUDIT2   ]                      26.086    -0.039     -0.039       -0.029

Group TEL


BY Statements

F1       BY AUDIT1                16.888    -0.166     -0.166       -0.128

ON/BY Statements

F1       ON F1       /
F1       BY F1                    10.155    -0.093     -0.093       -0.093

Variances/Residual Variances

F1                                10.155    -0.185     -0.185       -0.185

Means/Intercepts/Thresholds

[ AUDIT3   ]                      13.025    -0.082     -0.082       -0.065

Group FTF


BY Statements

F1       BY AUDIT1                85.865    -0.215     -0.215       -0.165

ON/BY Statements

F1       ON F1       /
F1       BY F1                    24.472    -0.086     -0.086       -0.086

WITH Statements

AUDIT2   WITH AUDIT1              14.475    -0.090     -0.090       -0.108
AUDIT3   WITH AUDIT1              35.085    -0.191     -0.191      999.000
AUDIT3   WITH AUDIT2              35.129     0.176      0.176      999.000

Variances/Residual Variances

F1                                24.472    -0.172     -0.172       -0.172

Means/Intercepts/Thresholds

[ AUDIT2   ]                      15.458     0.071      0.071        0.051



SAMPLE STATISTICS FOR ESTIMATED FACTOR SCORES


     SAMPLE STATISTICS


           Means
              F1            F1_SE
              ________      ________
               -0.166         0.000


           Covariances
              F1            F1_SE
              ________      ________
 F1             1.003
 F1_SE          0.000         0.000


           Correlations
              F1            F1_SE
              ________      ________
 F1             1.000
 F1_SE          0.006         1.000


PLOT INFORMATION

The following plots are available:

  Histograms (sample values, estimated factor scores, estimated values, residuals)
  Scatterplots (sample values, estimated factor scores, estimated values, residuals)
  Measurement parameter plots
  Latent variable distribution plots

DIAGRAM INFORMATION

  Use View Diagram under the Diagram menu in the Mplus Editor to view the diagram.
  If running Mplus from the Mplus Diagrammer, the diagram opens automatically.

  Diagram output
    c:\users\msassac6\dropbox (the university of manchester)\papers\joe s\uclmm\uclmm_r\mplus\sensitivity_design_weights

     Beginning Time:  09:25:25
        Ending Time:  09:25:26
       Elapsed Time:  00:00:01



MUTHEN & MUTHEN
3463 Stoner Ave.
Los Angeles, CA  90066

Tel: (310) 391-9971
Fax: (310) 391-8971
Web: www.StatModel.com
Support: Support@StatModel.com

Copyright (c) 1998-2021 Muthen & Muthen
