Mplus VERSION 8.3
MUTHEN & MUTHEN
08/08/2019  12:18 PM

INPUT INSTRUCTIONS

  TITLE: Your title goes here

  DATA: FILE = data.dta;

  VARIABLE:

  NAMES = w8audit1 w8bullytype0a w8bullytype0b w8bullytype0c w8bullytype0d
       w8bullytype0e w8bullytype0f w8bullytype0g w8adult0a w8adult0b w8adult0c
       w8leisurea0a w8leisurea0b w8leisurea0c w8leisurea0d w8leisurea0e w8leisurea0f
       w8leisureb0a w8leisureb0b w8leisureb0c w8leisureb0d samppsu sampstratum w8mode
       w8locus0a w8locus0b w8locus0c w8locus0d w8ghq12_1 w8ghq12_2 w8ghq12_3 w8ghq12_4
       w8ghq12_5 w8ghq12_6 w8ghq12_7 w8ghq12_8 w8ghq12_9 w8ghq12_10 w8ghq12_11
       w8ghq12_12 w8audit2 w8audit3 designweight_combin;

  MISSING=.;
  USEVARIABLES ARE w8bullytype0a
  w8bullytype0b
  w8bullytype0c
  w8bullytype0d
  w8bullytype0e
  w8bullytype0f
  w8bullytype0g;
  CATEGORICAL ARE w8bullytype0a
  w8bullytype0b
  w8bullytype0c
  w8bullytype0d
  w8bullytype0e
  w8bullytype0f
  w8bullytype0g;
  GROUPING IS w8mode (1=Web 2=Tel 3=Ftf);
  WEIGHT IS designweight_combin;

                  STRATIFICATION IS sampstratum;

                  CLUSTER IS samppsu;

  ANALYSIS: TYPE IS COMPLEX;

                  ESTIMATOR = WLSMV;

                  ITERATIONS = 100000;

                  PARAMETERIZATION = THETA;

  DIFFTEST = w8bullytype0a_metric.dat;
  Model:


  f1@1;
  [f1@0];

  f1 BY w8bullytype0a@1
  w8bullytype0b (L2)
  w8bullytype0c (L3)
  w8bullytype0d (L4)
  w8bullytype0e (L5)
  w8bullytype0f (L6)
  w8bullytype0g (L7)
  ;


  [w8bullytype0a$1] (t_w8bullytype0a);
  [w8bullytype0b$1] (t_w8bullytype0b);
  [w8bullytype0c$1] (t_w8bullytype0c);
  [w8bullytype0d$1] (t_w8bullytype0d);
  [w8bullytype0e$1] (t_w8bullytype0e);
  [w8bullytype0f$1] (t_w8bullytype0f);
  [w8bullytype0g$1] (t_w8bullytype0g);


  w8bullytype0a@1;
  w8bullytype0b@1;
  w8bullytype0c@1;
  w8bullytype0d@1;
  w8bullytype0e@1;
  w8bullytype0f@1;
  w8bullytype0g@1;

  Model Tel:

  f1 BY w8bullytype0a@1
  w8bullytype0b (L2)
  w8bullytype0c (L3)
  w8bullytype0d (L4)
  w8bullytype0e (L5)
  w8bullytype0f (L6)
  w8bullytype0g (L7)
  ;


  [w8bullytype0a$1] (t_w8bullytype0a);
  [w8bullytype0b$1] (t_w8bullytype0b);
  [w8bullytype0c$1] (t_w8bullytype0c);
  [w8bullytype0d$1] (t_w8bullytype0d);
  [w8bullytype0e$1] (t_w8bullytype0e);
  [w8bullytype0f$1] (t_w8bullytype0f);
  [w8bullytype0g$1] (t_w8bullytype0g);


  w8bullytype0a@1;
  w8bullytype0b@1;
  w8bullytype0c@1;
  w8bullytype0d@1;
  w8bullytype0e@1;
  w8bullytype0f@1;
  w8bullytype0g@1;

  Model Ftf:

  f1 BY w8bullytype0a@1
  w8bullytype0b (L2)
  w8bullytype0c (L3)
  w8bullytype0d (L4)
  w8bullytype0e (L5)
  w8bullytype0f (L6)
  w8bullytype0g (L7)
  ;


  [w8bullytype0a$1] (t_w8bullytype0a);
  [w8bullytype0b$1] (t_w8bullytype0b);
  [w8bullytype0c$1] (t_w8bullytype0c);
  [w8bullytype0d$1] (t_w8bullytype0d);
  [w8bullytype0e$1] (t_w8bullytype0e);
  [w8bullytype0f$1] (t_w8bullytype0f);
  [w8bullytype0g$1] (t_w8bullytype0g);



  w8bullytype0a@1;
  w8bullytype0b@1;
  w8bullytype0c@1;
  w8bullytype0d@1;
  w8bullytype0e@1;
  w8bullytype0f@1;
  w8bullytype0g@1;

  SAVEDATA: DIFFTEST IS w8bullytype0a_scalar.dat;
  OUTPUT: SAMPSTAT;

  MODINDICES;

  STD;

  Plot: type = plot3;




*** WARNING in VARIABLE command
  Note that only the first 8 characters of variable names are used in the output.
  Shorten variable names to avoid any confusion.
*** WARNING in PLOT command
  Note that only the first 8 characters of variable names are used in plots.
  If variable names are not unique within the first 8 characters, problems
  may occur.
*** WARNING
  Data set contains cases with missing on all variables.
  These cases were not included in the analysis.
  Number of cases with missing on all variables:  379
   3 WARNING(S) FOUND IN THE INPUT INSTRUCTIONS



Your title goes here

SUMMARY OF ANALYSIS

Number of groups                                                 3
Number of observations
   Group WEB                                                  4537
   Group TEL                                                   636
   Group FTF                                                  2017
   Total sample size                                          7190

Number of dependent variables                                    7
Number of independent variables                                  0
Number of continuous latent variables                            1

Observed dependent variables

  Binary and ordered categorical (ordinal)
   W8BULLYT    W8BULLYT    W8BULLYT    W8BULLYT    W8BULLYT    W8BULLYT
   W8BULLYT

Continuous latent variables
   F1

Variables with special functions

  Grouping variable     W8MODE
  Stratification        SAMPSTRA
  Cluster variable      SAMPPSU
  Weight variable       DESIGNWE

Estimator                                                    WLSMV
Maximum number of iterations                                100000
Convergence criterion                                    0.500D-04
Maximum number of steepest descent iterations                   20
Maximum number of iterations for H1                           2000
Convergence criterion for H1                             0.100D-03
Parameterization                                             THETA
Link                                                        PROBIT

Input data file(s)
  data.dta

Input data format  FREE


SUMMARY OF DATA

   Total number of strata                       37
   Total number of clusters                    656

   Group WEB
     Number of missing data patterns            19
     Number of strata                           37
     Number of clusters                        650

   Group TEL
     Number of missing data patterns             6
     Number of strata                           37
     Number of clusters                        404

   Group FTF
     Number of missing data patterns            20
     Number of strata                           36
     Number of clusters                        604


COVARIANCE COVERAGE OF DATA

Minimum covariance coverage value   0.100


     PROPORTION OF DATA PRESENT FOR WEB


           Covariance Coverage
              W8BULLYT      W8BULLYT      W8BULLYT      W8BULLYT      W8BULLYT
              ________      ________      ________      ________      ________
 W8BULLYT       0.996
 W8BULLYT       0.991         0.992
 W8BULLYT       0.996         0.992         1.000
 W8BULLYT       0.996         0.991         0.999         0.999
 W8BULLYT       0.995         0.991         0.998         0.997         0.998
 W8BULLYT       0.995         0.991         0.998         0.997         0.997
 W8BULLYT       0.994         0.990         0.997         0.996         0.995


           Covariance Coverage
              W8BULLYT      W8BULLYT
              ________      ________
 W8BULLYT       0.998
 W8BULLYT       0.996         0.997


     PROPORTION OF DATA PRESENT FOR TEL


           Covariance Coverage
              W8BULLYT      W8BULLYT      W8BULLYT      W8BULLYT      W8BULLYT
              ________      ________      ________      ________      ________
 W8BULLYT       0.994
 W8BULLYT       0.992         0.998
 W8BULLYT       0.994         0.998         1.000
 W8BULLYT       0.991         0.995         0.997         0.997
 W8BULLYT       0.992         0.997         0.998         0.995         0.998
 W8BULLYT       0.992         0.997         0.998         0.995         0.997
 W8BULLYT       0.994         0.998         1.000         0.997         0.998


           Covariance Coverage
              W8BULLYT      W8BULLYT
              ________      ________
 W8BULLYT       0.998
 W8BULLYT       0.998         1.000


     PROPORTION OF DATA PRESENT FOR FTF


           Covariance Coverage
              W8BULLYT      W8BULLYT      W8BULLYT      W8BULLYT      W8BULLYT
              ________      ________      ________      ________      ________
 W8BULLYT       0.995
 W8BULLYT       0.989         0.992
 W8BULLYT       0.995         0.991         0.999
 W8BULLYT       0.993         0.990         0.997         0.997
 W8BULLYT       0.987         0.985         0.991         0.990         0.991
 W8BULLYT       0.992         0.989         0.996         0.994         0.990
 W8BULLYT       0.993         0.990         0.997         0.996         0.990


           Covariance Coverage
              W8BULLYT      W8BULLYT
              ________      ________
 W8BULLYT       0.997
 W8BULLYT       0.995         0.998


UNIVARIATE PROPORTIONS AND COUNTS FOR CATEGORICAL VARIABLES

  Group WEB
    W8BULLYT
      Category 1    0.819         3702.690
      Category 2    0.181          820.131
    W8BULLYT
      Category 1    0.839         3773.609
      Category 2    0.161          723.032
    W8BULLYT
      Category 1    0.943         4278.026
      Category 2    0.057          256.308
    W8BULLYT
      Category 1    0.936         4237.867
      Category 2    0.064          291.856
    W8BULLYT
      Category 1    0.971         4395.975
      Category 2    0.029          130.285
    W8BULLYT
      Category 1    0.930         4217.779
      Category 2    0.070          315.933
    W8BULLYT
      Category 1    0.959         4333.288
      Category 2    0.041          184.845

  Group TEL
    W8BULLYT
      Category 1    0.841          530.648
      Category 2    0.159          100.459
    W8BULLYT
      Category 1    0.842          534.296
      Category 2    0.158          100.137
    W8BULLYT
      Category 1    0.918          583.803
      Category 2    0.082           52.197
    W8BULLYT
      Category 1    0.921          584.606
      Category 2    0.079           50.440
    W8BULLYT
      Category 1    0.963          611.910
      Category 2    0.037           23.670
    W8BULLYT
      Category 1    0.932          592.376
      Category 2    0.068           43.299
    W8BULLYT
      Category 1    0.970          616.783
      Category 2    0.030           19.217

  Group FTF
    W8BULLYT
      Category 1    0.813         1630.290
      Category 2    0.187          375.538
    W8BULLYT
      Category 1    0.791         1581.304
      Category 2    0.209          418.292
    W8BULLYT
      Category 1    0.910         1835.016
      Category 2    0.090          180.682
    W8BULLYT
      Category 1    0.903         1818.919
      Category 2    0.097          195.773
    W8BULLYT
      Category 1    0.963         1918.212
      Category 2    0.037           73.678
    W8BULLYT
      Category 1    0.909         1822.372
      Category 2    0.091          182.043
    W8BULLYT
      Category 1    0.974         1963.454
      Category 2    0.026           51.516


SAMPLE STATISTICS


     ESTIMATED SAMPLE STATISTICS FOR WEB


           MEANS/INTERCEPTS/THRESHOLDS
              W8BULLYT      W8BULLYT      W8BULLYT      W8BULLYT      W8BULLYT
              ________      ________      ________      ________      ________
                0.910         0.991         1.585         1.519         1.899


           MEANS/INTERCEPTS/THRESHOLDS
              W8BULLYT      W8BULLYT
              ________      ________
                1.478         1.740


           CORRELATION MATRIX (WITH VARIANCES ON THE DIAGONAL)
              W8BULLYT      W8BULLYT      W8BULLYT      W8BULLYT      W8BULLYT
              ________      ________      ________      ________      ________
 W8BULLYT
 W8BULLYT       0.804
 W8BULLYT       0.565         0.525
 W8BULLYT       0.647         0.647         0.549
 W8BULLYT       0.701         0.795         0.486         0.811
 W8BULLYT       0.396         0.439         0.452         0.467         0.357
 W8BULLYT       0.388         0.407         0.347         0.479         0.563


           CORRELATION MATRIX (WITH VARIANCES ON THE DIAGONAL)
              W8BULLYT      W8BULLYT
              ________      ________
 W8BULLYT       0.397


     ESTIMATED SAMPLE STATISTICS FOR TEL


           MEANS/INTERCEPTS/THRESHOLDS
              W8BULLYT      W8BULLYT      W8BULLYT      W8BULLYT      W8BULLYT
              ________      ________      ________      ________      ________
                0.998         1.003         1.391         1.409         1.784


           MEANS/INTERCEPTS/THRESHOLDS
              W8BULLYT      W8BULLYT
              ________      ________
                1.490         1.878


           CORRELATION MATRIX (WITH VARIANCES ON THE DIAGONAL)
              W8BULLYT      W8BULLYT      W8BULLYT      W8BULLYT      W8BULLYT
              ________      ________      ________      ________      ________
 W8BULLYT
 W8BULLYT       0.789
 W8BULLYT       0.540         0.480
 W8BULLYT       0.440         0.578         0.450
 W8BULLYT       0.479         0.790         0.426         0.292
 W8BULLYT       0.374         0.390         0.545         0.308         0.522
 W8BULLYT       0.394         0.373         0.318         0.305         0.009


           CORRELATION MATRIX (WITH VARIANCES ON THE DIAGONAL)
              W8BULLYT      W8BULLYT
              ________      ________
 W8BULLYT       0.032


     ESTIMATED SAMPLE STATISTICS FOR FTF


           MEANS/INTERCEPTS/THRESHOLDS
              W8BULLYT      W8BULLYT      W8BULLYT      W8BULLYT      W8BULLYT
              ________      ________      ________      ________      ________
                0.888         0.809         1.343         1.298         1.787


           MEANS/INTERCEPTS/THRESHOLDS
              W8BULLYT      W8BULLYT
              ________      ________
                1.336         1.950


           CORRELATION MATRIX (WITH VARIANCES ON THE DIAGONAL)
              W8BULLYT      W8BULLYT      W8BULLYT      W8BULLYT      W8BULLYT
              ________      ________      ________      ________      ________
 W8BULLYT
 W8BULLYT       0.771
 W8BULLYT       0.591         0.606
 W8BULLYT       0.603         0.766         0.659
 W8BULLYT       0.515         0.685         0.597         0.766
 W8BULLYT       0.539         0.568         0.511         0.569         0.596
 W8BULLYT       0.407         0.453         0.360         0.439         0.342


           CORRELATION MATRIX (WITH VARIANCES ON THE DIAGONAL)
              W8BULLYT      W8BULLYT
              ________      ________
 W8BULLYT       0.474


THE MODEL ESTIMATION TERMINATED NORMALLY



MODEL FIT INFORMATION

Number of Free Parameters                       13

Chi-Square Test of Model Fit

          Value                            158.097*
          Degrees of Freedom                    71
          P-Value                           0.0000

Chi-Square Contribution From Each Group

          WEB                               80.286
          TEL                               24.935
          FTF                               52.877

Chi-Square Test for Difference Testing

          Value                             30.979*
          Degrees of Freedom                     5
          P-Value                           0.0000

*   The chi-square value for MLM, MLMV, MLR, ULSMV, WLSM and WLSMV cannot be used
    for chi-square difference testing in the regular way.  MLM, MLR and WLSM
    chi-square difference testing is described on the Mplus website.  MLMV, WLSMV,
    and ULSMV difference testing is done using the DIFFTEST option.  The DIFFTEST
    option assumes the models are nested.  The NESTED option can be used to verify
    that the models are nested.

RMSEA (Root Mean Square Error Of Approximation)

          Estimate                           0.023
          90 Percent C.I.                    0.018  0.027
          Probability RMSEA <= .05           1.000

CFI/TLI

          CFI                                0.978
          TLI                                0.981

Chi-Square Test of Model Fit for the Baseline Model

          Value                           4081.082
          Degrees of Freedom                    63
          P-Value                           0.0000

SRMR (Standardized Root Mean Square Residual)

          Value                              0.078

Optimum Function Value for Weighted Least-Squares Estimator

          Value                     0.13488191D-01



MODEL RESULTS

                                                    Two-Tailed
                    Estimate       S.E.  Est./S.E.    P-Value

Group WEB

 F1       BY
    W8BULLYTYP         1.000      0.000    999.000    999.000
    W8BULLYTYP         3.109      0.591      5.261      0.000
    W8BULLYTYP         0.952      0.081     11.783      0.000
    W8BULLYTYP         1.446      0.119     12.151      0.000
    W8BULLYTYP         1.686      0.193      8.726      0.000
    W8BULLYTYP         0.752      0.063     11.968      0.000
    W8BULLYTYP         0.605      0.069      8.803      0.000

 Means
    F1                 0.000      0.000    999.000    999.000

 Thresholds
    W8BULLYT$1         1.284      0.037     35.163      0.000
    W8BULLYT$1         3.027      0.515      5.878      0.000
    W8BULLYT$1         2.030      0.092     22.140      0.000
    W8BULLYT$1         2.497      0.140     17.793      0.000
    W8BULLYT$1         3.608      0.289     12.494      0.000
    W8BULLYT$1         1.788      0.064     27.973      0.000
    W8BULLYT$1         2.115      0.071     29.827      0.000

 Variances
    F1                 1.000      0.000    999.000    999.000

 Residual Variances
    W8BULLYTYP         1.000      0.000    999.000    999.000
    W8BULLYTYP         1.000      0.000    999.000    999.000
    W8BULLYTYP         1.000      0.000    999.000    999.000
    W8BULLYTYP         1.000      0.000    999.000    999.000
    W8BULLYTYP         1.000      0.000    999.000    999.000
    W8BULLYTYP         1.000      0.000    999.000    999.000
    W8BULLYTYP         1.000      0.000    999.000    999.000

Group TEL

 F1       BY
    W8BULLYTYP         1.000      0.000    999.000    999.000
    W8BULLYTYP         3.109      0.591      5.261      0.000
    W8BULLYTYP         0.952      0.081     11.783      0.000
    W8BULLYTYP         1.446      0.119     12.151      0.000
    W8BULLYTYP         1.686      0.193      8.726      0.000
    W8BULLYTYP         0.752      0.063     11.968      0.000
    W8BULLYTYP         0.605      0.069      8.803      0.000

 Means
    F1                 0.000      0.000    999.000    999.000

 Thresholds
    W8BULLYT$1         1.284      0.037     35.163      0.000
    W8BULLYT$1         3.027      0.515      5.878      0.000
    W8BULLYT$1         2.030      0.092     22.140      0.000
    W8BULLYT$1         2.497      0.140     17.793      0.000
    W8BULLYT$1         3.608      0.289     12.494      0.000
    W8BULLYT$1         1.788      0.064     27.973      0.000
    W8BULLYT$1         2.115      0.071     29.827      0.000

 Variances
    F1                 1.000      0.000    999.000    999.000

 Residual Variances
    W8BULLYTYP         1.000      0.000    999.000    999.000
    W8BULLYTYP         1.000      0.000    999.000    999.000
    W8BULLYTYP         1.000      0.000    999.000    999.000
    W8BULLYTYP         1.000      0.000    999.000    999.000
    W8BULLYTYP         1.000      0.000    999.000    999.000
    W8BULLYTYP         1.000      0.000    999.000    999.000
    W8BULLYTYP         1.000      0.000    999.000    999.000

Group FTF

 F1       BY
    W8BULLYTYP         1.000      0.000    999.000    999.000
    W8BULLYTYP         3.109      0.591      5.261      0.000
    W8BULLYTYP         0.952      0.081     11.783      0.000
    W8BULLYTYP         1.446      0.119     12.151      0.000
    W8BULLYTYP         1.686      0.193      8.726      0.000
    W8BULLYTYP         0.752      0.063     11.968      0.000
    W8BULLYTYP         0.605      0.069      8.803      0.000

 Means
    F1                 0.000      0.000    999.000    999.000

 Thresholds
    W8BULLYT$1         1.284      0.037     35.163      0.000
    W8BULLYT$1         3.027      0.515      5.878      0.000
    W8BULLYT$1         2.030      0.092     22.140      0.000
    W8BULLYT$1         2.497      0.140     17.793      0.000
    W8BULLYT$1         3.608      0.289     12.494      0.000
    W8BULLYT$1         1.788      0.064     27.973      0.000
    W8BULLYT$1         2.115      0.071     29.827      0.000

 Variances
    F1                 1.000      0.000    999.000    999.000

 Residual Variances
    W8BULLYTYP         1.000      0.000    999.000    999.000
    W8BULLYTYP         1.000      0.000    999.000    999.000
    W8BULLYTYP         1.000      0.000    999.000    999.000
    W8BULLYTYP         1.000      0.000    999.000    999.000
    W8BULLYTYP         1.000      0.000    999.000    999.000
    W8BULLYTYP         1.000      0.000    999.000    999.000
    W8BULLYTYP         1.000      0.000    999.000    999.000


IRT PARAMETERIZATION

Group WEB

 Item Discriminations

 F1       BY
    W8BULLYTYP         1.000      0.000      0.000      1.000
    W8BULLYTYP         3.109      0.591      5.261      0.000
    W8BULLYTYP         0.952      0.081     11.783      0.000
    W8BULLYTYP         1.446      0.119     12.151      0.000
    W8BULLYTYP         1.686      0.193      8.726      0.000
    W8BULLYTYP         0.752      0.063     11.968      0.000
    W8BULLYTYP         0.605      0.069      8.803      0.000

 Means
    F1                 0.000      0.000      0.000      1.000

 Item Difficulties
    W8BULLYT$1         1.284      0.037     35.163      0.000
    W8BULLYT$1         0.973      0.035     28.153      0.000
    W8BULLYT$1         2.132      0.112     19.042      0.000
    W8BULLYT$1         1.727      0.065     26.372      0.000
    W8BULLYT$1         2.140      0.098     21.884      0.000
    W8BULLYT$1         2.378      0.144     16.504      0.000
    W8BULLYT$1         3.496      0.309     11.325      0.000

 Variances
    F1                 1.000      0.000      0.000      1.000

Group TEL

 Item Discriminations

 F1       BY
    W8BULLYTYP         1.000      0.000      0.000      1.000
    W8BULLYTYP         3.109      0.591      5.261      0.000
    W8BULLYTYP         0.952      0.081     11.783      0.000
    W8BULLYTYP         1.446      0.119     12.151      0.000
    W8BULLYTYP         1.686      0.193      8.726      0.000
    W8BULLYTYP         0.752      0.063     11.968      0.000
    W8BULLYTYP         0.605      0.069      8.803      0.000

 Means
    F1                 0.000      0.000      0.000      1.000

 Item Difficulties
    W8BULLYT$1         1.284      0.037     35.163      0.000
    W8BULLYT$1         0.973      0.035     28.153      0.000
    W8BULLYT$1         2.132      0.112     19.042      0.000
    W8BULLYT$1         1.727      0.065     26.372      0.000
    W8BULLYT$1         2.140      0.098     21.884      0.000
    W8BULLYT$1         2.378      0.144     16.504      0.000
    W8BULLYT$1         3.496      0.309     11.325      0.000

 Variances
    F1                 1.000      0.000      0.000      1.000

Group FTF

 Item Discriminations

 F1       BY
    W8BULLYTYP         1.000      0.000      0.000      1.000
    W8BULLYTYP         3.109      0.591      5.261      0.000
    W8BULLYTYP         0.952      0.081     11.783      0.000
    W8BULLYTYP         1.446      0.119     12.151      0.000
    W8BULLYTYP         1.686      0.193      8.726      0.000
    W8BULLYTYP         0.752      0.063     11.968      0.000
    W8BULLYTYP         0.605      0.069      8.803      0.000

 Means
    F1                 0.000      0.000      0.000      1.000

 Item Difficulties
    W8BULLYT$1         1.284      0.037     35.163      0.000
    W8BULLYT$1         0.973      0.035     28.153      0.000
    W8BULLYT$1         2.132      0.112     19.042      0.000
    W8BULLYT$1         1.727      0.065     26.372      0.000
    W8BULLYT$1         2.140      0.098     21.884      0.000
    W8BULLYT$1         2.378      0.144     16.504      0.000
    W8BULLYT$1         3.496      0.309     11.325      0.000

 Variances
    F1                 1.000      0.000      0.000      1.000


STANDARDIZED MODEL RESULTS


STD Standardization

                                                    Two-Tailed
                    Estimate       S.E.  Est./S.E.    P-Value

Group WEB

 F1       BY
    W8BULLYTYP         1.000      0.000    999.000    999.000
    W8BULLYTYP         3.109      0.591      5.261      0.000
    W8BULLYTYP         0.952      0.081     11.783      0.000
    W8BULLYTYP         1.446      0.119     12.151      0.000
    W8BULLYTYP         1.686      0.193      8.726      0.000
    W8BULLYTYP         0.752      0.063     11.968      0.000
    W8BULLYTYP         0.605      0.069      8.803      0.000

 Means
    F1                 0.000      0.000    999.000    999.000

 Thresholds
    W8BULLYT$1         1.284      0.037     35.163      0.000
    W8BULLYT$1         3.027      0.515      5.878      0.000
    W8BULLYT$1         2.030      0.092     22.140      0.000
    W8BULLYT$1         2.497      0.140     17.793      0.000
    W8BULLYT$1         3.608      0.289     12.494      0.000
    W8BULLYT$1         1.788      0.064     27.973      0.000
    W8BULLYT$1         2.115      0.071     29.827      0.000

 Variances
    F1                 1.000      0.000    999.000    999.000

 Residual Variances
    W8BULLYTYP         1.000      0.000    999.000    999.000
    W8BULLYTYP         1.000      0.000    999.000    999.000
    W8BULLYTYP         1.000      0.000    999.000    999.000
    W8BULLYTYP         1.000      0.000    999.000    999.000
    W8BULLYTYP         1.000      0.000    999.000    999.000
    W8BULLYTYP         1.000      0.000    999.000    999.000
    W8BULLYTYP         1.000      0.000    999.000    999.000

Group TEL

 F1       BY
    W8BULLYTYP         1.000      0.000    999.000    999.000
    W8BULLYTYP         3.109      0.591      5.261      0.000
    W8BULLYTYP         0.952      0.081     11.783      0.000
    W8BULLYTYP         1.446      0.119     12.151      0.000
    W8BULLYTYP         1.686      0.193      8.726      0.000
    W8BULLYTYP         0.752      0.063     11.968      0.000
    W8BULLYTYP         0.605      0.069      8.803      0.000

 Means
    F1                 0.000      0.000    999.000    999.000

 Thresholds
    W8BULLYT$1         1.284      0.037     35.163      0.000
    W8BULLYT$1         3.027      0.515      5.878      0.000
    W8BULLYT$1         2.030      0.092     22.140      0.000
    W8BULLYT$1         2.497      0.140     17.793      0.000
    W8BULLYT$1         3.608      0.289     12.494      0.000
    W8BULLYT$1         1.788      0.064     27.973      0.000
    W8BULLYT$1         2.115      0.071     29.827      0.000

 Variances
    F1                 1.000      0.000    999.000    999.000

 Residual Variances
    W8BULLYTYP         1.000      0.000    999.000    999.000
    W8BULLYTYP         1.000      0.000    999.000    999.000
    W8BULLYTYP         1.000      0.000    999.000    999.000
    W8BULLYTYP         1.000      0.000    999.000    999.000
    W8BULLYTYP         1.000      0.000    999.000    999.000
    W8BULLYTYP         1.000      0.000    999.000    999.000
    W8BULLYTYP         1.000      0.000    999.000    999.000

Group FTF

 F1       BY
    W8BULLYTYP         1.000      0.000    999.000    999.000
    W8BULLYTYP         3.109      0.591      5.261      0.000
    W8BULLYTYP         0.952      0.081     11.783      0.000
    W8BULLYTYP         1.446      0.119     12.151      0.000
    W8BULLYTYP         1.686      0.193      8.726      0.000
    W8BULLYTYP         0.752      0.063     11.968      0.000
    W8BULLYTYP         0.605      0.069      8.803      0.000

 Means
    F1                 0.000      0.000    999.000    999.000

 Thresholds
    W8BULLYT$1         1.284      0.037     35.163      0.000
    W8BULLYT$1         3.027      0.515      5.878      0.000
    W8BULLYT$1         2.030      0.092     22.140      0.000
    W8BULLYT$1         2.497      0.140     17.793      0.000
    W8BULLYT$1         3.608      0.289     12.494      0.000
    W8BULLYT$1         1.788      0.064     27.973      0.000
    W8BULLYT$1         2.115      0.071     29.827      0.000

 Variances
    F1                 1.000      0.000    999.000    999.000

 Residual Variances
    W8BULLYTYP         1.000      0.000    999.000    999.000
    W8BULLYTYP         1.000      0.000    999.000    999.000
    W8BULLYTYP         1.000      0.000    999.000    999.000
    W8BULLYTYP         1.000      0.000    999.000    999.000
    W8BULLYTYP         1.000      0.000    999.000    999.000
    W8BULLYTYP         1.000      0.000    999.000    999.000
    W8BULLYTYP         1.000      0.000    999.000    999.000


R-SQUARE

Group WEB

    Observed                                        Two-Tailed     Scale
    Variable        Estimate       S.E.  Est./S.E.    P-Value     Factors

    W8BULLYT           0.500      0.000    999.000    999.000      0.707
    W8BULLYT           0.906      0.032     28.059      0.000      0.306
    W8BULLYT           0.476      0.042     11.235      0.000      0.724
    W8BULLYT           0.676      0.036     18.780      0.000      0.569
    W8BULLYT           0.740      0.044     16.760      0.000      0.510
    W8BULLYT           0.361      0.039      9.364      0.000      0.799
    W8BULLYT           0.268      0.045      6.013      0.000      0.856

Group TEL

    Observed                                        Two-Tailed     Scale
    Variable        Estimate       S.E.  Est./S.E.    P-Value     Factors

    W8BULLYT           0.500      0.000    999.000    999.000      0.707
    W8BULLYT           0.906      0.032     28.059      0.000      0.306
    W8BULLYT           0.476      0.042     11.235      0.000      0.724
    W8BULLYT           0.676      0.036     18.780      0.000      0.569
    W8BULLYT           0.740      0.044     16.760      0.000      0.510
    W8BULLYT           0.361      0.039      9.364      0.000      0.799
    W8BULLYT           0.268      0.045      6.013      0.000      0.856

Group FTF

    Observed                                        Two-Tailed     Scale
    Variable        Estimate       S.E.  Est./S.E.    P-Value     Factors

    W8BULLYT           0.500      0.000    999.000    999.000      0.707
    W8BULLYT           0.906      0.032     28.059      0.000      0.306
    W8BULLYT           0.476      0.042     11.235      0.000      0.724
    W8BULLYT           0.676      0.036     18.780      0.000      0.569
    W8BULLYT           0.740      0.044     16.760      0.000      0.510
    W8BULLYT           0.361      0.039      9.364      0.000      0.799
    W8BULLYT           0.268      0.045      6.013      0.000      0.856


QUALITY OF NUMERICAL RESULTS

     Condition Number for the Information Matrix              0.230E-02
       (ratio of smallest to largest eigenvalue)


MODEL MODIFICATION INDICES

NOTE:  Modification indices for direct effects of observed dependent variables
regressed on covariates and residual covariances among observed dependent
variables may not be included.  To include these, request MODINDICES (ALL).

Minimum M.I. value for printing the modification index    10.000

                                   M.I.     E.P.C.  Std E.P.C.  StdYX E.P.C.
Group WEB


BY Statements

F1       BY W8BULLYT              16.832     0.247      0.247        0.175

WITH Statements

W8BULLYT WITH W8BULLYT            21.500     0.711      0.711        0.711

Variances/Residual Variances

W8BULLYT                          17.381    -0.503     -0.503       -0.251

Group TEL


No modification indices above the minimum value.

Group FTF


ON/BY Statements

F1       ON F1       /
F1       BY F1                    18.736     0.105      0.105        0.105

Variances/Residual Variances

F1                                18.736     0.211      0.211        0.211

Means/Intercepts/Thresholds

[ F1       ]                      10.521     0.105      0.105        0.105



SAMPLE STATISTICS FOR ESTIMATED FACTOR SCORES


     SAMPLE STATISTICS


           Means
              F1            F1_SE
              ________      ________
                0.107         0.709


           Covariances
              F1            F1_SE
              ________      ________
 F1             0.360
 F1_SE         -0.113         0.041


           Correlations
              F1            F1_SE
              ________      ________
 F1             1.000
 F1_SE         -0.925         1.000


PLOT INFORMATION

The following plots are available:

  Histograms (sample values, estimated factor scores, estimated values, residuals)
  Scatterplots (sample values, estimated factor scores, estimated values, residuals)
  Sample proportions and estimated probabilities
  Item characteristic curves
  Information curves
  Measurement parameter plots
  Latent variable distribution plots

SAVEDATA INFORMATION


  Difference testing

  Save file
    w8bullytype0a_scalar.dat
  Save format      Free

     Beginning Time:  12:18:12
        Ending Time:  12:18:13
       Elapsed Time:  00:00:01



MUTHEN & MUTHEN
3463 Stoner Ave.
Los Angeles, CA  90066

Tel: (310) 391-9971
Fax: (310) 391-8971
Web: www.StatModel.com
Support: Support@StatModel.com

Copyright (c) 1998-2019 Muthen & Muthen
