Mplus VERSION 8.3
MUTHEN & MUTHEN
09/02/2019   8:56 AM

INPUT INSTRUCTIONS

  TITLE: Your title goes here

  DATA: FILE = data.dta;

  VARIABLE:

  NAMES = audit1 bully0a bully0b bully0c bully0d bully0e bully0f bully0g adult0a
       adult0b adult0c leisa0a leisa0b leisa0c leisa0d leisa0e leisa0f leisb0a leisb0b
       leisb0c leisb0d samppsu sampstratum mode locus0a locus0b locus0c locus0d
       ghq12_1 ghq12_2 ghq12_3 ghq12_4 ghq12_5 ghq12_6 ghq12_7 ghq12_8 ghq12_9
       ghq12_10 ghq12_11 ghq12_12 audit2 audit3 designweight_combin;

  MISSING=.;
  USEVARIABLES ARE ghq12_1
  ghq12_2
  ghq12_3
  ghq12_4
  ghq12_5
  ghq12_6
  ghq12_7
  ghq12_8
  ghq12_9
  ghq12_10
  ghq12_11
  ghq12_12;
  CATEGORICAL ARE ghq12_1
  ghq12_2
  ghq12_3
  ghq12_4
  ghq12_5
  ghq12_6
  ghq12_7
  ghq12_8
  ghq12_9
  ghq12_10
  ghq12_11
  ghq12_12;
  GROUPING IS mode (1=Web 2=Tel 3=Ftf);

  ! WEIGHT IS designweight_combin;

  ! STRATIFICATION IS sampstratum;

  ! CLUSTER IS samppsu;

  ANALYSIS:
  ! TYPE IS COMPLEX;

                  ESTIMATOR = WLSMV;

                  ITERATIONS = 100000;

                  PARAMETERIZATION = THETA;

  ! DIFFTEST = ghq12_1_metric.dat;

  Model:


  f1 BY ghq12_1@1
  ghq12_2 (L2)
  ghq12_3 (L3)
  ghq12_4 (L4)
  ghq12_5 (L5)
  ghq12_6 (L6)
  ghq12_7 (L7)
  ghq12_8 (L8)
  ghq12_9 (L9)
  ghq12_10 (L10)
  ghq12_11 (L11)
  ghq12_12 (L12)
  ;


  [ghq12_1$1] (t_ghq12_1_1);
  [ghq12_1$2] (t_ghq12_1_2);
  [ghq12_1$3] (t_ghq12_1_3);

  [ghq12_2$1] (t_ghq12_2_1);
  [ghq12_2$2] (t_ghq12_2_2);
  [ghq12_2$3] (t_ghq12_2_3);

  [ghq12_3$1] (t_ghq12_3_1);
  [ghq12_3$2] (t_ghq12_3_2);
  [ghq12_3$3] (t_ghq12_3_3);

  [ghq12_4$1] (t_ghq12_4_1);
  [ghq12_4$2] (t_ghq12_4_2);
  [ghq12_4$3] (t_ghq12_4_3);

  [ghq12_5$1] (t_ghq12_5_1);
  [ghq12_5$2] (t_ghq12_5_2);
  [ghq12_5$3] (t_ghq12_5_3);

  [ghq12_6$1] (t_ghq12_6_1);
  [ghq12_6$2] (t_ghq12_6_2);
  [ghq12_6$3] (t_ghq12_6_3);

  [ghq12_7$1] (t_ghq12_7_1);
  [ghq12_7$2] (t_ghq12_7_2);
  [ghq12_7$3] (t_ghq12_7_3);

  [ghq12_8$1] (t_ghq12_8_1);
  [ghq12_8$2] (t_ghq12_8_2);
  [ghq12_8$3] (t_ghq12_8_3);

  [ghq12_9$1] (t_ghq12_9_1);
  [ghq12_9$2] (t_ghq12_9_2);
  [ghq12_9$3] (t_ghq12_9_3);

  [ghq12_10$1] (t_ghq12_10_1);
  [ghq12_10$2] (t_ghq12_10_2);
  [ghq12_10$3] (t_ghq12_10_3);

  [ghq12_11$1] (t_ghq12_11_1);
  [ghq12_11$2] (t_ghq12_11_2);
  [ghq12_11$3] (t_ghq12_11_3);

  [ghq12_12$1] (t_ghq12_12_1);
  [ghq12_12$2] (t_ghq12_12_2);
  [ghq12_12$3] (t_ghq12_12_3);
  ghq12_1@1;
  ghq12_2@1;
  ghq12_3@1;
  ghq12_4@1;
  ghq12_5@1;
  ghq12_6@1;
  ghq12_7@1;
  ghq12_8@1;
  ghq12_9@1;
  ghq12_10@1;
  ghq12_11@1;
  ghq12_12@1;

  Model Tel:

  f1 BY ghq12_1@1
  ghq12_2 (L2)
  ghq12_3 (L3)
  ghq12_4 (L4)
  ghq12_5 (L5)
  ghq12_6 (L6)
  ghq12_7 (L7)
  ghq12_8 (L8)
  ghq12_9 (L9)
  ghq12_10 (L10)
  ghq12_11 (L11)
  ghq12_12 (L12)
  ;


  [ghq12_1$1] (t_ghq12_1_1);
  [ghq12_1$2] (t_ghq12_1_2);
  [ghq12_1$3] (t_ghq12_1_3);

  [ghq12_2$1] (t_ghq12_2_1);
  [ghq12_2$2] (t_ghq12_2_2);
  [ghq12_2$3] (t_ghq12_2_3);

  [ghq12_3$1] (t_ghq12_3_1);
  [ghq12_3$2] (t_ghq12_3_2);
  [ghq12_3$3] (t_ghq12_3_3);

  [ghq12_4$1] (t_ghq12_4_1);
  [ghq12_4$2] (t_ghq12_4_2);
  [ghq12_4$3] (t_ghq12_4_3);

  [ghq12_5$1] (t_ghq12_5_1);
  [ghq12_5$2] (t_ghq12_5_2);
  [ghq12_5$3] (t_ghq12_5_3);

  [ghq12_6$1] (t_ghq12_6_1);
  [ghq12_6$2] (t_ghq12_6_2);
  [ghq12_6$3] (t_ghq12_6_3);

  [ghq12_7$1] (t_ghq12_7_1);
  [ghq12_7$2] (t_ghq12_7_2);
  [ghq12_7$3] (t_ghq12_7_3);

  [ghq12_8$1] (t_ghq12_8_1);
  [ghq12_8$2] (t_ghq12_8_2);
  [ghq12_8$3] (t_ghq12_8_3);

  [ghq12_9$1] (t_ghq12_9_1);
  [ghq12_9$2] (t_ghq12_9_2);
  [ghq12_9$3] (t_ghq12_9_3);

  [ghq12_10$1] (t_ghq12_10_1);
  [ghq12_10$2] (t_ghq12_10_2);
  [ghq12_10$3] (t_ghq12_10_3);

  [ghq12_11$1] (t_ghq12_11_1);
  [ghq12_11$2] (t_ghq12_11_2);
  [ghq12_11$3] (t_ghq12_11_3);

  [ghq12_12$1] (t_ghq12_12_1);
  [ghq12_12$2] (t_ghq12_12_2);
  [ghq12_12$3] (t_ghq12_12_3);
  ghq12_1@1;
  ghq12_2@1;
  ghq12_3@1;
  ghq12_4@1;
  ghq12_5@1;
  ghq12_6@1;
  ghq12_7@1;
  ghq12_8@1;
  ghq12_9@1;
  ghq12_10@1;
  ghq12_11@1;
  ghq12_12@1;

  Model Ftf:

  f1 BY ghq12_1@1
  ghq12_2 (L2)
  ghq12_3 (L3)
  ghq12_4 (L4)
  ghq12_5 (L5)
  ghq12_6 (L6)
  ghq12_7 (L7)
  ghq12_8 (L8)
  ghq12_9 (L9)
  ghq12_10 (L10)
  ghq12_11 (L11)
  ghq12_12 (L12)
  ;


  [ghq12_1$1] (t_ghq12_1_1);
  [ghq12_1$2] (t_ghq12_1_2);
  [ghq12_1$3] (t_ghq12_1_3);

  [ghq12_2$1] (t_ghq12_2_1);
  [ghq12_2$2] (t_ghq12_2_2);
  [ghq12_2$3] (t_ghq12_2_3);

  [ghq12_3$1] (t_ghq12_3_1);
  [ghq12_3$2] (t_ghq12_3_2);
  [ghq12_3$3] (t_ghq12_3_3);

  [ghq12_4$1] (t_ghq12_4_1);
  [ghq12_4$2] (t_ghq12_4_2);
  [ghq12_4$3] (t_ghq12_4_3);

  [ghq12_5$1] (t_ghq12_5_1);
  [ghq12_5$2] (t_ghq12_5_2);
  [ghq12_5$3] (t_ghq12_5_3);

  [ghq12_6$1] (t_ghq12_6_1);
  [ghq12_6$2] (t_ghq12_6_2);
  [ghq12_6$3] (t_ghq12_6_3);

  [ghq12_7$1] (t_ghq12_7_1);
  [ghq12_7$2] (t_ghq12_7_2);
  [ghq12_7$3] (t_ghq12_7_3);

  [ghq12_8$1] (t_ghq12_8_1);
  [ghq12_8$2] (t_ghq12_8_2);
  [ghq12_8$3] (t_ghq12_8_3);

  [ghq12_9$1] (t_ghq12_9_1);
  [ghq12_9$2] (t_ghq12_9_2);
  [ghq12_9$3] (t_ghq12_9_3);

  [ghq12_10$1] (t_ghq12_10_1);
  [ghq12_10$2] (t_ghq12_10_2);
  [ghq12_10$3] (t_ghq12_10_3);

  [ghq12_11$1] (t_ghq12_11_1);
  [ghq12_11$2] (t_ghq12_11_2);
  [ghq12_11$3] (t_ghq12_11_3);

  [ghq12_12$1] (t_ghq12_12_1);
  [ghq12_12$2] (t_ghq12_12_2);
  [ghq12_12$3] (t_ghq12_12_3);
  ghq12_1@1;
  ghq12_2@1;
  ghq12_3@1;
  ghq12_4@1;
  ghq12_5@1;
  ghq12_6@1;
  ghq12_7@1;
  ghq12_8@1;
  ghq12_9@1;
  ghq12_10@1;
  ghq12_11@1;
  ghq12_12@1;

  !SAVEDATA: DIFFTEST IS ghq12_1_scalar.dat;

  OUTPUT: SAMPSTAT;

  MODINDICES;

  STD;

  Plot: type = plot3;




*** WARNING
  Data set contains cases with missing on all variables.
  These cases were not included in the analysis.
  Number of cases with missing on all variables:  265
   1 WARNING(S) FOUND IN THE INPUT INSTRUCTIONS



Your title goes here

SUMMARY OF ANALYSIS

Number of groups                                                 3
Number of observations
   Group WEB                                                  4569
   Group TEL                                                   646
   Group FTF                                                  2089
   Total sample size                                          7304

Number of dependent variables                                   12
Number of independent variables                                  0
Number of continuous latent variables                            1

Observed dependent variables

  Binary and ordered categorical (ordinal)
   GHQ12_1     GHQ12_2     GHQ12_3     GHQ12_4     GHQ12_5     GHQ12_6
   GHQ12_7     GHQ12_8     GHQ12_9     GHQ12_10    GHQ12_11    GHQ12_12

Continuous latent variables
   F1

Variables with special functions

  Grouping variable     MODE

Estimator                                                    WLSMV
Maximum number of iterations                                100000
Convergence criterion                                    0.500D-04
Maximum number of steepest descent iterations                   20
Maximum number of iterations for H1                           2000
Convergence criterion for H1                             0.100D-03
Parameterization                                             THETA
Link                                                        PROBIT

Input data file(s)
  data.dta

Input data format  FREE


SUMMARY OF DATA

   Group WEB
     Number of missing data patterns            30

   Group TEL
     Number of missing data patterns            15

   Group FTF
     Number of missing data patterns             9


COVARIANCE COVERAGE OF DATA

Minimum covariance coverage value   0.100


     PROPORTION OF DATA PRESENT FOR WEB


           Covariance Coverage
              GHQ12_1       GHQ12_2       GHQ12_3       GHQ12_4       GHQ12_5
              ________      ________      ________      ________      ________
 GHQ12_1        0.998
 GHQ12_2        0.997         0.998
 GHQ12_3        0.995         0.996         0.996
 GHQ12_4        0.996         0.996         0.994         0.997
 GHQ12_5        0.996         0.996         0.995         0.996         0.997
 GHQ12_6        0.997         0.997         0.995         0.997         0.997
 GHQ12_7        0.996         0.996         0.994         0.996         0.996
 GHQ12_8        0.996         0.996         0.995         0.996         0.996
 GHQ12_9        0.996         0.996         0.994         0.996         0.996
 GHQ12_10       0.995         0.996         0.994         0.996         0.996
 GHQ12_11       0.995         0.996         0.994         0.996         0.996
 GHQ12_12       0.995         0.995         0.993         0.995         0.995


           Covariance Coverage
              GHQ12_6       GHQ12_7       GHQ12_8       GHQ12_9       GHQ12_10
              ________      ________      ________      ________      ________
 GHQ12_6        0.998
 GHQ12_7        0.997         0.997
 GHQ12_8        0.997         0.997         0.997
 GHQ12_9        0.997         0.996         0.996         0.997
 GHQ12_10       0.996         0.996         0.996         0.996         0.997
 GHQ12_11       0.996         0.996         0.996         0.996         0.996
 GHQ12_12       0.996         0.996         0.995         0.995         0.995


           Covariance Coverage
              GHQ12_11      GHQ12_12
              ________      ________
 GHQ12_11       0.997
 GHQ12_12       0.996         0.996


     PROPORTION OF DATA PRESENT FOR TEL


           Covariance Coverage
              GHQ12_1       GHQ12_2       GHQ12_3       GHQ12_4       GHQ12_5
              ________      ________      ________      ________      ________
 GHQ12_1        0.994
 GHQ12_2        0.989         0.995
 GHQ12_3        0.989         0.991         0.994
 GHQ12_4        0.991         0.992         0.992         0.995
 GHQ12_5        0.991         0.992         0.991         0.992         0.995
 GHQ12_6        0.991         0.994         0.992         0.994         0.994
 GHQ12_7        0.989         0.992         0.992         0.992         0.992
 GHQ12_8        0.991         0.995         0.992         0.994         0.994
 GHQ12_9        0.989         0.994         0.991         0.992         0.992
 GHQ12_10       0.991         0.995         0.992         0.994         0.994
 GHQ12_11       0.991         0.995         0.992         0.994         0.994
 GHQ12_12       0.991         0.992         0.992         0.994         0.992


           Covariance Coverage
              GHQ12_6       GHQ12_7       GHQ12_8       GHQ12_9       GHQ12_10
              ________      ________      ________      ________      ________
 GHQ12_6        0.997
 GHQ12_7        0.994         0.995
 GHQ12_8        0.995         0.994         0.997
 GHQ12_9        0.994         0.992         0.995         0.995
 GHQ12_10       0.995         0.994         0.997         0.995         0.997
 GHQ12_11       0.995         0.994         0.997         0.995         0.997
 GHQ12_12       0.994         0.992         0.994         0.992         0.994


           Covariance Coverage
              GHQ12_11      GHQ12_12
              ________      ________
 GHQ12_11       0.997
 GHQ12_12       0.994         0.995


     PROPORTION OF DATA PRESENT FOR FTF


           Covariance Coverage
              GHQ12_1       GHQ12_2       GHQ12_3       GHQ12_4       GHQ12_5
              ________      ________      ________      ________      ________
 GHQ12_1        0.999
 GHQ12_2        0.998         0.999
 GHQ12_3        0.998         0.999         0.999
 GHQ12_4        0.999         0.999         0.998         1.000
 GHQ12_5        0.999         0.999         0.999         0.999         1.000
 GHQ12_6        0.998         0.999         0.998         0.999         0.999
 GHQ12_7        0.998         0.999         0.998         0.999         0.999
 GHQ12_8        0.998         0.998         0.998         0.999         0.999
 GHQ12_9        0.998         0.999         0.999         0.999         0.999
 GHQ12_10       0.998         0.999         0.998         0.999         0.999
 GHQ12_11       0.997         0.998         0.997         0.998         0.998
 GHQ12_12       0.998         0.998         0.998         0.999         0.999


           Covariance Coverage
              GHQ12_6       GHQ12_7       GHQ12_8       GHQ12_9       GHQ12_10
              ________      ________      ________      ________      ________
 GHQ12_6        0.999
 GHQ12_7        0.999         0.999
 GHQ12_8        0.998         0.999         0.999
 GHQ12_9        0.999         0.999         0.998         0.999
 GHQ12_10       0.999         0.999         0.998         0.999         0.999
 GHQ12_11       0.998         0.998         0.997         0.998         0.998
 GHQ12_12       0.998         0.999         0.998         0.998         0.998


           Covariance Coverage
              GHQ12_11      GHQ12_12
              ________      ________
 GHQ12_11       0.998
 GHQ12_12       0.998         0.999


UNIVARIATE PROPORTIONS AND COUNTS FOR CATEGORICAL VARIABLES

  Group WEB
    GHQ12_1
      Category 1    0.119          542.000
      Category 2    0.689         3140.000
      Category 3    0.165          752.000
      Category 4    0.027          125.000
    GHQ12_2
      Category 1    0.233         1064.000
      Category 2    0.515         2351.000
      Category 3    0.192          875.000
      Category 4    0.060          272.000
    GHQ12_3
      Category 1    0.166          757.000
      Category 2    0.662         3015.000
      Category 3    0.133          605.000
      Category 4    0.038          174.000
    GHQ12_4
      Category 1    0.203          925.000
      Category 2    0.703         3203.000
      Category 3    0.075          340.000
      Category 4    0.019           88.000
    GHQ12_5
      Category 1    0.140          638.000
      Category 2    0.507         2310.000
      Category 3    0.269         1227.000
      Category 4    0.084          382.000
    GHQ12_6
      Category 1    0.275         1252.000
      Category 2    0.523         2387.000
      Category 3    0.154          701.000
      Category 4    0.048          220.000
    GHQ12_7
      Category 1    0.096          439.000
      Category 2    0.713         3247.000
      Category 3    0.157          716.000
      Category 4    0.034          155.000
    GHQ12_8
      Category 1    0.128          584.000
      Category 2    0.741         3378.000
      Category 3    0.104          474.000
      Category 4    0.027          121.000
    GHQ12_9
      Category 1    0.304         1383.000
      Category 2    0.433         1973.000
      Category 3    0.196          893.000
      Category 4    0.067          306.000
    GHQ12_10
      Category 1    0.361         1644.000
      Category 2    0.400         1821.000
      Category 3    0.172          783.000
      Category 4    0.067          307.000
    GHQ12_11
      Category 1    0.615         2804.000
      Category 2    0.258         1176.000
      Category 3    0.086          391.000
      Category 4    0.041          185.000
    GHQ12_12
      Category 1    0.189          860.000
      Category 2    0.653         2975.000
      Category 3    0.123          562.000
      Category 4    0.034          156.000

  Group TEL
    GHQ12_1
      Category 1    0.184          118.000
      Category 2    0.636          408.000
      Category 3    0.131           84.000
      Category 4    0.050           32.000
    GHQ12_2
      Category 1    0.373          240.000
      Category 2    0.398          256.000
      Category 3    0.156          100.000
      Category 4    0.073           47.000
    GHQ12_3
      Category 1    0.246          158.000
      Category 2    0.634          407.000
      Category 3    0.090           58.000
      Category 4    0.030           19.000
    GHQ12_4
      Category 1    0.299          192.000
      Category 2    0.639          411.000
      Category 3    0.047           30.000
      Category 4    0.016           10.000
    GHQ12_5
      Category 1    0.216          139.000
      Category 2    0.479          308.000
      Category 3    0.224          144.000
      Category 4    0.081           52.000
    GHQ12_6
      Category 1    0.393          253.000
      Category 2    0.435          280.000
      Category 3    0.132           85.000
      Category 4    0.040           26.000
    GHQ12_7
      Category 1    0.110           71.000
      Category 2    0.709          456.000
      Category 3    0.143           92.000
      Category 4    0.037           24.000
    GHQ12_8
      Category 1    0.200          129.000
      Category 2    0.727          468.000
      Category 3    0.056           36.000
      Category 4    0.017           11.000
    GHQ12_9
      Category 1    0.504          324.000
      Category 2    0.314          202.000
      Category 3    0.146           94.000
      Category 4    0.036           23.000
    GHQ12_10
      Category 1    0.554          357.000
      Category 2    0.314          202.000
      Category 3    0.104           67.000
      Category 4    0.028           18.000
    GHQ12_11
      Category 1    0.804          518.000
      Category 2    0.141           91.000
      Category 3    0.042           27.000
      Category 4    0.012            8.000
    GHQ12_12
      Category 1    0.213          137.000
      Category 2    0.680          437.000
      Category 3    0.087           56.000
      Category 4    0.020           13.000

  Group FTF
    GHQ12_1
      Category 1    0.171          356.000
      Category 2    0.637         1329.000
      Category 3    0.159          331.000
      Category 4    0.034           71.000
    GHQ12_2
      Category 1    0.253          527.000
      Category 2    0.472          986.000
      Category 3    0.198          414.000
      Category 4    0.077          160.000
    GHQ12_3
      Category 1    0.202          422.000
      Category 2    0.662         1380.000
      Category 3    0.102          213.000
      Category 4    0.034           71.000
    GHQ12_4
      Category 1    0.287          599.000
      Category 2    0.628         1311.000
      Category 3    0.071          148.000
      Category 4    0.014           30.000
    GHQ12_5
      Category 1    0.179          374.000
      Category 2    0.484         1010.000
      Category 3    0.251          525.000
      Category 4    0.086          179.000
    GHQ12_6
      Category 1    0.317          661.000
      Category 2    0.483         1007.000
      Category 3    0.149          310.000
      Category 4    0.052          108.000
    GHQ12_7
      Category 1    0.142          296.000
      Category 2    0.669         1397.000
      Category 3    0.148          308.000
      Category 4    0.041           86.000
    GHQ12_8
      Category 1    0.210          439.000
      Category 2    0.668         1394.000
      Category 3    0.095          199.000
      Category 4    0.026           54.000
    GHQ12_9
      Category 1    0.372          777.000
      Category 2    0.377          787.000
      Category 3    0.167          348.000
      Category 4    0.084          175.000
    GHQ12_10
      Category 1    0.442          922.000
      Category 2    0.330          688.000
      Category 3    0.162          337.000
      Category 4    0.067          139.000
    GHQ12_11
      Category 1    0.684         1427.000
      Category 2    0.186          387.000
      Category 3    0.091          189.000
      Category 4    0.039           82.000
    GHQ12_12
      Category 1    0.241          504.000
      Category 2    0.614         1281.000
      Category 3    0.112          234.000
      Category 4    0.033           68.000


SAMPLE STATISTICS


     ESTIMATED SAMPLE STATISTICS FOR WEB


           MEANS/INTERCEPTS/THRESHOLDS
              GHQ12_1$      GHQ12_1$      GHQ12_1$      GHQ12_2$      GHQ12_2$
              ________      ________      ________      ________      ________
               -1.181         0.869         1.920        -0.728         0.670


           MEANS/INTERCEPTS/THRESHOLDS
              GHQ12_2$      GHQ12_3$      GHQ12_3$      GHQ12_3$      GHQ12_4$
              ________      ________      ________      ________      ________
                1.558        -0.969         0.950         1.772        -0.831


           MEANS/INTERCEPTS/THRESHOLDS
              GHQ12_4$      GHQ12_4$      GHQ12_5$      GHQ12_5$      GHQ12_5$
              ________      ________      ________      ________      ________
                1.317         2.068        -1.080         0.377         1.380


           MEANS/INTERCEPTS/THRESHOLDS
              GHQ12_6$      GHQ12_6$      GHQ12_6$      GHQ12_7$      GHQ12_7$
              ________      ________      ________      ________      ________
               -0.599         0.835         1.662        -1.303         0.874


           MEANS/INTERCEPTS/THRESHOLDS
              GHQ12_7$      GHQ12_8$      GHQ12_8$      GHQ12_8$      GHQ12_9$
              ________      ________      ________      ________      ________
                1.825        -1.135         1.124         1.934        -0.514


           MEANS/INTERCEPTS/THRESHOLDS
              GHQ12_9$      GHQ12_9$      GHQ12_10      GHQ12_10      GHQ12_10
              ________      ________      ________      ________      ________
                0.633         1.497        -0.356         0.709         1.495


           MEANS/INTERCEPTS/THRESHOLDS
              GHQ12_11      GHQ12_11      GHQ12_11      GHQ12_12      GHQ12_12
              ________      ________      ________      ________      ________
                0.294         1.143         1.744        -0.882         1.004


           MEANS/INTERCEPTS/THRESHOLDS
              GHQ12_12
              ________
                1.822


           CORRELATION MATRIX (WITH VARIANCES ON THE DIAGONAL)
              GHQ12_1       GHQ12_2       GHQ12_3       GHQ12_4       GHQ12_5
              ________      ________      ________      ________      ________
 GHQ12_1
 GHQ12_2        0.428
 GHQ12_3        0.507         0.322
 GHQ12_4        0.505         0.289         0.608
 GHQ12_5        0.434         0.646         0.282         0.285
 GHQ12_6        0.452         0.575         0.446         0.407         0.618
 GHQ12_7        0.550         0.439         0.464         0.449         0.517
 GHQ12_8        0.446         0.312         0.438         0.514         0.327
 GHQ12_9        0.496         0.623         0.445         0.395         0.610
 GHQ12_10       0.488         0.560         0.495         0.454         0.541
 GHQ12_11       0.469         0.502         0.535         0.459         0.484
 GHQ12_12       0.541         0.441         0.523         0.487         0.443


           CORRELATION MATRIX (WITH VARIANCES ON THE DIAGONAL)
              GHQ12_6       GHQ12_7       GHQ12_8       GHQ12_9       GHQ12_10
              ________      ________      ________      ________      ________
 GHQ12_7        0.507
 GHQ12_8        0.427         0.514
 GHQ12_9        0.690         0.569         0.452
 GHQ12_10       0.655         0.505         0.467         0.761
 GHQ12_11       0.653         0.475         0.448         0.757         0.806
 GHQ12_12       0.505         0.621         0.510         0.670         0.575


           CORRELATION MATRIX (WITH VARIANCES ON THE DIAGONAL)
              GHQ12_11      GHQ12_12
              ________      ________
 GHQ12_12       0.605


     ESTIMATED SAMPLE STATISTICS FOR TEL


           MEANS/INTERCEPTS/THRESHOLDS
              GHQ12_1$      GHQ12_1$      GHQ12_1$      GHQ12_2$      GHQ12_2$
              ________      ________      ________      ________      ________
               -0.901         0.913         1.646        -0.323         0.743


           MEANS/INTERCEPTS/THRESHOLDS
              GHQ12_2$      GHQ12_3$      GHQ12_3$      GHQ12_3$      GHQ12_4$
              ________      ________      ________      ________      ________
                1.453        -0.687         1.175         1.887        -0.528


           MEANS/INTERCEPTS/THRESHOLDS
              GHQ12_4$      GHQ12_4$      GHQ12_5$      GHQ12_5$      GHQ12_5$
              ________      ________      ________      ________      ________
                1.536         2.156        -0.785         0.511         1.399


           MEANS/INTERCEPTS/THRESHOLDS
              GHQ12_6$      GHQ12_6$      GHQ12_6$      GHQ12_7$      GHQ12_7$
              ________      ________      ________      ________      ________
               -0.272         0.945         1.746        -1.224         0.914


           MEANS/INTERCEPTS/THRESHOLDS
              GHQ12_7$      GHQ12_8$      GHQ12_8$      GHQ12_8$      GHQ12_9$
              ________      ________      ________      ________      ________
                1.783        -0.841         1.454         2.118         0.010


           MEANS/INTERCEPTS/THRESHOLDS
              GHQ12_9$      GHQ12_9$      GHQ12_10      GHQ12_10      GHQ12_10
              ________      ________      ________      ________      ________
                0.908         1.802         0.137         1.117         1.912


           MEANS/INTERCEPTS/THRESHOLDS
              GHQ12_11      GHQ12_11      GHQ12_11      GHQ12_12      GHQ12_12
              ________      ________      ________      ________      ________
                0.857         1.604         2.244        -0.796         1.241


           MEANS/INTERCEPTS/THRESHOLDS
              GHQ12_12
              ________
                2.049


           CORRELATION MATRIX (WITH VARIANCES ON THE DIAGONAL)
              GHQ12_1       GHQ12_2       GHQ12_3       GHQ12_4       GHQ12_5
              ________      ________      ________      ________      ________
 GHQ12_1
 GHQ12_2        0.403
 GHQ12_3        0.361         0.204
 GHQ12_4        0.442         0.185         0.538
 GHQ12_5        0.334         0.599         0.119         0.115
 GHQ12_6        0.271         0.423         0.241         0.205         0.507
 GHQ12_7        0.544         0.406         0.378         0.339         0.384
 GHQ12_8        0.415         0.160         0.293         0.451         0.174
 GHQ12_9        0.410         0.586         0.264         0.238         0.559
 GHQ12_10       0.329         0.442         0.286         0.245         0.453
 GHQ12_11       0.254         0.423         0.291         0.305         0.377
 GHQ12_12       0.478         0.366         0.389         0.399         0.342


           CORRELATION MATRIX (WITH VARIANCES ON THE DIAGONAL)
              GHQ12_6       GHQ12_7       GHQ12_8       GHQ12_9       GHQ12_10
              ________      ________      ________      ________      ________
 GHQ12_7        0.325
 GHQ12_8        0.192         0.411
 GHQ12_9        0.581         0.496         0.208
 GHQ12_10       0.559         0.331         0.151         0.696
 GHQ12_11       0.542         0.305         0.117         0.680         0.725
 GHQ12_12       0.353         0.549         0.371         0.487         0.397


           CORRELATION MATRIX (WITH VARIANCES ON THE DIAGONAL)
              GHQ12_11      GHQ12_12
              ________      ________
 GHQ12_12       0.379


     ESTIMATED SAMPLE STATISTICS FOR FTF


           MEANS/INTERCEPTS/THRESHOLDS
              GHQ12_1$      GHQ12_1$      GHQ12_1$      GHQ12_2$      GHQ12_2$
              ________      ________      ________      ________      ________
               -0.952         0.868         1.825        -0.667         0.598


           MEANS/INTERCEPTS/THRESHOLDS
              GHQ12_2$      GHQ12_3$      GHQ12_3$      GHQ12_3$      GHQ12_4$
              ________      ________      ________      ________      ________
                1.428        -0.833         1.098         1.825        -0.563


           MEANS/INTERCEPTS/THRESHOLDS
              GHQ12_4$      GHQ12_4$      GHQ12_5$      GHQ12_5$      GHQ12_5$
              ________      ________      ________      ________      ________
                1.371         2.187        -0.919         0.420         1.368


           MEANS/INTERCEPTS/THRESHOLDS
              GHQ12_6$      GHQ12_6$      GHQ12_6$      GHQ12_7$      GHQ12_7$
              ________      ________      ________      ________      ________
               -0.476         0.840         1.628        -1.072         0.882


           MEANS/INTERCEPTS/THRESHOLDS
              GHQ12_7$      GHQ12_8$      GHQ12_8$      GHQ12_8$      GHQ12_9$
              ________      ________      ________      ________      ________
                1.737        -0.805         1.169         1.945        -0.326


           MEANS/INTERCEPTS/THRESHOLDS
              GHQ12_9$      GHQ12_9$      GHQ12_10      GHQ12_10      GHQ12_10
              ________      ________      ________      ________      ________
                0.673         1.380        -0.146         0.745         1.501


           MEANS/INTERCEPTS/THRESHOLDS
              GHQ12_11      GHQ12_11      GHQ12_11      GHQ12_12      GHQ12_12
              ________      ________      ________      ________      ________
                0.480         1.127         1.759        -0.702         1.059


           MEANS/INTERCEPTS/THRESHOLDS
              GHQ12_12
              ________
                1.844


           CORRELATION MATRIX (WITH VARIANCES ON THE DIAGONAL)
              GHQ12_1       GHQ12_2       GHQ12_3       GHQ12_4       GHQ12_5
              ________      ________      ________      ________      ________
 GHQ12_1
 GHQ12_2        0.430
 GHQ12_3        0.472         0.354
 GHQ12_4        0.518         0.318         0.567
 GHQ12_5        0.455         0.612         0.303         0.282
 GHQ12_6        0.397         0.535         0.375         0.383         0.623
 GHQ12_7        0.528         0.444         0.474         0.474         0.531
 GHQ12_8        0.481         0.344         0.441         0.526         0.346
 GHQ12_9        0.467         0.656         0.422         0.376         0.657
 GHQ12_10       0.465         0.602         0.460         0.434         0.583
 GHQ12_11       0.445         0.580         0.540         0.434         0.531
 GHQ12_12       0.485         0.460         0.525         0.511         0.455


           CORRELATION MATRIX (WITH VARIANCES ON THE DIAGONAL)
              GHQ12_6       GHQ12_7       GHQ12_8       GHQ12_9       GHQ12_10
              ________      ________      ________      ________      ________
 GHQ12_7        0.479
 GHQ12_8        0.385         0.561
 GHQ12_9        0.651         0.551         0.413
 GHQ12_10       0.665         0.524         0.449         0.768
 GHQ12_11       0.657         0.494         0.477         0.777         0.817
 GHQ12_12       0.487         0.610         0.503         0.628         0.609


           CORRELATION MATRIX (WITH VARIANCES ON THE DIAGONAL)
              GHQ12_11      GHQ12_12
              ________      ________
 GHQ12_12       0.662


THE MODEL ESTIMATION TERMINATED NORMALLY



MODEL FIT INFORMATION

Number of Free Parameters                       52

Chi-Square Test of Model Fit

          Value                           5310.528*
          Degrees of Freedom                   254
          P-Value                           0.0000

Chi-Square Contribution From Each Group

          WEB                             2964.551
          TEL                              997.897
          FTF                             1348.080

*   The chi-square value for MLM, MLMV, MLR, ULSMV, WLSM and WLSMV cannot be used
    for chi-square difference testing in the regular way.  MLM, MLR and WLSM
    chi-square difference testing is described on the Mplus website.  MLMV, WLSMV,
    and ULSMV difference testing is done using the DIFFTEST option.

RMSEA (Root Mean Square Error Of Approximation)

          Estimate                           0.090
          90 Percent C.I.                    0.088  0.093
          Probability RMSEA <= .05           0.000

CFI/TLI

          CFI                                0.951
          TLI                                0.962

Chi-Square Test of Model Fit for the Baseline Model

          Value                         103911.612
          Degrees of Freedom                   198
          P-Value                           0.0000

SRMR (Standardized Root Mean Square Residual)

          Value                              0.067

Optimum Function Value for Weighted Least-Squares Estimator

          Value                     0.37397716D+00



MODEL RESULTS

                                                    Two-Tailed
                    Estimate       S.E.  Est./S.E.    P-Value

Group WEB

 F1       BY
    GHQ12_1            1.000      0.000    999.000    999.000
    GHQ12_2            1.094      0.028     38.418      0.000
    GHQ12_3            0.944      0.025     38.370      0.000
    GHQ12_4            0.905      0.023     39.060      0.000
    GHQ12_5            1.122      0.028     40.597      0.000
    GHQ12_6            1.325      0.034     38.797      0.000
    GHQ12_7            1.160      0.028     41.263      0.000
    GHQ12_8            0.861      0.023     37.724      0.000
    GHQ12_9            1.930      0.048     40.201      0.000
    GHQ12_10           1.863      0.047     39.675      0.000
    GHQ12_11           1.831      0.052     34.978      0.000
    GHQ12_12           1.302      0.033     39.570      0.000

 Means
    F1                 0.000      0.000    999.000    999.000

 Thresholds
    GHQ12_1$1         -1.478      0.026    -56.541      0.000
    GHQ12_1$2          1.095      0.024     45.568      0.000
    GHQ12_1$3          2.370      0.039     60.321      0.000
    GHQ12_2$1         -0.975      0.024    -40.858      0.000
    GHQ12_2$2          0.839      0.024     35.505      0.000
    GHQ12_2$3          1.997      0.033     61.083      0.000
    GHQ12_3$1         -1.208      0.024    -50.854      0.000
    GHQ12_3$2          1.249      0.025     50.964      0.000
    GHQ12_3$3          2.261      0.037     61.902      0.000
    GHQ12_4$1         -0.959      0.022    -43.654      0.000
    GHQ12_4$2          1.663      0.028     60.120      0.000
    GHQ12_4$3          2.618      0.046     57.486      0.000
    GHQ12_5$1         -1.449      0.027    -54.313      0.000
    GHQ12_5$2          0.496      0.023     21.847      0.000
    GHQ12_5$3          1.848      0.030     60.957      0.000
    GHQ12_6$1         -0.875      0.026    -33.531      0.000
    GHQ12_6$2          1.207      0.029     42.348      0.000
    GHQ12_6$3          2.437      0.041     59.539      0.000
    GHQ12_7$1         -1.787      0.030    -59.203      0.000
    GHQ12_7$2          1.176      0.026     44.843      0.000
    GHQ12_7$3          2.458      0.040     61.077      0.000
    GHQ12_8$1         -1.289      0.023    -55.928      0.000
    GHQ12_8$2          1.401      0.025     56.614      0.000
    GHQ12_8$3          2.384      0.039     60.857      0.000
    GHQ12_9$1         -0.890      0.033    -26.568      0.000
    GHQ12_9$2          1.186      0.035     34.242      0.000
    GHQ12_9$3          2.766      0.049     56.780      0.000
    GHQ12_10$1        -0.567      0.032    -17.951      0.000
    GHQ12_10$2         1.319      0.035     37.610      0.000
    GHQ12_10$3         2.786      0.049     56.763      0.000
    GHQ12_11$1         0.633      0.034     18.803      0.000
    GHQ12_11$2         2.088      0.045     46.757      0.000
    GHQ12_11$3         3.229      0.061     53.119      0.000
    GHQ12_12$1        -1.300      0.028    -46.993      0.000
    GHQ12_12$2         1.489      0.030     49.331      0.000
    GHQ12_12$3         2.702      0.046     59.034      0.000

 Variances
    F1                 0.746      0.032     22.988      0.000

 Residual Variances
    GHQ12_1            1.000      0.000    999.000    999.000
    GHQ12_2            1.000      0.000    999.000    999.000
    GHQ12_3            1.000      0.000    999.000    999.000
    GHQ12_4            1.000      0.000    999.000    999.000
    GHQ12_5            1.000      0.000    999.000    999.000
    GHQ12_6            1.000      0.000    999.000    999.000
    GHQ12_7            1.000      0.000    999.000    999.000
    GHQ12_8            1.000      0.000    999.000    999.000
    GHQ12_9            1.000      0.000    999.000    999.000
    GHQ12_10           1.000      0.000    999.000    999.000
    GHQ12_11           1.000      0.000    999.000    999.000
    GHQ12_12           1.000      0.000    999.000    999.000

Group TEL

 F1       BY
    GHQ12_1            1.000      0.000    999.000    999.000
    GHQ12_2            1.094      0.028     38.418      0.000
    GHQ12_3            0.944      0.025     38.370      0.000
    GHQ12_4            0.905      0.023     39.060      0.000
    GHQ12_5            1.122      0.028     40.597      0.000
    GHQ12_6            1.325      0.034     38.797      0.000
    GHQ12_7            1.160      0.028     41.263      0.000
    GHQ12_8            0.861      0.023     37.724      0.000
    GHQ12_9            1.930      0.048     40.201      0.000
    GHQ12_10           1.863      0.047     39.675      0.000
    GHQ12_11           1.831      0.052     34.978      0.000
    GHQ12_12           1.302      0.033     39.570      0.000

 Means
    F1                -0.242      0.033     -7.414      0.000

 Thresholds
    GHQ12_1$1         -1.478      0.026    -56.541      0.000
    GHQ12_1$2          1.095      0.024     45.568      0.000
    GHQ12_1$3          2.370      0.039     60.321      0.000
    GHQ12_2$1         -0.975      0.024    -40.858      0.000
    GHQ12_2$2          0.839      0.024     35.505      0.000
    GHQ12_2$3          1.997      0.033     61.083      0.000
    GHQ12_3$1         -1.208      0.024    -50.854      0.000
    GHQ12_3$2          1.249      0.025     50.964      0.000
    GHQ12_3$3          2.261      0.037     61.902      0.000
    GHQ12_4$1         -0.959      0.022    -43.654      0.000
    GHQ12_4$2          1.663      0.028     60.120      0.000
    GHQ12_4$3          2.618      0.046     57.486      0.000
    GHQ12_5$1         -1.449      0.027    -54.313      0.000
    GHQ12_5$2          0.496      0.023     21.847      0.000
    GHQ12_5$3          1.848      0.030     60.957      0.000
    GHQ12_6$1         -0.875      0.026    -33.531      0.000
    GHQ12_6$2          1.207      0.029     42.348      0.000
    GHQ12_6$3          2.437      0.041     59.539      0.000
    GHQ12_7$1         -1.787      0.030    -59.203      0.000
    GHQ12_7$2          1.176      0.026     44.843      0.000
    GHQ12_7$3          2.458      0.040     61.077      0.000
    GHQ12_8$1         -1.289      0.023    -55.928      0.000
    GHQ12_8$2          1.401      0.025     56.614      0.000
    GHQ12_8$3          2.384      0.039     60.857      0.000
    GHQ12_9$1         -0.890      0.033    -26.568      0.000
    GHQ12_9$2          1.186      0.035     34.242      0.000
    GHQ12_9$3          2.766      0.049     56.780      0.000
    GHQ12_10$1        -0.567      0.032    -17.951      0.000
    GHQ12_10$2         1.319      0.035     37.610      0.000
    GHQ12_10$3         2.786      0.049     56.763      0.000
    GHQ12_11$1         0.633      0.034     18.803      0.000
    GHQ12_11$2         2.088      0.045     46.757      0.000
    GHQ12_11$3         3.229      0.061     53.119      0.000
    GHQ12_12$1        -1.300      0.028    -46.993      0.000
    GHQ12_12$2         1.489      0.030     49.331      0.000
    GHQ12_12$3         2.702      0.046     59.034      0.000

 Variances
    F1                 0.497      0.036     13.728      0.000

 Residual Variances
    GHQ12_1            1.000      0.000    999.000    999.000
    GHQ12_2            1.000      0.000    999.000    999.000
    GHQ12_3            1.000      0.000    999.000    999.000
    GHQ12_4            1.000      0.000    999.000    999.000
    GHQ12_5            1.000      0.000    999.000    999.000
    GHQ12_6            1.000      0.000    999.000    999.000
    GHQ12_7            1.000      0.000    999.000    999.000
    GHQ12_8            1.000      0.000    999.000    999.000
    GHQ12_9            1.000      0.000    999.000    999.000
    GHQ12_10           1.000      0.000    999.000    999.000
    GHQ12_11           1.000      0.000    999.000    999.000
    GHQ12_12           1.000      0.000    999.000    999.000

Group FTF

 F1       BY
    GHQ12_1            1.000      0.000    999.000    999.000
    GHQ12_2            1.094      0.028     38.418      0.000
    GHQ12_3            0.944      0.025     38.370      0.000
    GHQ12_4            0.905      0.023     39.060      0.000
    GHQ12_5            1.122      0.028     40.597      0.000
    GHQ12_6            1.325      0.034     38.797      0.000
    GHQ12_7            1.160      0.028     41.263      0.000
    GHQ12_8            0.861      0.023     37.724      0.000
    GHQ12_9            1.930      0.048     40.201      0.000
    GHQ12_10           1.863      0.047     39.675      0.000
    GHQ12_11           1.831      0.052     34.978      0.000
    GHQ12_12           1.302      0.033     39.570      0.000

 Means
    F1                -0.106      0.024     -4.399      0.000

 Thresholds
    GHQ12_1$1         -1.478      0.026    -56.541      0.000
    GHQ12_1$2          1.095      0.024     45.568      0.000
    GHQ12_1$3          2.370      0.039     60.321      0.000
    GHQ12_2$1         -0.975      0.024    -40.858      0.000
    GHQ12_2$2          0.839      0.024     35.505      0.000
    GHQ12_2$3          1.997      0.033     61.083      0.000
    GHQ12_3$1         -1.208      0.024    -50.854      0.000
    GHQ12_3$2          1.249      0.025     50.964      0.000
    GHQ12_3$3          2.261      0.037     61.902      0.000
    GHQ12_4$1         -0.959      0.022    -43.654      0.000
    GHQ12_4$2          1.663      0.028     60.120      0.000
    GHQ12_4$3          2.618      0.046     57.486      0.000
    GHQ12_5$1         -1.449      0.027    -54.313      0.000
    GHQ12_5$2          0.496      0.023     21.847      0.000
    GHQ12_5$3          1.848      0.030     60.957      0.000
    GHQ12_6$1         -0.875      0.026    -33.531      0.000
    GHQ12_6$2          1.207      0.029     42.348      0.000
    GHQ12_6$3          2.437      0.041     59.539      0.000
    GHQ12_7$1         -1.787      0.030    -59.203      0.000
    GHQ12_7$2          1.176      0.026     44.843      0.000
    GHQ12_7$3          2.458      0.040     61.077      0.000
    GHQ12_8$1         -1.289      0.023    -55.928      0.000
    GHQ12_8$2          1.401      0.025     56.614      0.000
    GHQ12_8$3          2.384      0.039     60.857      0.000
    GHQ12_9$1         -0.890      0.033    -26.568      0.000
    GHQ12_9$2          1.186      0.035     34.242      0.000
    GHQ12_9$3          2.766      0.049     56.780      0.000
    GHQ12_10$1        -0.567      0.032    -17.951      0.000
    GHQ12_10$2         1.319      0.035     37.610      0.000
    GHQ12_10$3         2.786      0.049     56.763      0.000
    GHQ12_11$1         0.633      0.034     18.803      0.000
    GHQ12_11$2         2.088      0.045     46.757      0.000
    GHQ12_11$3         3.229      0.061     53.119      0.000
    GHQ12_12$1        -1.300      0.028    -46.993      0.000
    GHQ12_12$2         1.489      0.030     49.331      0.000
    GHQ12_12$3         2.702      0.046     59.034      0.000

 Variances
    F1                 0.783      0.040     19.390      0.000

 Residual Variances
    GHQ12_1            1.000      0.000    999.000    999.000
    GHQ12_2            1.000      0.000    999.000    999.000
    GHQ12_3            1.000      0.000    999.000    999.000
    GHQ12_4            1.000      0.000    999.000    999.000
    GHQ12_5            1.000      0.000    999.000    999.000
    GHQ12_6            1.000      0.000    999.000    999.000
    GHQ12_7            1.000      0.000    999.000    999.000
    GHQ12_8            1.000      0.000    999.000    999.000
    GHQ12_9            1.000      0.000    999.000    999.000
    GHQ12_10           1.000      0.000    999.000    999.000
    GHQ12_11           1.000      0.000    999.000    999.000
    GHQ12_12           1.000      0.000    999.000    999.000


STANDARDIZED MODEL RESULTS


STD Standardization

                                                    Two-Tailed
                    Estimate       S.E.  Est./S.E.    P-Value

Group WEB

 F1       BY
    GHQ12_1            0.864      0.019     45.977      0.000
    GHQ12_2            0.945      0.020     47.451      0.000
    GHQ12_3            0.815      0.018     44.982      0.000
    GHQ12_4            0.782      0.018     44.513      0.000
    GHQ12_5            0.969      0.019     51.350      0.000
    GHQ12_6            1.144      0.023     49.120      0.000
    GHQ12_7            1.002      0.021     48.276      0.000
    GHQ12_8            0.744      0.017     44.996      0.000
    GHQ12_9            1.667      0.032     52.785      0.000
    GHQ12_10           1.609      0.032     50.940      0.000
    GHQ12_11           1.581      0.038     41.829      0.000
    GHQ12_12           1.125      0.023     49.172      0.000

 Means
    F1                 0.000      0.000    999.000    999.000

 Thresholds
    GHQ12_1$1         -1.478      0.026    -56.541      0.000
    GHQ12_1$2          1.095      0.024     45.568      0.000
    GHQ12_1$3          2.370      0.039     60.321      0.000
    GHQ12_2$1         -0.975      0.024    -40.858      0.000
    GHQ12_2$2          0.839      0.024     35.505      0.000
    GHQ12_2$3          1.997      0.033     61.083      0.000
    GHQ12_3$1         -1.208      0.024    -50.854      0.000
    GHQ12_3$2          1.249      0.025     50.964      0.000
    GHQ12_3$3          2.261      0.037     61.902      0.000
    GHQ12_4$1         -0.959      0.022    -43.654      0.000
    GHQ12_4$2          1.663      0.028     60.120      0.000
    GHQ12_4$3          2.618      0.046     57.486      0.000
    GHQ12_5$1         -1.449      0.027    -54.313      0.000
    GHQ12_5$2          0.496      0.023     21.847      0.000
    GHQ12_5$3          1.848      0.030     60.957      0.000
    GHQ12_6$1         -0.875      0.026    -33.531      0.000
    GHQ12_6$2          1.207      0.029     42.348      0.000
    GHQ12_6$3          2.437      0.041     59.539      0.000
    GHQ12_7$1         -1.787      0.030    -59.203      0.000
    GHQ12_7$2          1.176      0.026     44.843      0.000
    GHQ12_7$3          2.458      0.040     61.077      0.000
    GHQ12_8$1         -1.289      0.023    -55.928      0.000
    GHQ12_8$2          1.401      0.025     56.614      0.000
    GHQ12_8$3          2.384      0.039     60.857      0.000
    GHQ12_9$1         -0.890      0.033    -26.568      0.000
    GHQ12_9$2          1.186      0.035     34.242      0.000
    GHQ12_9$3          2.766      0.049     56.780      0.000
    GHQ12_10$1        -0.567      0.032    -17.951      0.000
    GHQ12_10$2         1.319      0.035     37.610      0.000
    GHQ12_10$3         2.786      0.049     56.763      0.000
    GHQ12_11$1         0.633      0.034     18.803      0.000
    GHQ12_11$2         2.088      0.045     46.757      0.000
    GHQ12_11$3         3.229      0.061     53.119      0.000
    GHQ12_12$1        -1.300      0.028    -46.993      0.000
    GHQ12_12$2         1.489      0.030     49.331      0.000
    GHQ12_12$3         2.702      0.046     59.034      0.000

 Variances
    F1                 1.000      0.000    999.000    999.000

 Residual Variances
    GHQ12_1            1.000      0.000    999.000    999.000
    GHQ12_2            1.000      0.000    999.000    999.000
    GHQ12_3            1.000      0.000    999.000    999.000
    GHQ12_4            1.000      0.000    999.000    999.000
    GHQ12_5            1.000      0.000    999.000    999.000
    GHQ12_6            1.000      0.000    999.000    999.000
    GHQ12_7            1.000      0.000    999.000    999.000
    GHQ12_8            1.000      0.000    999.000    999.000
    GHQ12_9            1.000      0.000    999.000    999.000
    GHQ12_10           1.000      0.000    999.000    999.000
    GHQ12_11           1.000      0.000    999.000    999.000
    GHQ12_12           1.000      0.000    999.000    999.000

Group TEL

 F1       BY
    GHQ12_1            0.705      0.026     27.455      0.000
    GHQ12_2            0.771      0.028     27.569      0.000
    GHQ12_3            0.665      0.025     27.034      0.000
    GHQ12_4            0.638      0.024     26.906      0.000
    GHQ12_5            0.791      0.028     28.184      0.000
    GHQ12_6            0.934      0.034     27.561      0.000
    GHQ12_7            0.818      0.030     27.704      0.000
    GHQ12_8            0.607      0.022     27.144      0.000
    GHQ12_9            1.361      0.048     28.497      0.000
    GHQ12_10           1.314      0.047     27.943      0.000
    GHQ12_11           1.291      0.050     25.990      0.000
    GHQ12_12           0.918      0.033     27.825      0.000

 Means
    F1                -0.343      0.048     -7.171      0.000

 Thresholds
    GHQ12_1$1         -1.478      0.026    -56.541      0.000
    GHQ12_1$2          1.095      0.024     45.568      0.000
    GHQ12_1$3          2.370      0.039     60.321      0.000
    GHQ12_2$1         -0.975      0.024    -40.858      0.000
    GHQ12_2$2          0.839      0.024     35.505      0.000
    GHQ12_2$3          1.997      0.033     61.083      0.000
    GHQ12_3$1         -1.208      0.024    -50.854      0.000
    GHQ12_3$2          1.249      0.025     50.964      0.000
    GHQ12_3$3          2.261      0.037     61.902      0.000
    GHQ12_4$1         -0.959      0.022    -43.654      0.000
    GHQ12_4$2          1.663      0.028     60.120      0.000
    GHQ12_4$3          2.618      0.046     57.486      0.000
    GHQ12_5$1         -1.449      0.027    -54.313      0.000
    GHQ12_5$2          0.496      0.023     21.847      0.000
    GHQ12_5$3          1.848      0.030     60.957      0.000
    GHQ12_6$1         -0.875      0.026    -33.531      0.000
    GHQ12_6$2          1.207      0.029     42.348      0.000
    GHQ12_6$3          2.437      0.041     59.539      0.000
    GHQ12_7$1         -1.787      0.030    -59.203      0.000
    GHQ12_7$2          1.176      0.026     44.843      0.000
    GHQ12_7$3          2.458      0.040     61.077      0.000
    GHQ12_8$1         -1.289      0.023    -55.928      0.000
    GHQ12_8$2          1.401      0.025     56.614      0.000
    GHQ12_8$3          2.384      0.039     60.857      0.000
    GHQ12_9$1         -0.890      0.033    -26.568      0.000
    GHQ12_9$2          1.186      0.035     34.242      0.000
    GHQ12_9$3          2.766      0.049     56.780      0.000
    GHQ12_10$1        -0.567      0.032    -17.951      0.000
    GHQ12_10$2         1.319      0.035     37.610      0.000
    GHQ12_10$3         2.786      0.049     56.763      0.000
    GHQ12_11$1         0.633      0.034     18.803      0.000
    GHQ12_11$2         2.088      0.045     46.757      0.000
    GHQ12_11$3         3.229      0.061     53.119      0.000
    GHQ12_12$1        -1.300      0.028    -46.993      0.000
    GHQ12_12$2         1.489      0.030     49.331      0.000
    GHQ12_12$3         2.702      0.046     59.034      0.000

 Variances
    F1                 1.000      0.000    999.000    999.000

 Residual Variances
    GHQ12_1            1.000      0.000    999.000    999.000
    GHQ12_2            1.000      0.000    999.000    999.000
    GHQ12_3            1.000      0.000    999.000    999.000
    GHQ12_4            1.000      0.000    999.000    999.000
    GHQ12_5            1.000      0.000    999.000    999.000
    GHQ12_6            1.000      0.000    999.000    999.000
    GHQ12_7            1.000      0.000    999.000    999.000
    GHQ12_8            1.000      0.000    999.000    999.000
    GHQ12_9            1.000      0.000    999.000    999.000
    GHQ12_10           1.000      0.000    999.000    999.000
    GHQ12_11           1.000      0.000    999.000    999.000
    GHQ12_12           1.000      0.000    999.000    999.000

Group FTF

 F1       BY
    GHQ12_1            0.885      0.023     38.779      0.000
    GHQ12_2            0.968      0.024     40.471      0.000
    GHQ12_3            0.835      0.022     38.214      0.000
    GHQ12_4            0.801      0.021     38.185      0.000
    GHQ12_5            0.993      0.023     42.336      0.000
    GHQ12_6            1.172      0.029     40.371      0.000
    GHQ12_7            1.027      0.025     40.990      0.000
    GHQ12_8            0.762      0.020     38.309      0.000
    GHQ12_9            1.708      0.040     42.899      0.000
    GHQ12_10           1.649      0.039     42.308      0.000
    GHQ12_11           1.620      0.045     36.110      0.000
    GHQ12_12           1.152      0.028     40.468      0.000

 Means
    F1                -0.120      0.027     -4.362      0.000

 Thresholds
    GHQ12_1$1         -1.478      0.026    -56.541      0.000
    GHQ12_1$2          1.095      0.024     45.568      0.000
    GHQ12_1$3          2.370      0.039     60.321      0.000
    GHQ12_2$1         -0.975      0.024    -40.858      0.000
    GHQ12_2$2          0.839      0.024     35.505      0.000
    GHQ12_2$3          1.997      0.033     61.083      0.000
    GHQ12_3$1         -1.208      0.024    -50.854      0.000
    GHQ12_3$2          1.249      0.025     50.964      0.000
    GHQ12_3$3          2.261      0.037     61.902      0.000
    GHQ12_4$1         -0.959      0.022    -43.654      0.000
    GHQ12_4$2          1.663      0.028     60.120      0.000
    GHQ12_4$3          2.618      0.046     57.486      0.000
    GHQ12_5$1         -1.449      0.027    -54.313      0.000
    GHQ12_5$2          0.496      0.023     21.847      0.000
    GHQ12_5$3          1.848      0.030     60.957      0.000
    GHQ12_6$1         -0.875      0.026    -33.531      0.000
    GHQ12_6$2          1.207      0.029     42.348      0.000
    GHQ12_6$3          2.437      0.041     59.539      0.000
    GHQ12_7$1         -1.787      0.030    -59.203      0.000
    GHQ12_7$2          1.176      0.026     44.843      0.000
    GHQ12_7$3          2.458      0.040     61.077      0.000
    GHQ12_8$1         -1.289      0.023    -55.928      0.000
    GHQ12_8$2          1.401      0.025     56.614      0.000
    GHQ12_8$3          2.384      0.039     60.857      0.000
    GHQ12_9$1         -0.890      0.033    -26.568      0.000
    GHQ12_9$2          1.186      0.035     34.242      0.000
    GHQ12_9$3          2.766      0.049     56.780      0.000
    GHQ12_10$1        -0.567      0.032    -17.951      0.000
    GHQ12_10$2         1.319      0.035     37.610      0.000
    GHQ12_10$3         2.786      0.049     56.763      0.000
    GHQ12_11$1         0.633      0.034     18.803      0.000
    GHQ12_11$2         2.088      0.045     46.757      0.000
    GHQ12_11$3         3.229      0.061     53.119      0.000
    GHQ12_12$1        -1.300      0.028    -46.993      0.000
    GHQ12_12$2         1.489      0.030     49.331      0.000
    GHQ12_12$3         2.702      0.046     59.034      0.000

 Variances
    F1                 1.000      0.000    999.000    999.000

 Residual Variances
    GHQ12_1            1.000      0.000    999.000    999.000
    GHQ12_2            1.000      0.000    999.000    999.000
    GHQ12_3            1.000      0.000    999.000    999.000
    GHQ12_4            1.000      0.000    999.000    999.000
    GHQ12_5            1.000      0.000    999.000    999.000
    GHQ12_6            1.000      0.000    999.000    999.000
    GHQ12_7            1.000      0.000    999.000    999.000
    GHQ12_8            1.000      0.000    999.000    999.000
    GHQ12_9            1.000      0.000    999.000    999.000
    GHQ12_10           1.000      0.000    999.000    999.000
    GHQ12_11           1.000      0.000    999.000    999.000
    GHQ12_12           1.000      0.000    999.000    999.000


R-SQUARE

Group WEB

    Observed                                        Two-Tailed     Scale
    Variable        Estimate       S.E.  Est./S.E.    P-Value     Factors

    GHQ12_1            0.427      0.011     40.130      0.000      0.757
    GHQ12_2            0.472      0.011     44.907      0.000      0.727
    GHQ12_3            0.399      0.011     37.431      0.000      0.775
    GHQ12_4            0.379      0.011     35.851      0.000      0.788
    GHQ12_5            0.484      0.010     49.786      0.000      0.718
    GHQ12_6            0.567      0.010     56.717      0.000      0.658
    GHQ12_7            0.501      0.010     48.366      0.000      0.706
    GHQ12_8            0.356      0.010     34.946      0.000      0.802
    GHQ12_9            0.735      0.007     99.738      0.000      0.514
    GHQ12_10           0.721      0.008     91.422      0.000      0.528
    GHQ12_11           0.714      0.010     73.190      0.000      0.535
    GHQ12_12           0.558      0.010     55.683      0.000      0.664

Group TEL

    Observed                                        Two-Tailed     Scale
    Variable        Estimate       S.E.  Est./S.E.    P-Value     Factors

    GHQ12_1            0.332      0.016     20.550      0.000      0.817
    GHQ12_2            0.373      0.017     21.986      0.000      0.792
    GHQ12_3            0.307      0.016     19.501      0.000      0.833
    GHQ12_4            0.289      0.015     18.930      0.000      0.843
    GHQ12_5            0.385      0.017     22.912      0.000      0.784
    GHQ12_6            0.466      0.018     25.806      0.000      0.731
    GHQ12_7            0.401      0.017     23.118      0.000      0.774
    GHQ12_8            0.269      0.015     18.577      0.000      0.855
    GHQ12_9            0.649      0.016     40.639      0.000      0.592
    GHQ12_10           0.633      0.017     38.084      0.000      0.606
    GHQ12_11           0.625      0.018     34.642      0.000      0.612
    GHQ12_12           0.457      0.018     25.641      0.000      0.737

Group FTF

    Observed                                        Two-Tailed     Scale
    Variable        Estimate       S.E.  Est./S.E.    P-Value     Factors

    GHQ12_1            0.439      0.013     34.569      0.000      0.749
    GHQ12_2            0.484      0.012     39.202      0.000      0.718
    GHQ12_3            0.411      0.013     32.432      0.000      0.768
    GHQ12_4            0.391      0.012     31.336      0.000      0.781
    GHQ12_5            0.496      0.012     42.038      0.000      0.710
    GHQ12_6            0.579      0.012     47.933      0.000      0.649
    GHQ12_7            0.513      0.012     42.092      0.000      0.698
    GHQ12_8            0.367      0.012     30.282      0.000      0.795
    GHQ12_9            0.745      0.009     84.031      0.000      0.505
    GHQ12_10           0.731      0.009     78.663      0.000      0.519
    GHQ12_11           0.724      0.011     65.434      0.000      0.525
    GHQ12_12           0.570      0.012     47.104      0.000      0.655


QUALITY OF NUMERICAL RESULTS

     Condition Number for the Information Matrix              0.374E-02
       (ratio of smallest to largest eigenvalue)


MODEL MODIFICATION INDICES

NOTE:  Modification indices for direct effects of observed dependent variables
regressed on covariates and residual covariances among observed dependent
variables may not be included.  To include these, request MODINDICES (ALL).

Minimum M.I. value for printing the modification index    10.000

                                   M.I.     E.P.C.  Std E.P.C.  StdYX E.P.C.
Group WEB


BY Statements

F1       BY GHQ12_3               11.553     0.036      0.031        0.024

WITH Statements

GHQ12_3  WITH GHQ12_1             62.035     0.172      0.172        0.172
GHQ12_3  WITH GHQ12_2             56.244    -0.208     -0.208       -0.208
GHQ12_4  WITH GHQ12_1             66.449     0.182      0.182        0.182
GHQ12_4  WITH GHQ12_2             74.947    -0.244     -0.244       -0.244
GHQ12_4  WITH GHQ12_3            478.081     0.391      0.391        0.391
GHQ12_5  WITH GHQ12_2            336.882     0.358      0.358        0.358
GHQ12_5  WITH GHQ12_3            120.510    -0.296     -0.296       -0.296
GHQ12_5  WITH GHQ12_4             93.514    -0.265     -0.265       -0.265
GHQ12_6  WITH GHQ12_2             28.533     0.131      0.131        0.131
GHQ12_6  WITH GHQ12_4             17.333    -0.116     -0.116       -0.116
GHQ12_6  WITH GHQ12_5             94.273     0.218      0.218        0.218
GHQ12_7  WITH GHQ12_1             57.882     0.177      0.177        0.177
GHQ12_7  WITH GHQ12_2             12.106    -0.098     -0.098       -0.098
GHQ12_8  WITH GHQ12_1             20.156     0.098      0.098        0.098
GHQ12_8  WITH GHQ12_2             47.063    -0.175     -0.175       -0.175
GHQ12_8  WITH GHQ12_3             22.946     0.103      0.103        0.103
GHQ12_8  WITH GHQ12_4            159.419     0.247      0.247        0.247
GHQ12_8  WITH GHQ12_5             40.673    -0.161     -0.161       -0.161
GHQ12_8  WITH GHQ12_7             65.227     0.172      0.172        0.172
GHQ12_9  WITH GHQ12_1             26.691    -0.178     -0.178       -0.178
GHQ12_9  WITH GHQ12_2             11.311     0.100      0.100        0.100
GHQ12_9  WITH GHQ12_3             53.255    -0.257     -0.257       -0.257
GHQ12_9  WITH GHQ12_4             88.526    -0.348     -0.348       -0.348
GHQ12_9  WITH GHQ12_6             28.026     0.148      0.148        0.148
GHQ12_9  WITH GHQ12_7             11.411    -0.113     -0.113       -0.113
GHQ12_9  WITH GHQ12_8             28.663    -0.157     -0.157       -0.157
GHQ12_10 WITH GHQ12_1             26.384    -0.179     -0.179       -0.179
GHQ12_10 WITH GHQ12_3             10.107    -0.108     -0.108       -0.108
GHQ12_10 WITH GHQ12_4             25.727    -0.175     -0.175       -0.175
GHQ12_10 WITH GHQ12_5             18.104    -0.143     -0.143       -0.143
GHQ12_10 WITH GHQ12_7             57.515    -0.276     -0.276       -0.276
GHQ12_10 WITH GHQ12_8             11.152    -0.100     -0.100       -0.100
GHQ12_10 WITH GHQ12_9             24.131     0.144      0.144        0.144
GHQ12_11 WITH GHQ12_1             33.726    -0.217     -0.217       -0.217
GHQ12_11 WITH GHQ12_2             29.735    -0.212     -0.212       -0.212
GHQ12_11 WITH GHQ12_4             18.590    -0.154     -0.154       -0.154
GHQ12_11 WITH GHQ12_5             51.088    -0.285     -0.285       -0.285
GHQ12_11 WITH GHQ12_7             77.859    -0.345     -0.345       -0.345
GHQ12_11 WITH GHQ12_8             19.935    -0.141     -0.141       -0.141
GHQ12_11 WITH GHQ12_9             12.714     0.132      0.132        0.132
GHQ12_11 WITH GHQ12_10           164.600     0.371      0.371        0.371
GHQ12_12 WITH GHQ12_1             18.402     0.111      0.111        0.111
GHQ12_12 WITH GHQ12_2             28.738    -0.158     -0.158       -0.158
GHQ12_12 WITH GHQ12_3             18.125     0.105      0.105        0.105
GHQ12_12 WITH GHQ12_5             35.403    -0.172     -0.172       -0.172
GHQ12_12 WITH GHQ12_6             22.022    -0.140     -0.140       -0.140
GHQ12_12 WITH GHQ12_7             84.735     0.217      0.217        0.217
GHQ12_12 WITH GHQ12_8             29.586     0.128      0.128        0.128
GHQ12_12 WITH GHQ12_10            27.153    -0.183     -0.183       -0.183

Variances/Residual Variances

GHQ12_1                           25.774    -0.157     -0.157       -0.090
GHQ12_3                           13.312    -0.108     -0.108       -0.065
GHQ12_4                           10.751    -0.099     -0.099       -0.061
GHQ12_6                           32.609    -0.192     -0.192       -0.083
GHQ12_8                           10.665    -0.091     -0.091       -0.059

Means/Intercepts/Thresholds

[ GHQ12_2  ]                      12.690    -0.082     -0.082       -0.059
[ GHQ12_1$ ]                      15.474     0.169      0.169        0.128
[ GHQ12_2$ ]                      13.046     0.084      0.084        0.061
[ GHQ12_2$ ]                      18.472     0.148      0.148        0.108
[ GHQ12_4$ ]                      18.344    -0.095     -0.095       -0.075
[ GHQ12_8$ ]                      26.398    -0.126     -0.126       -0.101
[ GHQ12_9$ ]                      12.309    -0.110     -0.110       -0.056
[ GHQ12_10 ]                      13.026    -0.107     -0.107       -0.057

Group TEL


Means/Intercepts/Thresholds

[ GHQ12_1$ ]                      11.095    -0.127     -0.127       -0.103

Group FTF


WITH Statements

GHQ12_4  WITH GHQ12_1             14.296     0.086      0.086        0.086
GHQ12_4  WITH GHQ12_2             13.244    -0.105     -0.105       -0.105
GHQ12_4  WITH GHQ12_3             35.333     0.108      0.108        0.108
GHQ12_5  WITH GHQ12_2             31.776     0.113      0.113        0.113
GHQ12_5  WITH GHQ12_3             21.107    -0.127     -0.127       -0.127
GHQ12_5  WITH GHQ12_4             23.339    -0.135     -0.135       -0.135
GHQ12_6  WITH GHQ12_1             12.851    -0.103     -0.103       -0.103
GHQ12_6  WITH GHQ12_3             11.917    -0.094     -0.094       -0.094
GHQ12_6  WITH GHQ12_5             17.821     0.097      0.097        0.097
GHQ12_8  WITH GHQ12_4             28.623     0.107      0.107        0.107
GHQ12_8  WITH GHQ12_7             29.049     0.117      0.117        0.117
GHQ12_9  WITH GHQ12_1             12.549    -0.125     -0.125       -0.125
GHQ12_9  WITH GHQ12_3             17.559    -0.152     -0.152       -0.152
GHQ12_9  WITH GHQ12_4             28.300    -0.202     -0.202       -0.202
GHQ12_9  WITH GHQ12_8             12.871    -0.108     -0.108       -0.108
GHQ12_10 WITH GHQ12_1             11.330    -0.121     -0.121       -0.121
GHQ12_10 WITH GHQ12_4             10.243    -0.114     -0.114       -0.114
GHQ12_10 WITH GHQ12_7             10.826    -0.123     -0.123       -0.123
GHQ12_11 WITH GHQ12_1             10.315    -0.123     -0.123       -0.123
GHQ12_11 WITH GHQ12_7             15.586    -0.159     -0.159       -0.159
GHQ12_11 WITH GHQ12_10            36.492     0.180      0.180        0.180

Variances/Residual Variances

GHQ12_1                           10.765     0.102      0.102        0.057
GHQ12_6                           11.158     0.112      0.112        0.047

Means/Intercepts/Thresholds

[ GHQ12_2  ]                      11.505     0.078      0.078        0.056
[ GHQ12_4$ ]                      11.145     0.079      0.079        0.061
[ GHQ12_8$ ]                      19.058     0.112      0.112        0.089



SAMPLE STATISTICS FOR ESTIMATED FACTOR SCORES


     SAMPLE STATISTICS


           Means
              F1            F1_SE
              ________      ________
               -0.022         0.264


           Covariances
              F1            F1_SE
              ________      ________
 F1             0.597
 F1_SE         -0.016         0.001


           Correlations
              F1            F1_SE
              ________      ________
 F1             1.000
 F1_SE         -0.623         1.000


PLOT INFORMATION

The following plots are available:

  Histograms (sample values, estimated factor scores, estimated values, residuals)
  Scatterplots (sample values, estimated factor scores, estimated values, residuals)
  Sample proportions and estimated probabilities
  Item characteristic curves
  Information curves
  Measurement parameter plots
  Latent variable distribution plots

DIAGRAM INFORMATION

  Use View Diagram under the Diagram menu in the Mplus Editor to view the diagram.
  If running Mplus from the Mplus Diagrammer, the diagram opens automatically.

  Diagram output
    c:\users\msassac6\dropbox (the university of manchester)\papers\joe s\uclmm\uclmm_r\mplus\mean no correction\scalar_

     Beginning Time:  08:56:52
        Ending Time:  08:56:54
       Elapsed Time:  00:00:02



MUTHEN & MUTHEN
3463 Stoner Ave.
Los Angeles, CA  90066

Tel: (310) 391-9971
Fax: (310) 391-8971
Web: www.StatModel.com
Support: Support@StatModel.com

Copyright (c) 1998-2019 Muthen & Muthen
