Mplus VERSION 8.3
MUTHEN & MUTHEN
08/09/2019   7:45 AM

INPUT INSTRUCTIONS

  TITLE: Your title goes here

  DATA: FILE = data.dta;

  VARIABLE:

  NAMES = w8audit1 w8bullytype0a w8bullytype0b w8bullytype0c w8bullytype0d
       w8bullytype0e w8bullytype0f w8bullytype0g w8adult0a w8adult0b w8adult0c
       w8leisurea0a w8leisurea0b w8leisurea0c w8leisurea0d w8leisurea0e w8leisurea0f
       w8leisureb0a w8leisureb0b w8leisureb0c w8leisureb0d samppsu sampstratum w8mode
       w8locus0a w8locus0b w8locus0c w8locus0d w8ghq12_1 w8ghq12_2 w8ghq12_3 w8ghq12_4
       w8ghq12_5 w8ghq12_6 w8ghq12_7 w8ghq12_8 w8ghq12_9 w8ghq12_10 w8ghq12_11
       w8ghq12_12 w8audit2 w8audit3 designweight_combin;

  MISSING=.;
  USEVARIABLES ARE w8audit1
  w8audit2
  w8audit3;

  GROUPING IS w8mode (1=Web 2=Tel 3=Ftf);
  WEIGHT IS designweight_combin;

                  STRATIFICATION IS sampstratum;

                  CLUSTER IS samppsu;

  ANALYSIS: TYPE IS COMPLEX;

                  !ESTIMATOR = WLSMV;

                  !ITERATIONS = 100000;

                  !PARAMETERIZATION = THETA;

  Model:

  [f1@0];
  f1@1;

  f1 BY w8audit1@1
  w8audit2 (L2_Web)
  w8audit3 (L3_Web)
  ;


  [w8audit1] (t_w8audit1_Web);
  [w8audit2] (t_w8audit2_Web);
  [w8audit3] (t_w8audit3_Web);


  Model Tel:

  f1 BY w8audit1@1
  w8audit2 (L2_Tel)
  w8audit3 (L3_Tel)
  ;

  [w8audit1] (t_w8audit1_Tel);
  [w8audit2] (t_w8audit2_Tel);
  [w8audit3] (t_w8audit3_Tel);


  Model Ftf:

  f1 BY w8audit1@1
  w8audit2 (L2_Ftf)
  w8audit3 (L3_Ftf)
  ;



  [w8audit1] (t_w8audit1_Ftf);
  [w8audit2] (t_w8audit2_Ftf);
  [w8audit3] (t_w8audit3_Ftf);


  SAVEDATA: DIFFTEST IS w8audit1_configural.dat;
  OUTPUT: SAMPSTAT;

  MODINDICES;

  STD;

  Plot: type = plot3;




*** WARNING in SAVEDATA command
  The DIFFTEST option is available only for the estimators MLMV, WLSMV and ULSMV.
  Request for DIFFTEST will be ignored.
   1 WARNING(S) FOUND IN THE INPUT INSTRUCTIONS



Your title goes here

SUMMARY OF ANALYSIS

Number of groups                                                 3
Number of observations
   Group WEB                                                  4725
   Group TEL                                                   671
   Group FTF                                                  2173
   Total sample size                                          7569

Number of dependent variables                                    3
Number of independent variables                                  0
Number of continuous latent variables                            1

Observed dependent variables

  Continuous
   W8AUDIT1    W8AUDIT2    W8AUDIT3

Continuous latent variables
   F1

Variables with special functions

  Grouping variable     W8MODE
  Stratification        SAMPSTRA
  Cluster variable      SAMPPSU
  Weight variable       DESIGNWE

Estimator                                                      MLR
Information matrix                                        OBSERVED
Maximum number of iterations                                  1000
Convergence criterion                                    0.500D-04
Maximum number of steepest descent iterations                   20
Maximum number of iterations for H1                           2000
Convergence criterion for H1                             0.100D-03

Input data file(s)
  data.dta

Input data format  FREE


SUMMARY OF DATA

   Total number of strata                       37
   Total number of clusters                    656

   Group WEB
     Number of missing data patterns             5
     Number of strata                           37
     Number of clusters                        651

   Group TEL
     Number of missing data patterns             4
     Number of strata                           37
     Number of clusters                        416

   Group FTF
     Number of missing data patterns             4
     Number of strata                           36
     Number of clusters                        618


COVARIANCE COVERAGE OF DATA

Minimum covariance coverage value   0.100


     PROPORTION OF DATA PRESENT FOR WEB


           Covariance Coverage
              W8AUDIT1      W8AUDIT2      W8AUDIT3
              ________      ________      ________
 W8AUDIT1       0.966
 W8AUDIT2       0.965         0.999
 W8AUDIT3       0.966         0.999         0.999


     PROPORTION OF DATA PRESENT FOR TEL


           Covariance Coverage
              W8AUDIT1      W8AUDIT2      W8AUDIT3
              ________      ________      ________
 W8AUDIT1       0.958
 W8AUDIT2       0.957         0.999
 W8AUDIT3       0.955         0.996         0.997


     PROPORTION OF DATA PRESENT FOR FTF


           Covariance Coverage
              W8AUDIT1      W8AUDIT2      W8AUDIT3
              ________      ________      ________
 W8AUDIT1       0.960
 W8AUDIT2       0.959         0.999
 W8AUDIT3       0.960         0.998         1.000


SAMPLE STATISTICS


     ESTIMATED SAMPLE STATISTICS FOR WEB


           Means
              W8AUDIT1      W8AUDIT2      W8AUDIT3
              ________      ________      ________
                2.598         1.723         1.764


           Covariances
              W8AUDIT1      W8AUDIT2      W8AUDIT3
              ________      ________      ________
 W8AUDIT1       1.182
 W8AUDIT2       0.647         1.771
 W8AUDIT3       0.919         1.105         1.303


           Correlations
              W8AUDIT1      W8AUDIT2      W8AUDIT3
              ________      ________      ________
 W8AUDIT1       1.000
 W8AUDIT2       0.447         1.000
 W8AUDIT3       0.741         0.728         1.000


     ESTIMATED SAMPLE STATISTICS FOR TEL


           Means
              W8AUDIT1      W8AUDIT2      W8AUDIT3
              ________      ________      ________
                2.671         1.888         1.753


           Covariances
              W8AUDIT1      W8AUDIT2      W8AUDIT3
              ________      ________      ________
 W8AUDIT1       1.315
 W8AUDIT2       0.813         2.341
 W8AUDIT3       1.047         1.256         1.394


           Correlations
              W8AUDIT1      W8AUDIT2      W8AUDIT3
              ________      ________      ________
 W8AUDIT1       1.000
 W8AUDIT2       0.464         1.000
 W8AUDIT3       0.773         0.695         1.000


     ESTIMATED SAMPLE STATISTICS FOR FTF


           Means
              W8AUDIT1      W8AUDIT2      W8AUDIT3
              ________      ________      ________
                2.592         1.826         1.788


           Covariances
              W8AUDIT1      W8AUDIT2      W8AUDIT3
              ________      ________      ________
 W8AUDIT1       1.295
 W8AUDIT2       0.775         2.047
 W8AUDIT3       1.000         1.261         1.427


           Correlations
              W8AUDIT1      W8AUDIT2      W8AUDIT3
              ________      ________      ________
 W8AUDIT1       1.000
 W8AUDIT2       0.476         1.000
 W8AUDIT3       0.736         0.738         1.000


     MAXIMUM LOG-LIKELIHOOD VALUE FOR THE UNRESTRICTED (H1) MODEL IS -30176.152


UNIVARIATE SAMPLE STATISTICS


     UNIVARIATE HIGHER-ORDER MOMENT DESCRIPTIVE STATISTICS FOR WEB

         Variable/         Mean/     Skewness/   Minimum/ % with                Percentiles
        Sample Size      Variance    Kurtosis    Maximum  Min/Max      20%/60%    40%/80%    Median

     W8AUDIT1              2.639       0.140       1.000   21.92%       1.000      2.000      3.000
            4566.000       1.152      -0.729       5.000    3.26%       3.000      4.000
     W8AUDIT2              1.724       0.650       0.000   24.58%       0.000      1.000      1.000
            4720.000       1.774      -0.099       5.000    3.33%       2.000      2.000
     W8AUDIT3              1.764      -0.044       0.000   24.57%       0.000      1.000      2.000
            4722.000       1.304      -0.664       5.000    0.19%       2.000      3.000


     UNIVARIATE HIGHER-ORDER MOMENT DESCRIPTIVE STATISTICS FOR TEL

         Variable/         Mean/     Skewness/   Minimum/ % with                Percentiles
        Sample Size      Variance    Kurtosis    Maximum  Min/Max      20%/60%    40%/80%    Median

     W8AUDIT1              2.732      -0.074       1.000   24.26%       1.000      2.000      3.000
             643.000       1.271      -0.930       5.000    3.27%       3.000      4.000
     W8AUDIT2              1.888       0.501       0.000   27.46%       0.000      1.000      1.000
             670.000       2.343      -0.741       5.000    5.22%       2.000      3.000
     W8AUDIT3              1.752      -0.127       0.000   27.50%       0.000      1.000      2.000
             669.000       1.395      -0.932       4.000    4.04%       2.000      3.000


     UNIVARIATE HIGHER-ORDER MOMENT DESCRIPTIVE STATISTICS FOR FTF

         Variable/         Mean/     Skewness/   Minimum/ % with                Percentiles
        Sample Size      Variance    Kurtosis    Maximum  Min/Max      20%/60%    40%/80%    Median

     W8AUDIT1              2.640       0.216       1.000   24.92%       1.000      2.000      2.000
            2087.000       1.263      -0.755       5.000    4.02%       3.000      4.000
     W8AUDIT2              1.824       0.539       0.000   27.93%       0.000      1.000      1.000
            2170.000       2.047      -0.475       5.000    4.47%       2.000      3.000
     W8AUDIT3              1.788      -0.018       0.000   27.90%       0.000      1.000      2.000
            2172.000       1.428      -0.710       5.000    0.28%       2.000      3.000


THE MODEL ESTIMATION TERMINATED NORMALLY

     WARNING:  THE RESIDUAL COVARIANCE MATRIX (THETA) IN GROUP WEB IS NOT
     POSITIVE DEFINITE.  THIS COULD INDICATE A NEGATIVE VARIANCE/RESIDUAL
     VARIANCE FOR AN OBSERVED VARIABLE, A CORRELATION GREATER OR EQUAL TO ONE
     BETWEEN TWO OBSERVED VARIABLES, OR A LINEAR DEPENDENCY AMONG MORE THAN TWO
     OBSERVED VARIABLES.  CHECK THE RESULTS SECTION FOR MORE INFORMATION.
     PROBLEM INVOLVING VARIABLE W8AUDIT3.


     WARNING:  THE RESIDUAL COVARIANCE MATRIX (THETA) IN GROUP TEL IS NOT
     POSITIVE DEFINITE.  THIS COULD INDICATE A NEGATIVE VARIANCE/RESIDUAL
     VARIANCE FOR AN OBSERVED VARIABLE, A CORRELATION GREATER OR EQUAL TO ONE
     BETWEEN TWO OBSERVED VARIABLES, OR A LINEAR DEPENDENCY AMONG MORE THAN TWO
     OBSERVED VARIABLES.  CHECK THE RESULTS SECTION FOR MORE INFORMATION.
     PROBLEM INVOLVING VARIABLE W8AUDIT3.


     WARNING:  THE RESIDUAL COVARIANCE MATRIX (THETA) IN GROUP FTF IS NOT
     POSITIVE DEFINITE.  THIS COULD INDICATE A NEGATIVE VARIANCE/RESIDUAL
     VARIANCE FOR AN OBSERVED VARIABLE, A CORRELATION GREATER OR EQUAL TO ONE
     BETWEEN TWO OBSERVED VARIABLES, OR A LINEAR DEPENDENCY AMONG MORE THAN TWO
     OBSERVED VARIABLES.  CHECK THE RESULTS SECTION FOR MORE INFORMATION.
     PROBLEM INVOLVING VARIABLE W8AUDIT3.




MODEL FIT INFORMATION

Number of Free Parameters                       24

Loglikelihood

          H0 Value                      -30352.180
          H0 Scaling Correction Factor      2.2446
            for MLR
          H1 Value                      -30176.152
          H1 Scaling Correction Factor      2.1886
            for MLR

Information Criteria

          Akaike (AIC)                   60752.360
          Bayesian (BIC)                 60918.723
          Sample-Size Adjusted BIC       60842.456
            (n* = (n + 2) / 24)

Chi-Square Test of Model Fit

          Value                            202.193*
          Degrees of Freedom                     3
          P-Value                           0.0000
          Scaling Correction Factor         1.7412
            for MLR

Chi-Square Contribution From Each Group

          WEB                              149.824
          TEL                                9.050
          FTF                               43.319

*   The chi-square value for MLM, MLMV, MLR, ULSMV, WLSM and WLSMV cannot be used
    for chi-square difference testing in the regular way.  MLM, MLR and WLSM
    chi-square difference testing is described on the Mplus website.  MLMV, WLSMV,
    and ULSMV difference testing is done using the DIFFTEST option.

RMSEA (Root Mean Square Error Of Approximation)

          Estimate                           0.162
          90 Percent C.I.                    0.144  0.182
          Probability RMSEA <= .05           0.000

CFI/TLI

          CFI                                0.952
          TLI                                0.855

Chi-Square Test of Model Fit for the Baseline Model

          Value                           4121.825
          Degrees of Freedom                     9
          P-Value                           0.0000

SRMR (Standardized Root Mean Square Residual)

          Value                              0.193



MODEL RESULTS

                                                    Two-Tailed
                    Estimate       S.E.  Est./S.E.    P-Value

Group WEB

 F1       BY
    W8AUDIT1           1.000      0.000    999.000    999.000
    W8AUDIT2           1.029      0.026     39.991      0.000
    W8AUDIT3           1.337      0.020     65.702      0.000

 Means
    F1                 0.000      0.000    999.000    999.000

 Intercepts
    W8AUDIT1           2.591      0.027     97.615      0.000
    W8AUDIT2           1.723      0.031     55.847      0.000
    W8AUDIT3           1.764      0.027     65.345      0.000

 Variances
    F1                 1.000      0.000    999.000    999.000

 Residual Variances
    W8AUDIT1           0.627      0.025     25.410      0.000
    W8AUDIT2           0.914      0.037     24.969      0.000
    W8AUDIT3          -0.145      0.026     -5.621      0.000

Group TEL

 F1       BY
    W8AUDIT1           1.000      0.000    999.000    999.000
    W8AUDIT2           1.093      0.060     18.266      0.000
    W8AUDIT3           1.323      0.052     25.292      0.000

 Means
    F1                 0.000      0.000    999.000    999.000

 Intercepts
    W8AUDIT1           2.665      0.066     40.203      0.000
    W8AUDIT2           1.888      0.091     20.677      0.000
    W8AUDIT3           1.753      0.064     27.316      0.000

 Variances
    F1                 1.000      0.000    999.000    999.000

 Residual Variances
    W8AUDIT1           0.612      0.060     10.123      0.000
    W8AUDIT2           1.297      0.133      9.754      0.000
    W8AUDIT3          -0.135      0.080     -1.695      0.090

Group FTF

 F1       BY
    W8AUDIT1           1.000      0.000    999.000    999.000
    W8AUDIT2           1.109      0.030     37.300      0.000
    W8AUDIT3           1.344      0.022     60.771      0.000

 Means
    F1                 0.000      0.000    999.000    999.000

 Intercepts
    W8AUDIT1           2.586      0.036     72.443      0.000
    W8AUDIT2           1.826      0.043     42.822      0.000
    W8AUDIT3           1.788      0.037     48.129      0.000

 Variances
    F1                 1.000      0.000    999.000    999.000

 Residual Variances
    W8AUDIT1           0.662      0.036     18.315      0.000
    W8AUDIT2           1.001      0.051     19.720      0.000
    W8AUDIT3          -0.107      0.030     -3.540      0.000


STANDARDIZED MODEL RESULTS


STD Standardization

                                                    Two-Tailed
                    Estimate       S.E.  Est./S.E.    P-Value

Group WEB

 F1       BY
    W8AUDIT1           1.000      0.000    999.000    999.000
    W8AUDIT2           1.029      0.026     39.991      0.000
    W8AUDIT3           1.337      0.020     65.702      0.000

 Means
    F1                 0.000      0.000    999.000    999.000

 Intercepts
    W8AUDIT1           2.591      0.027     97.615      0.000
    W8AUDIT2           1.723      0.031     55.847      0.000
    W8AUDIT3           1.764      0.027     65.345      0.000

 Variances
    F1                 1.000      0.000    999.000    999.000

 Residual Variances
    W8AUDIT1           0.627      0.025     25.410      0.000
    W8AUDIT2           0.914      0.037     24.969      0.000
    W8AUDIT3         999.000    999.000    999.000    999.000

Group TEL

 F1       BY
    W8AUDIT1           1.000      0.000    999.000    999.000
    W8AUDIT2           1.093      0.060     18.266      0.000
    W8AUDIT3           1.323      0.052     25.292      0.000

 Means
    F1                 0.000      0.000    999.000    999.000

 Intercepts
    W8AUDIT1           2.665      0.066     40.203      0.000
    W8AUDIT2           1.888      0.091     20.677      0.000
    W8AUDIT3           1.753      0.064     27.316      0.000

 Variances
    F1                 1.000      0.000    999.000    999.000

 Residual Variances
    W8AUDIT1           0.612      0.060     10.123      0.000
    W8AUDIT2           1.297      0.133      9.754      0.000
    W8AUDIT3         999.000    999.000    999.000    999.000

Group FTF

 F1       BY
    W8AUDIT1           1.000      0.000    999.000    999.000
    W8AUDIT2           1.109      0.030     37.300      0.000
    W8AUDIT3           1.344      0.022     60.771      0.000

 Means
    F1                 0.000      0.000    999.000    999.000

 Intercepts
    W8AUDIT1           2.586      0.036     72.443      0.000
    W8AUDIT2           1.826      0.043     42.822      0.000
    W8AUDIT3           1.788      0.037     48.129      0.000

 Variances
    F1                 1.000      0.000    999.000    999.000

 Residual Variances
    W8AUDIT1           0.662      0.036     18.315      0.000
    W8AUDIT2           1.001      0.051     19.720      0.000
    W8AUDIT3         999.000    999.000    999.000    999.000


R-SQUARE

Group WEB

    Observed                                        Two-Tailed
    Variable        Estimate       S.E.  Est./S.E.    P-Value

    W8AUDIT1           0.615      0.009     65.922      0.000
    W8AUDIT2           0.537      0.015     35.784      0.000
    W8AUDIT3        Undefined   0.10883E+01

Group TEL

    Observed                                        Two-Tailed
    Variable        Estimate       S.E.  Est./S.E.    P-Value

    W8AUDIT1           0.620      0.023     26.661      0.000
    W8AUDIT2           0.480      0.040     12.074      0.000
    W8AUDIT3        Undefined   0.10837E+01

Group FTF

    Observed                                        Two-Tailed
    Variable        Estimate       S.E.  Est./S.E.    P-Value

    W8AUDIT1           0.602      0.013     45.988      0.000
    W8AUDIT2           0.551      0.020     28.030      0.000
    W8AUDIT3        Undefined   0.10628E+01


QUALITY OF NUMERICAL RESULTS

     Condition Number for the Information Matrix              0.352E-02
       (ratio of smallest to largest eigenvalue)


MODEL MODIFICATION INDICES

NOTE:  Modification indices for direct effects of observed dependent variables
regressed on covariates may not be included.  To include these, request
MODINDICES (ALL).

Minimum M.I. value for printing the modification index    10.000

                                   M.I.     E.P.C.  Std E.P.C.  StdYX E.P.C.
Group WEB


BY Statements

F1       BY W8AUDIT1             122.116    -0.238     -0.238       -0.186

ON/BY Statements

F1       ON F1       /
F1       BY F1                   122.069    -0.238     -0.238       -0.238

WITH Statements

W8AUDIT2 WITH W8AUDIT1           122.133    -0.489     -0.489       -0.646
W8AUDIT3 WITH W8AUDIT1           122.017    -0.635     -0.635      999.000
W8AUDIT3 WITH W8AUDIT2           122.120     0.653      0.653      999.000

Variances/Residual Variances

F1                               122.069    -0.475     -0.475       -0.475

Group TEL


No modification indices above the minimum value.

Group FTF


BY Statements

F1       BY W8AUDIT1              36.707    -0.196     -0.196       -0.152

ON/BY Statements

F1       ON F1       /
F1       BY F1                    36.690    -0.196     -0.196       -0.196

WITH Statements

W8AUDIT2 WITH W8AUDIT1            36.734    -0.434     -0.434       -0.533
W8AUDIT3 WITH W8AUDIT1            36.702    -0.526     -0.526      999.000
W8AUDIT3 WITH W8AUDIT2            36.702     0.583      0.583      999.000

Variances/Residual Variances

F1                                36.690    -0.391     -0.391       -0.391



SAMPLE STATISTICS FOR ESTIMATED FACTOR SCORES


     SAMPLE STATISTICS


           Means
              F1            F1_SE
              ________      ________
               -0.132         0.000


           Covariances
              F1            F1_SE
              ________      ________
 F1             0.954
 F1_SE          0.000         0.000


           Correlations
              F1            F1_SE
              ________      ________
 F1             1.000
 F1_SE          0.005         1.000


PLOT INFORMATION

The following plots are available:

  Histograms (sample values, estimated factor scores, estimated values, residuals)
  Scatterplots (sample values, estimated factor scores, estimated values, residuals)
  Measurement parameter plots
  Latent variable distribution plots

DIAGRAM INFORMATION

  Use View Diagram under the Diagram menu in the Mplus Editor to view the diagram.
  If running Mplus from the Mplus Diagrammer, the diagram opens automatically.

  Diagram output
    c:\users\msassac6\dropbox (the university of manchester)\papers\joe s\uclmm\uclmm_r\mplus\special\configural_audit_c

     Beginning Time:  07:45:14
        Ending Time:  07:45:14
       Elapsed Time:  00:00:00



MUTHEN & MUTHEN
3463 Stoner Ave.
Los Angeles, CA  90066

Tel: (310) 391-9971
Fax: (310) 391-8971
Web: www.StatModel.com
Support: Support@StatModel.com

Copyright (c) 1998-2019 Muthen & Muthen
