Mplus VERSION 8.6
MUTHEN & MUTHEN
07/01/2021   7:40 AM

INPUT INSTRUCTIONS

  TITLE: Your title goes here

  DATA: FILE = data.dta;

  VARIABLE:

  NAMES = audit1 bully0a bully0b bully0c bully0d bully0e bully0f bully0g adult0a
       adult0b adult0c leisa0a leisa0b leisa0c leisa0d leisa0e leisa0f leisb0a leisb0b
       leisb0c leisb0d designweight samppsu sampstratum mode locus0a locus0b locus0c
       locus0d ghq_1 ghq_2 ghq_3 ghq_4 ghq_5 ghq_6 ghq_7 ghq_8 ghq_9 ghq_10 ghq_11
       ghq_12 audit2 audit3 designweight_combin;

  MISSING=.;
  USEVARIABLES ARE audit1
  audit2
  audit3;
  GROUPING IS mode (1=Web 2=Tel 3=Ftf);
  WEIGHT IS designweight_combin;

                  STRATIFICATION IS sampstratum;

                  CLUSTER IS samppsu;

  ANALYSIS: TYPE IS COMPLEX;

  !                ESTIMATOR = WLSMV;

                  ITERATIONS = 100000;

  !                PARAMETERIZATION = THETA;

  DIFFTEST = audit1_configural.dat;
  Model:


  f1 BY audit1@1
  audit2 (L2)
  audit3 (L3)
  ;

  [f1@0];
  f1@1;

    [audit1] (t_audit1_Web);
    [audit2] (t_audit2_Web);
    [audit3] (t_audit3_Web);


  Model Tel:

  f1 BY audit1@1
  audit2 (L2)
  audit3 (L3)
  ;

    [audit1] (t_audit1_Tel);
    [audit2] (t_audit2_Tel);
    [audit3] (t_audit3_Tel);


  Model Ftf:

  f1 BY audit1@1
  audit2 (L2)
  audit3 (L3)
  ;

    [audit1] (t_audit1_Ftf);
    [audit2] (t_audit2_Ftf);
    [audit3] (t_audit3_Ftf);

  SAVEDATA: DIFFTEST IS audit1_metric.dat;
  OUTPUT: SAMPSTAT;

  MODINDICES;

  STD;

  Plot: type = plot3;




*** WARNING in ANALYSIS command
  DIFFTEST is valid only for estimators MLMV, WLSMV and ULSMV.
  Request for DIFFTEST will be ignored.
*** WARNING in SAVEDATA command
  The DIFFTEST option is available only for the estimators MLMV, WLSMV and ULSMV.
  Request for DIFFTEST will be ignored.
   2 WARNING(S) FOUND IN THE INPUT INSTRUCTIONS



Your title goes here

SUMMARY OF ANALYSIS

Number of groups                                                 3
Number of observations
   Group WEB                                                  4725
   Group TEL                                                   671
   Group FTF                                                  2173
   Total sample size                                          7569

Number of dependent variables                                    3
Number of independent variables                                  0
Number of continuous latent variables                            1

Observed dependent variables

  Continuous
   AUDIT1      AUDIT2      AUDIT3

Continuous latent variables
   F1

Variables with special functions

  Grouping variable     MODE
  Stratification        SAMPSTRA
  Cluster variable      SAMPPSU
  Weight variable       DESIGNWE

Estimator                                                      MLR
Information matrix                                        OBSERVED
Maximum number of iterations                                100000
Convergence criterion                                    0.500D-04
Maximum number of steepest descent iterations                   20
Maximum number of iterations for H1                           2000
Convergence criterion for H1                             0.100D-03

Input data file(s)
  data.dta

Input data format  FREE


SUMMARY OF DATA

   Total number of strata                       37
   Total number of clusters                    656

   Group WEB
     Number of missing data patterns             5
     Number of strata                           37
     Number of clusters                        651

   Group TEL
     Number of missing data patterns             4
     Number of strata                           37
     Number of clusters                        416

   Group FTF
     Number of missing data patterns             4
     Number of strata                           36
     Number of clusters                        618


COVARIANCE COVERAGE OF DATA

Minimum covariance coverage value   0.100


     PROPORTION OF DATA PRESENT FOR WEB


           Covariance Coverage
              AUDIT1        AUDIT2        AUDIT3
              ________      ________      ________
 AUDIT1         0.966
 AUDIT2         0.965         0.999
 AUDIT3         0.966         0.999         0.999


     PROPORTION OF DATA PRESENT FOR TEL


           Covariance Coverage
              AUDIT1        AUDIT2        AUDIT3
              ________      ________      ________
 AUDIT1         0.958
 AUDIT2         0.957         0.999
 AUDIT3         0.955         0.996         0.997


     PROPORTION OF DATA PRESENT FOR FTF


           Covariance Coverage
              AUDIT1        AUDIT2        AUDIT3
              ________      ________      ________
 AUDIT1         0.960
 AUDIT2         0.959         0.999
 AUDIT3         0.960         0.998         1.000


SAMPLE STATISTICS


     ESTIMATED SAMPLE STATISTICS FOR WEB


           Means
              AUDIT1        AUDIT2        AUDIT3
              ________      ________      ________
                2.571         1.691         1.744


           Covariances
              AUDIT1        AUDIT2        AUDIT3
              ________      ________      ________
 AUDIT1         1.186
 AUDIT2         0.662         1.759
 AUDIT3         0.930         1.105         1.308


           Correlations
              AUDIT1        AUDIT2        AUDIT3
              ________      ________      ________
 AUDIT1         1.000
 AUDIT2         0.458         1.000
 AUDIT3         0.746         0.729         1.000


     ESTIMATED SAMPLE STATISTICS FOR TEL


           Means
              AUDIT1        AUDIT2        AUDIT3
              ________      ________      ________
                2.577         1.791         1.717


           Covariances
              AUDIT1        AUDIT2        AUDIT3
              ________      ________      ________
 AUDIT1         1.230
 AUDIT2         0.695         2.030
 AUDIT3         0.990         1.166         1.349


           Correlations
              AUDIT1        AUDIT2        AUDIT3
              ________      ________      ________
 AUDIT1         1.000
 AUDIT2         0.440         1.000
 AUDIT3         0.769         0.705         1.000


     ESTIMATED SAMPLE STATISTICS FOR FTF


           Means
              AUDIT1        AUDIT2        AUDIT3
              ________      ________      ________
                2.643         1.790         1.807


           Covariances
              AUDIT1        AUDIT2        AUDIT3
              ________      ________      ________
 AUDIT1         1.266
 AUDIT2         0.655         1.841
 AUDIT3         0.942         1.106         1.330


           Correlations
              AUDIT1        AUDIT2        AUDIT3
              ________      ________      ________
 AUDIT1         1.000
 AUDIT2         0.429         1.000
 AUDIT3         0.726         0.707         1.000


     MAXIMUM LOG-LIKELIHOOD VALUE FOR THE UNRESTRICTED (H1) MODEL IS -29980.758


UNIVARIATE SAMPLE STATISTICS


     UNIVARIATE HIGHER-ORDER MOMENT DESCRIPTIVE STATISTICS FOR WEB

         Variable/         Mean/     Skewness/   Minimum/ % with                Percentiles
        Sample Size      Variance    Kurtosis    Maximum  Min/Max      20%/60%    40%/80%    Median

     AUDIT1                2.613       0.159       1.000   21.92%       1.000      2.000      3.000
            4566.000       1.158      -0.712       5.000    3.26%       3.000      4.000
     AUDIT2                1.692       0.654       0.000   24.58%       0.000      1.000      1.000
            4720.000       1.762      -0.103       5.000    3.33%       2.000      2.000
     AUDIT3                1.744      -0.052       0.000   24.57%       0.000      1.000      2.000
            4722.000       1.309      -0.686       5.000    0.19%       2.000      3.000


     UNIVARIATE HIGHER-ORDER MOMENT DESCRIPTIVE STATISTICS FOR TEL

         Variable/         Mean/     Skewness/   Minimum/ % with                Percentiles
        Sample Size      Variance    Kurtosis    Maximum  Min/Max      20%/60%    40%/80%    Median

     AUDIT1                2.623       0.073       1.000   24.26%       1.000      2.000      3.000
             643.000       1.201      -0.889       5.000    3.27%       3.000      4.000
     AUDIT2                1.790       0.588       0.000   27.46%       0.000      1.000      1.000
             670.000       2.031      -0.325       5.000    5.22%       2.000      3.000
     AUDIT3                1.715      -0.033       0.000   27.50%       0.000      1.000      2.000
             669.000       1.349      -0.793       4.000    4.04%       2.000      3.000


     UNIVARIATE HIGHER-ORDER MOMENT DESCRIPTIVE STATISTICS FOR FTF

         Variable/         Mean/     Skewness/   Minimum/ % with                Percentiles
        Sample Size      Variance    Kurtosis    Maximum  Min/Max      20%/60%    40%/80%    Median

     AUDIT1                2.679       0.169       1.000   24.92%       1.000      2.000      2.000
            2087.000       1.240      -0.765       5.000    4.02%       3.000      4.000
     AUDIT2                1.789       0.572       0.000   27.93%       0.000      1.000      1.000
            2170.000       1.841      -0.288       5.000    4.47%       2.000      3.000
     AUDIT3                1.807      -0.061       0.000   27.90%       0.000      1.000      2.000
            2172.000       1.330      -0.633       5.000    0.28%       2.000      3.000


THE MODEL ESTIMATION TERMINATED NORMALLY

     WARNING:  THE RESIDUAL COVARIANCE MATRIX (THETA) IN GROUP WEB IS NOT
     POSITIVE DEFINITE.  THIS COULD INDICATE A NEGATIVE VARIANCE/RESIDUAL
     VARIANCE FOR AN OBSERVED VARIABLE, A CORRELATION GREATER OR EQUAL TO ONE
     BETWEEN TWO OBSERVED VARIABLES, OR A LINEAR DEPENDENCY AMONG MORE THAN TWO
     OBSERVED VARIABLES.  CHECK THE RESULTS SECTION FOR MORE INFORMATION.
     PROBLEM INVOLVING VARIABLE AUDIT3.


     WARNING:  THE RESIDUAL COVARIANCE MATRIX (THETA) IN GROUP TEL IS NOT
     POSITIVE DEFINITE.  THIS COULD INDICATE A NEGATIVE VARIANCE/RESIDUAL
     VARIANCE FOR AN OBSERVED VARIABLE, A CORRELATION GREATER OR EQUAL TO ONE
     BETWEEN TWO OBSERVED VARIABLES, OR A LINEAR DEPENDENCY AMONG MORE THAN TWO
     OBSERVED VARIABLES.  CHECK THE RESULTS SECTION FOR MORE INFORMATION.
     PROBLEM INVOLVING VARIABLE AUDIT3.


     WARNING:  THE RESIDUAL COVARIANCE MATRIX (THETA) IN GROUP FTF IS NOT
     POSITIVE DEFINITE.  THIS COULD INDICATE A NEGATIVE VARIANCE/RESIDUAL
     VARIANCE FOR AN OBSERVED VARIABLE, A CORRELATION GREATER OR EQUAL TO ONE
     BETWEEN TWO OBSERVED VARIABLES, OR A LINEAR DEPENDENCY AMONG MORE THAN TWO
     OBSERVED VARIABLES.  CHECK THE RESULTS SECTION FOR MORE INFORMATION.
     PROBLEM INVOLVING VARIABLE AUDIT3.




MODEL FIT INFORMATION

Number of Free Parameters                       20

Loglikelihood

          H0 Value                      -30165.393
          H0 Scaling Correction Factor      2.2687
            for MLR
          H1 Value                      -29980.758
          H1 Scaling Correction Factor      2.0949
            for MLR

Information Criteria

          Akaike (AIC)                   60370.787
          Bayesian (BIC)                 60509.423
          Sample-Size Adjusted BIC       60445.867
            (n* = (n + 2) / 24)

Chi-Square Test of Model Fit

          Value                            231.031*
          Degrees of Freedom                     7
          P-Value                           0.0000
          Scaling Correction Factor         1.5984
            for MLR

Chi-Square Contribution From Each Group

          WEB                              150.162
          TEL                               17.799
          FTF                               63.070

*   The chi-square value for MLM, MLMV, MLR, ULSMV, WLSM and WLSMV cannot be used
    for chi-square difference testing in the regular way.  MLM, MLR and WLSM
    chi-square difference testing is described on the Mplus website.  MLMV, WLSMV,
    and ULSMV difference testing is done using the DIFFTEST option.

RMSEA (Root Mean Square Error Of Approximation)

          Estimate                           0.113
          90 Percent C.I.                    0.100  0.125
          Probability RMSEA <= .05           0.000

CFI/TLI

          CFI                                0.950
          TLI                                0.936

Chi-Square Test of Model Fit for the Baseline Model

          Value                           4485.520
          Degrees of Freedom                     9
          P-Value                           0.0000

SRMR (Standardized Root Mean Square Residual)

          Value                              0.197



MODEL RESULTS

                                                    Two-Tailed
                    Estimate       S.E.  Est./S.E.    P-Value

Group WEB

 F1       BY
    AUDIT1             1.000      0.000    999.000    999.000
    AUDIT2             1.023      0.018     57.937      0.000
    AUDIT3             1.331      0.015     88.630      0.000

 Means
    F1                 0.000      0.000    999.000    999.000

 Intercepts
    AUDIT1             2.564      0.027     95.613      0.000
    AUDIT2             1.691      0.031     54.494      0.000
    AUDIT3             1.744      0.027     64.048      0.000

 Variances
    F1                 1.000      0.000    999.000    999.000

 Residual Variances
    AUDIT1             0.614      0.023     27.290      0.000
    AUDIT2             0.901      0.036     24.930      0.000
    AUDIT3            -0.137      0.022     -6.139      0.000

Group TEL

 F1       BY
    AUDIT1             1.000      0.000    999.000    999.000
    AUDIT2             1.023      0.018     57.937      0.000
    AUDIT3             1.331      0.015     88.630      0.000

 Means
    F1                 0.000      0.000    999.000    999.000

 Intercepts
    AUDIT1             2.570      0.064     40.129      0.000
    AUDIT2             1.791      0.086     20.883      0.000
    AUDIT3             1.716      0.070     24.650      0.000

 Variances
    F1                 1.000      0.000    999.000    999.000

 Residual Variances
    AUDIT1             0.607      0.063      9.590      0.000
    AUDIT2             1.109      0.107     10.355      0.000
    AUDIT3            -0.167      0.045     -3.708      0.000

Group FTF

 F1       BY
    AUDIT1             1.000      0.000    999.000    999.000
    AUDIT2             1.023      0.018     57.937      0.000
    AUDIT3             1.331      0.015     88.630      0.000

 Means
    F1                 0.000      0.000    999.000    999.000

 Intercepts
    AUDIT1             2.637      0.031     84.427      0.000
    AUDIT2             1.790      0.037     48.879      0.000
    AUDIT3             1.807      0.032     55.860      0.000

 Variances
    F1                 1.000      0.000    999.000    999.000

 Residual Variances
    AUDIT1             0.683      0.031     22.106      0.000
    AUDIT2             0.993      0.043     23.004      0.000
    AUDIT3            -0.130      0.023     -5.681      0.000


QUALITY OF NUMERICAL RESULTS

     Condition Number for the Information Matrix              0.385E-02
       (ratio of smallest to largest eigenvalue)


STANDARDIZED MODEL RESULTS


STD Standardization

                                                    Two-Tailed
                    Estimate       S.E.  Est./S.E.    P-Value

Group WEB

 F1       BY
    AUDIT1             1.000      0.000    999.000    999.000
    AUDIT2             1.023      0.018     57.937      0.000
    AUDIT3             1.331      0.015     88.630      0.000

 Means
    F1                 0.000      0.000    999.000    999.000

 Intercepts
    AUDIT1             2.564      0.027     95.613      0.000
    AUDIT2             1.691      0.031     54.494      0.000
    AUDIT3             1.744      0.027     64.048      0.000

 Variances
    F1                 1.000      0.000    999.000    999.000

 Residual Variances
    AUDIT1             0.614      0.023     27.290      0.000
    AUDIT2             0.901      0.036     24.930      0.000
    AUDIT3           999.000    999.000    999.000    999.000

Group TEL

 F1       BY
    AUDIT1             1.000      0.000    999.000    999.000
    AUDIT2             1.023      0.018     57.937      0.000
    AUDIT3             1.331      0.015     88.630      0.000

 Means
    F1                 0.000      0.000    999.000    999.000

 Intercepts
    AUDIT1             2.570      0.064     40.129      0.000
    AUDIT2             1.791      0.086     20.883      0.000
    AUDIT3             1.716      0.070     24.650      0.000

 Variances
    F1                 1.000      0.000    999.000    999.000

 Residual Variances
    AUDIT1             0.607      0.063      9.590      0.000
    AUDIT2             1.109      0.107     10.355      0.000
    AUDIT3           999.000    999.000    999.000    999.000

Group FTF

 F1       BY
    AUDIT1             1.000      0.000    999.000    999.000
    AUDIT2             1.023      0.018     57.937      0.000
    AUDIT3             1.331      0.015     88.630      0.000

 Means
    F1                 0.000      0.000    999.000    999.000

 Intercepts
    AUDIT1             2.637      0.031     84.427      0.000
    AUDIT2             1.790      0.037     48.879      0.000
    AUDIT3             1.807      0.032     55.860      0.000

 Variances
    F1                 1.000      0.000    999.000    999.000

 Residual Variances
    AUDIT1             0.683      0.031     22.106      0.000
    AUDIT2             0.993      0.043     23.004      0.000
    AUDIT3           999.000    999.000    999.000    999.000


R-SQUARE

Group WEB

    Observed                                        Two-Tailed
    Variable        Estimate       S.E.  Est./S.E.    P-Value

    AUDIT1             0.619      0.009     71.710      0.000
    AUDIT2             0.538      0.013     41.731      0.000
    AUDIT3          Undefined   0.10839E+01

Group TEL

    Observed                                        Two-Tailed
    Variable        Estimate       S.E.  Est./S.E.    P-Value

    AUDIT1             0.622      0.025     25.384      0.000
    AUDIT2             0.486      0.025     19.267      0.000
    AUDIT3          Undefined   0.11043E+01

Group FTF

    Observed                                        Two-Tailed
    Variable        Estimate       S.E.  Est./S.E.    P-Value

    AUDIT1             0.594      0.011     54.470      0.000
    AUDIT2             0.513      0.014     36.716      0.000
    AUDIT3          Undefined   0.10795E+01


MODEL MODIFICATION INDICES

NOTE:  Modification indices for direct effects of observed dependent variables
regressed on covariates may not be included.  To include these, request
MODINDICES (ALL).

Minimum M.I. value for printing the modification index    10.000

                                   M.I.     E.P.C.  Std E.P.C.  StdYX E.P.C.
Group WEB


BY Statements

F1       BY AUDIT1               105.675    -0.195     -0.195       -0.153

ON/BY Statements

F1       ON F1       /
F1       BY F1                    81.758    -0.150     -0.150       -0.150

WITH Statements

AUDIT2   WITH AUDIT1              37.474    -0.146     -0.146       -0.197
AUDIT3   WITH AUDIT1              47.109    -0.224     -0.224      999.000
AUDIT3   WITH AUDIT2              37.627     0.190      0.190      999.000

Variances/Residual Variances

F1                                81.758    -0.299     -0.299       -0.299

Group TEL


BY Statements

F1       BY AUDIT1                12.557    -0.163     -0.163       -0.129

Group FTF


BY Statements

F1       BY AUDIT1                38.083    -0.170     -0.170       -0.131

ON/BY Statements

F1       ON F1       /
F1       BY F1                    25.664    -0.107     -0.107       -0.107

WITH Statements

AUDIT2   WITH AUDIT1              10.435    -0.093     -0.093       -0.114

Variances/Residual Variances

F1                                25.664    -0.214     -0.214       -0.214



SAMPLE STATISTICS FOR ESTIMATED FACTOR SCORES


     SAMPLE STATISTICS


           Means
              F1            F1_SE
              ________      ________
               -0.129         0.000


           Covariances
              F1            F1_SE
              ________      ________
 F1             0.971
 F1_SE          0.000         0.000


           Correlations
              F1            F1_SE
              ________      ________
 F1             1.000
 F1_SE          0.006         1.000


PLOT INFORMATION

The following plots are available:

  Histograms (sample values, estimated factor scores, estimated values, residuals)
  Scatterplots (sample values, estimated factor scores, estimated values, residuals)
  Measurement parameter plots
  Latent variable distribution plots

DIAGRAM INFORMATION

  Use View Diagram under the Diagram menu in the Mplus Editor to view the diagram.
  If running Mplus from the Mplus Diagrammer, the diagram opens automatically.

  Diagram output
    c:\users\msassac6\dropbox (the university of manchester)\papers\joe s\uclmm\uclmm_r\mplus\special\metric_audit_cont.

     Beginning Time:  07:40:27
        Ending Time:  07:40:27
       Elapsed Time:  00:00:00



MUTHEN & MUTHEN
3463 Stoner Ave.
Los Angeles, CA  90066

Tel: (310) 391-9971
Fax: (310) 391-8971
Web: www.StatModel.com
Support: Support@StatModel.com

Copyright (c) 1998-2021 Muthen & Muthen
