Mplus VERSION 8.3
MUTHEN & MUTHEN
08/09/2019  10:00 AM

INPUT INSTRUCTIONS

  TITLE: Your title goes here

  DATA: FILE = data.dta;

  VARIABLE:

  NAMES = w8audit1 w8bullytype0a w8bullytype0b w8bullytype0c w8bullytype0d
       w8bullytype0e w8bullytype0f w8bullytype0g w8adult0a w8adult0b w8adult0c
       w8leisurea0a w8leisurea0b w8leisurea0c w8leisurea0d w8leisurea0e w8leisurea0f
       w8leisureb0a w8leisureb0b w8leisureb0c w8leisureb0d samppsu sampstratum w8mode
       w8locus0a w8locus0b w8locus0c w8locus0d w8ghq12_1 w8ghq12_2 w8ghq12_3 w8ghq12_4
       w8ghq12_5 w8ghq12_6 w8ghq12_7 w8ghq12_8 w8ghq12_9 w8ghq12_10 w8ghq12_11
       w8ghq12_12 w8audit2 w8audit3 designweight_combin;

  MISSING=.;
  USEVARIABLES ARE w8audit1
  w8audit2
  w8audit3;

  GROUPING IS w8mode (1=Web 2=Tel 3=Ftf);
  WEIGHT IS designweight_combin;

                  STRATIFICATION IS sampstratum;

                  CLUSTER IS samppsu;

  ANALYSIS: TYPE IS COMPLEX;


                  ITERATIONS = 100000;

  DIFFTEST = w8audit1_metric.dat;
  Model:


  f1 BY w8audit1@1
  w8audit2 (L2)
  w8audit3 (L3)
  ;


  [f1@0];
  f1@1;

  Model Tel:

  f1 BY w8audit1@1
  w8audit2 (L2)
  w8audit3 (L3)
  ;


  Model Ftf:

  f1 BY w8audit1@1
  w8audit2 (L2)
  w8audit3 (L3)
  ;


  SAVEDATA: DIFFTEST IS w8audit1_scalar.dat;
  OUTPUT: SAMPSTAT;

  MODINDICES;

  STD;

  Plot: type = plot3;




*** WARNING in ANALYSIS command
  DIFFTEST is valid only for estimators MLMV, WLSMV and ULSMV.
  Request for DIFFTEST will be ignored.
*** WARNING in SAVEDATA command
  The DIFFTEST option is available only for the estimators MLMV, WLSMV and ULSMV.
  Request for DIFFTEST will be ignored.
   2 WARNING(S) FOUND IN THE INPUT INSTRUCTIONS



Your title goes here

SUMMARY OF ANALYSIS

Number of groups                                                 3
Number of observations
   Group WEB                                                  4725
   Group TEL                                                   671
   Group FTF                                                  2173
   Total sample size                                          7569

Number of dependent variables                                    3
Number of independent variables                                  0
Number of continuous latent variables                            1

Observed dependent variables

  Continuous
   W8AUDIT1    W8AUDIT2    W8AUDIT3

Continuous latent variables
   F1

Variables with special functions

  Grouping variable     W8MODE
  Stratification        SAMPSTRA
  Cluster variable      SAMPPSU
  Weight variable       DESIGNWE

Estimator                                                      MLR
Information matrix                                        OBSERVED
Maximum number of iterations                                100000
Convergence criterion                                    0.500D-04
Maximum number of steepest descent iterations                   20
Maximum number of iterations for H1                           2000
Convergence criterion for H1                             0.100D-03

Input data file(s)
  data.dta

Input data format  FREE


SUMMARY OF DATA

   Total number of strata                       37
   Total number of clusters                    656

   Group WEB
     Number of missing data patterns             5
     Number of strata                           37
     Number of clusters                        651

   Group TEL
     Number of missing data patterns             4
     Number of strata                           37
     Number of clusters                        416

   Group FTF
     Number of missing data patterns             4
     Number of strata                           36
     Number of clusters                        618


COVARIANCE COVERAGE OF DATA

Minimum covariance coverage value   0.100


     PROPORTION OF DATA PRESENT FOR WEB


           Covariance Coverage
              W8AUDIT1      W8AUDIT2      W8AUDIT3
              ________      ________      ________
 W8AUDIT1       0.966
 W8AUDIT2       0.965         0.999
 W8AUDIT3       0.966         0.999         0.999


     PROPORTION OF DATA PRESENT FOR TEL


           Covariance Coverage
              W8AUDIT1      W8AUDIT2      W8AUDIT3
              ________      ________      ________
 W8AUDIT1       0.958
 W8AUDIT2       0.957         0.999
 W8AUDIT3       0.955         0.996         0.997


     PROPORTION OF DATA PRESENT FOR FTF


           Covariance Coverage
              W8AUDIT1      W8AUDIT2      W8AUDIT3
              ________      ________      ________
 W8AUDIT1       0.960
 W8AUDIT2       0.959         0.999
 W8AUDIT3       0.960         0.998         1.000


SAMPLE STATISTICS


     ESTIMATED SAMPLE STATISTICS FOR WEB


           Means
              W8AUDIT1      W8AUDIT2      W8AUDIT3
              ________      ________      ________
                2.598         1.723         1.764


           Covariances
              W8AUDIT1      W8AUDIT2      W8AUDIT3
              ________      ________      ________
 W8AUDIT1       1.182
 W8AUDIT2       0.647         1.771
 W8AUDIT3       0.919         1.105         1.303


           Correlations
              W8AUDIT1      W8AUDIT2      W8AUDIT3
              ________      ________      ________
 W8AUDIT1       1.000
 W8AUDIT2       0.447         1.000
 W8AUDIT3       0.741         0.728         1.000


     ESTIMATED SAMPLE STATISTICS FOR TEL


           Means
              W8AUDIT1      W8AUDIT2      W8AUDIT3
              ________      ________      ________
                2.671         1.888         1.753


           Covariances
              W8AUDIT1      W8AUDIT2      W8AUDIT3
              ________      ________      ________
 W8AUDIT1       1.315
 W8AUDIT2       0.813         2.341
 W8AUDIT3       1.047         1.256         1.394


           Correlations
              W8AUDIT1      W8AUDIT2      W8AUDIT3
              ________      ________      ________
 W8AUDIT1       1.000
 W8AUDIT2       0.464         1.000
 W8AUDIT3       0.773         0.695         1.000


     ESTIMATED SAMPLE STATISTICS FOR FTF


           Means
              W8AUDIT1      W8AUDIT2      W8AUDIT3
              ________      ________      ________
                2.592         1.826         1.788


           Covariances
              W8AUDIT1      W8AUDIT2      W8AUDIT3
              ________      ________      ________
 W8AUDIT1       1.295
 W8AUDIT2       0.775         2.047
 W8AUDIT3       1.000         1.261         1.427


           Correlations
              W8AUDIT1      W8AUDIT2      W8AUDIT3
              ________      ________      ________
 W8AUDIT1       1.000
 W8AUDIT2       0.476         1.000
 W8AUDIT3       0.736         0.738         1.000


     MAXIMUM LOG-LIKELIHOOD VALUE FOR THE UNRESTRICTED (H1) MODEL IS -30176.152


UNIVARIATE SAMPLE STATISTICS


     UNIVARIATE HIGHER-ORDER MOMENT DESCRIPTIVE STATISTICS FOR WEB

         Variable/         Mean/     Skewness/   Minimum/ % with                Percentiles
        Sample Size      Variance    Kurtosis    Maximum  Min/Max      20%/60%    40%/80%    Median

     W8AUDIT1              2.639       0.140       1.000   21.92%       1.000      2.000      3.000
            4566.000       1.152      -0.729       5.000    3.26%       3.000      4.000
     W8AUDIT2              1.724       0.650       0.000   24.58%       0.000      1.000      1.000
            4720.000       1.774      -0.099       5.000    3.33%       2.000      2.000
     W8AUDIT3              1.764      -0.044       0.000   24.57%       0.000      1.000      2.000
            4722.000       1.304      -0.664       5.000    0.19%       2.000      3.000


     UNIVARIATE HIGHER-ORDER MOMENT DESCRIPTIVE STATISTICS FOR TEL

         Variable/         Mean/     Skewness/   Minimum/ % with                Percentiles
        Sample Size      Variance    Kurtosis    Maximum  Min/Max      20%/60%    40%/80%    Median

     W8AUDIT1              2.732      -0.074       1.000   24.26%       1.000      2.000      3.000
             643.000       1.271      -0.930       5.000    3.27%       3.000      4.000
     W8AUDIT2              1.888       0.501       0.000   27.46%       0.000      1.000      1.000
             670.000       2.343      -0.741       5.000    5.22%       2.000      3.000
     W8AUDIT3              1.752      -0.127       0.000   27.50%       0.000      1.000      2.000
             669.000       1.395      -0.932       4.000    4.04%       2.000      3.000


     UNIVARIATE HIGHER-ORDER MOMENT DESCRIPTIVE STATISTICS FOR FTF

         Variable/         Mean/     Skewness/   Minimum/ % with                Percentiles
        Sample Size      Variance    Kurtosis    Maximum  Min/Max      20%/60%    40%/80%    Median

     W8AUDIT1              2.640       0.216       1.000   24.92%       1.000      2.000      2.000
            2087.000       1.263      -0.755       5.000    4.02%       3.000      4.000
     W8AUDIT2              1.824       0.539       0.000   27.93%       0.000      1.000      1.000
            2170.000       2.047      -0.475       5.000    4.47%       2.000      3.000
     W8AUDIT3              1.788      -0.018       0.000   27.90%       0.000      1.000      2.000
            2172.000       1.428      -0.710       5.000    0.28%       2.000      3.000


THE MODEL ESTIMATION TERMINATED NORMALLY

     WARNING:  THE RESIDUAL COVARIANCE MATRIX (THETA) IN GROUP WEB IS NOT
     POSITIVE DEFINITE.  THIS COULD INDICATE A NEGATIVE VARIANCE/RESIDUAL
     VARIANCE FOR AN OBSERVED VARIABLE, A CORRELATION GREATER OR EQUAL TO ONE
     BETWEEN TWO OBSERVED VARIABLES, OR A LINEAR DEPENDENCY AMONG MORE THAN TWO
     OBSERVED VARIABLES.  CHECK THE RESULTS SECTION FOR MORE INFORMATION.
     PROBLEM INVOLVING VARIABLE W8AUDIT3.


     WARNING:  THE RESIDUAL COVARIANCE MATRIX (THETA) IN GROUP TEL IS NOT
     POSITIVE DEFINITE.  THIS COULD INDICATE A NEGATIVE VARIANCE/RESIDUAL
     VARIANCE FOR AN OBSERVED VARIABLE, A CORRELATION GREATER OR EQUAL TO ONE
     BETWEEN TWO OBSERVED VARIABLES, OR A LINEAR DEPENDENCY AMONG MORE THAN TWO
     OBSERVED VARIABLES.  CHECK THE RESULTS SECTION FOR MORE INFORMATION.
     PROBLEM INVOLVING VARIABLE W8AUDIT3.


     WARNING:  THE RESIDUAL COVARIANCE MATRIX (THETA) IN GROUP FTF IS NOT
     POSITIVE DEFINITE.  THIS COULD INDICATE A NEGATIVE VARIANCE/RESIDUAL
     VARIANCE FOR AN OBSERVED VARIABLE, A CORRELATION GREATER OR EQUAL TO ONE
     BETWEEN TWO OBSERVED VARIABLES, OR A LINEAR DEPENDENCY AMONG MORE THAN TWO
     OBSERVED VARIABLES.  CHECK THE RESULTS SECTION FOR MORE INFORMATION.
     PROBLEM INVOLVING VARIABLE W8AUDIT3.




MODEL FIT INFORMATION

Number of Free Parameters                       14

Loglikelihood

          H0 Value                      -30373.875
          H0 Scaling Correction Factor      2.5979
            for MLR
          H1 Value                      -30176.152
          H1 Scaling Correction Factor      2.1886
            for MLR

Information Criteria

          Akaike (AIC)                   60775.750
          Bayesian (BIC)                 60872.796
          Sample-Size Adjusted BIC       60828.307
            (n* = (n + 2) / 24)

Chi-Square Test of Model Fit

          Value                            226.238*
          Degrees of Freedom                    13
          P-Value                           0.0000
          Scaling Correction Factor         1.7479
            for MLR

Chi-Square Contribution From Each Group

          WEB                              154.427
          TEL                               22.020
          FTF                               49.790

*   The chi-square value for MLM, MLMV, MLR, ULSMV, WLSM and WLSMV cannot be used
    for chi-square difference testing in the regular way.  MLM, MLR and WLSM
    chi-square difference testing is described on the Mplus website.  MLMV, WLSMV,
    and ULSMV difference testing is done using the DIFFTEST option.

RMSEA (Root Mean Square Error Of Approximation)

          Estimate                           0.081
          90 Percent C.I.                    0.072  0.090
          Probability RMSEA <= .05           0.000

CFI/TLI

          CFI                                0.948
          TLI                                0.964

Chi-Square Test of Model Fit for the Baseline Model

          Value                           4121.825
          Degrees of Freedom                     9
          P-Value                           0.0000

SRMR (Standardized Root Mean Square Residual)

          Value                              0.194



MODEL RESULTS

                                                    Two-Tailed
                    Estimate       S.E.  Est./S.E.    P-Value

Group WEB

 F1       BY
    W8AUDIT1           1.000      0.000    999.000    999.000
    W8AUDIT2           1.056      0.019     54.191      0.000
    W8AUDIT3           1.337      0.014     92.721      0.000

 Means
    F1                 0.000      0.000    999.000    999.000

 Intercepts
    W8AUDIT1           2.596      0.021    121.244      0.000
    W8AUDIT2           1.761      0.025     70.848      0.000
    W8AUDIT3           1.769      0.022     81.494      0.000

 Variances
    F1                 1.000      0.000    999.000    999.000

 Residual Variances
    W8AUDIT1           0.619      0.024     26.156      0.000
    W8AUDIT2           0.912      0.035     26.103      0.000
    W8AUDIT3          -0.135      0.021     -6.336      0.000

Group TEL

 F1       BY
    W8AUDIT1           1.000      0.000    999.000    999.000
    W8AUDIT2           1.056      0.019     54.191      0.000
    W8AUDIT3           1.337      0.014     92.721      0.000

 Means
    F1                 0.000      0.000    999.000    999.000

 Intercepts
    W8AUDIT1           2.596      0.021    121.244      0.000
    W8AUDIT2           1.761      0.025     70.848      0.000
    W8AUDIT3           1.769      0.022     81.494      0.000

 Variances
    F1                 1.000      0.000    999.000    999.000

 Residual Variances
    W8AUDIT1           0.636      0.052     12.254      0.000
    W8AUDIT2           1.334      0.151      8.837      0.000
    W8AUDIT3          -0.159      0.041     -3.925      0.000

Group FTF

 F1       BY
    W8AUDIT1           1.000      0.000    999.000    999.000
    W8AUDIT2           1.056      0.019     54.191      0.000
    W8AUDIT3           1.337      0.014     92.721      0.000

 Means
    F1                 0.000      0.000    999.000    999.000

 Intercepts
    W8AUDIT1           2.596      0.021    121.244      0.000
    W8AUDIT2           1.761      0.025     70.848      0.000
    W8AUDIT3           1.769      0.022     81.494      0.000

 Variances
    F1                 1.000      0.000    999.000    999.000

 Residual Variances
    W8AUDIT1           0.676      0.035     19.037      0.000
    W8AUDIT2           1.010      0.049     20.754      0.000
    W8AUDIT3          -0.122      0.024     -5.139      0.000


STANDARDIZED MODEL RESULTS


STD Standardization

                                                    Two-Tailed
                    Estimate       S.E.  Est./S.E.    P-Value

Group WEB

 F1       BY
    W8AUDIT1           1.000      0.000    999.000    999.000
    W8AUDIT2           1.056      0.019     54.191      0.000
    W8AUDIT3           1.337      0.014     92.721      0.000

 Means
    F1                 0.000      0.000    999.000    999.000

 Intercepts
    W8AUDIT1           2.596      0.021    121.244      0.000
    W8AUDIT2           1.761      0.025     70.848      0.000
    W8AUDIT3           1.769      0.022     81.494      0.000

 Variances
    F1                 1.000      0.000    999.000    999.000

 Residual Variances
    W8AUDIT1           0.619      0.024     26.156      0.000
    W8AUDIT2           0.912      0.035     26.103      0.000
    W8AUDIT3         999.000    999.000    999.000    999.000

Group TEL

 F1       BY
    W8AUDIT1           1.000      0.000    999.000    999.000
    W8AUDIT2           1.056      0.019     54.191      0.000
    W8AUDIT3           1.337      0.014     92.721      0.000

 Means
    F1                 0.000      0.000    999.000    999.000

 Intercepts
    W8AUDIT1           2.596      0.021    121.244      0.000
    W8AUDIT2           1.761      0.025     70.848      0.000
    W8AUDIT3           1.769      0.022     81.494      0.000

 Variances
    F1                 1.000      0.000    999.000    999.000

 Residual Variances
    W8AUDIT1           0.636      0.052     12.254      0.000
    W8AUDIT2           1.334      0.151      8.837      0.000
    W8AUDIT3         999.000    999.000    999.000    999.000

Group FTF

 F1       BY
    W8AUDIT1           1.000      0.000    999.000    999.000
    W8AUDIT2           1.056      0.019     54.191      0.000
    W8AUDIT3           1.337      0.014     92.721      0.000

 Means
    F1                 0.000      0.000    999.000    999.000

 Intercepts
    W8AUDIT1           2.596      0.021    121.244      0.000
    W8AUDIT2           1.761      0.025     70.848      0.000
    W8AUDIT3           1.769      0.022     81.494      0.000

 Variances
    F1                 1.000      0.000    999.000    999.000

 Residual Variances
    W8AUDIT1           0.676      0.035     19.037      0.000
    W8AUDIT2           1.010      0.049     20.754      0.000
    W8AUDIT3         999.000    999.000    999.000    999.000


R-SQUARE

Group WEB

    Observed                                        Two-Tailed
    Variable        Estimate       S.E.  Est./S.E.    P-Value

    W8AUDIT1           0.618      0.009     68.424      0.000
    W8AUDIT2           0.550      0.013     42.868      0.000
    W8AUDIT3        Undefined   0.10814E+01

Group TEL

    Observed                                        Two-Tailed
    Variable        Estimate       S.E.  Est./S.E.    P-Value

    W8AUDIT1           0.611      0.019     31.510      0.000
    W8AUDIT2           0.455      0.030     15.189      0.000
    W8AUDIT3        Undefined   0.10978E+01

Group FTF

    Observed                                        Two-Tailed
    Variable        Estimate       S.E.  Est./S.E.    P-Value

    W8AUDIT1           0.597      0.013     47.217      0.000
    W8AUDIT2           0.525      0.016     33.246      0.000
    W8AUDIT3        Undefined   0.10732E+01


QUALITY OF NUMERICAL RESULTS

     Condition Number for the Information Matrix              0.412E-02
       (ratio of smallest to largest eigenvalue)


MODEL MODIFICATION INDICES

NOTE:  Modification indices for direct effects of observed dependent variables
regressed on covariates may not be included.  To include these, request
MODINDICES (ALL).

Minimum M.I. value for printing the modification index    10.000

                                   M.I.     E.P.C.  Std E.P.C.  StdYX E.P.C.
Group WEB


BY Statements

F1       BY W8AUDIT1              94.339    -0.192     -0.192       -0.151

ON/BY Statements

F1       ON F1       /
F1       BY F1                    83.738    -0.159     -0.159       -0.159

WITH Statements

W8AUDIT2 WITH W8AUDIT1            47.077    -0.177     -0.177       -0.235
W8AUDIT3 WITH W8AUDIT1            28.410    -0.182     -0.182      999.000
W8AUDIT3 WITH W8AUDIT2            29.231     0.182      0.182      999.000

Variances/Residual Variances

F1                                83.738    -0.318     -0.318       -0.318

Means/Intercepts/Thresholds

[ W8AUDIT2 ]                      11.022    -0.033     -0.033       -0.023

Group TEL


Means/Intercepts/Thresholds

[ W8AUDIT3 ]                      10.753    -0.097     -0.097       -0.076

Group FTF


BY Statements

F1       BY W8AUDIT1              37.015    -0.175     -0.175       -0.135

ON/BY Statements

F1       ON F1       /
F1       BY F1                    13.556    -0.082     -0.082       -0.082

WITH Statements

W8AUDIT3 WITH W8AUDIT1            14.707    -0.153     -0.153      999.000
W8AUDIT3 WITH W8AUDIT2            13.446     0.148      0.148      999.000

Variances/Residual Variances

F1                                13.556    -0.163     -0.163       -0.163



SAMPLE STATISTICS FOR ESTIMATED FACTOR SCORES


     SAMPLE STATISTICS


           Means
              F1            F1_SE
              ________      ________
               -0.133         0.000


           Covariances
              F1            F1_SE
              ________      ________
 F1             0.954
 F1_SE          0.000         0.000


           Correlations
              F1            F1_SE
              ________      ________
 F1             1.000
 F1_SE          0.006         1.000


PLOT INFORMATION

The following plots are available:

  Histograms (sample values, estimated factor scores, estimated values, residuals)
  Scatterplots (sample values, estimated factor scores, estimated values, residuals)
  Measurement parameter plots
  Latent variable distribution plots

DIAGRAM INFORMATION

  Use View Diagram under the Diagram menu in the Mplus Editor to view the diagram.
  If running Mplus from the Mplus Diagrammer, the diagram opens automatically.

  Diagram output
    c:\users\msassac6\dropbox (the university of manchester)\papers\joe s\uclmm\uclmm_r\mplus\special\scalar_audit_cont.

     Beginning Time:  10:00:21
        Ending Time:  10:00:22
       Elapsed Time:  00:00:01



MUTHEN & MUTHEN
3463 Stoner Ave.
Los Angeles, CA  90066

Tel: (310) 391-9971
Fax: (310) 391-8971
Web: www.StatModel.com
Support: Support@StatModel.com

Copyright (c) 1998-2019 Muthen & Muthen
