Mplus VERSION 8.6
MUTHEN & MUTHEN
07/01/2021   7:39 AM

INPUT INSTRUCTIONS

  TITLE: Your title goes here

  DATA: FILE = data.dta;

  VARIABLE:

  NAMES = audit1 bully0a bully0b bully0c bully0d bully0e bully0f bully0g adult0a
       adult0b adult0c leisa0a leisa0b leisa0c leisa0d leisa0e leisa0f leisb0a leisb0b
       leisb0c leisb0d designweight samppsu sampstratum mode locus0a locus0b locus0c
       locus0d ghq_1 ghq_2 ghq_3 ghq_4 ghq_5 ghq_6 ghq_7 ghq_8 ghq_9 ghq_10 ghq_11
       ghq_12 audit2 audit3 designweight_combin;

  MISSING=.;
  USEVARIABLES ARE bully0a
  bully0b
  bully0c
  bully0d
  bully0e
  bully0f
  bully0g;
  CATEGORICAL ARE bully0a
  bully0b
  bully0c
  bully0d
  bully0e
  bully0f
  bully0g;
  GROUPING IS mode (1=Web 2=Tel 3=Ftf);
  WEIGHT IS designweight_combin;

                  STRATIFICATION IS sampstratum;

                  CLUSTER IS samppsu;

  ANALYSIS: TYPE IS COMPLEX;

                  ESTIMATOR = WLSMV;

                  ITERATIONS = 100000;

                  PARAMETERIZATION = THETA;

  DIFFTEST = bully0a_metric.dat;
  Model:


  f1@1;
  [f1@0];

  f1 BY bully0a@1
  bully0b (L2)
  bully0c (L3)
  bully0d (L4)
  bully0e (L5)
  bully0f (L6)
  bully0g (L7)
  ;


  [bully0a$1] (t_bully0a);
  [bully0b$1] (t_bully0b);
  [bully0c$1] (t_bully0c);
  [bully0d$1] (t_bully0d);
  [bully0e$1] (t_bully0e);
  [bully0f$1] (t_bully0f);
  [bully0g$1] (t_bully0g);


  bully0a@1;
  bully0b@1;
  bully0c@1;
  bully0d@1;
  bully0e@1;
  bully0f@1;
  bully0g@1;

  Model Tel:

  f1 BY bully0a@1
  bully0b (L2)
  bully0c (L3)
  bully0d (L4)
  bully0e (L5)
  bully0f (L6)
  bully0g (L7)
  ;


  [bully0a$1] (t_bully0a);
  [bully0b$1] (t_bully0b);
  [bully0c$1] (t_bully0c);
  [bully0d$1] (t_bully0d);
  [bully0e$1] (t_bully0e);
  [bully0f$1] (t_bully0f);
  [bully0g$1] (t_bully0g);


  bully0a@1;
  bully0b@1;
  bully0c@1;
  bully0d@1;
  bully0e@1;
  bully0f@1;
  bully0g@1;

  Model Ftf:

  f1 BY bully0a@1
  bully0b (L2)
  bully0c (L3)
  bully0d (L4)
  bully0e (L5)
  bully0f (L6)
  bully0g (L7)
  ;


  [bully0a$1] (t_bully0a);
  [bully0b$1] (t_bully0b);
  [bully0c$1] (t_bully0c);
  [bully0d$1] (t_bully0d);
  [bully0e$1] (t_bully0e);
  [bully0f$1] (t_bully0f);
  [bully0g$1] (t_bully0g);



  bully0a@1;
  bully0b@1;
  bully0c@1;
  bully0d@1;
  bully0e@1;
  bully0f@1;
  bully0g@1;

  SAVEDATA: DIFFTEST IS bully0a_scalar.dat;
  OUTPUT: SAMPSTAT;

  MODINDICES;

  STD;

  Plot: TYPE = plot3;




*** WARNING
  Data set contains cases with missing on all variables.
  These cases were not included in the analysis.
  Number of cases with missing on all variables:  379
   1 WARNING(S) FOUND IN THE INPUT INSTRUCTIONS



Your title goes here

SUMMARY OF ANALYSIS

Number of groups                                                 3
Number of observations
   Group WEB                                                  4537
   Group TEL                                                   636
   Group FTF                                                  2017
   Total sample size                                          7190

Number of dependent variables                                    7
Number of independent variables                                  0
Number of continuous latent variables                            1

Observed dependent variables

  Binary and ordered categorical (ordinal)
   BULLY0A     BULLY0B     BULLY0C     BULLY0D     BULLY0E     BULLY0F
   BULLY0G

Continuous latent variables
   F1

Variables with special functions

  Grouping variable     MODE
  Stratification        SAMPSTRA
  Cluster variable      SAMPPSU
  Weight variable       DESIGNWE

Estimator                                                    WLSMV
Maximum number of iterations                                100000
Convergence criterion                                    0.500D-04
Maximum number of steepest descent iterations                   20
Maximum number of iterations for H1                           2000
Convergence criterion for H1                             0.100D-03
Parameterization                                             THETA
Link                                                        PROBIT

Input data file(s)
  data.dta

Input data format  FREE


SUMMARY OF DATA

   Total number of strata                       37
   Total number of clusters                    656

   Group WEB
     Number of missing data patterns            19
     Number of strata                           37
     Number of clusters                        650

   Group TEL
     Number of missing data patterns             6
     Number of strata                           37
     Number of clusters                        404

   Group FTF
     Number of missing data patterns            20
     Number of strata                           36
     Number of clusters                        604


COVARIANCE COVERAGE OF DATA

Minimum covariance coverage value   0.100


     PROPORTION OF DATA PRESENT FOR WEB


           Covariance Coverage
              BULLY0A       BULLY0B       BULLY0C       BULLY0D       BULLY0E
              ________      ________      ________      ________      ________
 BULLY0A        0.996
 BULLY0B        0.991         0.992
 BULLY0C        0.996         0.992         1.000
 BULLY0D        0.996         0.991         0.999         0.999
 BULLY0E        0.995         0.991         0.998         0.997         0.998
 BULLY0F        0.995         0.991         0.998         0.997         0.997
 BULLY0G        0.994         0.990         0.997         0.996         0.995


           Covariance Coverage
              BULLY0F       BULLY0G
              ________      ________
 BULLY0F        0.998
 BULLY0G        0.996         0.997


     PROPORTION OF DATA PRESENT FOR TEL


           Covariance Coverage
              BULLY0A       BULLY0B       BULLY0C       BULLY0D       BULLY0E
              ________      ________      ________      ________      ________
 BULLY0A        0.994
 BULLY0B        0.992         0.998
 BULLY0C        0.994         0.998         1.000
 BULLY0D        0.991         0.995         0.997         0.997
 BULLY0E        0.992         0.997         0.998         0.995         0.998
 BULLY0F        0.992         0.997         0.998         0.995         0.997
 BULLY0G        0.994         0.998         1.000         0.997         0.998


           Covariance Coverage
              BULLY0F       BULLY0G
              ________      ________
 BULLY0F        0.998
 BULLY0G        0.998         1.000


     PROPORTION OF DATA PRESENT FOR FTF


           Covariance Coverage
              BULLY0A       BULLY0B       BULLY0C       BULLY0D       BULLY0E
              ________      ________      ________      ________      ________
 BULLY0A        0.995
 BULLY0B        0.989         0.992
 BULLY0C        0.995         0.991         0.999
 BULLY0D        0.993         0.990         0.997         0.997
 BULLY0E        0.987         0.985         0.991         0.990         0.991
 BULLY0F        0.992         0.989         0.996         0.994         0.990
 BULLY0G        0.993         0.990         0.997         0.996         0.990


           Covariance Coverage
              BULLY0F       BULLY0G
              ________      ________
 BULLY0F        0.997
 BULLY0G        0.995         0.998


UNIVARIATE PROPORTIONS AND COUNTS FOR CATEGORICAL VARIABLES

  Group WEB
    BULLY0A
      Category 1    0.823         3719.935
      Category 2    0.177          802.779
    BULLY0B
      Category 1    0.839         3764.804
      Category 2    0.161          724.820
    BULLY0C
      Category 1    0.942         4273.263
      Category 2    0.058          261.040
    BULLY0D
      Category 1    0.938         4240.624
      Category 2    0.062          282.496
    BULLY0E
      Category 1    0.972         4394.689
      Category 2    0.028          127.153
    BULLY0F
      Category 1    0.933         4230.885
      Category 2    0.067          302.444
    BULLY0G
      Category 1    0.960         4337.234
      Category 2    0.040          180.655

  Group TEL
    BULLY0A
      Category 1    0.865          547.159
      Category 2    0.135           85.373
    BULLY0B
      Category 1    0.878          557.689
      Category 2    0.122           77.680
    BULLY0C
      Category 1    0.936          595.018
      Category 2    0.064           40.982
    BULLY0D
      Category 1    0.943          599.036
      Category 2    0.057           36.083
    BULLY0E
      Category 1    0.983          625.146
      Category 2    0.017           10.685
    BULLY0F
      Category 1    0.937          595.905
      Category 2    0.063           39.901
    BULLY0G
      Category 1    0.961          611.485
      Category 2    0.039           24.515

  Group FTF
    BULLY0A
      Category 1    0.822         1649.401
      Category 2    0.178          356.891
    BULLY0B
      Category 1    0.813         1622.917
      Category 2    0.187          373.393
    BULLY0C
      Category 1    0.928         1870.856
      Category 2    0.072          144.170
    BULLY0D
      Category 1    0.919         1849.435
      Category 2    0.081          163.984
    BULLY0E
      Category 1    0.972         1943.017
      Category 2    0.028           55.382
    BULLY0F
      Category 1    0.920         1851.115
      Category 2    0.080          160.931
    BULLY0G
      Category 1    0.969         1950.970
      Category 2    0.031           62.830


SAMPLE STATISTICS


     ESTIMATED SAMPLE STATISTICS FOR WEB


           MEANS/INTERCEPTS/THRESHOLDS
              BULLY0A$      BULLY0B$      BULLY0C$      BULLY0D$      BULLY0E$
              ________      ________      ________      ________      ________
                0.925         0.989         1.576         1.534         1.909


           MEANS/INTERCEPTS/THRESHOLDS
              BULLY0F$      BULLY0G$
              ________      ________
                1.501         1.751


           CORRELATION MATRIX (WITH VARIANCES ON THE DIAGONAL)
              BULLY0A       BULLY0B       BULLY0C       BULLY0D       BULLY0E
              ________      ________      ________      ________      ________
 BULLY0A
 BULLY0B        0.805
 BULLY0C        0.578         0.525
 BULLY0D        0.648         0.671         0.516
 BULLY0E        0.707         0.790         0.425         0.805
 BULLY0F        0.363         0.427         0.468         0.509         0.402
 BULLY0G        0.371         0.395         0.288         0.457         0.522


           CORRELATION MATRIX (WITH VARIANCES ON THE DIAGONAL)
              BULLY0F       BULLY0G
              ________      ________
 BULLY0G        0.418


     ESTIMATED SAMPLE STATISTICS FOR TEL


           MEANS/INTERCEPTS/THRESHOLDS
              BULLY0A$      BULLY0B$      BULLY0C$      BULLY0D$      BULLY0E$
              ________      ________      ________      ________      ________
                1.103         1.164         1.519         1.582         2.125


           MEANS/INTERCEPTS/THRESHOLDS
              BULLY0F$      BULLY0G$
              ________      ________
                1.532         1.768


           CORRELATION MATRIX (WITH VARIANCES ON THE DIAGONAL)
              BULLY0A       BULLY0B       BULLY0C       BULLY0D       BULLY0E
              ________      ________      ________      ________      ________
 BULLY0A
 BULLY0B        0.713
 BULLY0C        0.648         0.335
 BULLY0D        0.407         0.565         0.559
 BULLY0E        0.367         0.699         0.081         0.514
 BULLY0F        0.292         0.211         0.349         0.259         0.217
 BULLY0G        0.354         0.338         0.339         0.416         0.084


           CORRELATION MATRIX (WITH VARIANCES ON THE DIAGONAL)
              BULLY0F       BULLY0G
              ________      ________
 BULLY0G       -0.045


     ESTIMATED SAMPLE STATISTICS FOR FTF


           MEANS/INTERCEPTS/THRESHOLDS
              BULLY0A$      BULLY0B$      BULLY0C$      BULLY0D$      BULLY0E$
              ________      ________      ________      ________      ________
                0.923         0.889         1.464         1.395         1.916


           MEANS/INTERCEPTS/THRESHOLDS
              BULLY0F$      BULLY0G$
              ________      ________
                1.405         1.863


           CORRELATION MATRIX (WITH VARIANCES ON THE DIAGONAL)
              BULLY0A       BULLY0B       BULLY0C       BULLY0D       BULLY0E
              ________      ________      ________      ________      ________
 BULLY0A
 BULLY0B        0.739
 BULLY0C        0.543         0.556
 BULLY0D        0.600         0.729         0.636
 BULLY0E        0.513         0.676         0.585         0.746
 BULLY0F        0.520         0.571         0.450         0.557         0.563
 BULLY0G        0.457         0.532         0.407         0.451         0.330


           CORRELATION MATRIX (WITH VARIANCES ON THE DIAGONAL)
              BULLY0F       BULLY0G
              ________      ________
 BULLY0G        0.451


     THIS ANALYSIS MAY HAVE MULTIPLE SOLUTIONS.  EXPLORE THIS USING RANDOM STARTS,
     FOR EXAMPLE, STARTS = 20.  USE A LARGE ENOUGH NUMBER OF STARTS SO THAT THE
     BEST FIT FUNCTION VALUE IS REPLICATED SEVERAL TIMES.


THE MODEL ESTIMATION TERMINATED NORMALLY



MODEL FIT INFORMATION

Number of Free Parameters                       13

Chi-Square Test of Model Fit

          Value                            182.825*
          Degrees of Freedom                    71
          P-Value                           0.0000

Chi-Square Contribution From Each Group

          WEB                               83.058
          TEL                               57.522
          FTF                               42.244

Chi-Square Test for Difference Testing

          Value                             26.199*
          Degrees of Freedom                    12
          P-Value                           0.0101

*   The chi-square value for MLM, MLMV, MLR, ULSMV, WLSM and WLSMV cannot be used
    for chi-square difference testing in the regular way.  MLM, MLR and WLSM
    chi-square difference testing is described on the Mplus website.  MLMV, WLSMV,
    and ULSMV difference testing is done using the DIFFTEST option.  The DIFFTEST
    option assumes the models are nested.  The NESTED option can be used to verify
    that the models are nested.

RMSEA (Root Mean Square Error Of Approximation)

          Estimate                           0.026
          90 Percent C.I.                    0.021  0.030
          Probability RMSEA <= .05           1.000

CFI/TLI

          CFI                                0.977
          TLI                                0.980

Chi-Square Test of Model Fit for the Baseline Model

          Value                           4910.312
          Degrees of Freedom                    63
          P-Value                           0.0000

SRMR (Standardized Root Mean Square Residual)

          Value                              0.081

Optimum Function Value for Weighted Least-Squares Estimator

          Value                     0.14325753D-01



MODEL RESULTS

                                                    Two-Tailed
                    Estimate       S.E.  Est./S.E.    P-Value

Group WEB

 F1       BY
    BULLY0A            1.000      0.000    999.000    999.000
    BULLY0B            2.569      0.381      6.749      0.000
    BULLY0C            0.888      0.071     12.537      0.000
    BULLY0D            1.464      0.110     13.318      0.000
    BULLY0E            1.570      0.155     10.132      0.000
    BULLY0F            0.726      0.057     12.771      0.000
    BULLY0G            0.619      0.061     10.131      0.000

 Means
    F1                 0.000      0.000    999.000    999.000

 Thresholds
    BULLY0A$1          1.325      0.035     37.995      0.000
    BULLY0B$1          2.644      0.340      7.785      0.000
    BULLY0C$1          2.029      0.084     24.240      0.000
    BULLY0D$1          2.608      0.134     19.426      0.000
    BULLY0E$1          3.617      0.243     14.874      0.000
    BULLY0F$1          1.810      0.060     30.223      0.000
    BULLY0G$1          2.097      0.069     30.461      0.000

 Variances
    F1                 1.000      0.000    999.000    999.000

 Residual Variances
    BULLY0A            1.000      0.000    999.000    999.000
    BULLY0B            1.000      0.000    999.000    999.000
    BULLY0C            1.000      0.000    999.000    999.000
    BULLY0D            1.000      0.000    999.000    999.000
    BULLY0E            1.000      0.000    999.000    999.000
    BULLY0F            1.000      0.000    999.000    999.000
    BULLY0G            1.000      0.000    999.000    999.000

Group TEL

 F1       BY
    BULLY0A            1.000      0.000    999.000    999.000
    BULLY0B            2.569      0.381      6.749      0.000
    BULLY0C            0.888      0.071     12.537      0.000
    BULLY0D            1.464      0.110     13.318      0.000
    BULLY0E            1.570      0.155     10.132      0.000
    BULLY0F            0.726      0.057     12.771      0.000
    BULLY0G            0.619      0.061     10.131      0.000

 Means
    F1                 0.000      0.000    999.000    999.000

 Thresholds
    BULLY0A$1          1.325      0.035     37.995      0.000
    BULLY0B$1          2.644      0.340      7.785      0.000
    BULLY0C$1          2.029      0.084     24.240      0.000
    BULLY0D$1          2.608      0.134     19.426      0.000
    BULLY0E$1          3.617      0.243     14.874      0.000
    BULLY0F$1          1.810      0.060     30.223      0.000
    BULLY0G$1          2.097      0.069     30.461      0.000

 Variances
    F1                 1.000      0.000    999.000    999.000

 Residual Variances
    BULLY0A            1.000      0.000    999.000    999.000
    BULLY0B            1.000      0.000    999.000    999.000
    BULLY0C            1.000      0.000    999.000    999.000
    BULLY0D            1.000      0.000    999.000    999.000
    BULLY0E            1.000      0.000    999.000    999.000
    BULLY0F            1.000      0.000    999.000    999.000
    BULLY0G            1.000      0.000    999.000    999.000

Group FTF

 F1       BY
    BULLY0A            1.000      0.000    999.000    999.000
    BULLY0B            2.569      0.381      6.749      0.000
    BULLY0C            0.888      0.071     12.537      0.000
    BULLY0D            1.464      0.110     13.318      0.000
    BULLY0E            1.570      0.155     10.132      0.000
    BULLY0F            0.726      0.057     12.771      0.000
    BULLY0G            0.619      0.061     10.131      0.000

 Means
    F1                 0.000      0.000    999.000    999.000

 Thresholds
    BULLY0A$1          1.325      0.035     37.995      0.000
    BULLY0B$1          2.644      0.340      7.785      0.000
    BULLY0C$1          2.029      0.084     24.240      0.000
    BULLY0D$1          2.608      0.134     19.426      0.000
    BULLY0E$1          3.617      0.243     14.874      0.000
    BULLY0F$1          1.810      0.060     30.223      0.000
    BULLY0G$1          2.097      0.069     30.461      0.000

 Variances
    F1                 1.000      0.000    999.000    999.000

 Residual Variances
    BULLY0A            1.000      0.000    999.000    999.000
    BULLY0B            1.000      0.000    999.000    999.000
    BULLY0C            1.000      0.000    999.000    999.000
    BULLY0D            1.000      0.000    999.000    999.000
    BULLY0E            1.000      0.000    999.000    999.000
    BULLY0F            1.000      0.000    999.000    999.000
    BULLY0G            1.000      0.000    999.000    999.000


QUALITY OF NUMERICAL RESULTS

     Condition Number for the Information Matrix              0.423E-02
       (ratio of smallest to largest eigenvalue)


IRT PARAMETERIZATION

                                                    Two-Tailed
                    Estimate       S.E.  Est./S.E.    P-Value

Group WEB

 Item Discriminations

 F1       BY
    BULLY0A            1.000      0.000      0.000      1.000
    BULLY0B            2.569      0.381      6.749      0.000
    BULLY0C            0.888      0.071     12.537      0.000
    BULLY0D            1.464      0.110     13.318      0.000
    BULLY0E            1.570      0.155     10.132      0.000
    BULLY0F            0.726      0.057     12.771      0.000
    BULLY0G            0.619      0.061     10.131      0.000

 Means
    F1                 0.000      0.000      0.000      1.000

 Item Difficulties
    BULLY0A$1          1.325      0.035     37.995      0.000
    BULLY0B$1          1.029      0.035     29.701      0.000
    BULLY0C$1          2.284      0.114     20.090      0.000
    BULLY0D$1          1.782      0.061     29.398      0.000
    BULLY0E$1          2.304      0.094     24.467      0.000
    BULLY0F$1          2.493      0.140     17.840      0.000
    BULLY0G$1          3.390      0.252     13.444      0.000

 Variances
    F1                 1.000      0.000      0.000      1.000

Group TEL

 Item Discriminations

 F1       BY
    BULLY0A            1.000      0.000      0.000      1.000
    BULLY0B            2.569      0.381      6.749      0.000
    BULLY0C            0.888      0.071     12.537      0.000
    BULLY0D            1.464      0.110     13.318      0.000
    BULLY0E            1.570      0.155     10.132      0.000
    BULLY0F            0.726      0.057     12.771      0.000
    BULLY0G            0.619      0.061     10.131      0.000

 Means
    F1                 0.000      0.000      0.000      1.000

 Item Difficulties
    BULLY0A$1          1.325      0.035     37.995      0.000
    BULLY0B$1          1.029      0.035     29.701      0.000
    BULLY0C$1          2.284      0.114     20.090      0.000
    BULLY0D$1          1.782      0.061     29.398      0.000
    BULLY0E$1          2.304      0.094     24.467      0.000
    BULLY0F$1          2.493      0.140     17.840      0.000
    BULLY0G$1          3.390      0.252     13.444      0.000

 Variances
    F1                 1.000      0.000      0.000      1.000

Group FTF

 Item Discriminations

 F1       BY
    BULLY0A            1.000      0.000      0.000      1.000
    BULLY0B            2.569      0.381      6.749      0.000
    BULLY0C            0.888      0.071     12.537      0.000
    BULLY0D            1.464      0.110     13.318      0.000
    BULLY0E            1.570      0.155     10.132      0.000
    BULLY0F            0.726      0.057     12.771      0.000
    BULLY0G            0.619      0.061     10.131      0.000

 Means
    F1                 0.000      0.000      0.000      1.000

 Item Difficulties
    BULLY0A$1          1.325      0.035     37.995      0.000
    BULLY0B$1          1.029      0.035     29.701      0.000
    BULLY0C$1          2.284      0.114     20.090      0.000
    BULLY0D$1          1.782      0.061     29.398      0.000
    BULLY0E$1          2.304      0.094     24.467      0.000
    BULLY0F$1          2.493      0.140     17.840      0.000
    BULLY0G$1          3.390      0.252     13.444      0.000

 Variances
    F1                 1.000      0.000      0.000      1.000


STANDARDIZED MODEL RESULTS


STD Standardization

                                                    Two-Tailed
                    Estimate       S.E.  Est./S.E.    P-Value

Group WEB

 F1       BY
    BULLY0A            1.000      0.000    999.000    999.000
    BULLY0B            2.569      0.381      6.749      0.000
    BULLY0C            0.888      0.071     12.537      0.000
    BULLY0D            1.464      0.110     13.318      0.000
    BULLY0E            1.570      0.155     10.132      0.000
    BULLY0F            0.726      0.057     12.771      0.000
    BULLY0G            0.619      0.061     10.131      0.000

 Means
    F1                 0.000      0.000    999.000    999.000

 Thresholds
    BULLY0A$1          1.325      0.035     37.995      0.000
    BULLY0B$1          2.644      0.340      7.785      0.000
    BULLY0C$1          2.029      0.084     24.240      0.000
    BULLY0D$1          2.608      0.134     19.426      0.000
    BULLY0E$1          3.617      0.243     14.874      0.000
    BULLY0F$1          1.810      0.060     30.223      0.000
    BULLY0G$1          2.097      0.069     30.461      0.000

 Variances
    F1                 1.000      0.000    999.000    999.000

 Residual Variances
    BULLY0A            1.000      0.000    999.000    999.000
    BULLY0B            1.000      0.000    999.000    999.000
    BULLY0C            1.000      0.000    999.000    999.000
    BULLY0D            1.000      0.000    999.000    999.000
    BULLY0E            1.000      0.000    999.000    999.000
    BULLY0F            1.000      0.000    999.000    999.000
    BULLY0G            1.000      0.000    999.000    999.000

Group TEL

 F1       BY
    BULLY0A            1.000      0.000    999.000    999.000
    BULLY0B            2.569      0.381      6.749      0.000
    BULLY0C            0.888      0.071     12.537      0.000
    BULLY0D            1.464      0.110     13.318      0.000
    BULLY0E            1.570      0.155     10.132      0.000
    BULLY0F            0.726      0.057     12.771      0.000
    BULLY0G            0.619      0.061     10.131      0.000

 Means
    F1                 0.000      0.000    999.000    999.000

 Thresholds
    BULLY0A$1          1.325      0.035     37.995      0.000
    BULLY0B$1          2.644      0.340      7.785      0.000
    BULLY0C$1          2.029      0.084     24.240      0.000
    BULLY0D$1          2.608      0.134     19.426      0.000
    BULLY0E$1          3.617      0.243     14.874      0.000
    BULLY0F$1          1.810      0.060     30.223      0.000
    BULLY0G$1          2.097      0.069     30.461      0.000

 Variances
    F1                 1.000      0.000    999.000    999.000

 Residual Variances
    BULLY0A            1.000      0.000    999.000    999.000
    BULLY0B            1.000      0.000    999.000    999.000
    BULLY0C            1.000      0.000    999.000    999.000
    BULLY0D            1.000      0.000    999.000    999.000
    BULLY0E            1.000      0.000    999.000    999.000
    BULLY0F            1.000      0.000    999.000    999.000
    BULLY0G            1.000      0.000    999.000    999.000

Group FTF

 F1       BY
    BULLY0A            1.000      0.000    999.000    999.000
    BULLY0B            2.569      0.381      6.749      0.000
    BULLY0C            0.888      0.071     12.537      0.000
    BULLY0D            1.464      0.110     13.318      0.000
    BULLY0E            1.570      0.155     10.132      0.000
    BULLY0F            0.726      0.057     12.771      0.000
    BULLY0G            0.619      0.061     10.131      0.000

 Means
    F1                 0.000      0.000    999.000    999.000

 Thresholds
    BULLY0A$1          1.325      0.035     37.995      0.000
    BULLY0B$1          2.644      0.340      7.785      0.000
    BULLY0C$1          2.029      0.084     24.240      0.000
    BULLY0D$1          2.608      0.134     19.426      0.000
    BULLY0E$1          3.617      0.243     14.874      0.000
    BULLY0F$1          1.810      0.060     30.223      0.000
    BULLY0G$1          2.097      0.069     30.461      0.000

 Variances
    F1                 1.000      0.000    999.000    999.000

 Residual Variances
    BULLY0A            1.000      0.000    999.000    999.000
    BULLY0B            1.000      0.000    999.000    999.000
    BULLY0C            1.000      0.000    999.000    999.000
    BULLY0D            1.000      0.000    999.000    999.000
    BULLY0E            1.000      0.000    999.000    999.000
    BULLY0F            1.000      0.000    999.000    999.000
    BULLY0G            1.000      0.000    999.000    999.000


R-SQUARE

Group WEB

    Observed                                        Two-Tailed     Scale
    Variable        Estimate       S.E.  Est./S.E.    P-Value     Factors

    BULLY0A            0.500      0.000    999.000    999.000      0.707
    BULLY0B            0.868      0.034     25.643      0.000      0.363
    BULLY0C            0.441      0.039     11.214      0.000      0.748
    BULLY0D            0.682      0.033     20.929      0.000      0.564
    BULLY0E            0.711      0.041     17.552      0.000      0.537
    BULLY0F            0.345      0.035      9.750      0.000      0.809
    BULLY0G            0.277      0.040      7.004      0.000      0.850

Group TEL

    Observed                                        Two-Tailed     Scale
    Variable        Estimate       S.E.  Est./S.E.    P-Value     Factors

    BULLY0A            0.500      0.000    999.000    999.000      0.707
    BULLY0B            0.868      0.034     25.643      0.000      0.363
    BULLY0C            0.441      0.039     11.214      0.000      0.748
    BULLY0D            0.682      0.033     20.929      0.000      0.564
    BULLY0E            0.711      0.041     17.552      0.000      0.537
    BULLY0F            0.345      0.035      9.750      0.000      0.809
    BULLY0G            0.277      0.040      7.004      0.000      0.850

Group FTF

    Observed                                        Two-Tailed     Scale
    Variable        Estimate       S.E.  Est./S.E.    P-Value     Factors

    BULLY0A            0.500      0.000    999.000    999.000      0.707
    BULLY0B            0.868      0.034     25.643      0.000      0.363
    BULLY0C            0.441      0.039     11.214      0.000      0.748
    BULLY0D            0.682      0.033     20.929      0.000      0.564
    BULLY0E            0.711      0.041     17.552      0.000      0.537
    BULLY0F            0.345      0.035      9.750      0.000      0.809
    BULLY0G            0.277      0.040      7.004      0.000      0.850


MODEL MODIFICATION INDICES

NOTE:  Modification indices for direct effects of observed dependent variables
regressed on covariates and residual covariances among observed dependent
variables may not be included.  To include these, request MODINDICES (ALL).

Minimum M.I. value for printing the modification index    10.000

                                   M.I.     E.P.C.  Std E.P.C.  StdYX E.P.C.
Group WEB


BY Statements

F1       BY BULLY0A               26.578     0.282      0.282        0.200

WITH Statements

BULLY0B  WITH BULLY0A             33.553     0.672      0.672        0.672

Variances/Residual Variances

BULLY0A                           22.789    -0.523     -0.523       -0.261

Group TEL


No modification indices above the minimum value.

Group FTF


ON/BY Statements

F1       ON F1       /
F1       BY F1                    16.633     0.089      0.089        0.089

Variances/Residual Variances

F1                                16.633     0.178      0.178        0.178



SAMPLE STATISTICS FOR ESTIMATED FACTOR SCORES


     SAMPLE STATISTICS


           Means
              F1            F1_SE
              ________      ________
                0.140         0.709


           Covariances
              F1            F1_SE
              ________      ________
 F1             0.392
 F1_SE         -0.112         0.037


           Correlations
              F1            F1_SE
              ________      ________
 F1             1.000
 F1_SE         -0.929         1.000


PLOT INFORMATION

The following plots are available:

  Histograms (sample values, estimated factor scores, estimated values, residuals)
  Scatterplots (sample values, estimated factor scores, estimated values, residuals)
  Sample proportions and estimated probabilities
  Item characteristic curves
  Information curves
  Measurement parameter plots
  Latent variable distribution plots

SAVEDATA INFORMATION


  Difference testing

  Save file
    bully0a_scalar.dat
  Save format      Free

DIAGRAM INFORMATION

  Use View Diagram under the Diagram menu in the Mplus Editor to view the diagram.
  If running Mplus from the Mplus Diagrammer, the diagram opens automatically.

  Diagram output
    c:\users\msassac6\dropbox (the university of manchester)\papers\joe s\uclmm\uclmm_r\mplus\special\scalar_bully_2.dgm

     Beginning Time:  07:39:40
        Ending Time:  07:39:41
       Elapsed Time:  00:00:01



MUTHEN & MUTHEN
3463 Stoner Ave.
Los Angeles, CA  90066

Tel: (310) 391-9971
Fax: (310) 391-8971
Web: www.StatModel.com
Support: Support@StatModel.com

Copyright (c) 1998-2021 Muthen & Muthen
