Mplus VERSION 8.3
MUTHEN & MUTHEN
06/23/2019   3:16 PM

INPUT INSTRUCTIONS


    DATA:	FILE IS mplusdata.dat;
    VARIABLE:	
    NAMES ARE  audit1 bully0a bully0b bully0c bully0d bully0e
       bully0f bully0g adult0a adult0b adult0c leisa0a
       leisa0b leisa0c leisa0d leisa0e leisa0f leisb0a
       leisb0b leisb0c leisb0d samppsu sampstratum w8mode
       locus0a locus0b locus0c locus0d ghq_1 ghq_2 ghq_3
       ghq_4 ghq_5 ghq_6 ghq_7 ghq_8 ghq_9 ghq_10
       ghq_11 ghq_12 audit2 audit3 designweight_combin;
    USEVARIABLES ARE ghq_1-ghq_12 ;
    CATEGORICAL ARE ghq_1-ghq_12;
      Missing are all (-9999) ;

    		GROUPING IS w8mode (1=web 2=tel 3=ftf);
  		WEIGHT IS designweight_combin;
  		STRATIFICATION IS sampstratum;
  		CLUSTER IS samppsu;

    ANALYSIS: TYPE IS COMPLEX;
  	    ESTIMATOR = WLSMV;
  	    ITERATIONS = 100000;
  	    PARAMETERIZATION = THETA;
  	    DIFFTEST = ghq_metric.dat;


  MODEL:
  !MODEL1: REFERENCE GROUP (WEB)
  !FACTOR LOADINGS ALL FREE ESTIMATED
  f1 BY 	 ghq_1@1
  		ghq_2 (L2)
  		ghq_3 (L3)
  		ghq_4 (L4)
  		ghq_5 (L5)
  		ghq_6 (L6)
  		ghq_7 (L7)
  		ghq_8 (L8)
  		ghq_9 (L9)
  		ghq_10 (L10)
  		ghq_11 (L11)
  		ghq_12 (L12);

  f1@1;
  ![f1@0];

  !ITEM THRESHOLDS ALL FREE
  [ghq_1$1] (t0) ;
  [ghq_1$2] (t1);
  [ghq_1$3] (t2);

  [ghq_2$1] (t0a) ;
  [ghq_2$2] (t3);
  [ghq_2$3] (t4);

  [ghq_3$1] (t0b);
  [ghq_3$2] (t5);
  [ghq_3$3] (t6);

  [ghq_4$1] (t0c);
  [ghq_4$2] (t7);
  [ghq_4$3] (t8);

  [ghq_5$1] (t0d);
  [ghq_5$2] (t9);
  [ghq_5$3] (t10);

  [ghq_6$1] (t0e);
  [ghq_6$2] (t11);
  [ghq_6$3] (t12);

  [ghq_7$1] (t0f);
  [ghq_7$2] (t13);
  [ghq_7$3] (t14);

  [ghq_8$1] (t0g);
  [ghq_8$2] (t15);
  [ghq_8$3] (t16);

  [ghq_9$1] (t0h);
  [ghq_9$2] (t17);
  [ghq_9$3] (t18);

  [ghq_10$1] (t0i);
  [ghq_10$2] (t19);
  [ghq_10$3] (t20);

  [ghq_11$1] (t0j);
  [ghq_11$2] (t21);
  [ghq_11$3] (t22);

  [ghq_12$1] (t0k);
  [ghq_12$2] (t23);
  [ghq_12$3] (t24);

  ghq_1@1 ;
  ghq_2@1 ;
  ghq_3@1 ;
  ghq_4@1 ;
  ghq_5@1 ;
  ghq_6@1 ;
  ghq_7@1 ;
  ghq_8@1 ;
  ghq_9@1;
  ghq_10@1 ;
  ghq_11@1 ;
  ghq_12@1 ;

  Model ftf:

  f1 BY 	 ghq_1@1
  		ghq_2 (L2)
  		ghq_3 (L3)
  		ghq_4 (L4)
  		ghq_5 (L5)
  		ghq_6 (L6)
  		ghq_7 (L7)
  		ghq_8 (L8)
  		ghq_9 (L9)
  		ghq_10 (L10)
  		ghq_11 (L11)
  		ghq_12 (L12);

  f1;

  !ITEM THRESHOLDS ALL FREE
  [ghq_1$1] (t0);
  [ghq_1$2] (t1);
  [ghq_1$3] (t2);

  [ghq_2$1] (t0a);
  [ghq_2$2] (t3);
  [ghq_2$3] (t4);

  [ghq_3$1] (t0b);
  [ghq_3$2] (t5);
  [ghq_3$3] (t6);

  [ghq_4$1] (t0c);
  [ghq_4$2] (t7);
  [ghq_4$3] (t8);

  [ghq_5$1] (t0d);
  [ghq_5$2] (t9);
  [ghq_5$3] (t10);

  [ghq_6$1] (t0e);
  [ghq_6$2] (t11);
  [ghq_6$3] (t12);

  [ghq_7$1] (t0f);
  [ghq_7$2] (t13);
  [ghq_7$3] (t14);

  [ghq_8$1] (t0g);
  [ghq_8$2] (t15);
  [ghq_8$3] (t16);

  [ghq_9$1] (t0h);
  [ghq_9$2] (t17);
  [ghq_9$3] (t18);

  [ghq_10$1] (t0i);
  [ghq_10$2] (t19);
  [ghq_10$3] (t20);

  [ghq_11$1] (t0j);
  [ghq_11$2] (t21);
  [ghq_11$3] (t22);

  [ghq_12$1] (t0k);
  [ghq_12$2] (t23);
  [ghq_12$3] (t24);

  ghq_1@1 ;
  ghq_2@1 ;
  ghq_3@1 ;
  ghq_4@1 ;
  ghq_5@1 ;
  ghq_6@1 ;
  ghq_7@1 ;
  ghq_8@1 ;
  ghq_9@1;
  ghq_10@1 ;
  ghq_11@1 ;
  ghq_12@1 ;



  Model tel:

  f1 BY 	 ghq_1@1
  		ghq_2 (L2)
  		ghq_3 (L3)
  		ghq_4 (L4)
  		ghq_5 (L5)
  		ghq_6 (L6)
  		ghq_7 (L7)
  		ghq_8 (L8)
  		ghq_9 (L9)
  		ghq_10 (L10)
  		ghq_11 (L11)
  		ghq_12 (L12);

  f1;

  !ITEM THRESHOLDS ALL FREE
  [ghq_1$1] (t0) ;
  [ghq_1$2] (t1);
  [ghq_1$3] (t2);

  [ghq_2$1] (t0a);
  [ghq_2$2] (t3);
  [ghq_2$3] (t4);

  [ghq_3$1] (t0b);
  [ghq_3$2] (t5);
  [ghq_3$3] (t6);

  [ghq_4$1] (t0c);
  [ghq_4$2] (t7);
  [ghq_4$3] (t8);

  [ghq_5$1] (t0d);
  [ghq_5$2] (t9);
  [ghq_5$3] (t10);

  [ghq_6$1] (t0e);
  [ghq_6$2] (t11);
  [ghq_6$3] (t12);

  [ghq_7$1] (t0f);
  [ghq_7$2] (t13);
  [ghq_7$3] (t14);

  [ghq_8$1] (t0g);
  [ghq_8$2] (t15);
  [ghq_8$3] (t16);

  [ghq_9$1] (t0h);
  [ghq_9$2] (t17);
  [ghq_9$3] (t18);

  [ghq_10$1] (t0i);
  [ghq_10$2] (t19);
  [ghq_10$3] (t20);

  [ghq_11$1] (t0j);
  [ghq_11$2] (t21);
  [ghq_11$3] (t22);

  [ghq_12$1] (t0k);
  [ghq_12$2] (t23);
  [ghq_12$3] (t24);

  ghq_1@1 ;
  ghq_2@1 ;
  ghq_3@1 ;
  ghq_4@1 ;
  ghq_5@1 ;
  ghq_6@1 ;
  ghq_7@1 ;
  ghq_8@1 ;
  ghq_9@1;
  ghq_10@1 ;
  ghq_11@1 ;
  ghq_12@1 ;


  SAVEDATA: DIFFTEST IS ghq_scalar.dat;


  OUTPUT: SAMPSTAT;
  	MODINDICES;
  	STDYX;



*** WARNING
  Data set contains cases with missing on all variables.
  These cases were not included in the analysis.
  Number of cases with missing on all variables:  265
   1 WARNING(S) FOUND IN THE INPUT INSTRUCTIONS




SUMMARY OF ANALYSIS

Number of groups                                                 3
Number of observations
   Group WEB                                                  4569
   Group TEL                                                   646
   Group FTF                                                  2089
   Total sample size                                          7304

Number of dependent variables                                   12
Number of independent variables                                  0
Number of continuous latent variables                            1

Observed dependent variables

  Binary and ordered categorical (ordinal)
   GHQ_1       GHQ_2       GHQ_3       GHQ_4       GHQ_5       GHQ_6
   GHQ_7       GHQ_8       GHQ_9       GHQ_10      GHQ_11      GHQ_12

Continuous latent variables
   F1

Variables with special functions

  Grouping variable     W8MODE
  Stratification        SAMPSTRA
  Cluster variable      SAMPPSU
  Weight variable       DESIGNWE

Estimator                                                    WLSMV
Maximum number of iterations                                100000
Convergence criterion                                    0.500D-04
Maximum number of steepest descent iterations                   20
Maximum number of iterations for H1                           2000
Convergence criterion for H1                             0.100D-03
Parameterization                                             THETA
Link                                                        PROBIT

Input data file(s)
  mplusdata.dat

Input data format  FREE


SUMMARY OF DATA

   Total number of strata                       37
   Total number of clusters                    656

   Group WEB
     Number of missing data patterns            30
     Number of strata                           37
     Number of clusters                        650

   Group TEL
     Number of missing data patterns            15
     Number of strata                           37
     Number of clusters                        407

   Group FTF
     Number of missing data patterns             9
     Number of strata                           36
     Number of clusters                        609


COVARIANCE COVERAGE OF DATA

Minimum covariance coverage value   0.100


     PROPORTION OF DATA PRESENT FOR WEB


           Covariance Coverage
              GHQ_1         GHQ_2         GHQ_3         GHQ_4         GHQ_5
              ________      ________      ________      ________      ________
 GHQ_1          0.998
 GHQ_2          0.997         0.998
 GHQ_3          0.995         0.996         0.996
 GHQ_4          0.996         0.996         0.994         0.997
 GHQ_5          0.996         0.996         0.995         0.996         0.997
 GHQ_6          0.997         0.997         0.995         0.997         0.997
 GHQ_7          0.996         0.996         0.994         0.996         0.996
 GHQ_8          0.996         0.996         0.995         0.996         0.996
 GHQ_9          0.996         0.996         0.994         0.996         0.996
 GHQ_10         0.995         0.996         0.994         0.996         0.996
 GHQ_11         0.995         0.996         0.994         0.996         0.996
 GHQ_12         0.995         0.995         0.993         0.995         0.995


           Covariance Coverage
              GHQ_6         GHQ_7         GHQ_8         GHQ_9         GHQ_10
              ________      ________      ________      ________      ________
 GHQ_6          0.998
 GHQ_7          0.997         0.997
 GHQ_8          0.997         0.997         0.997
 GHQ_9          0.997         0.996         0.996         0.997
 GHQ_10         0.996         0.996         0.996         0.996         0.997
 GHQ_11         0.996         0.996         0.996         0.996         0.996
 GHQ_12         0.996         0.996         0.995         0.995         0.995


           Covariance Coverage
              GHQ_11        GHQ_12
              ________      ________
 GHQ_11         0.997
 GHQ_12         0.996         0.996


     PROPORTION OF DATA PRESENT FOR TEL


           Covariance Coverage
              GHQ_1         GHQ_2         GHQ_3         GHQ_4         GHQ_5
              ________      ________      ________      ________      ________
 GHQ_1          0.994
 GHQ_2          0.989         0.995
 GHQ_3          0.989         0.991         0.994
 GHQ_4          0.991         0.992         0.992         0.995
 GHQ_5          0.991         0.992         0.991         0.992         0.995
 GHQ_6          0.991         0.994         0.992         0.994         0.994
 GHQ_7          0.989         0.992         0.992         0.992         0.992
 GHQ_8          0.991         0.995         0.992         0.994         0.994
 GHQ_9          0.989         0.994         0.991         0.992         0.992
 GHQ_10         0.991         0.995         0.992         0.994         0.994
 GHQ_11         0.991         0.995         0.992         0.994         0.994
 GHQ_12         0.991         0.992         0.992         0.994         0.992


           Covariance Coverage
              GHQ_6         GHQ_7         GHQ_8         GHQ_9         GHQ_10
              ________      ________      ________      ________      ________
 GHQ_6          0.997
 GHQ_7          0.994         0.995
 GHQ_8          0.995         0.994         0.997
 GHQ_9          0.994         0.992         0.995         0.995
 GHQ_10         0.995         0.994         0.997         0.995         0.997
 GHQ_11         0.995         0.994         0.997         0.995         0.997
 GHQ_12         0.994         0.992         0.994         0.992         0.994


           Covariance Coverage
              GHQ_11        GHQ_12
              ________      ________
 GHQ_11         0.997
 GHQ_12         0.994         0.995


     PROPORTION OF DATA PRESENT FOR FTF


           Covariance Coverage
              GHQ_1         GHQ_2         GHQ_3         GHQ_4         GHQ_5
              ________      ________      ________      ________      ________
 GHQ_1          0.999
 GHQ_2          0.998         0.999
 GHQ_3          0.998         0.999         0.999
 GHQ_4          0.999         0.999         0.998         1.000
 GHQ_5          0.999         0.999         0.999         0.999         1.000
 GHQ_6          0.998         0.999         0.998         0.999         0.999
 GHQ_7          0.998         0.999         0.998         0.999         0.999
 GHQ_8          0.998         0.998         0.998         0.999         0.999
 GHQ_9          0.998         0.999         0.999         0.999         0.999
 GHQ_10         0.998         0.999         0.998         0.999         0.999
 GHQ_11         0.997         0.998         0.997         0.998         0.998
 GHQ_12         0.998         0.998         0.998         0.999         0.999


           Covariance Coverage
              GHQ_6         GHQ_7         GHQ_8         GHQ_9         GHQ_10
              ________      ________      ________      ________      ________
 GHQ_6          0.999
 GHQ_7          0.999         0.999
 GHQ_8          0.998         0.999         0.999
 GHQ_9          0.999         0.999         0.998         0.999
 GHQ_10         0.999         0.999         0.998         0.999         0.999
 GHQ_11         0.998         0.998         0.997         0.998         0.998
 GHQ_12         0.998         0.999         0.998         0.998         0.998


           Covariance Coverage
              GHQ_11        GHQ_12
              ________      ________
 GHQ_11         0.998
 GHQ_12         0.998         0.999


UNIVARIATE PROPORTIONS AND COUNTS FOR CATEGORICAL VARIABLES

  Group WEB
    GHQ_1
      Category 1    0.117          533.300
      Category 2    0.680         3101.539
      Category 3    0.172          785.408
      Category 4    0.031          143.487
    GHQ_2
      Category 1    0.241         1099.186
      Category 2    0.492         2247.951
      Category 3    0.197          899.652
      Category 4    0.070          320.036
    GHQ_3
      Category 1    0.157          714.744
      Category 2    0.656         2988.150
      Category 3    0.141          642.693
      Category 4    0.047          212.449
    GHQ_4
      Category 1    0.198          903.145
      Category 2    0.704         3210.448
      Category 3    0.073          333.622
      Category 4    0.025          113.703
    GHQ_5
      Category 1    0.137          622.983
      Category 2    0.507         2315.223
      Category 3    0.265         1210.232
      Category 4    0.091          414.583
    GHQ_6
      Category 1    0.266         1215.372
      Category 2    0.536         2444.285
      Category 3    0.147          672.856
      Category 4    0.051          231.835
    GHQ_7
      Category 1    0.098          445.621
      Category 2    0.703         3207.112
      Category 3    0.156          713.630
      Category 4    0.043          196.138
    GHQ_8
      Category 1    0.124          564.966
      Category 2    0.732         3337.791
      Category 3    0.110          503.653
      Category 4    0.034          155.417
    GHQ_9
      Category 1    0.314         1431.086
      Category 2    0.414         1883.855
      Category 3    0.188          857.185
      Category 4    0.084          382.977
    GHQ_10
      Category 1    0.350         1598.547
      Category 2    0.396         1807.535
      Category 3    0.174          795.856
      Category 4    0.079          360.903
    GHQ_11
      Category 1    0.595         2716.458
      Category 2    0.259         1179.625
      Category 3    0.097          441.925
      Category 4    0.049          224.080
    GHQ_12
      Category 1    0.187          851.692
      Category 2    0.643         2932.104
      Category 3    0.126          575.816
      Category 4    0.043          197.913

  Group TEL
    GHQ_1
      Category 1    0.182          116.589
      Category 2    0.636          407.193
      Category 3    0.143           91.916
      Category 4    0.039           24.887
    GHQ_2
      Category 1    0.392          252.218
      Category 2    0.381          245.616
      Category 3    0.148           95.394
      Category 4    0.079           50.840
    GHQ_3
      Category 1    0.244          156.358
      Category 2    0.621          398.299
      Category 3    0.099           63.535
      Category 4    0.036           22.756
    GHQ_4
      Category 1    0.278          178.608
      Category 2    0.674          433.203
      Category 3    0.039           24.993
      Category 4    0.010            6.282
    GHQ_5
      Category 1    0.228          146.402
      Category 2    0.494          317.359
      Category 3    0.206          132.179
      Category 4    0.072           46.232
    GHQ_6
      Category 1    0.407          262.362
      Category 2    0.432          278.293
      Category 3    0.123           79.195
      Category 4    0.038           24.614
    GHQ_7
      Category 1    0.115           74.166
      Category 2    0.689          442.871
      Category 3    0.134           85.873
      Category 4    0.062           39.922
    GHQ_8
      Category 1    0.226          145.475
      Category 2    0.684          440.825
      Category 3    0.079           51.020
      Category 4    0.011            6.923
    GHQ_9
      Category 1    0.512          329.334
      Category 2    0.285          183.153
      Category 3    0.154           98.848
      Category 4    0.050           31.847
    GHQ_10
      Category 1    0.538          346.915
      Category 2    0.314          201.988
      Category 3    0.105           67.883
      Category 4    0.043           27.457
    GHQ_11
      Category 1    0.787          506.964
      Category 2    0.143           92.372
      Category 3    0.051           32.696
      Category 4    0.019           12.211
    GHQ_12
      Category 1    0.224          144.017
      Category 2    0.673          432.564
      Category 3    0.087           55.897
      Category 4    0.016           10.142

  Group FTF
    GHQ_1
      Category 1    0.149          310.074
      Category 2    0.665         1388.607
      Category 3    0.149          311.159
      Category 4    0.037           77.669
    GHQ_2
      Category 1    0.254          530.476
      Category 2    0.460          959.033
      Category 3    0.198          411.849
      Category 4    0.088          183.595
    GHQ_3
      Category 1    0.195          406.980
      Category 2    0.662         1380.654
      Category 3    0.104          217.015
      Category 4    0.038           79.760
    GHQ_4
      Category 1    0.259          540.178
      Category 2    0.649         1354.698
      Category 3    0.074          155.288
      Category 4    0.019           38.666
    GHQ_5
      Category 1    0.178          371.486
      Category 2    0.489         1019.449
      Category 3    0.240          500.907
      Category 4    0.093          193.929
    GHQ_6
      Category 1    0.321          669.583
      Category 2    0.469          977.258
      Category 3    0.151          315.336
      Category 4    0.059          122.606
    GHQ_7
      Category 1    0.132          275.312
      Category 2    0.665         1386.204
      Category 3    0.157          327.444
      Category 4    0.046           96.640
    GHQ_8
      Category 1    0.189          394.006
      Category 2    0.686         1430.332
      Category 3    0.098          204.050
      Category 4    0.027           57.005
    GHQ_9
      Category 1    0.368          766.396
      Category 2    0.363          756.680
      Category 3    0.172          357.929
      Category 4    0.098          203.948
    GHQ_10
      Category 1    0.440          916.392
      Category 2    0.322          671.211
      Category 3    0.165          344.504
      Category 4    0.073          152.676
    GHQ_11
      Category 1    0.663         1383.868
      Category 2    0.202          421.674
      Category 3    0.090          188.039
      Category 4    0.045           93.618
    GHQ_12
      Category 1    0.223          465.180
      Category 2    0.621         1296.493
      Category 3    0.120          251.234
      Category 4    0.036           75.260


SAMPLE STATISTICS


     ESTIMATED SAMPLE STATISTICS FOR WEB


           MEANS/INTERCEPTS/THRESHOLDS
              GHQ_1$1       GHQ_1$2       GHQ_1$3       GHQ_2$1       GHQ_2$2
              ________      ________      ________      ________      ________
               -1.191         0.829         1.860        -0.704         0.622


           MEANS/INTERCEPTS/THRESHOLDS
              GHQ_2$3       GHQ_3$1       GHQ_3$2       GHQ_3$3       GHQ_4$1
              ________      ________      ________      ________      ________
                1.475        -1.008         0.887         1.679        -0.849


           MEANS/INTERCEPTS/THRESHOLDS
              GHQ_4$2       GHQ_4$3       GHQ_5$1       GHQ_5$2       GHQ_5$3
              ________      ________      ________      ________      ________
                1.293         1.961        -1.096         0.369         1.335


           MEANS/INTERCEPTS/THRESHOLDS
              GHQ_6$1       GHQ_6$2       GHQ_6$3       GHQ_7$1       GHQ_7$2
              ________      ________      ________      ________      ________
               -0.624         0.848         1.637        -1.295         0.844


           MEANS/INTERCEPTS/THRESHOLDS
              GHQ_7$3       GHQ_8$1       GHQ_8$2       GHQ_8$3       GHQ_9$1
              ________      ________      ________      ________      ________
                1.717        -1.156         1.060         1.824        -0.484


           MEANS/INTERCEPTS/THRESHOLDS
              GHQ_9$2       GHQ_9$3       GHQ_10$1      GHQ_10$2      GHQ_10$3
              ________      ________      ________      ________      ________
                0.606         1.378        -0.384         0.663         1.411


           MEANS/INTERCEPTS/THRESHOLDS
              GHQ_11$1      GHQ_11$2      GHQ_11$3      GHQ_12$1      GHQ_12$2
              ________      ________      ________      ________      ________
                0.242         1.054         1.653        -0.889         0.955


           MEANS/INTERCEPTS/THRESHOLDS
              GHQ_12$3
              ________
                1.712


           CORRELATION MATRIX (WITH VARIANCES ON THE DIAGONAL)
              GHQ_1         GHQ_2         GHQ_3         GHQ_4         GHQ_5
              ________      ________      ________      ________      ________
 GHQ_1
 GHQ_2          0.446
 GHQ_3          0.547         0.333
 GHQ_4          0.520         0.285         0.596
 GHQ_5          0.459         0.677         0.322         0.290
 GHQ_6          0.482         0.581         0.468         0.424         0.632
 GHQ_7          0.580         0.450         0.523         0.463         0.502
 GHQ_8          0.428         0.324         0.463         0.496         0.337
 GHQ_9          0.509         0.681         0.475         0.384         0.634
 GHQ_10         0.518         0.594         0.516         0.449         0.549
 GHQ_11         0.491         0.552         0.557         0.475         0.516
 GHQ_12         0.568         0.467         0.576         0.501         0.483


           CORRELATION MATRIX (WITH VARIANCES ON THE DIAGONAL)
              GHQ_6         GHQ_7         GHQ_8         GHQ_9         GHQ_10
              ________      ________      ________      ________      ________
 GHQ_7          0.522
 GHQ_8          0.447         0.543
 GHQ_9          0.700         0.564         0.491
 GHQ_10         0.667         0.520         0.507         0.784
 GHQ_11         0.659         0.501         0.523         0.792         0.825
 GHQ_12         0.535         0.628         0.589         0.701         0.604


           CORRELATION MATRIX (WITH VARIANCES ON THE DIAGONAL)
              GHQ_11        GHQ_12
              ________      ________
 GHQ_12         0.660


     ESTIMATED SAMPLE STATISTICS FOR TEL


           MEANS/INTERCEPTS/THRESHOLDS
              GHQ_1$1       GHQ_1$2       GHQ_1$3       GHQ_2$1       GHQ_2$2
              ________      ________      ________      ________      ________
               -0.908         0.906         1.764        -0.275         0.749


           MEANS/INTERCEPTS/THRESHOLDS
              GHQ_2$3       GHQ_3$1       GHQ_3$2       GHQ_3$3       GHQ_4$1
              ________      ________      ________      ________      ________
                1.412        -0.694         1.105         1.805        -0.590


           MEANS/INTERCEPTS/THRESHOLDS
              GHQ_4$2       GHQ_4$3       GHQ_5$1       GHQ_5$2       GHQ_5$3
              ________      ________      ________      ________      ________
                1.658         2.335        -0.746         0.589         1.461


           MEANS/INTERCEPTS/THRESHOLDS
              GHQ_6$1       GHQ_6$2       GHQ_6$3       GHQ_7$1       GHQ_7$2
              ________      ________      ________      ________      ________
               -0.235         0.990         1.772        -1.198         0.857


           MEANS/INTERCEPTS/THRESHOLDS
              GHQ_7$3       GHQ_8$1       GHQ_8$2       GHQ_8$3       GHQ_9$1
              ________      ________      ________      ________      ________
                1.537        -0.753         1.341         2.299         0.030


           MEANS/INTERCEPTS/THRESHOLDS
              GHQ_9$2       GHQ_9$3       GHQ_10$1      GHQ_10$2      GHQ_10$3
              ________      ________      ________      ________      ________
                0.830         1.650         0.097         1.045         1.721


           MEANS/INTERCEPTS/THRESHOLDS
              GHQ_11$1      GHQ_11$2      GHQ_11$3      GHQ_12$1      GHQ_12$2
              ________      ________      ________      ________      ________
                0.796         1.478         2.076        -0.758         1.266


           MEANS/INTERCEPTS/THRESHOLDS
              GHQ_12$3
              ________
                2.150


           CORRELATION MATRIX (WITH VARIANCES ON THE DIAGONAL)
              GHQ_1         GHQ_2         GHQ_3         GHQ_4         GHQ_5
              ________      ________      ________      ________      ________
 GHQ_1
 GHQ_2          0.281
 GHQ_3          0.330         0.330
 GHQ_4          0.437         0.222         0.509
 GHQ_5          0.252         0.617         0.265         0.141
 GHQ_6          0.232         0.376         0.232         0.097         0.426
 GHQ_7          0.475         0.461         0.557         0.345         0.484
 GHQ_8          0.507         0.186         0.294         0.383         0.235
 GHQ_9          0.311         0.610         0.448         0.203         0.577
 GHQ_10         0.274         0.492         0.463         0.174         0.523
 GHQ_11         0.151         0.414         0.358         0.123         0.360
 GHQ_12         0.443         0.350         0.489         0.372         0.362


           CORRELATION MATRIX (WITH VARIANCES ON THE DIAGONAL)
              GHQ_6         GHQ_7         GHQ_8         GHQ_9         GHQ_10
              ________      ________      ________      ________      ________
 GHQ_7          0.270
 GHQ_8          0.162         0.463
 GHQ_9          0.517         0.637         0.283
 GHQ_10         0.516         0.442         0.236         0.732
 GHQ_11         0.602         0.281        -0.002         0.667         0.662
 GHQ_12         0.359         0.567         0.441         0.506         0.516


           CORRELATION MATRIX (WITH VARIANCES ON THE DIAGONAL)
              GHQ_11        GHQ_12
              ________      ________
 GHQ_12         0.372


     ESTIMATED SAMPLE STATISTICS FOR FTF


           MEANS/INTERCEPTS/THRESHOLDS
              GHQ_1$1       GHQ_1$2       GHQ_1$3       GHQ_2$1       GHQ_2$2
              ________      ________      ________      ________      ________
               -1.043         0.892         1.784        -0.661         0.566


           MEANS/INTERCEPTS/THRESHOLDS
              GHQ_2$3       GHQ_3$1       GHQ_3$2       GHQ_3$3       GHQ_4$1
              ________      ________      ________      ________      ________
                1.353        -0.859         1.070         1.771        -0.648


           MEANS/INTERCEPTS/THRESHOLDS
              GHQ_4$2       GHQ_4$3       GHQ_5$1       GHQ_5$2       GHQ_5$3
              ________      ________      ________      ________      ________
                1.323         2.086        -0.923         0.431         1.323


           MEANS/INTERCEPTS/THRESHOLDS
              GHQ_6$1       GHQ_6$2       GHQ_6$3       GHQ_7$1       GHQ_7$2
              ________      ________      ________      ________      ________
               -0.464         0.806         1.565        -1.117         0.830


           MEANS/INTERCEPTS/THRESHOLDS
              GHQ_7$3       GHQ_8$1       GHQ_8$2       GHQ_8$3       GHQ_9$1
              ________      ________      ________      ________      ________
                1.681        -0.882         1.149         1.921        -0.338


           MEANS/INTERCEPTS/THRESHOLDS
              GHQ_9$2       GHQ_9$3       GHQ_10$1      GHQ_10$2      GHQ_10$3
              ________      ________      ________      ________      ________
                0.614         1.294        -0.152         0.711         1.452


           MEANS/INTERCEPTS/THRESHOLDS
              GHQ_11$1      GHQ_11$2      GHQ_11$3      GHQ_12$1      GHQ_12$2
              ________      ________      ________      ________      ________
                0.421         1.103         1.697        -0.763         1.010


           MEANS/INTERCEPTS/THRESHOLDS
              GHQ_12$3
              ________
                1.799


           CORRELATION MATRIX (WITH VARIANCES ON THE DIAGONAL)
              GHQ_1         GHQ_2         GHQ_3         GHQ_4         GHQ_5
              ________      ________      ________      ________      ________
 GHQ_1
 GHQ_2          0.433
 GHQ_3          0.471         0.338
 GHQ_4          0.481         0.337         0.557
 GHQ_5          0.459         0.615         0.287         0.310
 GHQ_6          0.433         0.551         0.369         0.422         0.644
 GHQ_7          0.524         0.470         0.514         0.481         0.561
 GHQ_8          0.465         0.387         0.426         0.535         0.388
 GHQ_9          0.486         0.685         0.432         0.404         0.673
 GHQ_10         0.468         0.620         0.473         0.455         0.602
 GHQ_11         0.456         0.610         0.520         0.457         0.542
 GHQ_12         0.489         0.480         0.528         0.486         0.497


           CORRELATION MATRIX (WITH VARIANCES ON THE DIAGONAL)
              GHQ_6         GHQ_7         GHQ_8         GHQ_9         GHQ_10
              ________      ________      ________      ________      ________
 GHQ_7          0.509
 GHQ_8          0.429         0.600
 GHQ_9          0.680         0.576         0.436
 GHQ_10         0.690         0.564         0.457         0.787
 GHQ_11         0.681         0.513         0.501         0.796         0.831
 GHQ_12         0.508         0.665         0.514         0.655         0.644


           CORRELATION MATRIX (WITH VARIANCES ON THE DIAGONAL)
              GHQ_11        GHQ_12
              ________      ________
 GHQ_12         0.663


THE MODEL ESTIMATION TERMINATED NORMALLY



MODEL FIT INFORMATION

Number of Free Parameters                       51

Chi-Square Test of Model Fit

          Value                           1869.912*
          Degrees of Freedom                   255
          P-Value                           0.0000

Chi-Square Contribution From Each Group

          WEB                              902.106
          TEL                              396.833
          FTF                              570.974

Chi-Square Test for Difference Testing

          Value                            221.826*
          Degrees of Freedom                    46
          P-Value                           0.0000

*   The chi-square value for MLM, MLMV, MLR, ULSMV, WLSM and WLSMV cannot be used
    for chi-square difference testing in the regular way.  MLM, MLR and WLSM
    chi-square difference testing is described on the Mplus website.  MLMV, WLSMV,
    and ULSMV difference testing is done using the DIFFTEST option.  The DIFFTEST
    option assumes the models are nested.  The NESTED option can be used to verify
    that the models are nested.

RMSEA (Root Mean Square Error Of Approximation)

          Estimate                           0.051
          90 Percent C.I.                    0.049  0.053
          Probability RMSEA <= .05           0.220

CFI/TLI

          CFI                                0.967
          TLI                                0.974

Chi-Square Test of Model Fit for the Baseline Model

          Value                          49056.237
          Degrees of Freedom                   198
          P-Value                           0.0000

SRMR (Standardized Root Mean Square Residual)

          Value                              0.069

Optimum Function Value for Weighted Least-Squares Estimator

          Value                     0.18252968D+00



MODEL RESULTS

                                                    Two-Tailed
                    Estimate       S.E.  Est./S.E.    P-Value

Group WEB

 F1       BY
    GHQ_1              1.000      0.000    999.000    999.000
    GHQ_2              1.020      0.031     32.830      0.000
    GHQ_3              0.864      0.029     29.717      0.000
    GHQ_4              0.751      0.026     28.795      0.000
    GHQ_5              1.023      0.030     33.580      0.000
    GHQ_6              1.156      0.036     32.539      0.000
    GHQ_7              1.075      0.036     30.236      0.000
    GHQ_8              0.797      0.025     32.069      0.000
    GHQ_9              1.820      0.052     35.070      0.000
    GHQ_10             1.718      0.048     35.600      0.000
    GHQ_11             1.711      0.056     30.640      0.000
    GHQ_12             1.234      0.036     34.680      0.000

 Means
    F1                 0.000      0.000    999.000    999.000

 Thresholds
    GHQ_1$1           -1.621      0.043    -37.824      0.000
    GHQ_1$2            1.131      0.041     27.514      0.000
    GHQ_1$3            2.427      0.064     37.925      0.000
    GHQ_2$1           -0.979      0.037    -26.471      0.000
    GHQ_2$2            0.790      0.039     20.217      0.000
    GHQ_2$3            1.912      0.052     36.724      0.000
    GHQ_3$1           -1.268      0.038    -33.492      0.000
    GHQ_3$2            1.217      0.039     31.123      0.000
    GHQ_3$3            2.210      0.057     38.620      0.000
    GHQ_4$1           -0.981      0.032    -30.847      0.000
    GHQ_4$2            1.610      0.041     38.912      0.000
    GHQ_4$3            2.482      0.069     36.064      0.000
    GHQ_5$1           -1.481      0.042    -34.971      0.000
    GHQ_5$2            0.510      0.035     14.492      0.000
    GHQ_5$3            1.822      0.047     39.139      0.000
    GHQ_6$1           -0.879      0.038    -22.906      0.000
    GHQ_6$2            1.202      0.043     27.745      0.000
    GHQ_6$3            2.389      0.059     40.280      0.000
    GHQ_7$1           -1.843      0.049    -37.652      0.000
    GHQ_7$2            1.143      0.041     27.803      0.000
    GHQ_7$3            2.371      0.065     36.616      0.000
    GHQ_8$1           -1.342      0.035    -38.296      0.000
    GHQ_8$2            1.365      0.039     35.177      0.000
    GHQ_8$3            2.360      0.061     38.564      0.000
    GHQ_9$1           -0.896      0.058    -15.331      0.000
    GHQ_9$2            1.152      0.058     20.022      0.000
    GHQ_9$3            2.665      0.076     35.134      0.000
    GHQ_10$1          -0.612      0.052    -11.674      0.000
    GHQ_10$2           1.273      0.057     22.336      0.000
    GHQ_10$3           2.739      0.072     37.948      0.000
    GHQ_11$1           0.567      0.054     10.551      0.000
    GHQ_11$2           2.039      0.069     29.752      0.000
    GHQ_11$3           3.219      0.088     36.477      0.000
    GHQ_12$1          -1.387      0.044    -31.804      0.000
    GHQ_12$2           1.485      0.047     31.274      0.000
    GHQ_12$3           2.710      0.070     38.934      0.000

 Variances
    F1                 1.000      0.000    999.000    999.000

 Residual Variances
    GHQ_1              1.000      0.000    999.000    999.000
    GHQ_2              1.000      0.000    999.000    999.000
    GHQ_3              1.000      0.000    999.000    999.000
    GHQ_4              1.000      0.000    999.000    999.000
    GHQ_5              1.000      0.000    999.000    999.000
    GHQ_6              1.000      0.000    999.000    999.000
    GHQ_7              1.000      0.000    999.000    999.000
    GHQ_8              1.000      0.000    999.000    999.000
    GHQ_9              1.000      0.000    999.000    999.000
    GHQ_10             1.000      0.000    999.000    999.000
    GHQ_11             1.000      0.000    999.000    999.000
    GHQ_12             1.000      0.000    999.000    999.000

Group TEL

 F1       BY
    GHQ_1              1.000      0.000    999.000    999.000
    GHQ_2              1.020      0.031     32.830      0.000
    GHQ_3              0.864      0.029     29.717      0.000
    GHQ_4              0.751      0.026     28.795      0.000
    GHQ_5              1.023      0.030     33.580      0.000
    GHQ_6              1.156      0.036     32.539      0.000
    GHQ_7              1.075      0.036     30.236      0.000
    GHQ_8              0.797      0.025     32.069      0.000
    GHQ_9              1.820      0.052     35.070      0.000
    GHQ_10             1.718      0.048     35.600      0.000
    GHQ_11             1.711      0.056     30.640      0.000
    GHQ_12             1.234      0.036     34.680      0.000

 Means
    F1                -0.302      0.060     -5.031      0.000

 Thresholds
    GHQ_1$1           -1.621      0.043    -37.824      0.000
    GHQ_1$2            1.131      0.041     27.514      0.000
    GHQ_1$3            2.427      0.064     37.925      0.000
    GHQ_2$1           -0.979      0.037    -26.471      0.000
    GHQ_2$2            0.790      0.039     20.217      0.000
    GHQ_2$3            1.912      0.052     36.724      0.000
    GHQ_3$1           -1.268      0.038    -33.492      0.000
    GHQ_3$2            1.217      0.039     31.123      0.000
    GHQ_3$3            2.210      0.057     38.620      0.000
    GHQ_4$1           -0.981      0.032    -30.847      0.000
    GHQ_4$2            1.610      0.041     38.912      0.000
    GHQ_4$3            2.482      0.069     36.064      0.000
    GHQ_5$1           -1.481      0.042    -34.971      0.000
    GHQ_5$2            0.510      0.035     14.492      0.000
    GHQ_5$3            1.822      0.047     39.139      0.000
    GHQ_6$1           -0.879      0.038    -22.906      0.000
    GHQ_6$2            1.202      0.043     27.745      0.000
    GHQ_6$3            2.389      0.059     40.280      0.000
    GHQ_7$1           -1.843      0.049    -37.652      0.000
    GHQ_7$2            1.143      0.041     27.803      0.000
    GHQ_7$3            2.371      0.065     36.616      0.000
    GHQ_8$1           -1.342      0.035    -38.296      0.000
    GHQ_8$2            1.365      0.039     35.177      0.000
    GHQ_8$3            2.360      0.061     38.564      0.000
    GHQ_9$1           -0.896      0.058    -15.331      0.000
    GHQ_9$2            1.152      0.058     20.022      0.000
    GHQ_9$3            2.665      0.076     35.134      0.000
    GHQ_10$1          -0.612      0.052    -11.674      0.000
    GHQ_10$2           1.273      0.057     22.336      0.000
    GHQ_10$3           2.739      0.072     37.948      0.000
    GHQ_11$1           0.567      0.054     10.551      0.000
    GHQ_11$2           2.039      0.069     29.752      0.000
    GHQ_11$3           3.219      0.088     36.477      0.000
    GHQ_12$1          -1.387      0.044    -31.804      0.000
    GHQ_12$2           1.485      0.047     31.274      0.000
    GHQ_12$3           2.710      0.070     38.934      0.000

 Variances
    F1                 0.616      0.058     10.602      0.000

 Residual Variances
    GHQ_1              1.000      0.000    999.000    999.000
    GHQ_2              1.000      0.000    999.000    999.000
    GHQ_3              1.000      0.000    999.000    999.000
    GHQ_4              1.000      0.000    999.000    999.000
    GHQ_5              1.000      0.000    999.000    999.000
    GHQ_6              1.000      0.000    999.000    999.000
    GHQ_7              1.000      0.000    999.000    999.000
    GHQ_8              1.000      0.000    999.000    999.000
    GHQ_9              1.000      0.000    999.000    999.000
    GHQ_10             1.000      0.000    999.000    999.000
    GHQ_11             1.000      0.000    999.000    999.000
    GHQ_12             1.000      0.000    999.000    999.000

Group FTF

 F1       BY
    GHQ_1              1.000      0.000    999.000    999.000
    GHQ_2              1.020      0.031     32.830      0.000
    GHQ_3              0.864      0.029     29.717      0.000
    GHQ_4              0.751      0.026     28.795      0.000
    GHQ_5              1.023      0.030     33.580      0.000
    GHQ_6              1.156      0.036     32.539      0.000
    GHQ_7              1.075      0.036     30.236      0.000
    GHQ_8              0.797      0.025     32.069      0.000
    GHQ_9              1.820      0.052     35.070      0.000
    GHQ_10             1.718      0.048     35.600      0.000
    GHQ_11             1.711      0.056     30.640      0.000
    GHQ_12             1.234      0.036     34.680      0.000

 Means
    F1                -0.110      0.038     -2.915      0.004

 Thresholds
    GHQ_1$1           -1.621      0.043    -37.824      0.000
    GHQ_1$2            1.131      0.041     27.514      0.000
    GHQ_1$3            2.427      0.064     37.925      0.000
    GHQ_2$1           -0.979      0.037    -26.471      0.000
    GHQ_2$2            0.790      0.039     20.217      0.000
    GHQ_2$3            1.912      0.052     36.724      0.000
    GHQ_3$1           -1.268      0.038    -33.492      0.000
    GHQ_3$2            1.217      0.039     31.123      0.000
    GHQ_3$3            2.210      0.057     38.620      0.000
    GHQ_4$1           -0.981      0.032    -30.847      0.000
    GHQ_4$2            1.610      0.041     38.912      0.000
    GHQ_4$3            2.482      0.069     36.064      0.000
    GHQ_5$1           -1.481      0.042    -34.971      0.000
    GHQ_5$2            0.510      0.035     14.492      0.000
    GHQ_5$3            1.822      0.047     39.139      0.000
    GHQ_6$1           -0.879      0.038    -22.906      0.000
    GHQ_6$2            1.202      0.043     27.745      0.000
    GHQ_6$3            2.389      0.059     40.280      0.000
    GHQ_7$1           -1.843      0.049    -37.652      0.000
    GHQ_7$2            1.143      0.041     27.803      0.000
    GHQ_7$3            2.371      0.065     36.616      0.000
    GHQ_8$1           -1.342      0.035    -38.296      0.000
    GHQ_8$2            1.365      0.039     35.177      0.000
    GHQ_8$3            2.360      0.061     38.564      0.000
    GHQ_9$1           -0.896      0.058    -15.331      0.000
    GHQ_9$2            1.152      0.058     20.022      0.000
    GHQ_9$3            2.665      0.076     35.134      0.000
    GHQ_10$1          -0.612      0.052    -11.674      0.000
    GHQ_10$2           1.273      0.057     22.336      0.000
    GHQ_10$3           2.739      0.072     37.948      0.000
    GHQ_11$1           0.567      0.054     10.551      0.000
    GHQ_11$2           2.039      0.069     29.752      0.000
    GHQ_11$3           3.219      0.088     36.477      0.000
    GHQ_12$1          -1.387      0.044    -31.804      0.000
    GHQ_12$2           1.485      0.047     31.274      0.000
    GHQ_12$3           2.710      0.070     38.934      0.000

 Variances
    F1                 0.992      0.061     16.340      0.000

 Residual Variances
    GHQ_1              1.000      0.000    999.000    999.000
    GHQ_2              1.000      0.000    999.000    999.000
    GHQ_3              1.000      0.000    999.000    999.000
    GHQ_4              1.000      0.000    999.000    999.000
    GHQ_5              1.000      0.000    999.000    999.000
    GHQ_6              1.000      0.000    999.000    999.000
    GHQ_7              1.000      0.000    999.000    999.000
    GHQ_8              1.000      0.000    999.000    999.000
    GHQ_9              1.000      0.000    999.000    999.000
    GHQ_10             1.000      0.000    999.000    999.000
    GHQ_11             1.000      0.000    999.000    999.000
    GHQ_12             1.000      0.000    999.000    999.000


STANDARDIZED MODEL RESULTS


STDYX Standardization

                                                    Two-Tailed
                    Estimate       S.E.  Est./S.E.    P-Value

Group WEB

 F1       BY
    GHQ_1              0.707      0.000    999.000    999.000
    GHQ_2              0.714      0.011     66.960      0.000
    GHQ_3              0.654      0.013     51.883      0.000
    GHQ_4              0.601      0.013     45.049      0.000
    GHQ_5              0.715      0.010     68.708      0.000
    GHQ_6              0.756      0.010     76.006      0.000
    GHQ_7              0.732      0.011     65.196      0.000
    GHQ_8              0.623      0.012     52.449      0.000
    GHQ_9              0.876      0.006    151.265      0.000
    GHQ_10             0.864      0.006    140.706      0.000
    GHQ_11             0.863      0.007    120.290      0.000
    GHQ_12             0.777      0.009     87.486      0.000

 Means
    F1                 0.000      0.000    999.000    999.000

 Thresholds
    GHQ_1$1           -1.146      0.030    -37.824      0.000
    GHQ_1$2            0.800      0.029     27.514      0.000
    GHQ_1$3            1.716      0.045     37.925      0.000
    GHQ_2$1           -0.686      0.025    -27.146      0.000
    GHQ_2$2            0.553      0.028     20.019      0.000
    GHQ_2$3            1.339      0.037     35.783      0.000
    GHQ_3$1           -0.960      0.028    -34.623      0.000
    GHQ_3$2            0.921      0.030     30.338      0.000
    GHQ_3$3            1.673      0.045     36.927      0.000
    GHQ_4$1           -0.784      0.025    -31.504      0.000
    GHQ_4$2            1.287      0.034     38.050      0.000
    GHQ_4$3            1.985      0.057     34.739      0.000
    GHQ_5$1           -1.035      0.029    -35.908      0.000
    GHQ_5$2            0.356      0.025     14.138      0.000
    GHQ_5$3            1.274      0.035     36.057      0.000
    GHQ_6$1           -0.575      0.025    -23.022      0.000
    GHQ_6$2            0.786      0.029     27.237      0.000
    GHQ_6$3            1.563      0.040     38.759      0.000
    GHQ_7$1           -1.255      0.032    -39.334      0.000
    GHQ_7$2            0.779      0.029     26.746      0.000
    GHQ_7$3            1.615      0.047     34.484      0.000
    GHQ_8$1           -1.050      0.027    -38.560      0.000
    GHQ_8$2            1.067      0.033     32.193      0.000
    GHQ_8$3            1.846      0.052     35.658      0.000
    GHQ_9$1           -0.431      0.027    -15.973      0.000
    GHQ_9$2            0.555      0.030     18.689      0.000
    GHQ_9$3            1.283      0.041     31.244      0.000
    GHQ_10$1          -0.308      0.026    -11.765      0.000
    GHQ_10$2           0.640      0.031     20.956      0.000
    GHQ_10$3           1.378      0.040     34.217      0.000
    GHQ_11$1           0.286      0.027     10.697      0.000
    GHQ_11$2           1.029      0.035     29.277      0.000
    GHQ_11$3           1.624      0.046     35.018      0.000
    GHQ_12$1          -0.874      0.027    -31.893      0.000
    GHQ_12$2           0.935      0.031     29.765      0.000
    GHQ_12$3           1.706      0.048     35.497      0.000

 Variances
    F1                 1.000      0.000    999.000    999.000

 Residual Variances
    GHQ_1              0.500      0.000    999.000    999.000
    GHQ_2              0.490      0.015     32.205      0.000
    GHQ_3              0.573      0.016     34.779      0.000
    GHQ_4              0.639      0.016     39.904      0.000
    GHQ_5              0.489      0.015     32.841      0.000
    GHQ_6              0.428      0.015     28.448      0.000
    GHQ_7              0.464      0.016     28.193      0.000
    GHQ_8              0.611      0.015     41.265      0.000
    GHQ_9              0.232      0.010     22.828      0.000
    GHQ_10             0.253      0.011     23.829      0.000
    GHQ_11             0.255      0.012     20.556      0.000
    GHQ_12             0.396      0.014     28.728      0.000

Group TEL

 F1       BY
    GHQ_1              0.618      0.018     34.271      0.000
    GHQ_2              0.625      0.020     31.943      0.000
    GHQ_3              0.561      0.020     27.912      0.000
    GHQ_4              0.508      0.020     25.225      0.000
    GHQ_5              0.626      0.019     33.701      0.000
    GHQ_6              0.672      0.018     37.164      0.000
    GHQ_7              0.645      0.019     33.349      0.000
    GHQ_8              0.531      0.019     27.323      0.000
    GHQ_9              0.819      0.013     61.583      0.000
    GHQ_10             0.803      0.014     56.375      0.000
    GHQ_11             0.802      0.014     56.095      0.000
    GHQ_12             0.696      0.018     39.441      0.000

 Means
    F1                -0.385      0.074     -5.215      0.000

 Thresholds
    GHQ_1$1           -1.275      0.040    -31.783      0.000
    GHQ_1$2            0.890      0.034     26.334      0.000
    GHQ_1$3            1.909      0.055     34.481      0.000
    GHQ_2$1           -0.765      0.031    -24.821      0.000
    GHQ_2$2            0.616      0.032     19.542      0.000
    GHQ_2$3            1.493      0.045     33.429      0.000
    GHQ_3$1           -1.050      0.034    -30.605      0.000
    GHQ_3$2            1.007      0.034     29.523      0.000
    GHQ_3$3            1.829      0.051     35.755      0.000
    GHQ_4$1           -0.845      0.029    -29.407      0.000
    GHQ_4$2            1.387      0.036     38.087      0.000
    GHQ_4$3            2.138      0.061     35.018      0.000
    GHQ_5$1           -1.154      0.037    -31.318      0.000
    GHQ_5$2            0.398      0.028     14.101      0.000
    GHQ_5$3            1.420      0.043     32.987      0.000
    GHQ_6$1           -0.651      0.030    -21.563      0.000
    GHQ_6$2            0.890      0.035     25.533      0.000
    GHQ_6$3            1.769      0.052     33.761      0.000
    GHQ_7$1           -1.408      0.045    -31.311      0.000
    GHQ_7$2            0.874      0.034     25.703      0.000
    GHQ_7$3            1.812      0.056     32.154      0.000
    GHQ_8$1           -1.138      0.033    -34.329      0.000
    GHQ_8$2            1.157      0.036     32.320      0.000
    GHQ_8$3            2.001      0.056     35.806      0.000
    GHQ_9$1           -0.514      0.035    -14.489      0.000
    GHQ_9$2            0.660      0.038     17.391      0.000
    GHQ_9$3            1.528      0.060     25.490      0.000
    GHQ_10$1          -0.365      0.032    -11.223      0.000
    GHQ_10$2           0.758      0.040     19.175      0.000
    GHQ_10$3           1.631      0.061     26.919      0.000
    GHQ_11$1           0.338      0.033     10.333      0.000
    GHQ_11$2           1.218      0.051     24.101      0.000
    GHQ_11$3           1.922      0.072     26.748      0.000
    GHQ_12$1          -0.997      0.038    -26.323      0.000
    GHQ_12$2           1.067      0.039     27.301      0.000
    GHQ_12$3           1.946      0.062     31.514      0.000

 Variances
    F1                 1.000      0.000    999.000    999.000

 Residual Variances
    GHQ_1              0.619      0.022     27.802      0.000
    GHQ_2              0.609      0.024     24.927      0.000
    GHQ_3              0.685      0.023     30.358      0.000
    GHQ_4              0.742      0.020     36.253      0.000
    GHQ_5              0.608      0.023     26.136      0.000
    GHQ_6              0.548      0.024     22.570      0.000
    GHQ_7              0.584      0.025     23.399      0.000
    GHQ_8              0.719      0.021     34.878      0.000
    GHQ_9              0.329      0.022     15.079      0.000
    GHQ_10             0.355      0.023     15.490      0.000
    GHQ_11             0.357      0.023     15.553      0.000
    GHQ_12             0.516      0.025     21.013      0.000

Group FTF

 F1       BY
    GHQ_1              0.706      0.011     65.096      0.000
    GHQ_2              0.713      0.012     57.562      0.000
    GHQ_3              0.652      0.014     46.715      0.000
    GHQ_4              0.599      0.015     39.188      0.000
    GHQ_5              0.714      0.012     59.377      0.000
    GHQ_6              0.755      0.012     65.445      0.000
    GHQ_7              0.731      0.012     62.236      0.000
    GHQ_8              0.622      0.014     45.858      0.000
    GHQ_9              0.876      0.006    135.131      0.000
    GHQ_10             0.863      0.007    119.574      0.000
    GHQ_11             0.862      0.008    103.432      0.000
    GHQ_12             0.776      0.010     75.382      0.000

 Means
    F1                -0.111      0.039     -2.874      0.004

 Thresholds
    GHQ_1$1           -1.148      0.033    -35.294      0.000
    GHQ_1$2            0.801      0.029     27.243      0.000
    GHQ_1$3            1.720      0.047     36.643      0.000
    GHQ_2$1           -0.687      0.027    -25.359      0.000
    GHQ_2$2            0.554      0.028     19.997      0.000
    GHQ_2$3            1.342      0.040     33.852      0.000
    GHQ_3$1           -0.961      0.030    -31.740      0.000
    GHQ_3$2            0.923      0.030     30.721      0.000
    GHQ_3$3            1.676      0.046     36.755      0.000
    GHQ_4$1           -0.785      0.026    -30.393      0.000
    GHQ_4$2            1.289      0.034     37.945      0.000
    GHQ_4$3            1.987      0.057     34.587      0.000
    GHQ_5$1           -1.037      0.032    -32.736      0.000
    GHQ_5$2            0.357      0.025     14.258      0.000
    GHQ_5$3            1.276      0.036     35.342      0.000
    GHQ_6$1           -0.577      0.026    -21.873      0.000
    GHQ_6$2            0.788      0.029     27.548      0.000
    GHQ_6$3            1.567      0.041     38.208      0.000
    GHQ_7$1           -1.258      0.035    -35.787      0.000
    GHQ_7$2            0.780      0.029     27.175      0.000
    GHQ_7$3            1.618      0.048     33.541      0.000
    GHQ_8$1           -1.051      0.029    -36.125      0.000
    GHQ_8$2            1.069      0.033     32.109      0.000
    GHQ_8$3            1.849      0.052     35.443      0.000
    GHQ_9$1           -0.433      0.029    -15.030      0.000
    GHQ_9$2            0.556      0.029     18.965      0.000
    GHQ_9$3            1.287      0.041     31.440      0.000
    GHQ_10$1          -0.309      0.027    -11.292      0.000
    GHQ_10$2           0.642      0.030     21.366      0.000
    GHQ_10$3           1.382      0.043     32.505      0.000
    GHQ_11$1           0.287      0.026     10.874      0.000
    GHQ_11$2           1.032      0.035     29.266      0.000
    GHQ_11$3           1.629      0.049     33.003      0.000
    GHQ_12$1          -0.876      0.030    -29.121      0.000
    GHQ_12$2           0.937      0.032     29.748      0.000
    GHQ_12$3           1.710      0.050     34.366      0.000

 Variances
    F1                 1.000      0.000    999.000    999.000

 Residual Variances
    GHQ_1              0.502      0.015     32.814      0.000
    GHQ_2              0.492      0.018     27.912      0.000
    GHQ_3              0.575      0.018     31.571      0.000
    GHQ_4              0.641      0.018     34.997      0.000
    GHQ_5              0.491      0.017     28.613      0.000
    GHQ_6              0.430      0.017     24.696      0.000
    GHQ_7              0.466      0.017     27.134      0.000
    GHQ_8              0.613      0.017     36.374      0.000
    GHQ_9              0.233      0.011     20.560      0.000
    GHQ_10             0.255      0.012     20.416      0.000
    GHQ_11             0.256      0.014     17.820      0.000
    GHQ_12             0.398      0.016     24.956      0.000


R-SQUARE

Group WEB

    Observed                                        Two-Tailed     Scale
    Variable        Estimate       S.E.  Est./S.E.    P-Value     Factors

    GHQ_1              0.500      0.000    999.000    999.000      0.707
    GHQ_2              0.510      0.015     33.480      0.000      0.700
    GHQ_3              0.427      0.016     25.941      0.000      0.757
    GHQ_4              0.361      0.016     22.524      0.000      0.799
    GHQ_5              0.511      0.015     34.354      0.000      0.699
    GHQ_6              0.572      0.015     38.003      0.000      0.654
    GHQ_7              0.536      0.016     32.598      0.000      0.681
    GHQ_8              0.389      0.015     26.225      0.000      0.782
    GHQ_9              0.768      0.010     75.633      0.000      0.482
    GHQ_10             0.747      0.011     70.353      0.000      0.503
    GHQ_11             0.745      0.012     60.145      0.000      0.505
    GHQ_12             0.604      0.014     43.743      0.000      0.630

Group TEL

    Observed                                        Two-Tailed     Scale
    Variable        Estimate       S.E.  Est./S.E.    P-Value     Factors

    GHQ_1              0.381      0.022     17.136      0.000      0.787
    GHQ_2              0.391      0.024     15.971      0.000      0.781
    GHQ_3              0.315      0.023     13.956      0.000      0.828
    GHQ_4              0.258      0.020     12.613      0.000      0.861
    GHQ_5              0.392      0.023     16.850      0.000      0.780
    GHQ_6              0.452      0.024     18.582      0.000      0.741
    GHQ_7              0.416      0.025     16.674      0.000      0.764
    GHQ_8              0.281      0.021     13.662      0.000      0.848
    GHQ_9              0.671      0.022     30.792      0.000      0.573
    GHQ_10             0.645      0.023     28.187      0.000      0.596
    GHQ_11             0.643      0.023     28.047      0.000      0.597
    GHQ_12             0.484      0.025     19.720      0.000      0.718

Group FTF

    Observed                                        Two-Tailed     Scale
    Variable        Estimate       S.E.  Est./S.E.    P-Value     Factors

    GHQ_1              0.498      0.015     32.548      0.000      0.709
    GHQ_2              0.508      0.018     28.781      0.000      0.702
    GHQ_3              0.425      0.018     23.358      0.000      0.758
    GHQ_4              0.359      0.018     19.594      0.000      0.801
    GHQ_5              0.509      0.017     29.689      0.000      0.701
    GHQ_6              0.570      0.017     32.723      0.000      0.656
    GHQ_7              0.534      0.017     31.118      0.000      0.682
    GHQ_8              0.387      0.017     22.929      0.000      0.783
    GHQ_9              0.767      0.011     67.565      0.000      0.483
    GHQ_10             0.745      0.012     59.787      0.000      0.505
    GHQ_11             0.744      0.014     51.716      0.000      0.506
    GHQ_12             0.602      0.016     37.691      0.000      0.631


QUALITY OF NUMERICAL RESULTS

     Condition Number for the Information Matrix              0.112E-01
       (ratio of smallest to largest eigenvalue)


MODEL MODIFICATION INDICES

NOTE:  Modification indices for direct effects of observed dependent variables
regressed on covariates and residual covariances among observed dependent
variables may not be included.  To include these, request MODINDICES (ALL).

Minimum M.I. value for printing the modification index    10.000

                                   M.I.     E.P.C.  Std E.P.C.  StdYX E.P.C.
Group WEB


BY Statements

F1       BY GHQ_1                 11.585    -0.090     -0.090       -0.064
F1       BY GHQ_7                 11.328    -0.073     -0.073       -0.050

ON/BY Statements

F1       ON F1       /
F1       BY F1                    32.644    -0.100     -0.100       -0.100

WITH Statements

GHQ_3    WITH GHQ_1               15.329     0.165      0.165        0.165
GHQ_3    WITH GHQ_2               18.561    -0.262     -0.262       -0.262
GHQ_4    WITH GHQ_1               15.112     0.174      0.174        0.174
GHQ_4    WITH GHQ_2               24.058    -0.267     -0.267       -0.267
GHQ_4    WITH GHQ_3               93.113     0.360      0.360        0.360
GHQ_5    WITH GHQ_2              106.056     0.382      0.382        0.382
GHQ_5    WITH GHQ_3               27.435    -0.287     -0.287       -0.287
GHQ_5    WITH GHQ_4               29.070    -0.263     -0.263       -0.263
GHQ_6    WITH GHQ_5               28.636     0.222      0.222        0.222
GHQ_8    WITH GHQ_2               17.658    -0.230     -0.230       -0.230
GHQ_8    WITH GHQ_4               30.873     0.206      0.206        0.206
GHQ_8    WITH GHQ_5               17.522    -0.208     -0.208       -0.208
GHQ_8    WITH GHQ_7               13.087     0.172      0.172        0.172
GHQ_9    WITH GHQ_1               17.795    -0.328     -0.328       -0.328
GHQ_9    WITH GHQ_3               13.283    -0.283     -0.283       -0.283
GHQ_9    WITH GHQ_4               26.404    -0.389     -0.389       -0.389
GHQ_9    WITH GHQ_7               10.989    -0.254     -0.254       -0.254
GHQ_10   WITH GHQ_1               13.857    -0.266     -0.266       -0.266
GHQ_10   WITH GHQ_7               19.148    -0.348     -0.348       -0.348
GHQ_11   WITH GHQ_1               16.420    -0.339     -0.339       -0.339
GHQ_11   WITH GHQ_5               14.278    -0.302     -0.302       -0.302
GHQ_11   WITH GHQ_7               22.917    -0.403     -0.403       -0.403
GHQ_11   WITH GHQ_10              42.344     0.369      0.369        0.369
GHQ_12   WITH GHQ_2               11.051    -0.210     -0.210       -0.210
GHQ_12   WITH GHQ_3               11.488     0.155      0.155        0.155
GHQ_12   WITH GHQ_8               28.934     0.230      0.230        0.230
GHQ_12   WITH GHQ_10              11.967    -0.232     -0.232       -0.232

Variances/Residual Variances

F1                                32.644    -0.200     -0.200       -0.200

Group TEL


No modification indices above the minimum value.

Group FTF


BY Statements

F1       BY GHQ_1                 21.952    -0.133     -0.133       -0.094

WITH Statements

GHQ_4    WITH GHQ_3               26.012     0.189      0.189        0.189
GHQ_5    WITH GHQ_2               10.292     0.118      0.118        0.118
GHQ_5    WITH GHQ_3               12.583    -0.193     -0.193       -0.193
GHQ_6    WITH GHQ_5               12.247     0.144      0.144        0.144
GHQ_8    WITH GHQ_4               23.002     0.177      0.177        0.177
GHQ_8    WITH GHQ_7               31.769     0.267      0.267        0.267
GHQ_9    WITH GHQ_1               13.768    -0.289     -0.289       -0.289
GHQ_9    WITH GHQ_3               11.652    -0.264     -0.264       -0.264
GHQ_9    WITH GHQ_4               10.511    -0.244     -0.244       -0.244
GHQ_10   WITH GHQ_1               12.507    -0.253     -0.253       -0.253
GHQ_11   WITH GHQ_1               10.503    -0.271     -0.271       -0.271
GHQ_11   WITH GHQ_7               10.451    -0.270     -0.270       -0.270
GHQ_11   WITH GHQ_10              25.113     0.283      0.283        0.283
GHQ_12   WITH GHQ_7               29.825     0.282      0.282        0.282

Variances/Residual Variances

GHQ_1                             23.240     0.264      0.264        0.133



SAVEDATA INFORMATION


  Difference testing

  Save file
    ghq_scalar.dat
  Save format      Free

DIAGRAM INFORMATION

  Use View Diagram under the Diagram menu in the Mplus Editor to view the diagram.
  If running Mplus from the Mplus Diagrammer, the diagram opens automatically.

  Diagram output
    c:\users\lenovo305\dropbox\models to run by joe\ucl scalar\ghq_scalar.dgm

     Beginning Time:  15:16:06
        Ending Time:  15:16:08
       Elapsed Time:  00:00:02



MUTHEN & MUTHEN
3463 Stoner Ave.
Los Angeles, CA  90066

Tel: (310) 391-9971
Fax: (310) 391-8971
Web: www.StatModel.com
Support: Support@StatModel.com

Copyright (c) 1998-2019 Muthen & Muthen
