Mplus VERSION 8.3
MUTHEN & MUTHEN
08/23/2019   2:44 PM

INPUT INSTRUCTIONS

  TITLE: Your title goes here

  DATA: FILE = data.dta;

  VARIABLE:

  NAMES = audit1 bully0a bully0b bully0c bully0d bully0e bully0f bully0g adult0a
       adult0b adult0c leisa0a leisa0b leisa0c leisa0d leisa0e leisa0f leisb0a leisb0b
       leisb0c leisb0d samppsu sampstratum mode locus0a locus0b locus0c locus0d
       ghq12_1 ghq12_2 ghq12_3 ghq12_4 ghq12_5 ghq12_6 ghq12_7 ghq12_8 ghq12_9
       ghq12_10 ghq12_11 ghq12_12 audit2 audit3 designweight_combin;

  MISSING=.;
  USEVARIABLES ARE leisb0a
  leisb0b
  leisb0c
  leisb0d;
  CATEGORICAL ARE leisb0a
  leisb0b
  leisb0c
  leisb0d;
  GROUPING IS mode (1=Web 2=Tel 3=Ftf);
  WEIGHT IS designweight_combin;

                  STRATIFICATION IS sampstratum;

                  CLUSTER IS samppsu;

  ANALYSIS: TYPE IS COMPLEX;

                  ESTIMATOR = WLSMV;

                  ITERATIONS = 100000;

                  PARAMETERIZATION = THETA;

  Model:


  f1 BY leisb0a@1
  leisb0b (L2_Web)
  leisb0c (L3_Web)
  leisb0d (L4_Web)
  ;


  [leisb0a$1] (t_leisb0a_1);
  [leisb0a$2] (t_leisb0a_2);
  [leisb0a$3] (t_leisb0a_3);

  [leisb0b$1] (t_leisb0b_1);
  [leisb0b$2] (t_leisb0b_2_Web);
  [leisb0b$3] (t_leisb0b_3_Web);

  [leisb0c$1] (t_leisb0c_1);
  [leisb0c$2] (t_leisb0c_2_Web);
  [leisb0c$3] (t_leisb0c_3_Web);

  [leisb0d$1] (t_leisb0d_1);
  [leisb0d$2] (t_leisb0d_2_Web);
  [leisb0d$3] (t_leisb0d_3_Web);
  leisb0a@1;
  leisb0b@1;
  leisb0c@1;
  leisb0d@1;

  Model Tel:

  f1 BY leisb0a@1
  leisb0b (L2_Tel)
  leisb0c (L3_Tel)
  leisb0d (L4_Tel)
  ;


  [leisb0a$1] (t_leisb0a_1);
  [leisb0a$2] (t_leisb0a_2);
  [leisb0a$3] (t_leisb0a_3);

  [leisb0b$1] (t_leisb0b_1);
  [leisb0b$2] (t_leisb0b_2_Tel);
  [leisb0b$3] (t_leisb0b_3_Tel);

  [leisb0c$1] (t_leisb0c_1);
  [leisb0c$2] (t_leisb0c_2_Tel);
  [leisb0c$3] (t_leisb0c_3_Tel);

  [leisb0d$1] (t_leisb0d_1);
  [leisb0d$2] (t_leisb0d_2_Tel);
  [leisb0d$3] (t_leisb0d_3_Tel);
  leisb0a@1;
  leisb0b@1;
  leisb0c@1;
  leisb0d@1;

  Model Ftf:

  f1 BY leisb0a@1
  leisb0b (L2_Ftf)
  leisb0c (L3_Ftf)
  leisb0d (L4_Ftf)
  ;


  [leisb0a$1] (t_leisb0a_1);
  [leisb0a$2] (t_leisb0a_2);
  [leisb0a$3] (t_leisb0a_3);

  [leisb0b$1] (t_leisb0b_1);
  [leisb0b$2] (t_leisb0b_2_Ftf);
  [leisb0b$3] (t_leisb0b_3_Ftf);

  [leisb0c$1] (t_leisb0c_1);
  [leisb0c$2] (t_leisb0c_2_Ftf);
  [leisb0c$3] (t_leisb0c_3_Ftf);

  [leisb0d$1] (t_leisb0d_1);
  [leisb0d$2] (t_leisb0d_2_Ftf);
  [leisb0d$3] (t_leisb0d_3_Ftf);
  leisb0a@1;
  leisb0b@1;
  leisb0c@1;
  leisb0d@1;
  SAVEDATA: DIFFTEST IS leisb0a_configural.dat;
  OUTPUT: SAMPSTAT;

  MODINDICES;

  STD;

  Plot: type = plot3;




*** WARNING
  Data set contains cases with missing on all variables.
  These cases were not included in the analysis.
  Number of cases with missing on all variables:  201
   1 WARNING(S) FOUND IN THE INPUT INSTRUCTIONS



Your title goes here

SUMMARY OF ANALYSIS

Number of groups                                                 3
Number of observations
   Group WEB                                                  4560
   Group TEL                                                   647
   Group FTF                                                  2161
   Total sample size                                          7368

Number of dependent variables                                    4
Number of independent variables                                  0
Number of continuous latent variables                            1

Observed dependent variables

  Binary and ordered categorical (ordinal)
   LEISB0A     LEISB0B     LEISB0C     LEISB0D

Continuous latent variables
   F1

Variables with special functions

  Grouping variable     MODE
  Stratification        SAMPSTRA
  Cluster variable      SAMPPSU
  Weight variable       DESIGNWE

Estimator                                                    WLSMV
Maximum number of iterations                                100000
Convergence criterion                                    0.500D-04
Maximum number of steepest descent iterations                   20
Maximum number of iterations for H1                           2000
Convergence criterion for H1                             0.100D-03
Parameterization                                             THETA
Link                                                        PROBIT

Input data file(s)
  data.dta

Input data format  FREE


SUMMARY OF DATA

   Total number of strata                       37
   Total number of clusters                    656

   Group WEB
     Number of missing data patterns             6
     Number of strata                           37
     Number of clusters                        650

   Group TEL
     Number of missing data patterns             2
     Number of strata                           37
     Number of clusters                        407

   Group FTF
     Number of missing data patterns             2
     Number of strata                           36
     Number of clusters                        618


COVARIANCE COVERAGE OF DATA

Minimum covariance coverage value   0.100


     PROPORTION OF DATA PRESENT FOR WEB


           Covariance Coverage
              LEISB0A       LEISB0B       LEISB0C       LEISB0D
              ________      ________      ________      ________
 LEISB0A        1.000
 LEISB0B        0.999         1.000
 LEISB0C        1.000         0.999         1.000
 LEISB0D        0.999         0.999         0.999         0.999


     PROPORTION OF DATA PRESENT FOR TEL


           Covariance Coverage
              LEISB0A       LEISB0B       LEISB0C       LEISB0D
              ________      ________      ________      ________
 LEISB0A        1.000
 LEISB0B        0.998         0.998
 LEISB0C        1.000         0.998         1.000
 LEISB0D        1.000         0.998         1.000         1.000


     PROPORTION OF DATA PRESENT FOR FTF


           Covariance Coverage
              LEISB0A       LEISB0B       LEISB0C       LEISB0D
              ________      ________      ________      ________
 LEISB0A        1.000
 LEISB0B        1.000         1.000
 LEISB0C        1.000         1.000         1.000
 LEISB0D        1.000         1.000         1.000         1.000


UNIVARIATE PROPORTIONS AND COUNTS FOR CATEGORICAL VARIABLES

  Group WEB
    LEISB0A
      Category 1    0.041          187.885
      Category 2    0.055          248.624
      Category 3    0.187          854.175
      Category 4    0.717         3268.878
    LEISB0B
      Category 1    0.055          249.860
      Category 2    0.098          444.823
      Category 3    0.261         1191.078
      Category 4    0.586         2673.092
    LEISB0C
      Category 1    0.029          130.420
      Category 2    0.239         1089.816
      Category 3    0.456         2077.234
      Category 4    0.277         1261.585
    LEISB0D
      Category 1    0.005           21.274
      Category 2    0.015           70.063
      Category 3    0.134          612.754
      Category 4    0.845         3852.193

  Group TEL
    LEISB0A
      Category 1    0.042           26.877
      Category 2    0.053           34.359
      Category 3    0.124           80.048
      Category 4    0.782          505.716
    LEISB0B
      Category 1    0.127           81.619
      Category 2    0.135           86.821
      Category 3    0.214          137.611
      Category 4    0.525          338.252
    LEISB0C
      Category 1    0.038           24.580
      Category 2    0.337          217.994
      Category 3    0.371          239.945
      Category 4    0.254          164.481
    LEISB0D
      Category 1    0.008            5.217
      Category 2    0.016           10.029
      Category 3    0.118           76.427
      Category 4    0.858          555.328

  Group FTF
    LEISB0A
      Category 1    0.038           82.388
      Category 2    0.035           75.862
      Category 3    0.096          207.789
      Category 4    0.831         1794.961
    LEISB0B
      Category 1    0.072          155.703
      Category 2    0.127          275.023
      Category 3    0.160          345.302
      Category 4    0.641         1384.434
    LEISB0C
      Category 1    0.038           81.821
      Category 2    0.236          510.748
      Category 3    0.345          745.481
      Category 4    0.381          822.411
    LEISB0D
      Category 1    0.003            7.465
      Category 2    0.010           21.438
      Category 3    0.073          157.353
      Category 4    0.914         1974.206


SAMPLE STATISTICS


     ESTIMATED SAMPLE STATISTICS FOR WEB


           MEANS/INTERCEPTS/THRESHOLDS
              LEISB0A$      LEISB0A$      LEISB0A$      LEISB0B$      LEISB0B$
              ________      ________      ________      ________      ________
               -1.737        -1.306        -0.574        -1.600        -1.026


           MEANS/INTERCEPTS/THRESHOLDS
              LEISB0B$      LEISB0C$      LEISB0C$      LEISB0C$      LEISB0D$
              ________      ________      ________      ________      ________
               -0.218        -1.902        -0.620         0.593        -2.599


           MEANS/INTERCEPTS/THRESHOLDS
              LEISB0D$      LEISB0D$
              ________      ________
               -2.053        -1.017


           CORRELATION MATRIX (WITH VARIANCES ON THE DIAGONAL)
              LEISB0A       LEISB0B       LEISB0C       LEISB0D
              ________      ________      ________      ________
 LEISB0A
 LEISB0B        0.700
 LEISB0C        0.378         0.426
 LEISB0D        0.634         0.529         0.397


     ESTIMATED SAMPLE STATISTICS FOR TEL


           MEANS/INTERCEPTS/THRESHOLDS
              LEISB0A$      LEISB0A$      LEISB0A$      LEISB0B$      LEISB0B$
              ________      ________      ________      ________      ________
               -1.733        -1.313        -0.778        -1.142        -0.639


           MEANS/INTERCEPTS/THRESHOLDS
              LEISB0B$      LEISB0C$      LEISB0C$      LEISB0C$      LEISB0D$
              ________      ________      ________      ________      ________
               -0.063        -1.774        -0.319         0.661        -2.406


           MEANS/INTERCEPTS/THRESHOLDS
              LEISB0D$      LEISB0D$
              ________      ________
               -1.985        -1.073


           CORRELATION MATRIX (WITH VARIANCES ON THE DIAGONAL)
              LEISB0A       LEISB0B       LEISB0C       LEISB0D
              ________      ________      ________      ________
 LEISB0A
 LEISB0B        0.571
 LEISB0C        0.413         0.233
 LEISB0D        0.448         0.325         0.210


     ESTIMATED SAMPLE STATISTICS FOR FTF


           MEANS/INTERCEPTS/THRESHOLDS
              LEISB0A$      LEISB0A$      LEISB0A$      LEISB0B$      LEISB0B$
              ________      ________      ________      ________      ________
               -1.773        -1.452        -0.957        -1.461        -0.844


           MEANS/INTERCEPTS/THRESHOLDS
              LEISB0B$      LEISB0C$      LEISB0C$      LEISB0C$      LEISB0D$
              ________      ________      ________      ________      ________
               -0.361        -1.776        -0.600         0.304        -2.701


           MEANS/INTERCEPTS/THRESHOLDS
              LEISB0D$      LEISB0D$
              ________      ________
               -2.215        -1.364


           CORRELATION MATRIX (WITH VARIANCES ON THE DIAGONAL)
              LEISB0A       LEISB0B       LEISB0C       LEISB0D
              ________      ________      ________      ________
 LEISB0A
 LEISB0B        0.649
 LEISB0C        0.374         0.361
 LEISB0D        0.583         0.390         0.395


THE MODEL ESTIMATION TERMINATED NORMALLY



MODEL FIT INFORMATION

Number of Free Parameters                       38

Chi-Square Test of Model Fit

          Value                            105.851*
          Degrees of Freedom                    16
          P-Value                           0.0000

Chi-Square Contribution From Each Group

          WEB                               47.724
          TEL                               20.056
          FTF                               38.070

*   The chi-square value for MLM, MLMV, MLR, ULSMV, WLSM and WLSMV cannot be used
    for chi-square difference testing in the regular way.  MLM, MLR and WLSM
    chi-square difference testing is described on the Mplus website.  MLMV, WLSMV,
    and ULSMV difference testing is done using the DIFFTEST option.

RMSEA (Root Mean Square Error Of Approximation)

          Estimate                           0.048
          90 Percent C.I.                    0.039  0.057
          Probability RMSEA <= .05           0.643

CFI/TLI

          CFI                                0.977
          TLI                                0.974

Chi-Square Test of Model Fit for the Baseline Model

          Value                           3864.879
          Degrees of Freedom                    18
          P-Value                           0.0000

SRMR (Standardized Root Mean Square Residual)

          Value                              0.029

Optimum Function Value for Weighted Least-Squares Estimator

          Value                     0.52884943D-02



MODEL RESULTS

                                                    Two-Tailed
                    Estimate       S.E.  Est./S.E.    P-Value

Group WEB

 F1       BY
    LEISB0A            1.000      0.000    999.000    999.000
    LEISB0B            0.663      0.071      9.375      0.000
    LEISB0C            0.308      0.033      9.460      0.000
    LEISB0D            0.547      0.060      9.095      0.000

 Means
    F1                 0.000      0.000    999.000    999.000

 Thresholds
    LEISB0A$1         -3.407      0.192    -17.769      0.000
    LEISB0A$2         -2.652      0.164    -16.125      0.000
    LEISB0A$3         -1.433      0.115    -12.493      0.000
    LEISB0B$1         -2.392      0.082    -29.141      0.000
    LEISB0B$2         -1.613      0.066    -24.462      0.000
    LEISB0B$3         -0.343      0.051     -6.734      0.000
    LEISB0C$1         -2.078      0.055    -37.570      0.000
    LEISB0C$2         -0.712      0.036    -19.534      0.000
    LEISB0C$3          0.680      0.037     18.379      0.000
    LEISB0D$1         -3.470      0.133    -26.126      0.000
    LEISB0D$2         -2.904      0.108    -26.864      0.000
    LEISB0D$3         -1.439      0.067    -21.594      0.000

 Variances
    F1                 3.349      0.531      6.307      0.000

 Residual Variances
    LEISB0A            1.000      0.000    999.000    999.000
    LEISB0B            1.000      0.000    999.000    999.000
    LEISB0C            1.000      0.000    999.000    999.000
    LEISB0D            1.000      0.000    999.000    999.000

Group TEL

 F1       BY
    LEISB0A            1.000      0.000    999.000    999.000
    LEISB0B            0.959      0.119      8.055      0.000
    LEISB0C            0.346      0.050      6.901      0.000
    LEISB0D            0.521      0.106      4.937      0.000

 Means
    F1                -0.404      0.150     -2.698      0.007

 Thresholds
    LEISB0A$1         -3.407      0.192    -17.769      0.000
    LEISB0A$2         -2.652      0.164    -16.125      0.000
    LEISB0A$3         -1.433      0.115    -12.493      0.000
    LEISB0B$1         -2.392      0.082    -29.141      0.000
    LEISB0B$2         -1.413      0.124    -11.425      0.000
    LEISB0B$3         -0.488      0.129     -3.779      0.000
    LEISB0C$1         -2.078      0.055    -37.570      0.000
    LEISB0C$2         -0.490      0.087     -5.638      0.000
    LEISB0C$3          0.586      0.097      6.030      0.000
    LEISB0D$1         -3.470      0.133    -26.126      0.000
    LEISB0D$2         -2.610      0.163    -16.030      0.000
    LEISB0D$3         -1.508      0.160     -9.437      0.000

 Variances
    F1                 1.701      0.386      4.405      0.000

 Residual Variances
    LEISB0A            1.000      0.000    999.000    999.000
    LEISB0B            1.000      0.000    999.000    999.000
    LEISB0C            1.000      0.000    999.000    999.000
    LEISB0D            1.000      0.000    999.000    999.000

Group FTF

 F1       BY
    LEISB0A            1.000      0.000    999.000    999.000
    LEISB0B            0.795      0.091      8.697      0.000
    LEISB0C            0.346      0.038      9.131      0.000
    LEISB0D            0.522      0.068      7.666      0.000

 Means
    F1                 0.164      0.128      1.278      0.201

 Thresholds
    LEISB0A$1         -3.407      0.192    -17.769      0.000
    LEISB0A$2         -2.652      0.164    -16.125      0.000
    LEISB0A$3         -1.433      0.115    -12.493      0.000
    LEISB0B$1         -2.392      0.082    -29.141      0.000
    LEISB0B$2         -1.248      0.090    -13.785      0.000
    LEISB0B$3         -0.458      0.088     -5.200      0.000
    LEISB0C$1         -2.078      0.055    -37.570      0.000
    LEISB0C$2         -0.631      0.052    -12.030      0.000
    LEISB0C$3          0.405      0.055      7.384      0.000
    LEISB0D$1         -3.470      0.133    -26.126      0.000
    LEISB0D$2         -2.815      0.133    -21.224      0.000
    LEISB0D$3         -1.702      0.095    -17.943      0.000

 Variances
    F1                 2.632      0.457      5.760      0.000

 Residual Variances
    LEISB0A            1.000      0.000    999.000    999.000
    LEISB0B            1.000      0.000    999.000    999.000
    LEISB0C            1.000      0.000    999.000    999.000
    LEISB0D            1.000      0.000    999.000    999.000


STANDARDIZED MODEL RESULTS


STD Standardization

                                                    Two-Tailed
                    Estimate       S.E.  Est./S.E.    P-Value

Group WEB

 F1       BY
    LEISB0A            1.830      0.145     12.614      0.000
    LEISB0B            1.213      0.070     17.344      0.000
    LEISB0C            0.563      0.038     14.665      0.000
    LEISB0D            1.001      0.069     14.425      0.000

 Means
    F1                 0.000      0.000    999.000    999.000

 Thresholds
    LEISB0A$1         -3.407      0.192    -17.769      0.000
    LEISB0A$2         -2.652      0.164    -16.125      0.000
    LEISB0A$3         -1.433      0.115    -12.493      0.000
    LEISB0B$1         -2.392      0.082    -29.141      0.000
    LEISB0B$2         -1.613      0.066    -24.462      0.000
    LEISB0B$3         -0.343      0.051     -6.734      0.000
    LEISB0C$1         -2.078      0.055    -37.570      0.000
    LEISB0C$2         -0.712      0.036    -19.534      0.000
    LEISB0C$3          0.680      0.037     18.379      0.000
    LEISB0D$1         -3.470      0.133    -26.126      0.000
    LEISB0D$2         -2.904      0.108    -26.864      0.000
    LEISB0D$3         -1.439      0.067    -21.594      0.000

 Variances
    F1                 1.000      0.000    999.000    999.000

 Residual Variances
    LEISB0A            1.000      0.000    999.000    999.000
    LEISB0B            1.000      0.000    999.000    999.000
    LEISB0C            1.000      0.000    999.000    999.000
    LEISB0D            1.000      0.000    999.000    999.000

Group TEL

 F1       BY
    LEISB0A            1.304      0.148      8.810      0.000
    LEISB0B            1.251      0.137      9.115      0.000
    LEISB0C            0.451      0.063      7.212      0.000
    LEISB0D            0.680      0.110      6.171      0.000

 Means
    F1                -0.310      0.124     -2.503      0.012

 Thresholds
    LEISB0A$1         -3.407      0.192    -17.769      0.000
    LEISB0A$2         -2.652      0.164    -16.125      0.000
    LEISB0A$3         -1.433      0.115    -12.493      0.000
    LEISB0B$1         -2.392      0.082    -29.141      0.000
    LEISB0B$2         -1.413      0.124    -11.425      0.000
    LEISB0B$3         -0.488      0.129     -3.779      0.000
    LEISB0C$1         -2.078      0.055    -37.570      0.000
    LEISB0C$2         -0.490      0.087     -5.638      0.000
    LEISB0C$3          0.586      0.097      6.030      0.000
    LEISB0D$1         -3.470      0.133    -26.126      0.000
    LEISB0D$2         -2.610      0.163    -16.030      0.000
    LEISB0D$3         -1.508      0.160     -9.437      0.000

 Variances
    F1                 1.000      0.000    999.000    999.000

 Residual Variances
    LEISB0A            1.000      0.000    999.000    999.000
    LEISB0B            1.000      0.000    999.000    999.000
    LEISB0C            1.000      0.000    999.000    999.000
    LEISB0D            1.000      0.000    999.000    999.000

Group FTF

 F1       BY
    LEISB0A            1.622      0.141     11.520      0.000
    LEISB0B            1.290      0.100     12.870      0.000
    LEISB0C            0.561      0.043     13.105      0.000
    LEISB0D            0.846      0.082     10.295      0.000

 Means
    F1                 0.101      0.076      1.328      0.184

 Thresholds
    LEISB0A$1         -3.407      0.192    -17.769      0.000
    LEISB0A$2         -2.652      0.164    -16.125      0.000
    LEISB0A$3         -1.433      0.115    -12.493      0.000
    LEISB0B$1         -2.392      0.082    -29.141      0.000
    LEISB0B$2         -1.248      0.090    -13.785      0.000
    LEISB0B$3         -0.458      0.088     -5.200      0.000
    LEISB0C$1         -2.078      0.055    -37.570      0.000
    LEISB0C$2         -0.631      0.052    -12.030      0.000
    LEISB0C$3          0.405      0.055      7.384      0.000
    LEISB0D$1         -3.470      0.133    -26.126      0.000
    LEISB0D$2         -2.815      0.133    -21.224      0.000
    LEISB0D$3         -1.702      0.095    -17.943      0.000

 Variances
    F1                 1.000      0.000    999.000    999.000

 Residual Variances
    LEISB0A            1.000      0.000    999.000    999.000
    LEISB0B            1.000      0.000    999.000    999.000
    LEISB0C            1.000      0.000    999.000    999.000
    LEISB0D            1.000      0.000    999.000    999.000


R-SQUARE

Group WEB

    Observed                                        Two-Tailed     Scale
    Variable        Estimate       S.E.  Est./S.E.    P-Value     Factors

    LEISB0A            0.770      0.028     27.428      0.000      0.480
    LEISB0B            0.595      0.028     21.430      0.000      0.636
    LEISB0C            0.241      0.025      9.659      0.000      0.871
    LEISB0D            0.500      0.035     14.433      0.000      0.707

Group TEL

    Observed                                        Two-Tailed     Scale
    Variable        Estimate       S.E.  Est./S.E.    P-Value     Factors

    LEISB0A            0.630      0.053     11.899      0.000      0.608
    LEISB0B            0.610      0.052     11.690      0.000      0.624
    LEISB0C            0.169      0.039      4.339      0.000      0.912
    LEISB0D            0.316      0.070      4.513      0.000      0.827

Group FTF

    Observed                                        Two-Tailed     Scale
    Variable        Estimate       S.E.  Est./S.E.    P-Value     Factors

    LEISB0A            0.725      0.035     20.919      0.000      0.525
    LEISB0B            0.625      0.036     17.148      0.000      0.613
    LEISB0C            0.239      0.028      8.614      0.000      0.872
    LEISB0D            0.417      0.047      8.835      0.000      0.763


QUALITY OF NUMERICAL RESULTS

     Condition Number for the Information Matrix              0.388E-03
       (ratio of smallest to largest eigenvalue)


MODEL MODIFICATION INDICES

NOTE:  Modification indices for direct effects of observed dependent variables
regressed on covariates and residual covariances among observed dependent
variables may not be included.  To include these, request MODINDICES (ALL).

Minimum M.I. value for printing the modification index    10.000

                                   M.I.     E.P.C.  Std E.P.C.  StdYX E.P.C.
Group WEB


WITH Statements

LEISB0C  WITH LEISB0B             11.317     0.169      0.169        0.169

Variances/Residual Variances

LEISB0B                           23.318    -0.727     -0.727       -0.294

Means/Intercepts/Thresholds

[ LEISB0A  ]                      47.015    -1.301     -1.301       -0.624
[ LEISB0B  ]                      23.016     0.864      0.864        0.549
[ F1       ]                      19.705    -3.416     -1.867       -1.867
[ LEISB0A$ ]                      11.781    -0.436     -0.436       -0.209
[ LEISB0A$ ]                      44.062     0.146      0.146        0.070
[ LEISB0B$ ]                      23.318    -0.332     -0.332       -0.211

Group TEL


No modification indices above the minimum value.

Group FTF


ON/BY Statements

F1       ON F1       /
F1       BY F1                   999.000     0.000      0.000        0.000

Variances/Residual Variances

LEISB0B                           11.490     0.504      0.504        0.189

Means/Intercepts/Thresholds

[ LEISB0A  ]                      23.431     0.919      0.919        0.482
[ LEISB0B  ]                      11.340    -0.599     -0.599       -0.367
[ LEISB0A$ ]                      19.886    -0.326     -0.326       -0.171
[ LEISB0B$ ]                      11.422     0.457      0.457        0.280



SAMPLE STATISTICS FOR ESTIMATED FACTOR SCORES


     SAMPLE STATISTICS


           Means
              F1            F1_SE
              ________      ________
               -0.244         0.980


           Covariances
              F1            F1_SE
              ________      ________
 F1             1.743
 F1_SE          0.284         0.058


           Correlations
              F1            F1_SE
              ________      ________
 F1             1.000
 F1_SE          0.894         1.000


PLOT INFORMATION

The following plots are available:

  Histograms (sample values, estimated factor scores, estimated values, residuals)
  Scatterplots (sample values, estimated factor scores, estimated values, residuals)
  Sample proportions and estimated probabilities
  Item characteristic curves
  Information curves
  Measurement parameter plots
  Latent variable distribution plots

SAVEDATA INFORMATION


  Difference testing

  Save file
    leisb0a_configural.dat
  Save format      Free

     Beginning Time:  14:44:47
        Ending Time:  14:44:48
       Elapsed Time:  00:00:01



MUTHEN & MUTHEN
3463 Stoner Ave.
Los Angeles, CA  90066

Tel: (310) 391-9971
Fax: (310) 391-8971
Web: www.StatModel.com
Support: Support@StatModel.com

Copyright (c) 1998-2019 Muthen & Muthen
