Mplus VERSION 8.6
MUTHEN & MUTHEN
07/01/2021   7:30 AM

INPUT INSTRUCTIONS

  TITLE: Your title goes here

  DATA: FILE = data.dta;

  VARIABLE:

  NAMES = audit1 bully0a bully0b bully0c bully0d bully0e bully0f bully0g adult0a
       adult0b adult0c leisa0a leisa0b leisa0c leisa0d leisa0e leisa0f leisb0a leisb0b
       leisb0c leisb0d designweight samppsu sampstratum mode locus0a locus0b locus0c
       locus0d ghq_1 ghq_2 ghq_3 ghq_4 ghq_5 ghq_6 ghq_7 ghq_8 ghq_9 ghq_10 ghq_11
       ghq_12 audit2 audit3 designweight_combin;

  MISSING=.;
  USEVARIABLES ARE adult0a
  adult0b
  adult0c;
  CATEGORICAL ARE adult0a
  adult0b
  adult0c;
  GROUPING IS mode (1=Web 2=Tel 3=Ftf);
  WEIGHT IS designweight_combin;

                  STRATIFICATION IS sampstratum;

                  CLUSTER IS samppsu;

  ANALYSIS: TYPE IS COMPLEX;

                  ESTIMATOR = WLSMV;

                  ITERATIONS = 100000;

                  PARAMETERIZATION = THETA;

  Model:


  f1 BY adult0a@1
  adult0b (L2_Web)
  adult0c (L3_Web)
  ;


  [adult0a$1] (t_adult0a_1);
  [adult0a$2] (t_adult0a_2);
  [adult0a$3] (t_adult0a_3);

  [adult0b$1] (t_adult0b_1);
  [adult0b$2] (t_adult0b_2_Web);
  [adult0b$3] (t_adult0b_3_Web);

  [adult0c$1] (t_adult0c_1);
  [adult0c$2] (t_adult0c_2_Web);
  [adult0c$3] (t_adult0c_3_Web);
  adult0a@1;
  adult0b@1;
  adult0c@1;

  Model Tel:

  f1 BY adult0a@1
  adult0b (L2_Tel)
  adult0c (L3_Tel)
  ;


  [adult0a$1] (t_adult0a_1);
  [adult0a$2] (t_adult0a_2);
  [adult0a$3] (t_adult0a_3);

  [adult0b$1] (t_adult0b_1);
  [adult0b$2] (t_adult0b_2_Tel);
  [adult0b$3] (t_adult0b_3_Tel);

  [adult0c$1] (t_adult0c_1);
  [adult0c$2] (t_adult0c_2_Tel);
  [adult0c$3] (t_adult0c_3_Tel);
  adult0a@1;
  adult0b@1;
  adult0c@1;

  Model Ftf:

  f1 BY adult0a@1
  adult0b (L2_Ftf)
  adult0c (L3_Ftf)
  ;


  [adult0a$1] (t_adult0a_1);
  [adult0a$2] (t_adult0a_2);
  [adult0a$3] (t_adult0a_3);

  [adult0b$1] (t_adult0b_1);
  [adult0b$2] (t_adult0b_2_Ftf);
  [adult0b$3] (t_adult0b_3_Ftf);

  [adult0c$1] (t_adult0c_1);
  [adult0c$2] (t_adult0c_2_Ftf);
  [adult0c$3] (t_adult0c_3_Ftf);
  adult0a@1;
  adult0b@1;
  adult0c@1;
  SAVEDATA: DIFFTEST IS adult0a_configural.dat;
  OUTPUT: SAMPSTAT;

  MODINDICES;

  STD;

  Plot: type = plot3;




*** WARNING
  Data set contains cases with missing on all variables.
  These cases were not included in the analysis.
  Number of cases with missing on all variables:  193
   1 WARNING(S) FOUND IN THE INPUT INSTRUCTIONS



Your title goes here

SUMMARY OF ANALYSIS

Number of groups                                                 3
Number of observations
   Group WEB                                                  4567
   Group TEL                                                   648
   Group FTF                                                  2161
   Total sample size                                          7376

Number of dependent variables                                    3
Number of independent variables                                  0
Number of continuous latent variables                            1

Observed dependent variables

  Binary and ordered categorical (ordinal)
   ADULT0A     ADULT0B     ADULT0C

Continuous latent variables
   F1

Variables with special functions

  Grouping variable     MODE
  Stratification        SAMPSTRA
  Cluster variable      SAMPPSU
  Weight variable       DESIGNWE

Estimator                                                    WLSMV
Maximum number of iterations                                100000
Convergence criterion                                    0.500D-04
Maximum number of steepest descent iterations                   20
Maximum number of iterations for H1                           2000
Convergence criterion for H1                             0.100D-03
Parameterization                                             THETA
Link                                                        PROBIT

Input data file(s)
  data.dta

Input data format  FREE


SUMMARY OF DATA

   Total number of strata                       37
   Total number of clusters                    656

   Group WEB
     Number of missing data patterns             5
     Number of strata                           37
     Number of clusters                        650

   Group TEL
     Number of missing data patterns             2
     Number of strata                           37
     Number of clusters                        407

   Group FTF
     Number of missing data patterns             1
     Number of strata                           36
     Number of clusters                        618


COVARIANCE COVERAGE OF DATA

Minimum covariance coverage value   0.100


     PROPORTION OF DATA PRESENT FOR WEB


           Covariance Coverage
              ADULT0A       ADULT0B       ADULT0C
              ________      ________      ________
 ADULT0A        1.000
 ADULT0B        0.999         0.999
 ADULT0C        0.999         0.999         0.999


     PROPORTION OF DATA PRESENT FOR TEL


           Covariance Coverage
              ADULT0A       ADULT0B       ADULT0C
              ________      ________      ________
 ADULT0A        1.000
 ADULT0B        0.998         0.998
 ADULT0C        1.000         0.998         1.000


     PROPORTION OF DATA PRESENT FOR FTF


           Covariance Coverage
              ADULT0A       ADULT0B       ADULT0C
              ________      ________      ________
 ADULT0A        1.000
 ADULT0B        1.000         1.000
 ADULT0C        1.000         1.000         1.000


UNIVARIATE PROPORTIONS AND COUNTS FOR CATEGORICAL VARIABLES

  Group WEB
    ADULT0A
      Category 1    0.011           50.590
      Category 2    0.122          555.359
      Category 3    0.295         1346.581
      Category 4    0.572         2614.310
    ADULT0B
      Category 1    0.047          216.634
      Category 2    0.191          870.900
      Category 3    0.427         1947.634
      Category 4    0.335         1529.283
    ADULT0C
      Category 1    0.075          342.270
      Category 2    0.226         1030.278
      Category 3    0.399         1819.263
      Category 4    0.299         1363.881

  Group TEL
    ADULT0A
      Category 1    0.004            2.493
      Category 2    0.076           49.312
      Category 3    0.278          180.112
      Category 4    0.642          416.083
    ADULT0B
      Category 1    0.029           18.608
      Category 2    0.180          116.753
      Category 3    0.486          314.707
      Category 4    0.305          197.525
    ADULT0C
      Category 1    0.027           17.588
      Category 2    0.230          148.755
      Category 3    0.374          242.242
      Category 4    0.369          239.414

  Group FTF
    ADULT0A
      Category 1    0.014           29.387
      Category 2    0.109          236.312
      Category 3    0.268          579.658
      Category 4    0.609         1315.642
    ADULT0B
      Category 1    0.025           54.477
      Category 2    0.152          328.938
      Category 3    0.393          848.584
      Category 4    0.430          929.001
    ADULT0C
      Category 1    0.039           85.356
      Category 2    0.221          477.313
      Category 3    0.361          779.159
      Category 4    0.379          819.172


SAMPLE STATISTICS


     ESTIMATED SAMPLE STATISTICS FOR WEB


           MEANS/INTERCEPTS/THRESHOLDS
              ADULT0A$      ADULT0A$      ADULT0A$      ADULT0B$      ADULT0B$
              ________      ________      ________      ________      ________
               -2.288        -1.114        -0.183        -1.670        -0.712


           MEANS/INTERCEPTS/THRESHOLDS
              ADULT0B$      ADULT0C$      ADULT0C$      ADULT0C$
              ________      ________      ________      ________
                0.426        -1.439        -0.521         0.526


           CORRELATION MATRIX (WITH VARIANCES ON THE DIAGONAL)
              ADULT0A       ADULT0B       ADULT0C
              ________      ________      ________
 ADULT0A
 ADULT0B        0.672
 ADULT0C        0.743         0.583


     ESTIMATED SAMPLE STATISTICS FOR TEL


           MEANS/INTERCEPTS/THRESHOLDS
              ADULT0A$      ADULT0A$      ADULT0A$      ADULT0B$      ADULT0B$
              ________      ________      ________      ________      ________
               -2.665        -1.405        -0.364        -1.900        -0.810


           MEANS/INTERCEPTS/THRESHOLDS
              ADULT0B$      ADULT0C$      ADULT0C$      ADULT0C$
              ________      ________      ________      ________
                0.510        -1.925        -0.654         0.333


           CORRELATION MATRIX (WITH VARIANCES ON THE DIAGONAL)
              ADULT0A       ADULT0B       ADULT0C
              ________      ________      ________
 ADULT0A
 ADULT0B        0.391
 ADULT0C        0.513         0.355


     ESTIMATED SAMPLE STATISTICS FOR FTF


           MEANS/INTERCEPTS/THRESHOLDS
              ADULT0A$      ADULT0A$      ADULT0A$      ADULT0B$      ADULT0B$
              ________      ________      ________      ________      ________
               -2.209        -1.160        -0.276        -1.956        -0.925


           MEANS/INTERCEPTS/THRESHOLDS
              ADULT0B$      ADULT0C$      ADULT0C$      ADULT0C$
              ________      ________      ________      ________
                0.177        -1.757        -0.642         0.308


           CORRELATION MATRIX (WITH VARIANCES ON THE DIAGONAL)
              ADULT0A       ADULT0B       ADULT0C
              ________      ________      ________
 ADULT0A
 ADULT0B        0.643
 ADULT0C        0.663         0.561


THE MODEL ESTIMATION TERMINATED NORMALLY



MODEL FIT INFORMATION

Number of Free Parameters                       28

Chi-Square Test of Model Fit

          Value                             24.584*
          Degrees of Freedom                     8
          P-Value                           0.0018

Chi-Square Contribution From Each Group

          WEB                                3.694
          TEL                               10.995
          FTF                                9.895

*   The chi-square value for MLM, MLMV, MLR, ULSMV, WLSM and WLSMV cannot be used
    for chi-square difference testing in the regular way.  MLM, MLR and WLSM
    chi-square difference testing is described on the Mplus website.  MLMV, WLSMV,
    and ULSMV difference testing is done using the DIFFTEST option.

RMSEA (Root Mean Square Error Of Approximation)

          Estimate                           0.029
          90 Percent C.I.                    0.016  0.042
          Probability RMSEA <= .05           0.996

CFI/TLI

          CFI                                0.998
          TLI                                0.998

Chi-Square Test of Model Fit for the Baseline Model

          Value                           9915.952
          Degrees of Freedom                     9
          P-Value                           0.0000

SRMR (Standardized Root Mean Square Residual)

          Value                              0.010

Optimum Function Value for Weighted Least-Squares Estimator

          Value                     0.10841538D-02



MODEL RESULTS

                                                    Two-Tailed
                    Estimate       S.E.  Est./S.E.    P-Value

Group WEB

 F1       BY
    ADULT0A            1.000      0.000    999.000    999.000
    ADULT0B            0.520      0.041     12.766      0.000
    ADULT0C            0.674      0.055     12.251      0.000

 Means
    F1                 0.000      0.000    999.000    999.000

 Thresholds
    ADULT0A$1         -5.215      0.267    -19.539      0.000
    ADULT0A$2         -2.577      0.140    -18.470      0.000
    ADULT0A$3         -0.427      0.073     -5.820      0.000
    ADULT0B$1         -2.504      0.065    -38.348      0.000
    ADULT0B$2         -1.051      0.050    -20.861      0.000
    ADULT0B$3          0.629      0.045     13.995      0.000
    ADULT0C$1         -2.481      0.065    -37.996      0.000
    ADULT0C$2         -0.900      0.055    -16.422      0.000
    ADULT0C$3          0.909      0.056     16.293      0.000

 Variances
    F1                 4.368      0.532      8.214      0.000

 Residual Variances
    ADULT0A            1.000      0.000    999.000    999.000
    ADULT0B            1.000      0.000    999.000    999.000
    ADULT0C            1.000      0.000    999.000    999.000

Group TEL

 F1       BY
    ADULT0A            1.000      0.000    999.000    999.000
    ADULT0B            0.398      0.071      5.626      0.000
    ADULT0C            0.490      0.073      6.731      0.000

 Means
    F1                 0.124      0.158      0.786      0.432

 Thresholds
    ADULT0A$1         -5.215      0.267    -19.539      0.000
    ADULT0A$2         -2.577      0.140    -18.470      0.000
    ADULT0A$3         -0.427      0.073     -5.820      0.000
    ADULT0B$1         -2.504      0.065    -38.348      0.000
    ADULT0B$2         -0.919      0.112     -8.210      0.000
    ADULT0B$3          0.658      0.093      7.108      0.000
    ADULT0C$1         -2.481      0.065    -37.996      0.000
    ADULT0C$2         -0.778      0.108     -7.178      0.000
    ADULT0C$3          0.489      0.092      5.330      0.000

 Variances
    F1                 2.694      0.541      4.975      0.000

 Residual Variances
    ADULT0A            1.000      0.000    999.000    999.000
    ADULT0B            1.000      0.000    999.000    999.000
    ADULT0C            1.000      0.000    999.000    999.000

Group FTF

 F1       BY
    ADULT0A            1.000      0.000    999.000    999.000
    ADULT0B            0.438      0.037     11.770      0.000
    ADULT0C            0.496      0.042     11.949      0.000

 Means
    F1                 0.312      0.117      2.663      0.008

 Thresholds
    ADULT0A$1         -5.215      0.267    -19.539      0.000
    ADULT0A$2         -2.577      0.140    -18.470      0.000
    ADULT0A$3         -0.427      0.073     -5.820      0.000
    ADULT0B$1         -2.504      0.065    -38.348      0.000
    ADULT0B$2         -1.170      0.061    -19.101      0.000
    ADULT0B$3          0.387      0.052      7.425      0.000
    ADULT0C$1         -2.481      0.065    -37.996      0.000
    ADULT0C$2         -0.814      0.062    -13.108      0.000
    ADULT0C$3          0.619      0.060     10.364      0.000

 Variances
    F1                 5.180      0.729      7.106      0.000

 Residual Variances
    ADULT0A            1.000      0.000    999.000    999.000
    ADULT0B            1.000      0.000    999.000    999.000
    ADULT0C            1.000      0.000    999.000    999.000


QUALITY OF NUMERICAL RESULTS

     Condition Number for the Information Matrix              0.426E-03
       (ratio of smallest to largest eigenvalue)


STANDARDIZED MODEL RESULTS


STD Standardization

                                                    Two-Tailed
                    Estimate       S.E.  Est./S.E.    P-Value

Group WEB

 F1       BY
    ADULT0A            2.090      0.127     16.428      0.000
    ADULT0B            1.087      0.045     24.130      0.000
    ADULT0C            1.409      0.056     25.251      0.000

 Means
    F1                 0.000      0.000    999.000    999.000

 Thresholds
    ADULT0A$1         -5.215      0.267    -19.539      0.000
    ADULT0A$2         -2.577      0.140    -18.470      0.000
    ADULT0A$3         -0.427      0.073     -5.820      0.000
    ADULT0B$1         -2.504      0.065    -38.348      0.000
    ADULT0B$2         -1.051      0.050    -20.861      0.000
    ADULT0B$3          0.629      0.045     13.995      0.000
    ADULT0C$1         -2.481      0.065    -37.996      0.000
    ADULT0C$2         -0.900      0.055    -16.422      0.000
    ADULT0C$3          0.909      0.056     16.293      0.000

 Variances
    F1                 1.000      0.000    999.000    999.000

 Residual Variances
    ADULT0A            1.000      0.000    999.000    999.000
    ADULT0B            1.000      0.000    999.000    999.000
    ADULT0C            1.000      0.000    999.000    999.000

Group TEL

 F1       BY
    ADULT0A            1.641      0.165      9.951      0.000
    ADULT0B            0.653      0.090      7.241      0.000
    ADULT0C            0.805      0.086      9.364      0.000

 Means
    F1                 0.076      0.093      0.816      0.415

 Thresholds
    ADULT0A$1         -5.215      0.267    -19.539      0.000
    ADULT0A$2         -2.577      0.140    -18.470      0.000
    ADULT0A$3         -0.427      0.073     -5.820      0.000
    ADULT0B$1         -2.504      0.065    -38.348      0.000
    ADULT0B$2         -0.919      0.112     -8.210      0.000
    ADULT0B$3          0.658      0.093      7.108      0.000
    ADULT0C$1         -2.481      0.065    -37.996      0.000
    ADULT0C$2         -0.778      0.108     -7.178      0.000
    ADULT0C$3          0.489      0.092      5.330      0.000

 Variances
    F1                 1.000      0.000    999.000    999.000

 Residual Variances
    ADULT0A            1.000      0.000    999.000    999.000
    ADULT0B            1.000      0.000    999.000    999.000
    ADULT0C            1.000      0.000    999.000    999.000

Group FTF

 F1       BY
    ADULT0A            2.276      0.160     14.212      0.000
    ADULT0B            0.997      0.049     20.338      0.000
    ADULT0C            1.130      0.056     20.159      0.000

 Means
    F1                 0.137      0.048      2.837      0.005

 Thresholds
    ADULT0A$1         -5.215      0.267    -19.539      0.000
    ADULT0A$2         -2.577      0.140    -18.470      0.000
    ADULT0A$3         -0.427      0.073     -5.820      0.000
    ADULT0B$1         -2.504      0.065    -38.348      0.000
    ADULT0B$2         -1.170      0.061    -19.101      0.000
    ADULT0B$3          0.387      0.052      7.425      0.000
    ADULT0C$1         -2.481      0.065    -37.996      0.000
    ADULT0C$2         -0.814      0.062    -13.108      0.000
    ADULT0C$3          0.619      0.060     10.364      0.000

 Variances
    F1                 1.000      0.000    999.000    999.000

 Residual Variances
    ADULT0A            1.000      0.000    999.000    999.000
    ADULT0B            1.000      0.000    999.000    999.000
    ADULT0C            1.000      0.000    999.000    999.000


R-SQUARE

Group WEB

    Observed                                        Two-Tailed     Scale
    Variable        Estimate       S.E.  Est./S.E.    P-Value     Factors

    ADULT0A            0.814      0.018     44.091      0.000      0.432
    ADULT0B            0.542      0.021     26.322      0.000      0.677
    ADULT0C            0.665      0.018     37.688      0.000      0.579

Group TEL

    Observed                                        Two-Tailed     Scale
    Variable        Estimate       S.E.  Est./S.E.    P-Value     Factors

    ADULT0A            0.729      0.040     18.378      0.000      0.520
    ADULT0B            0.299      0.058      5.166      0.000      0.837
    ADULT0C            0.393      0.051      7.714      0.000      0.779

Group FTF

    Observed                                        Two-Tailed     Scale
    Variable        Estimate       S.E.  Est./S.E.    P-Value     Factors

    ADULT0A            0.838      0.019     43.917      0.000      0.402
    ADULT0B            0.499      0.025     20.287      0.000      0.708
    ADULT0C            0.561      0.024     22.948      0.000      0.663


MODEL MODIFICATION INDICES

NOTE:  Modification indices for direct effects of observed dependent variables
regressed on covariates and residual covariances among observed dependent
variables may not be included.  To include these, request MODINDICES (ALL).

Minimum M.I. value for printing the modification index    10.000

                                   M.I.     E.P.C.  Std E.P.C.  StdYX E.P.C.
Group WEB


No modification indices above the minimum value.

Group TEL


No modification indices above the minimum value.

Group FTF


No modification indices above the minimum value.



SAMPLE STATISTICS FOR ESTIMATED FACTOR SCORES


     SAMPLE STATISTICS


           Means
              F1            F1_SE
              ________      ________
               -0.027         1.007


           Covariances
              F1            F1_SE
              ________      ________
 F1             3.136
 F1_SE          0.312         0.050


           Correlations
              F1            F1_SE
              ________      ________
 F1             1.000
 F1_SE          0.789         1.000


PLOT INFORMATION

The following plots are available:

  Histograms (sample values, estimated factor scores, estimated values, residuals)
  Scatterplots (sample values, estimated factor scores, estimated values, residuals)
  Sample proportions and estimated probabilities
  Item characteristic curves
  Information curves
  Measurement parameter plots
  Latent variable distribution plots

SAVEDATA INFORMATION


  Difference testing

  Save file
    adult0a_configural.dat
  Save format      Free

     Beginning Time:  07:30:14
        Ending Time:  07:30:14
       Elapsed Time:  00:00:00



MUTHEN & MUTHEN
3463 Stoner Ave.
Los Angeles, CA  90066

Tel: (310) 391-9971
Fax: (310) 391-8971
Web: www.StatModel.com
Support: Support@StatModel.com

Copyright (c) 1998-2021 Muthen & Muthen
