Mplus VERSION 8.6
MUTHEN & MUTHEN
07/01/2021   7:30 AM

INPUT INSTRUCTIONS

  TITLE: Your title goes here

  DATA: FILE = data.dta;

  VARIABLE:

  NAMES = audit1 bully0a bully0b bully0c bully0d bully0e bully0f bully0g adult0a
       adult0b adult0c leisa0a leisa0b leisa0c leisa0d leisa0e leisa0f leisb0a leisb0b
       leisb0c leisb0d designweight samppsu sampstratum mode locus0a locus0b locus0c
       locus0d ghq_1 ghq_2 ghq_3 ghq_4 ghq_5 ghq_6 ghq_7 ghq_8 ghq_9 ghq_10 ghq_11
       ghq_12 audit2 audit3 designweight_combin;

  MISSING=.;
  USEVARIABLES ARE locus0a
  locus0b
  locus0c
  locus0d;
  CATEGORICAL ARE locus0a
  locus0b
  locus0c
  locus0d;
  GROUPING IS mode (1=Web 2=Tel 3=Ftf);
  WEIGHT IS designweight_combin;

                  STRATIFICATION IS sampstratum;

                  CLUSTER IS samppsu;

  ANALYSIS: TYPE IS COMPLEX;

                  ESTIMATOR = WLSMV;

                  ITERATIONS = 100000;

                  PARAMETERIZATION = THETA;

  DIFFTEST = locus0a_configural.dat;
  Model:


  f1 BY locus0a@1
  locus0b (L2)
  locus0c (L3)
  locus0d (L4)
  ;


  [locus0a$1] (t_locus0a_1);
  [locus0a$2] (t_locus0a_2);
  [locus0a$3] (t_locus0a_3);

  [locus0b$1] (t_locus0b_1);
  [locus0b$2] (t_locus0b_2_Web);
  [locus0b$3] (t_locus0b_3_Web);

  [locus0c$1] (t_locus0c_1);
  [locus0c$2] (t_locus0c_2_Web);
  [locus0c$3] (t_locus0c_3_Web);

  [locus0d$1] (t_locus0d_1);
  [locus0d$2] (t_locus0d_2_Web);
  [locus0d$3] (t_locus0d_3_Web);
  locus0a@1;
  locus0b@1;
  locus0c@1;
  locus0d@1;

  Model Tel:

  f1 BY locus0a@1
  locus0b (L2)
  locus0c (L3)
  locus0d (L4)
  ;


  [locus0a$1] (t_locus0a_1);
  [locus0a$2] (t_locus0a_2);
  [locus0a$3] (t_locus0a_3);

  [locus0b$1] (t_locus0b_1);
  [locus0b$2] (t_locus0b_2_Tel);
  [locus0b$3] (t_locus0b_3_Tel);

  [locus0c$1] (t_locus0c_1);
  [locus0c$2] (t_locus0c_2_Tel);
  [locus0c$3] (t_locus0c_3_Tel);

  [locus0d$1] (t_locus0d_1);
  [locus0d$2] (t_locus0d_2_Tel);
  [locus0d$3] (t_locus0d_3_Tel);
  locus0a@1;
  locus0b@1;
  locus0c@1;
  locus0d@1;

  Model Ftf:

  f1 BY locus0a@1
  locus0b (L2)
  locus0c (L3)
  locus0d (L4)
  ;


  [locus0a$1] (t_locus0a_1);
  [locus0a$2] (t_locus0a_2);
  [locus0a$3] (t_locus0a_3);

  [locus0b$1] (t_locus0b_1);
  [locus0b$2] (t_locus0b_2_Ftf);
  [locus0b$3] (t_locus0b_3_Ftf);

  [locus0c$1] (t_locus0c_1);
  [locus0c$2] (t_locus0c_2_Ftf);
  [locus0c$3] (t_locus0c_3_Ftf);

  [locus0d$1] (t_locus0d_1);
  [locus0d$2] (t_locus0d_2_Ftf);
  [locus0d$3] (t_locus0d_3_Ftf);
  locus0a@1;
  locus0b@1;
  locus0c@1;
  locus0d@1;
  SAVEDATA: DIFFTEST IS locus0a_metric.dat;
  OUTPUT: SAMPSTAT;

  MODINDICES;

  STD;

  Plot: type = plot3;




*** WARNING
  Data set contains cases with missing on all variables.
  These cases were not included in the analysis.
  Number of cases with missing on all variables:  274
   1 WARNING(S) FOUND IN THE INPUT INSTRUCTIONS



Your title goes here

SUMMARY OF ANALYSIS

Number of groups                                                 3
Number of observations
   Group WEB                                                  4560
   Group TEL                                                   646
   Group FTF                                                  2089
   Total sample size                                          7295

Number of dependent variables                                    4
Number of independent variables                                  0
Number of continuous latent variables                            1

Observed dependent variables

  Binary and ordered categorical (ordinal)
   LOCUS0A     LOCUS0B     LOCUS0C     LOCUS0D

Continuous latent variables
   F1

Variables with special functions

  Grouping variable     MODE
  Stratification        SAMPSTRA
  Cluster variable      SAMPPSU
  Weight variable       DESIGNWE

Estimator                                                    WLSMV
Maximum number of iterations                                100000
Convergence criterion                                    0.500D-04
Maximum number of steepest descent iterations                   20
Maximum number of iterations for H1                           2000
Convergence criterion for H1                             0.100D-03
Parameterization                                             THETA
Link                                                        PROBIT

Input data file(s)
  data.dta

Input data format  FREE


SUMMARY OF DATA

   Total number of strata                       37
   Total number of clusters                    656

   Group WEB
     Number of missing data patterns             6
     Number of strata                           37
     Number of clusters                        650

   Group TEL
     Number of missing data patterns            10
     Number of strata                           37
     Number of clusters                        407

   Group FTF
     Number of missing data patterns             5
     Number of strata                           36
     Number of clusters                        609


COVARIANCE COVERAGE OF DATA

Minimum covariance coverage value   0.100


     PROPORTION OF DATA PRESENT FOR WEB


           Covariance Coverage
              LOCUS0A       LOCUS0B       LOCUS0C       LOCUS0D
              ________      ________      ________      ________
 LOCUS0A        0.999
 LOCUS0B        0.998         0.999
 LOCUS0C        0.999         0.999         0.999
 LOCUS0D        0.999         0.999         0.999         1.000


     PROPORTION OF DATA PRESENT FOR TEL


           Covariance Coverage
              LOCUS0A       LOCUS0B       LOCUS0C       LOCUS0D
              ________      ________      ________      ________
 LOCUS0A        0.969
 LOCUS0B        0.966         0.991
 LOCUS0C        0.960         0.978         0.985
 LOCUS0D        0.966         0.989         0.981         0.995


     PROPORTION OF DATA PRESENT FOR FTF


           Covariance Coverage
              LOCUS0A       LOCUS0B       LOCUS0C       LOCUS0D
              ________      ________      ________      ________
 LOCUS0A        1.000
 LOCUS0B        0.998         0.999
 LOCUS0C        0.999         0.998         0.999
 LOCUS0D        0.999         0.998         0.999         1.000


UNIVARIATE PROPORTIONS AND COUNTS FOR CATEGORICAL VARIABLES

  Group WEB
    LOCUS0A
      Category 1    0.049          221.884
      Category 2    0.366         1665.685
      Category 3    0.500         2273.552
      Category 4    0.085          388.331
    LOCUS0B
      Category 1    0.071          324.481
      Category 2    0.532         2420.735
      Category 3    0.336         1527.836
      Category 4    0.061          278.542
    LOCUS0C
      Category 1    0.041          187.668
      Category 2    0.306         1392.926
      Category 3    0.558         2541.282
      Category 4    0.094          429.877
    LOCUS0D
      Category 1    0.243         1106.594
      Category 2    0.637         2903.012
      Category 3    0.113          514.240
      Category 4    0.008           36.155

  Group TEL
    LOCUS0A
      Category 1    0.054           33.602
      Category 2    0.369          229.624
      Category 3    0.472          293.863
      Category 4    0.105           65.029
    LOCUS0B
      Category 1    0.094           59.710
      Category 2    0.545          347.662
      Category 3    0.295          188.423
      Category 4    0.066           42.219
    LOCUS0C
      Category 1    0.030           18.937
      Category 2    0.246          156.101
      Category 3    0.640          406.611
      Category 4    0.084           53.643
    LOCUS0D
      Category 1    0.254          162.960
      Category 2    0.672          431.925
      Category 3    0.068           43.646
      Category 4    0.006            3.880

  Group FTF
    LOCUS0A
      Category 1    0.040           83.810
      Category 2    0.382          796.588
      Category 3    0.503         1048.923
      Category 4    0.076          157.977
    LOCUS0B
      Category 1    0.101          210.582
      Category 2    0.588         1227.023
      Category 3    0.266          554.548
      Category 4    0.045           94.169
    LOCUS0C
      Category 1    0.034           70.910
      Category 2    0.271          565.649
      Category 3    0.582         1213.472
      Category 4    0.113          236.355
    LOCUS0D
      Category 1    0.327          683.538
      Category 2    0.598         1250.065
      Category 3    0.070          147.149
      Category 4    0.004            8.049


SAMPLE STATISTICS


     ESTIMATED SAMPLE STATISTICS FOR WEB


           MEANS/INTERCEPTS/THRESHOLDS
              LOCUS0A$      LOCUS0A$      LOCUS0A$      LOCUS0B$      LOCUS0B$
              ________      ________      ________      ________      ________
               -1.657        -0.215         1.370        -1.466         0.261


           MEANS/INTERCEPTS/THRESHOLDS
              LOCUS0B$      LOCUS0C$      LOCUS0C$      LOCUS0C$      LOCUS0D$
              ________      ________      ________      ________      ________
                1.545        -1.737        -0.393         1.314        -0.698


           MEANS/INTERCEPTS/THRESHOLDS
              LOCUS0D$      LOCUS0D$
              ________      ________
                1.171         2.412


           CORRELATION MATRIX (WITH VARIANCES ON THE DIAGONAL)
              LOCUS0A       LOCUS0B       LOCUS0C       LOCUS0D
              ________      ________      ________      ________
 LOCUS0A
 LOCUS0B        0.418
 LOCUS0C       -0.099        -0.080
 LOCUS0D        0.334         0.346        -0.258


     ESTIMATED SAMPLE STATISTICS FOR TEL


           MEANS/INTERCEPTS/THRESHOLDS
              LOCUS0A$      LOCUS0A$      LOCUS0A$      LOCUS0B$      LOCUS0B$
              ________      ________      ________      ________      ________
               -1.607        -0.194         1.256        -1.319         0.354


           MEANS/INTERCEPTS/THRESHOLDS
              LOCUS0B$      LOCUS0C$      LOCUS0C$      LOCUS0C$      LOCUS0D$
              ________      ________      ________      ________      ________
                1.505        -1.884        -0.596         1.376        -0.663


           MEANS/INTERCEPTS/THRESHOLDS
              LOCUS0D$      LOCUS0D$
              ________      ________
                1.447         2.510


           CORRELATION MATRIX (WITH VARIANCES ON THE DIAGONAL)
              LOCUS0A       LOCUS0B       LOCUS0C       LOCUS0D
              ________      ________      ________      ________
 LOCUS0A
 LOCUS0B        0.279
 LOCUS0C       -0.077        -0.059
 LOCUS0D        0.324         0.273        -0.167


     ESTIMATED SAMPLE STATISTICS FOR FTF


           MEANS/INTERCEPTS/THRESHOLDS
              LOCUS0A$      LOCUS0A$      LOCUS0A$      LOCUS0B$      LOCUS0B$
              ________      ________      ________      ________      ________
               -1.749        -0.197         1.435        -1.276         0.493


           MEANS/INTERCEPTS/THRESHOLDS
              LOCUS0B$      LOCUS0C$      LOCUS0C$      LOCUS0C$      LOCUS0D$
              ________      ________      ________      ________      ________
                1.694        -1.825        -0.510         1.209        -0.448


           MEANS/INTERCEPTS/THRESHOLDS
              LOCUS0D$      LOCUS0D$
              ________      ________
                1.444         2.665


           CORRELATION MATRIX (WITH VARIANCES ON THE DIAGONAL)
              LOCUS0A       LOCUS0B       LOCUS0C       LOCUS0D
              ________      ________      ________      ________
 LOCUS0A
 LOCUS0B        0.346
 LOCUS0C       -0.087        -0.095
 LOCUS0D        0.301         0.357        -0.229


     THIS ANALYSIS MAY HAVE MULTIPLE SOLUTIONS.  EXPLORE THIS USING RANDOM STARTS,
     FOR EXAMPLE, STARTS = 20.  USE A LARGE ENOUGH NUMBER OF STARTS SO THAT THE
     BEST FIT FUNCTION VALUE IS REPLICATED SEVERAL TIMES.


THE MODEL ESTIMATION TERMINATED NORMALLY



MODEL FIT INFORMATION

Number of Free Parameters                       32

Chi-Square Test of Model Fit

          Value                            118.804*
          Degrees of Freedom                    22
          P-Value                           0.0000

Chi-Square Contribution From Each Group

          WEB                               68.926
          TEL                               13.554
          FTF                               36.323

Chi-Square Test for Difference Testing

          Value                             17.020*
          Degrees of Freedom                     6
          P-Value                           0.0092

*   The chi-square value for MLM, MLMV, MLR, ULSMV, WLSM and WLSMV cannot be used
    for chi-square difference testing in the regular way.  MLM, MLR and WLSM
    chi-square difference testing is described on the Mplus website.  MLMV, WLSMV,
    and ULSMV difference testing is done using the DIFFTEST option.  The DIFFTEST
    option assumes the models are nested.  The NESTED option can be used to verify
    that the models are nested.

RMSEA (Root Mean Square Error Of Approximation)

          Estimate                           0.043
          90 Percent C.I.                    0.035  0.050
          Probability RMSEA <= .05           0.945

CFI/TLI

          CFI                                0.943
          TLI                                0.953

Chi-Square Test of Model Fit for the Baseline Model

          Value                           1709.533
          Degrees of Freedom                    18
          P-Value                           0.0000

SRMR (Standardized Root Mean Square Residual)

          Value                              0.031

Optimum Function Value for Weighted Least-Squares Estimator

          Value                     0.72474436D-02



MODEL RESULTS

                                                    Two-Tailed
                    Estimate       S.E.  Est./S.E.    P-Value

Group WEB

 F1       BY
    LOCUS0A            1.000      0.000    999.000    999.000
    LOCUS0B            1.091      0.090     12.191      0.000
    LOCUS0C           -0.354      0.037     -9.642      0.000
    LOCUS0D            1.090      0.083     13.183      0.000

 Means
    F1                 0.000      0.000    999.000    999.000

 Thresholds
    LOCUS0A$1         -2.114      0.051    -41.250      0.000
    LOCUS0A$2         -0.315      0.031    -10.183      0.000
    LOCUS0A$3          1.615      0.041     39.209      0.000
    LOCUS0B$1         -1.796      0.051    -35.115      0.000
    LOCUS0B$2          0.332      0.040      8.216      0.000
    LOCUS0B$3          1.960      0.066     29.521      0.000
    LOCUS0C$1         -1.815      0.039    -46.442      0.000
    LOCUS0C$2         -0.405      0.029    -13.867      0.000
    LOCUS0C$3          1.355      0.043     31.227      0.000
    LOCUS0D$1         -0.817      0.035    -23.609      0.000
    LOCUS0D$2          1.486      0.057     25.927      0.000
    LOCUS0D$3          3.060      0.097     31.425      0.000

 Variances
    F1                 0.512      0.054      9.424      0.000

 Residual Variances
    LOCUS0A            1.000      0.000    999.000    999.000
    LOCUS0B            1.000      0.000    999.000    999.000
    LOCUS0C            1.000      0.000    999.000    999.000
    LOCUS0D            1.000      0.000    999.000    999.000

Group TEL

 F1       BY
    LOCUS0A            1.000      0.000    999.000    999.000
    LOCUS0B            1.091      0.090     12.191      0.000
    LOCUS0C           -0.354      0.037     -9.642      0.000
    LOCUS0D            1.090      0.083     13.183      0.000

 Means
    F1                -0.065      0.057     -1.136      0.256

 Thresholds
    LOCUS0A$1         -2.114      0.051    -41.250      0.000
    LOCUS0A$2         -0.315      0.031    -10.183      0.000
    LOCUS0A$3          1.615      0.041     39.209      0.000
    LOCUS0B$1         -1.796      0.051    -35.115      0.000
    LOCUS0B$2          0.362      0.100      3.617      0.000
    LOCUS0B$3          1.770      0.147     12.024      0.000
    LOCUS0C$1         -1.815      0.039    -46.442      0.000
    LOCUS0C$2         -0.589      0.072     -8.226      0.000
    LOCUS0C$3          1.435      0.089     16.084      0.000
    LOCUS0D$1         -0.817      0.035    -23.609      0.000
    LOCUS0D$2          1.704      0.146     11.696      0.000
    LOCUS0D$3          2.997      0.269     11.143      0.000

 Variances
    F1                 0.418      0.067      6.262      0.000

 Residual Variances
    LOCUS0A            1.000      0.000    999.000    999.000
    LOCUS0B            1.000      0.000    999.000    999.000
    LOCUS0C            1.000      0.000    999.000    999.000
    LOCUS0D            1.000      0.000    999.000    999.000

Group FTF

 F1       BY
    LOCUS0A            1.000      0.000    999.000    999.000
    LOCUS0B            1.091      0.090     12.191      0.000
    LOCUS0C           -0.354      0.037     -9.642      0.000
    LOCUS0D            1.090      0.083     13.183      0.000

 Means
    F1                -0.142      0.036     -3.989      0.000

 Thresholds
    LOCUS0A$1         -2.114      0.051    -41.250      0.000
    LOCUS0A$2         -0.315      0.031    -10.183      0.000
    LOCUS0A$3          1.615      0.041     39.209      0.000
    LOCUS0B$1         -1.796      0.051    -35.115      0.000
    LOCUS0B$2          0.458      0.050      9.231      0.000
    LOCUS0B$3          1.950      0.077     25.215      0.000
    LOCUS0C$1         -1.815      0.039    -46.442      0.000
    LOCUS0C$2         -0.474      0.033    -14.356      0.000
    LOCUS0C$3          1.294      0.045     28.561      0.000
    LOCUS0D$1         -0.817      0.035    -23.609      0.000
    LOCUS0D$2          1.640      0.069     23.595      0.000
    LOCUS0D$3          3.155      0.152     20.806      0.000

 Variances
    F1                 0.458      0.053      8.664      0.000

 Residual Variances
    LOCUS0A            1.000      0.000    999.000    999.000
    LOCUS0B            1.000      0.000    999.000    999.000
    LOCUS0C            1.000      0.000    999.000    999.000
    LOCUS0D            1.000      0.000    999.000    999.000


QUALITY OF NUMERICAL RESULTS

     Condition Number for the Information Matrix              0.557E-02
       (ratio of smallest to largest eigenvalue)


STANDARDIZED MODEL RESULTS


STD Standardization

                                                    Two-Tailed
                    Estimate       S.E.  Est./S.E.    P-Value

Group WEB

 F1       BY
    LOCUS0A            0.716      0.038     18.849      0.000
    LOCUS0B            0.781      0.043     18.093      0.000
    LOCUS0C           -0.253      0.024    -10.581      0.000
    LOCUS0D            0.780      0.046     17.093      0.000

 Means
    F1                 0.000      0.000    999.000    999.000

 Thresholds
    LOCUS0A$1         -2.114      0.051    -41.250      0.000
    LOCUS0A$2         -0.315      0.031    -10.183      0.000
    LOCUS0A$3          1.615      0.041     39.209      0.000
    LOCUS0B$1         -1.796      0.051    -35.115      0.000
    LOCUS0B$2          0.332      0.040      8.216      0.000
    LOCUS0B$3          1.960      0.066     29.521      0.000
    LOCUS0C$1         -1.815      0.039    -46.442      0.000
    LOCUS0C$2         -0.405      0.029    -13.867      0.000
    LOCUS0C$3          1.355      0.043     31.227      0.000
    LOCUS0D$1         -0.817      0.035    -23.609      0.000
    LOCUS0D$2          1.486      0.057     25.927      0.000
    LOCUS0D$3          3.060      0.097     31.425      0.000

 Variances
    F1                 1.000      0.000    999.000    999.000

 Residual Variances
    LOCUS0A            1.000      0.000    999.000    999.000
    LOCUS0B            1.000      0.000    999.000    999.000
    LOCUS0C            1.000      0.000    999.000    999.000
    LOCUS0D            1.000      0.000    999.000    999.000

Group TEL

 F1       BY
    LOCUS0A            0.647      0.052     12.523      0.000
    LOCUS0B            0.706      0.059     12.002      0.000
    LOCUS0C           -0.229      0.026     -8.967      0.000
    LOCUS0D            0.705      0.058     12.180      0.000

 Means
    F1                -0.101      0.090     -1.122      0.262

 Thresholds
    LOCUS0A$1         -2.114      0.051    -41.250      0.000
    LOCUS0A$2         -0.315      0.031    -10.183      0.000
    LOCUS0A$3          1.615      0.041     39.209      0.000
    LOCUS0B$1         -1.796      0.051    -35.115      0.000
    LOCUS0B$2          0.362      0.100      3.617      0.000
    LOCUS0B$3          1.770      0.147     12.024      0.000
    LOCUS0C$1         -1.815      0.039    -46.442      0.000
    LOCUS0C$2         -0.589      0.072     -8.226      0.000
    LOCUS0C$3          1.435      0.089     16.084      0.000
    LOCUS0D$1         -0.817      0.035    -23.609      0.000
    LOCUS0D$2          1.704      0.146     11.696      0.000
    LOCUS0D$3          2.997      0.269     11.143      0.000

 Variances
    F1                 1.000      0.000    999.000    999.000

 Residual Variances
    LOCUS0A            1.000      0.000    999.000    999.000
    LOCUS0B            1.000      0.000    999.000    999.000
    LOCUS0C            1.000      0.000    999.000    999.000
    LOCUS0D            1.000      0.000    999.000    999.000

Group FTF

 F1       BY
    LOCUS0A            0.677      0.039     17.327      0.000
    LOCUS0B            0.739      0.045     16.512      0.000
    LOCUS0C           -0.240      0.024    -10.192      0.000
    LOCUS0D            0.738      0.045     16.295      0.000

 Means
    F1                -0.210      0.053     -3.979      0.000

 Thresholds
    LOCUS0A$1         -2.114      0.051    -41.250      0.000
    LOCUS0A$2         -0.315      0.031    -10.183      0.000
    LOCUS0A$3          1.615      0.041     39.209      0.000
    LOCUS0B$1         -1.796      0.051    -35.115      0.000
    LOCUS0B$2          0.458      0.050      9.231      0.000
    LOCUS0B$3          1.950      0.077     25.215      0.000
    LOCUS0C$1         -1.815      0.039    -46.442      0.000
    LOCUS0C$2         -0.474      0.033    -14.356      0.000
    LOCUS0C$3          1.294      0.045     28.561      0.000
    LOCUS0D$1         -0.817      0.035    -23.609      0.000
    LOCUS0D$2          1.640      0.069     23.595      0.000
    LOCUS0D$3          3.155      0.152     20.806      0.000

 Variances
    F1                 1.000      0.000    999.000    999.000

 Residual Variances
    LOCUS0A            1.000      0.000    999.000    999.000
    LOCUS0B            1.000      0.000    999.000    999.000
    LOCUS0C            1.000      0.000    999.000    999.000
    LOCUS0D            1.000      0.000    999.000    999.000


R-SQUARE

Group WEB

    Observed                                        Two-Tailed     Scale
    Variable        Estimate       S.E.  Est./S.E.    P-Value     Factors

    LOCUS0A            0.339      0.024     14.254      0.000      0.813
    LOCUS0B            0.379      0.026     14.569      0.000      0.788
    LOCUS0C            0.060      0.011      5.631      0.000      0.969
    LOCUS0D            0.378      0.028     13.746      0.000      0.789

Group TEL

    Observed                                        Two-Tailed     Scale
    Variable        Estimate       S.E.  Est./S.E.    P-Value     Factors

    LOCUS0A            0.295      0.033      8.880      0.000      0.840
    LOCUS0B            0.332      0.037      8.990      0.000      0.817
    LOCUS0C            0.050      0.011      4.718      0.000      0.975
    LOCUS0D            0.332      0.036      9.114      0.000      0.817

Group FTF

    Observed                                        Two-Tailed     Scale
    Variable        Estimate       S.E.  Est./S.E.    P-Value     Factors

    LOCUS0A            0.314      0.025     12.635      0.000      0.828
    LOCUS0B            0.353      0.028     12.764      0.000      0.804
    LOCUS0C            0.054      0.010      5.389      0.000      0.972
    LOCUS0D            0.352      0.028     12.582      0.000      0.805


MODEL MODIFICATION INDICES

NOTE:  Modification indices for direct effects of observed dependent variables
regressed on covariates and residual covariances among observed dependent
variables may not be included.  To include these, request MODINDICES (ALL).

Minimum M.I. value for printing the modification index    10.000

                                   M.I.     E.P.C.  Std E.P.C.  StdYX E.P.C.
Group WEB


WITH Statements

LOCUS0B  WITH LOCUS0A             22.019     0.185      0.185        0.185
LOCUS0C  WITH LOCUS0B             13.990     0.116      0.116        0.116
LOCUS0D  WITH LOCUS0C             33.166    -0.175     -0.175       -0.175

Group TEL


No modification indices above the minimum value.

Group FTF


BY Statements

F1       BY LOCUS0A               10.972    -0.239     -0.162       -0.134

Means/Intercepts/Thresholds

[ LOCUS0D$ ]                      10.795     0.130      0.130        0.105



SAMPLE STATISTICS FOR ESTIMATED FACTOR SCORES


     SAMPLE STATISTICS


           Means
              F1            F1_SE
              ________      ________
               -0.055         0.467


           Covariances
              F1            F1_SE
              ________      ________
 F1             0.269
 F1_SE         -0.001         0.000


           Correlations
              F1            F1_SE
              ________      ________
 F1             1.000
 F1_SE         -0.263         1.000


PLOT INFORMATION

The following plots are available:

  Histograms (sample values, estimated factor scores, estimated values, residuals)
  Scatterplots (sample values, estimated factor scores, estimated values, residuals)
  Sample proportions and estimated probabilities
  Item characteristic curves
  Information curves
  Measurement parameter plots
  Latent variable distribution plots

SAVEDATA INFORMATION


  Difference testing

  Save file
    locus0a_metric.dat
  Save format      Free

     Beginning Time:  07:30:25
        Ending Time:  07:30:25
       Elapsed Time:  00:00:00



MUTHEN & MUTHEN
3463 Stoner Ave.
Los Angeles, CA  90066

Tel: (310) 391-9971
Fax: (310) 391-8971
Web: www.StatModel.com
Support: Support@StatModel.com

Copyright (c) 1998-2021 Muthen & Muthen
