Mplus VERSION 8.3
MUTHEN & MUTHEN
08/23/2019   2:45 PM

INPUT INSTRUCTIONS

  TITLE: Your title goes here

  DATA: FILE = data.dta;

  VARIABLE:

  NAMES = audit1 bully0a bully0b bully0c bully0d bully0e bully0f bully0g adult0a
       adult0b adult0c leisa0a leisa0b leisa0c leisa0d leisa0e leisa0f leisb0a leisb0b
       leisb0c leisb0d samppsu sampstratum mode locus0a locus0b locus0c locus0d
       ghq12_1 ghq12_2 ghq12_3 ghq12_4 ghq12_5 ghq12_6 ghq12_7 ghq12_8 ghq12_9
       ghq12_10 ghq12_11 ghq12_12 audit2 audit3 designweight_combin;

  MISSING=.;
  USEVARIABLES ARE leisa0a
  leisa0b
  leisa0c
  leisa0d
  leisa0e
  leisa0f;
  CATEGORICAL ARE leisa0a
  leisa0b
  leisa0c
  leisa0d
  leisa0e
  leisa0f;
  GROUPING IS mode (1=Web 2=Tel 3=Ftf);
  WEIGHT IS designweight_combin;

                  STRATIFICATION IS sampstratum;

                  CLUSTER IS samppsu;

  ANALYSIS: TYPE IS COMPLEX;

                  ESTIMATOR = WLSMV;

                  ITERATIONS = 100000;

                  PARAMETERIZATION = THETA;

  DIFFTEST = leisa0a_configural.dat;
  Model:


  f1 BY leisa0a@1
  leisa0b (L2)
  leisa0c (L3)
  leisa0d (L4)
  leisa0e (L5)
  leisa0f (L6)
  ;


  [leisa0a$1] (t_leisa0a_1);
  [leisa0a$2] (t_leisa0a_2);
  [leisa0a$3] (t_leisa0a_3);

  [leisa0b$1] (t_leisa0b_1);
  [leisa0b$2] (t_leisa0b_2_Web);
  [leisa0b$3] (t_leisa0b_3_Web);

  [leisa0c$1] (t_leisa0c_1);
  [leisa0c$2] (t_leisa0c_2_Web);
  [leisa0c$3] (t_leisa0c_3_Web);

  [leisa0d$1] (t_leisa0d_1);
  [leisa0d$2] (t_leisa0d_2_Web);
  [leisa0d$3] (t_leisa0d_3_Web);

  [leisa0e$1] (t_leisa0e_1);
  [leisa0e$2] (t_leisa0e_2_Web);
  [leisa0e$3] (t_leisa0e_3_Web);

  [leisa0f$1] (t_leisa0f_1);
  [leisa0f$2] (t_leisa0f_2_Web);
  [leisa0f$3] (t_leisa0f_3_Web);
  leisa0a@1;
  leisa0b@1;
  leisa0c@1;
  leisa0d@1;
  leisa0e@1;
  leisa0f@1;

  Model Tel:

  f1 BY leisa0a@1
  leisa0b (L2)
  leisa0c (L3)
  leisa0d (L4)
  leisa0e (L5)
  leisa0f (L6)
  ;


  [leisa0a$1] (t_leisa0a_1);
  [leisa0a$2] (t_leisa0a_2);
  [leisa0a$3] (t_leisa0a_3);

  [leisa0b$1] (t_leisa0b_1);
  [leisa0b$2] (t_leisa0b_2_Tel);
  [leisa0b$3] (t_leisa0b_3_Tel);

  [leisa0c$1] (t_leisa0c_1);
  [leisa0c$2] (t_leisa0c_2_Tel);
  [leisa0c$3] (t_leisa0c_3_Tel);

  [leisa0d$1] (t_leisa0d_1);
  [leisa0d$2] (t_leisa0d_2_Tel);
  [leisa0d$3] (t_leisa0d_3_Tel);

  [leisa0e$1] (t_leisa0e_1);
  [leisa0e$2] (t_leisa0e_2_Tel);
  [leisa0e$3] (t_leisa0e_3_Tel);

  [leisa0f$1] (t_leisa0f_1);
  [leisa0f$2] (t_leisa0f_2_Tel);
  [leisa0f$3] (t_leisa0f_3_Tel);
  leisa0a@1;
  leisa0b@1;
  leisa0c@1;
  leisa0d@1;
  leisa0e@1;
  leisa0f@1;

  Model Ftf:

  f1 BY leisa0a@1
  leisa0b (L2)
  leisa0c (L3)
  leisa0d (L4)
  leisa0e (L5)
  leisa0f (L6)
  ;


  [leisa0a$1] (t_leisa0a_1);
  [leisa0a$2] (t_leisa0a_2);
  [leisa0a$3] (t_leisa0a_3);

  [leisa0b$1] (t_leisa0b_1);
  [leisa0b$2] (t_leisa0b_2_Ftf);
  [leisa0b$3] (t_leisa0b_3_Ftf);

  [leisa0c$1] (t_leisa0c_1);
  [leisa0c$2] (t_leisa0c_2_Ftf);
  [leisa0c$3] (t_leisa0c_3_Ftf);

  [leisa0d$1] (t_leisa0d_1);
  [leisa0d$2] (t_leisa0d_2_Ftf);
  [leisa0d$3] (t_leisa0d_3_Ftf);

  [leisa0e$1] (t_leisa0e_1);
  [leisa0e$2] (t_leisa0e_2_Ftf);
  [leisa0e$3] (t_leisa0e_3_Ftf);

  [leisa0f$1] (t_leisa0f_1);
  [leisa0f$2] (t_leisa0f_2_Ftf);
  [leisa0f$3] (t_leisa0f_3_Ftf);
  leisa0a@1;
  leisa0b@1;
  leisa0c@1;
  leisa0d@1;
  leisa0e@1;
  leisa0f@1;
  SAVEDATA: DIFFTEST IS leisa0a_metric.dat;
  OUTPUT: SAMPSTAT;

  MODINDICES;

  STD;

  Plot: type = plot3;




*** WARNING
  Data set contains cases with missing on all variables.
  These cases were not included in the analysis.
  Number of cases with missing on all variables:  203
   1 WARNING(S) FOUND IN THE INPUT INSTRUCTIONS



Your title goes here

SUMMARY OF ANALYSIS

Number of groups                                                 3
Number of observations
   Group WEB                                                  4558
   Group TEL                                                   648
   Group FTF                                                  2160
   Total sample size                                          7366

Number of dependent variables                                    6
Number of independent variables                                  0
Number of continuous latent variables                            1

Observed dependent variables

  Binary and ordered categorical (ordinal)
   LEISA0A     LEISA0B     LEISA0C     LEISA0D     LEISA0E     LEISA0F

Continuous latent variables
   F1

Variables with special functions

  Grouping variable     MODE
  Stratification        SAMPSTRA
  Cluster variable      SAMPPSU
  Weight variable       DESIGNWE

Estimator                                                    WLSMV
Maximum number of iterations                                100000
Convergence criterion                                    0.500D-04
Maximum number of steepest descent iterations                   20
Maximum number of iterations for H1                           2000
Convergence criterion for H1                             0.100D-03
Parameterization                                             THETA
Link                                                        PROBIT

Input data file(s)
  data.dta

Input data format  FREE


SUMMARY OF DATA

   Total number of strata                       37
   Total number of clusters                    656

   Group WEB
     Number of missing data patterns             6
     Number of strata                           37
     Number of clusters                        650

   Group TEL
     Number of missing data patterns             1
     Number of strata                           37
     Number of clusters                        407

   Group FTF
     Number of missing data patterns             3
     Number of strata                           36
     Number of clusters                        618


COVARIANCE COVERAGE OF DATA

Minimum covariance coverage value   0.100


     PROPORTION OF DATA PRESENT FOR WEB


           Covariance Coverage
              LEISA0A       LEISA0B       LEISA0C       LEISA0D       LEISA0E
              ________      ________      ________      ________      ________
 LEISA0A        1.000
 LEISA0B        1.000         1.000
 LEISA0C        0.999         0.999         0.999
 LEISA0D        1.000         1.000         0.999         1.000
 LEISA0E        0.999         1.000         0.999         1.000         1.000
 LEISA0F        0.999         0.999         0.998         0.999         0.999


           Covariance Coverage
              LEISA0F
              ________
 LEISA0F        0.999


     PROPORTION OF DATA PRESENT FOR TEL


           Covariance Coverage
              LEISA0A       LEISA0B       LEISA0C       LEISA0D       LEISA0E
              ________      ________      ________      ________      ________
 LEISA0A        1.000
 LEISA0B        1.000         1.000
 LEISA0C        1.000         1.000         1.000
 LEISA0D        1.000         1.000         1.000         1.000
 LEISA0E        1.000         1.000         1.000         1.000         1.000
 LEISA0F        1.000         1.000         1.000         1.000         1.000


           Covariance Coverage
              LEISA0F
              ________
 LEISA0F        1.000


     PROPORTION OF DATA PRESENT FOR FTF


           Covariance Coverage
              LEISA0A       LEISA0B       LEISA0C       LEISA0D       LEISA0E
              ________      ________      ________      ________      ________
 LEISA0A        1.000
 LEISA0B        1.000         1.000
 LEISA0C        1.000         1.000         1.000
 LEISA0D        1.000         1.000         1.000         1.000
 LEISA0E        1.000         1.000         1.000         1.000         1.000
 LEISA0F        0.999         0.999         0.999         0.999         0.999


           Covariance Coverage
              LEISA0F
              ________
 LEISA0F        0.999


UNIVARIATE PROPORTIONS AND COUNTS FOR CATEGORICAL VARIABLES

  Group WEB
    LEISA0A
      Category 1    0.594         2706.107
      Category 2    0.145          660.406
      Category 3    0.162          738.211
      Category 4    0.099          452.537
    LEISA0B
      Category 1    0.063          286.500
      Category 2    0.395         1802.296
      Category 3    0.463         2108.415
      Category 4    0.079          360.789
    LEISA0C
      Category 1    0.006           27.772
      Category 2    0.100          453.401
      Category 3    0.515         2347.037
      Category 4    0.379         1727.634
    LEISA0D
      Category 1    0.221         1009.413
      Category 2    0.559         2548.323
      Category 3    0.179          817.603
      Category 4    0.040          182.364
    LEISA0E
      Category 1    0.219          997.021
      Category 2    0.394         1792.143
      Category 3    0.257         1169.796
      Category 4    0.130          591.339
    LEISA0F
      Category 1    0.069          312.230
      Category 2    0.068          310.627
      Category 3    0.285         1299.441
      Category 4    0.578         2630.689

  Group TEL
    LEISA0A
      Category 1    0.744          481.883
      Category 2    0.131           85.139
      Category 3    0.078           50.627
      Category 4    0.047           30.351
    LEISA0B
      Category 1    0.082           53.009
      Category 2    0.472          305.983
      Category 3    0.352          228.376
      Category 4    0.094           60.632
    LEISA0C
      Category 1    0.011            6.914
      Category 2    0.149           96.717
      Category 3    0.439          284.750
      Category 4    0.401          259.620
    LEISA0D
      Category 1    0.352          227.864
      Category 2    0.464          300.891
      Category 3    0.144           93.151
      Category 4    0.040           26.095
    LEISA0E
      Category 1    0.385          249.377
      Category 2    0.313          202.616
      Category 3    0.156          101.377
      Category 4    0.146           94.630
    LEISA0F
      Category 1    0.070           45.513
      Category 2    0.041           26.269
      Category 3    0.153           98.949
      Category 4    0.737          477.268

  Group FTF
    LEISA0A
      Category 1    0.673         1453.942
      Category 2    0.084          181.403
      Category 3    0.098          212.668
      Category 4    0.144          311.519
    LEISA0B
      Category 1    0.057          122.873
      Category 2    0.361          779.590
      Category 3    0.427          922.815
      Category 4    0.155          334.722
    LEISA0C
      Category 1    0.008           16.765
      Category 2    0.084          180.653
      Category 3    0.437          942.997
      Category 4    0.472         1019.585
    LEISA0D
      Category 1    0.265          572.145
      Category 2    0.491         1059.658
      Category 3    0.186          402.325
      Category 4    0.058          125.872
    LEISA0E
      Category 1    0.263          567.500
      Category 2    0.311          672.658
      Category 3    0.248          536.086
      Category 4    0.178          383.756
    LEISA0F
      Category 1    0.064          138.431
      Category 2    0.039           83.205
      Category 3    0.140          301.377
      Category 4    0.758         1636.341


SAMPLE STATISTICS


     ESTIMATED SAMPLE STATISTICS FOR WEB


           MEANS/INTERCEPTS/THRESHOLDS
              LEISA0A$      LEISA0A$      LEISA0A$      LEISA0B$      LEISA0B$
              ________      ________      ________      ________      ________
                0.237         0.639         1.286        -1.531        -0.105


           MEANS/INTERCEPTS/THRESHOLDS
              LEISA0B$      LEISA0C$      LEISA0C$      LEISA0C$      LEISA0D$
              ________      ________      ________      ________      ________
                1.411        -2.507        -1.250         0.308        -0.767


           MEANS/INTERCEPTS/THRESHOLDS
              LEISA0D$      LEISA0D$      LEISA0E$      LEISA0E$      LEISA0E$
              ________      ________      ________      ________      ________
                0.774         1.751        -0.775         0.287         1.127


           MEANS/INTERCEPTS/THRESHOLDS
              LEISA0F$      LEISA0F$      LEISA0F$
              ________      ________      ________
               -1.486        -1.095        -0.196


           CORRELATION MATRIX (WITH VARIANCES ON THE DIAGONAL)
              LEISA0A       LEISA0B       LEISA0C       LEISA0D       LEISA0E
              ________      ________      ________      ________      ________
 LEISA0A
 LEISA0B        0.298
 LEISA0C        0.219         0.414
 LEISA0D        0.253         0.523         0.307
 LEISA0E        0.239         0.382         0.264         0.534
 LEISA0F        0.118         0.237         0.385         0.191         0.207


           CORRELATION MATRIX (WITH VARIANCES ON THE DIAGONAL)
              LEISA0F
              ________


     ESTIMATED SAMPLE STATISTICS FOR TEL


           MEANS/INTERCEPTS/THRESHOLDS
              LEISA0A$      LEISA0A$      LEISA0A$      LEISA0B$      LEISA0B$
              ________      ________      ________      ________      ________
                0.655         1.151         1.676        -1.393         0.136


           MEANS/INTERCEPTS/THRESHOLDS
              LEISA0B$      LEISA0C$      LEISA0C$      LEISA0C$      LEISA0D$
              ________      ________      ________      ________      ________
                1.319        -2.302        -0.995         0.252        -0.381


           MEANS/INTERCEPTS/THRESHOLDS
              LEISA0D$      LEISA0D$      LEISA0E$      LEISA0E$      LEISA0E$
              ________      ________      ________      ________      ________
                0.900         1.748        -0.293         0.517         1.054


           MEANS/INTERCEPTS/THRESHOLDS
              LEISA0F$      LEISA0F$      LEISA0F$
              ________      ________      ________
               -1.474        -1.222        -0.633


           CORRELATION MATRIX (WITH VARIANCES ON THE DIAGONAL)
              LEISA0A       LEISA0B       LEISA0C       LEISA0D       LEISA0E
              ________      ________      ________      ________      ________
 LEISA0A
 LEISA0B        0.259
 LEISA0C        0.252         0.367
 LEISA0D        0.175         0.404         0.293
 LEISA0E        0.233         0.362         0.201         0.405
 LEISA0F        0.072         0.081         0.259         0.149         0.076


           CORRELATION MATRIX (WITH VARIANCES ON THE DIAGONAL)
              LEISA0F
              ________


     ESTIMATED SAMPLE STATISTICS FOR FTF


           MEANS/INTERCEPTS/THRESHOLDS
              LEISA0A$      LEISA0A$      LEISA0A$      LEISA0B$      LEISA0B$
              ________      ________      ________      ________      ________
                0.449         0.698         1.061        -1.581        -0.208


           MEANS/INTERCEPTS/THRESHOLDS
              LEISA0B$      LEISA0C$      LEISA0C$      LEISA0C$      LEISA0D$
              ________      ________      ________      ________      ________
                1.015        -2.420        -1.332         0.070        -0.628


           MEANS/INTERCEPTS/THRESHOLDS
              LEISA0D$      LEISA0D$      LEISA0E$      LEISA0E$      LEISA0E$
              ________      ________      ________      ________      ________
                0.692         1.569        -0.635         0.187         0.924


           MEANS/INTERCEPTS/THRESHOLDS
              LEISA0F$      LEISA0F$      LEISA0F$
              ________      ________      ________
               -1.521        -1.267        -0.699


           CORRELATION MATRIX (WITH VARIANCES ON THE DIAGONAL)
              LEISA0A       LEISA0B       LEISA0C       LEISA0D       LEISA0E
              ________      ________      ________      ________      ________
 LEISA0A
 LEISA0B        0.309
 LEISA0C        0.264         0.376
 LEISA0D        0.242         0.433         0.163
 LEISA0E        0.261         0.317         0.126         0.415
 LEISA0F        0.238         0.311         0.392         0.197         0.157


           CORRELATION MATRIX (WITH VARIANCES ON THE DIAGONAL)
              LEISA0F
              ________


THE MODEL ESTIMATION TERMINATED NORMALLY



MODEL FIT INFORMATION

Number of Free Parameters                       48

Chi-Square Test of Model Fit

          Value                            340.291*
          Degrees of Freedom                    51
          P-Value                           0.0000

Chi-Square Contribution From Each Group

          WEB                              160.562
          TEL                               33.531
          FTF                              146.198

Chi-Square Test for Difference Testing

          Value                             37.121*
          Degrees of Freedom                    10
          P-Value                           0.0001

*   The chi-square value for MLM, MLMV, MLR, ULSMV, WLSM and WLSMV cannot be used
    for chi-square difference testing in the regular way.  MLM, MLR and WLSM
    chi-square difference testing is described on the Mplus website.  MLMV, WLSMV,
    and ULSMV difference testing is done using the DIFFTEST option.  The DIFFTEST
    option assumes the models are nested.  The NESTED option can be used to verify
    that the models are nested.

RMSEA (Root Mean Square Error Of Approximation)

          Estimate                           0.048
          90 Percent C.I.                    0.043  0.053
          Probability RMSEA <= .05           0.736

CFI/TLI

          CFI                                0.932
          TLI                                0.940

Chi-Square Test of Model Fit for the Baseline Model

          Value                           4328.684
          Degrees of Freedom                    45
          P-Value                           0.0000

SRMR (Standardized Root Mean Square Residual)

          Value                              0.049

Optimum Function Value for Weighted Least-Squares Estimator

          Value                     0.21862049D-01



MODEL RESULTS

                                                    Two-Tailed
                    Estimate       S.E.  Est./S.E.    P-Value

Group WEB

 F1       BY
    LEISA0A            1.000      0.000    999.000    999.000
    LEISA0B            2.070      0.142     14.548      0.000
    LEISA0C            1.305      0.096     13.610      0.000
    LEISA0D            2.130      0.155     13.748      0.000
    LEISA0E            1.606      0.116     13.836      0.000
    LEISA0F            0.959      0.083     11.526      0.000

 Means
    F1                 0.000      0.000    999.000    999.000

 Thresholds
    LEISA0A$1          0.326      0.026     12.381      0.000
    LEISA0A$2          0.714      0.028     25.225      0.000
    LEISA0A$3          1.287      0.035     36.338      0.000
    LEISA0B$1         -2.243      0.061    -36.903      0.000
    LEISA0B$2         -0.148      0.041     -3.609      0.000
    LEISA0B$3          1.994      0.069     28.747      0.000
    LEISA0C$1         -2.949      0.072    -41.219      0.000
    LEISA0C$2         -1.477      0.044    -33.827      0.000
    LEISA0C$3          0.364      0.037      9.887      0.000
    LEISA0D$1         -1.082      0.048    -22.699      0.000
    LEISA0D$2          1.110      0.051     21.810      0.000
    LEISA0D$3          2.509      0.097     25.802      0.000
    LEISA0E$1         -0.938      0.038    -24.377      0.000
    LEISA0E$2          0.363      0.039      9.330      0.000
    LEISA0E$3          1.425      0.050     28.500      0.000
    LEISA0F$1         -1.691      0.043    -39.760      0.000
    LEISA0F$2         -1.206      0.040    -30.153      0.000
    LEISA0F$3         -0.216      0.031     -6.975      0.000

 Variances
    F1                 0.233      0.029      7.956      0.000

 Residual Variances
    LEISA0A            1.000      0.000    999.000    999.000
    LEISA0B            1.000      0.000    999.000    999.000
    LEISA0C            1.000      0.000    999.000    999.000
    LEISA0D            1.000      0.000    999.000    999.000
    LEISA0E            1.000      0.000    999.000    999.000
    LEISA0F            1.000      0.000    999.000    999.000

Group TEL

 F1       BY
    LEISA0A            1.000      0.000    999.000    999.000
    LEISA0B            2.070      0.142     14.548      0.000
    LEISA0C            1.305      0.096     13.610      0.000
    LEISA0D            2.130      0.155     13.748      0.000
    LEISA0E            1.606      0.116     13.836      0.000
    LEISA0F            0.959      0.083     11.526      0.000

 Means
    F1                -0.317      0.043     -7.400      0.000

 Thresholds
    LEISA0A$1          0.326      0.026     12.381      0.000
    LEISA0A$2          0.714      0.028     25.225      0.000
    LEISA0A$3          1.287      0.035     36.338      0.000
    LEISA0B$1         -2.243      0.061    -36.903      0.000
    LEISA0B$2         -0.482      0.109     -4.439      0.000
    LEISA0B$3          1.040      0.122      8.533      0.000
    LEISA0C$1         -2.949      0.072    -41.219      0.000
    LEISA0C$2         -1.529      0.101    -15.090      0.000
    LEISA0C$3         -0.131      0.094     -1.402      0.161
    LEISA0D$1         -1.082      0.048    -22.699      0.000
    LEISA0D$2          0.496      0.127      3.909      0.000
    LEISA0D$3          1.598      0.171      9.367      0.000
    LEISA0E$1         -0.938      0.038    -24.377      0.000
    LEISA0E$2          0.101      0.090      1.124      0.261
    LEISA0E$3          0.733      0.111      6.621      0.000
    LEISA0F$1         -1.691      0.043    -39.760      0.000
    LEISA0F$2         -1.610      0.109    -14.779      0.000
    LEISA0F$3         -0.980      0.089    -11.017      0.000

 Variances
    F1                 0.152      0.029      5.213      0.000

 Residual Variances
    LEISA0A            1.000      0.000    999.000    999.000
    LEISA0B            1.000      0.000    999.000    999.000
    LEISA0C            1.000      0.000    999.000    999.000
    LEISA0D            1.000      0.000    999.000    999.000
    LEISA0E            1.000      0.000    999.000    999.000
    LEISA0F            1.000      0.000    999.000    999.000

Group FTF

 F1       BY
    LEISA0A            1.000      0.000    999.000    999.000
    LEISA0B            2.070      0.142     14.548      0.000
    LEISA0C            1.305      0.096     13.610      0.000
    LEISA0D            2.130      0.155     13.748      0.000
    LEISA0E            1.606      0.116     13.836      0.000
    LEISA0F            0.959      0.083     11.526      0.000

 Means
    F1                -0.082      0.028     -2.958      0.003

 Thresholds
    LEISA0A$1          0.326      0.026     12.381      0.000
    LEISA0A$2          0.714      0.028     25.225      0.000
    LEISA0A$3          1.287      0.035     36.338      0.000
    LEISA0B$1         -2.243      0.061    -36.903      0.000
    LEISA0B$2         -0.448      0.062     -7.189      0.000
    LEISA0B$3          1.185      0.073     16.236      0.000
    LEISA0C$1         -2.949      0.072    -41.219      0.000
    LEISA0C$2         -1.633      0.065    -24.966      0.000
    LEISA0C$3         -0.027      0.049     -0.550      0.582
    LEISA0D$1         -1.082      0.048    -22.699      0.000
    LEISA0D$2          0.760      0.069     11.059      0.000
    LEISA0D$3          1.947      0.096     20.313      0.000
    LEISA0E$1         -0.938      0.038    -24.377      0.000
    LEISA0E$2          0.095      0.050      1.879      0.060
    LEISA0E$3          0.989      0.061     16.096      0.000
    LEISA0F$1         -1.691      0.043    -39.760      0.000
    LEISA0F$2         -1.448      0.055    -26.561      0.000
    LEISA0F$3         -0.835      0.049    -17.207      0.000

 Variances
    F1                 0.183      0.024      7.589      0.000

 Residual Variances
    LEISA0A            1.000      0.000    999.000    999.000
    LEISA0B            1.000      0.000    999.000    999.000
    LEISA0C            1.000      0.000    999.000    999.000
    LEISA0D            1.000      0.000    999.000    999.000
    LEISA0E            1.000      0.000    999.000    999.000
    LEISA0F            1.000      0.000    999.000    999.000


STANDARDIZED MODEL RESULTS


STD Standardization

                                                    Two-Tailed
                    Estimate       S.E.  Est./S.E.    P-Value

Group WEB

 F1       BY
    LEISA0A            0.483      0.030     15.912      0.000
    LEISA0B            0.999      0.044     22.935      0.000
    LEISA0C            0.630      0.031     20.487      0.000
    LEISA0D            1.028      0.045     22.775      0.000
    LEISA0E            0.775      0.035     21.873      0.000
    LEISA0F            0.463      0.030     15.348      0.000

 Means
    F1                 0.000      0.000    999.000    999.000

 Thresholds
    LEISA0A$1          0.326      0.026     12.381      0.000
    LEISA0A$2          0.714      0.028     25.225      0.000
    LEISA0A$3          1.287      0.035     36.338      0.000
    LEISA0B$1         -2.243      0.061    -36.903      0.000
    LEISA0B$2         -0.148      0.041     -3.609      0.000
    LEISA0B$3          1.994      0.069     28.747      0.000
    LEISA0C$1         -2.949      0.072    -41.219      0.000
    LEISA0C$2         -1.477      0.044    -33.827      0.000
    LEISA0C$3          0.364      0.037      9.887      0.000
    LEISA0D$1         -1.082      0.048    -22.699      0.000
    LEISA0D$2          1.110      0.051     21.810      0.000
    LEISA0D$3          2.509      0.097     25.802      0.000
    LEISA0E$1         -0.938      0.038    -24.377      0.000
    LEISA0E$2          0.363      0.039      9.330      0.000
    LEISA0E$3          1.425      0.050     28.500      0.000
    LEISA0F$1         -1.691      0.043    -39.760      0.000
    LEISA0F$2         -1.206      0.040    -30.153      0.000
    LEISA0F$3         -0.216      0.031     -6.975      0.000

 Variances
    F1                 1.000      0.000    999.000    999.000

 Residual Variances
    LEISA0A            1.000      0.000    999.000    999.000
    LEISA0B            1.000      0.000    999.000    999.000
    LEISA0C            1.000      0.000    999.000    999.000
    LEISA0D            1.000      0.000    999.000    999.000
    LEISA0E            1.000      0.000    999.000    999.000
    LEISA0F            1.000      0.000    999.000    999.000

Group TEL

 F1       BY
    LEISA0A            0.390      0.037     10.425      0.000
    LEISA0B            0.807      0.066     12.243      0.000
    LEISA0C            0.509      0.044     11.640      0.000
    LEISA0D            0.831      0.071     11.681      0.000
    LEISA0E            0.626      0.053     11.706      0.000
    LEISA0F            0.374      0.035     10.593      0.000

 Means
    F1                -0.813      0.133     -6.106      0.000

 Thresholds
    LEISA0A$1          0.326      0.026     12.381      0.000
    LEISA0A$2          0.714      0.028     25.225      0.000
    LEISA0A$3          1.287      0.035     36.338      0.000
    LEISA0B$1         -2.243      0.061    -36.903      0.000
    LEISA0B$2         -0.482      0.109     -4.439      0.000
    LEISA0B$3          1.040      0.122      8.533      0.000
    LEISA0C$1         -2.949      0.072    -41.219      0.000
    LEISA0C$2         -1.529      0.101    -15.090      0.000
    LEISA0C$3         -0.131      0.094     -1.402      0.161
    LEISA0D$1         -1.082      0.048    -22.699      0.000
    LEISA0D$2          0.496      0.127      3.909      0.000
    LEISA0D$3          1.598      0.171      9.367      0.000
    LEISA0E$1         -0.938      0.038    -24.377      0.000
    LEISA0E$2          0.101      0.090      1.124      0.261
    LEISA0E$3          0.733      0.111      6.621      0.000
    LEISA0F$1         -1.691      0.043    -39.760      0.000
    LEISA0F$2         -1.610      0.109    -14.779      0.000
    LEISA0F$3         -0.980      0.089    -11.017      0.000

 Variances
    F1                 1.000      0.000    999.000    999.000

 Residual Variances
    LEISA0A            1.000      0.000    999.000    999.000
    LEISA0B            1.000      0.000    999.000    999.000
    LEISA0C            1.000      0.000    999.000    999.000
    LEISA0D            1.000      0.000    999.000    999.000
    LEISA0E            1.000      0.000    999.000    999.000
    LEISA0F            1.000      0.000    999.000    999.000

Group FTF

 F1       BY
    LEISA0A            0.428      0.028     15.178      0.000
    LEISA0B            0.885      0.041     21.818      0.000
    LEISA0C            0.558      0.029     19.234      0.000
    LEISA0D            0.911      0.043     21.018      0.000
    LEISA0E            0.687      0.034     20.296      0.000
    LEISA0F            0.410      0.028     14.690      0.000

 Means
    F1                -0.193      0.066     -2.902      0.004

 Thresholds
    LEISA0A$1          0.326      0.026     12.381      0.000
    LEISA0A$2          0.714      0.028     25.225      0.000
    LEISA0A$3          1.287      0.035     36.338      0.000
    LEISA0B$1         -2.243      0.061    -36.903      0.000
    LEISA0B$2         -0.448      0.062     -7.189      0.000
    LEISA0B$3          1.185      0.073     16.236      0.000
    LEISA0C$1         -2.949      0.072    -41.219      0.000
    LEISA0C$2         -1.633      0.065    -24.966      0.000
    LEISA0C$3         -0.027      0.049     -0.550      0.582
    LEISA0D$1         -1.082      0.048    -22.699      0.000
    LEISA0D$2          0.760      0.069     11.059      0.000
    LEISA0D$3          1.947      0.096     20.313      0.000
    LEISA0E$1         -0.938      0.038    -24.377      0.000
    LEISA0E$2          0.095      0.050      1.879      0.060
    LEISA0E$3          0.989      0.061     16.096      0.000
    LEISA0F$1         -1.691      0.043    -39.760      0.000
    LEISA0F$2         -1.448      0.055    -26.561      0.000
    LEISA0F$3         -0.835      0.049    -17.207      0.000

 Variances
    F1                 1.000      0.000    999.000    999.000

 Residual Variances
    LEISA0A            1.000      0.000    999.000    999.000
    LEISA0B            1.000      0.000    999.000    999.000
    LEISA0C            1.000      0.000    999.000    999.000
    LEISA0D            1.000      0.000    999.000    999.000
    LEISA0E            1.000      0.000    999.000    999.000
    LEISA0F            1.000      0.000    999.000    999.000


R-SQUARE

Group WEB

    Observed                                        Two-Tailed     Scale
    Variable        Estimate       S.E.  Est./S.E.    P-Value     Factors

    LEISA0A            0.189      0.019      9.809      0.000      0.901
    LEISA0B            0.499      0.022     22.905      0.000      0.708
    LEISA0C            0.284      0.020     14.304      0.000      0.846
    LEISA0D            0.514      0.022     23.419      0.000      0.697
    LEISA0E            0.375      0.021     17.503      0.000      0.790
    LEISA0F            0.176      0.019      9.318      0.000      0.907

Group TEL

    Observed                                        Two-Tailed     Scale
    Variable        Estimate       S.E.  Est./S.E.    P-Value     Factors

    LEISA0A            0.132      0.022      6.005      0.000      0.932
    LEISA0B            0.394      0.039     10.109      0.000      0.778
    LEISA0C            0.206      0.028      7.327      0.000      0.891
    LEISA0D            0.408      0.041      9.870      0.000      0.769
    LEISA0E            0.282      0.035      8.148      0.000      0.848
    LEISA0F            0.123      0.020      6.038      0.000      0.937

Group FTF

    Observed                                        Two-Tailed     Scale
    Variable        Estimate       S.E.  Est./S.E.    P-Value     Factors

    LEISA0A            0.155      0.017      8.978      0.000      0.919
    LEISA0B            0.439      0.023     19.458      0.000      0.749
    LEISA0C            0.237      0.019     12.612      0.000      0.873
    LEISA0D            0.454      0.024     19.233      0.000      0.739
    LEISA0E            0.321      0.021     14.936      0.000      0.824
    LEISA0F            0.144      0.017      8.581      0.000      0.925


QUALITY OF NUMERICAL RESULTS

     Condition Number for the Information Matrix              0.612E-03
       (ratio of smallest to largest eigenvalue)


MODEL MODIFICATION INDICES

NOTE:  Modification indices for direct effects of observed dependent variables
regressed on covariates and residual covariances among observed dependent
variables may not be included.  To include these, request MODINDICES (ALL).

Minimum M.I. value for printing the modification index    10.000

                                   M.I.     E.P.C.  Std E.P.C.  StdYX E.P.C.
Group WEB


BY Statements

F1       BY LEISA0A               17.345    -0.338     -0.163       -0.147

WITH Statements

LEISA0D  WITH LEISA0C             12.946    -0.163     -0.163       -0.163
LEISA0E  WITH LEISA0D             53.197     0.272      0.272        0.272
LEISA0F  WITH LEISA0C             55.619     0.244      0.244        0.244
LEISA0F  WITH LEISA0D             16.944    -0.204     -0.204       -0.204

Means/Intercepts/Thresholds

[ LEISA0A$ ]                      14.209     0.145      0.145        0.131

Group TEL


No modification indices above the minimum value.

Group FTF


BY Statements

F1       BY LEISA0A               12.447     0.300      0.128        0.118

WITH Statements

LEISA0D  WITH LEISA0C             18.399    -0.175     -0.175       -0.175
LEISA0E  WITH LEISA0C             17.136    -0.154     -0.154       -0.154
LEISA0F  WITH LEISA0C             21.105     0.141      0.141        0.141

Means/Intercepts/Thresholds

[ LEISA0A$ ]                      20.736    -0.185     -0.185       -0.170



SAMPLE STATISTICS FOR ESTIMATED FACTOR SCORES


     SAMPLE STATISTICS


           Means
              F1            F1_SE
              ________      ________
               -0.091         0.251


           Covariances
              F1            F1_SE
              ________      ________
 F1             0.153
 F1_SE          0.000         0.000


           Correlations
              F1            F1_SE
              ________      ________
 F1             1.000
 F1_SE         -0.031         1.000


PLOT INFORMATION

The following plots are available:

  Histograms (sample values, estimated factor scores, estimated values, residuals)
  Scatterplots (sample values, estimated factor scores, estimated values, residuals)
  Sample proportions and estimated probabilities
  Item characteristic curves
  Information curves
  Measurement parameter plots
  Latent variable distribution plots

SAVEDATA INFORMATION


  Difference testing

  Save file
    leisa0a_metric.dat
  Save format      Free

     Beginning Time:  14:45:17
        Ending Time:  14:45:18
       Elapsed Time:  00:00:01



MUTHEN & MUTHEN
3463 Stoner Ave.
Los Angeles, CA  90066

Tel: (310) 391-9971
Fax: (310) 391-8971
Web: www.StatModel.com
Support: Support@StatModel.com

Copyright (c) 1998-2019 Muthen & Muthen
