Mplus VERSION 8.6
MUTHEN & MUTHEN
07/01/2021   7:30 AM

INPUT INSTRUCTIONS

  TITLE: Your title goes here

  DATA: FILE = data.dta;

  VARIABLE:

  NAMES = audit1 bully0a bully0b bully0c bully0d bully0e bully0f bully0g adult0a
       adult0b adult0c leisa0a leisa0b leisa0c leisa0d leisa0e leisa0f leisb0a leisb0b
       leisb0c leisb0d designweight samppsu sampstratum mode locus0a locus0b locus0c
       locus0d ghq_1 ghq_2 ghq_3 ghq_4 ghq_5 ghq_6 ghq_7 ghq_8 ghq_9 ghq_10 ghq_11
       ghq_12 audit2 audit3 designweight_combin;

  MISSING=.;
  USEVARIABLES ARE ghq_1
  ghq_2
  ghq_3
  ghq_4
  ghq_5
  ghq_6
  ghq_7
  ghq_8
  ghq_9
  ghq_10
  ghq_11
  ghq_12;
  CATEGORICAL ARE ghq_1
  ghq_2
  ghq_3
  ghq_4
  ghq_5
  ghq_6
  ghq_7
  ghq_8
  ghq_9
  ghq_10
  ghq_11
  ghq_12;
  GROUPING IS mode (1=Web 2=Tel 3=Ftf);
  WEIGHT IS designweight_combin;

                  STRATIFICATION IS sampstratum;

                  CLUSTER IS samppsu;

  ANALYSIS: TYPE IS COMPLEX;

                  ESTIMATOR = WLSMV;

                  ITERATIONS = 100000;

                  PARAMETERIZATION = THETA;

  DIFFTEST = ghq_1_configural.dat;
  Model:


  f1 BY ghq_1@1
  ghq_2 (L2)
  ghq_3 (L3)
  ghq_4 (L4)
  ghq_5 (L5)
  ghq_6 (L6)
  ghq_7 (L7)
  ghq_8 (L8)
  ghq_9 (L9)
  ghq_10 (L10)
  ghq_11 (L11)
  ghq_12 (L12)
  ;


  [ghq_1$1] (t_ghq_1_1);
  [ghq_1$2] (t_ghq_1_2);
  [ghq_1$3] (t_ghq_1_3);

  [ghq_2$1] (t_ghq_2_1);
  [ghq_2$2] (t_ghq_2_2_Web);
  [ghq_2$3] (t_ghq_2_3_Web);

  [ghq_3$1] (t_ghq_3_1);
  [ghq_3$2] (t_ghq_3_2_Web);
  [ghq_3$3] (t_ghq_3_3_Web);

  [ghq_4$1] (t_ghq_4_1);
  [ghq_4$2] (t_ghq_4_2_Web);
  [ghq_4$3] (t_ghq_4_3_Web);

  [ghq_5$1] (t_ghq_5_1);
  [ghq_5$2] (t_ghq_5_2_Web);
  [ghq_5$3] (t_ghq_5_3_Web);

  [ghq_6$1] (t_ghq_6_1);
  [ghq_6$2] (t_ghq_6_2_Web);
  [ghq_6$3] (t_ghq_6_3_Web);

  [ghq_7$1] (t_ghq_7_1);
  [ghq_7$2] (t_ghq_7_2_Web);
  [ghq_7$3] (t_ghq_7_3_Web);

  [ghq_8$1] (t_ghq_8_1);
  [ghq_8$2] (t_ghq_8_2_Web);
  [ghq_8$3] (t_ghq_8_3_Web);

  [ghq_9$1] (t_ghq_9_1);
  [ghq_9$2] (t_ghq_9_2_Web);
  [ghq_9$3] (t_ghq_9_3_Web);

  [ghq_10$1] (t_ghq_10_1);
  [ghq_10$2] (t_ghq_10_2_Web);
  [ghq_10$3] (t_ghq_10_3_Web);

  [ghq_11$1] (t_ghq_11_1);
  [ghq_11$2] (t_ghq_11_2_Web);
  [ghq_11$3] (t_ghq_11_3_Web);

  [ghq_12$1] (t_ghq_12_1);
  [ghq_12$2] (t_ghq_12_2_Web);
  [ghq_12$3] (t_ghq_12_3_Web);
  ghq_1@1;
  ghq_2@1;
  ghq_3@1;
  ghq_4@1;
  ghq_5@1;
  ghq_6@1;
  ghq_7@1;
  ghq_8@1;
  ghq_9@1;
  ghq_10@1;
  ghq_11@1;
  ghq_12@1;

  Model Tel:

  f1 BY ghq_1@1
  ghq_2 (L2)
  ghq_3 (L3)
  ghq_4 (L4)
  ghq_5 (L5)
  ghq_6 (L6)
  ghq_7 (L7)
  ghq_8 (L8)
  ghq_9 (L9)
  ghq_10 (L10)
  ghq_11 (L11)
  ghq_12 (L12)
  ;


  [ghq_1$1] (t_ghq_1_1);
  [ghq_1$2] (t_ghq_1_2);
  [ghq_1$3] (t_ghq_1_3);

  [ghq_2$1] (t_ghq_2_1);
  [ghq_2$2] (t_ghq_2_2_Tel);
  [ghq_2$3] (t_ghq_2_3_Tel);

  [ghq_3$1] (t_ghq_3_1);
  [ghq_3$2] (t_ghq_3_2_Tel);
  [ghq_3$3] (t_ghq_3_3_Tel);

  [ghq_4$1] (t_ghq_4_1);
  [ghq_4$2] (t_ghq_4_2_Tel);
  [ghq_4$3] (t_ghq_4_3_Tel);

  [ghq_5$1] (t_ghq_5_1);
  [ghq_5$2] (t_ghq_5_2_Tel);
  [ghq_5$3] (t_ghq_5_3_Tel);

  [ghq_6$1] (t_ghq_6_1);
  [ghq_6$2] (t_ghq_6_2_Tel);
  [ghq_6$3] (t_ghq_6_3_Tel);

  [ghq_7$1] (t_ghq_7_1);
  [ghq_7$2] (t_ghq_7_2_Tel);
  [ghq_7$3] (t_ghq_7_3_Tel);

  [ghq_8$1] (t_ghq_8_1);
  [ghq_8$2] (t_ghq_8_2_Tel);
  [ghq_8$3] (t_ghq_8_3_Tel);

  [ghq_9$1] (t_ghq_9_1);
  [ghq_9$2] (t_ghq_9_2_Tel);
  [ghq_9$3] (t_ghq_9_3_Tel);

  [ghq_10$1] (t_ghq_10_1);
  [ghq_10$2] (t_ghq_10_2_Tel);
  [ghq_10$3] (t_ghq_10_3_Tel);

  [ghq_11$1] (t_ghq_11_1);
  [ghq_11$2] (t_ghq_11_2_Tel);
  [ghq_11$3] (t_ghq_11_3_Tel);

  [ghq_12$1] (t_ghq_12_1);
  [ghq_12$2] (t_ghq_12_2_Tel);
  [ghq_12$3] (t_ghq_12_3_Tel);
  ghq_1@1;
  ghq_2@1;
  ghq_3@1;
  ghq_4@1;
  ghq_5@1;
  ghq_6@1;
  ghq_7@1;
  ghq_8@1;
  ghq_9@1;
  ghq_10@1;
  ghq_11@1;
  ghq_12@1;

  Model Ftf:

  f1 BY ghq_1@1
  ghq_2 (L2)
  ghq_3 (L3)
  ghq_4 (L4)
  ghq_5 (L5)
  ghq_6 (L6)
  ghq_7 (L7)
  ghq_8 (L8)
  ghq_9 (L9)
  ghq_10 (L10)
  ghq_11 (L11)
  ghq_12 (L12)
  ;


  [ghq_1$1] (t_ghq_1_1);
  [ghq_1$2] (t_ghq_1_2);
  [ghq_1$3] (t_ghq_1_3);

  [ghq_2$1] (t_ghq_2_1);
  [ghq_2$2] (t_ghq_2_2_Ftf);
  [ghq_2$3] (t_ghq_2_3_Ftf);

  [ghq_3$1] (t_ghq_3_1);
  [ghq_3$2] (t_ghq_3_2_Ftf);
  [ghq_3$3] (t_ghq_3_3_Ftf);

  [ghq_4$1] (t_ghq_4_1);
  [ghq_4$2] (t_ghq_4_2_Ftf);
  [ghq_4$3] (t_ghq_4_3_Ftf);

  [ghq_5$1] (t_ghq_5_1);
  [ghq_5$2] (t_ghq_5_2_Ftf);
  [ghq_5$3] (t_ghq_5_3_Ftf);

  [ghq_6$1] (t_ghq_6_1);
  [ghq_6$2] (t_ghq_6_2_Ftf);
  [ghq_6$3] (t_ghq_6_3_Ftf);

  [ghq_7$1] (t_ghq_7_1);
  [ghq_7$2] (t_ghq_7_2_Ftf);
  [ghq_7$3] (t_ghq_7_3_Ftf);

  [ghq_8$1] (t_ghq_8_1);
  [ghq_8$2] (t_ghq_8_2_Ftf);
  [ghq_8$3] (t_ghq_8_3_Ftf);

  [ghq_9$1] (t_ghq_9_1);
  [ghq_9$2] (t_ghq_9_2_Ftf);
  [ghq_9$3] (t_ghq_9_3_Ftf);

  [ghq_10$1] (t_ghq_10_1);
  [ghq_10$2] (t_ghq_10_2_Ftf);
  [ghq_10$3] (t_ghq_10_3_Ftf);

  [ghq_11$1] (t_ghq_11_1);
  [ghq_11$2] (t_ghq_11_2_Ftf);
  [ghq_11$3] (t_ghq_11_3_Ftf);

  [ghq_12$1] (t_ghq_12_1);
  [ghq_12$2] (t_ghq_12_2_Ftf);
  [ghq_12$3] (t_ghq_12_3_Ftf);
  ghq_1@1;
  ghq_2@1;
  ghq_3@1;
  ghq_4@1;
  ghq_5@1;
  ghq_6@1;
  ghq_7@1;
  ghq_8@1;
  ghq_9@1;
  ghq_10@1;
  ghq_11@1;
  ghq_12@1;
  SAVEDATA: DIFFTEST IS ghq_1_metric.dat;
  OUTPUT: SAMPSTAT;

  MODINDICES;

  STD;

  Plot: type = plot3;




*** WARNING
  Data set contains cases with missing on all variables.
  These cases were not included in the analysis.
  Number of cases with missing on all variables:  265
   1 WARNING(S) FOUND IN THE INPUT INSTRUCTIONS



Your title goes here

SUMMARY OF ANALYSIS

Number of groups                                                 3
Number of observations
   Group WEB                                                  4569
   Group TEL                                                   646
   Group FTF                                                  2089
   Total sample size                                          7304

Number of dependent variables                                   12
Number of independent variables                                  0
Number of continuous latent variables                            1

Observed dependent variables

  Binary and ordered categorical (ordinal)
   GHQ_1       GHQ_2       GHQ_3       GHQ_4       GHQ_5       GHQ_6
   GHQ_7       GHQ_8       GHQ_9       GHQ_10      GHQ_11      GHQ_12

Continuous latent variables
   F1

Variables with special functions

  Grouping variable     MODE
  Stratification        SAMPSTRA
  Cluster variable      SAMPPSU
  Weight variable       DESIGNWE

Estimator                                                    WLSMV
Maximum number of iterations                                100000
Convergence criterion                                    0.500D-04
Maximum number of steepest descent iterations                   20
Maximum number of iterations for H1                           2000
Convergence criterion for H1                             0.100D-03
Parameterization                                             THETA
Link                                                        PROBIT

Input data file(s)
  data.dta

Input data format  FREE


SUMMARY OF DATA

   Total number of strata                       37
   Total number of clusters                    656

   Group WEB
     Number of missing data patterns            30
     Number of strata                           37
     Number of clusters                        650

   Group TEL
     Number of missing data patterns            15
     Number of strata                           37
     Number of clusters                        407

   Group FTF
     Number of missing data patterns             9
     Number of strata                           36
     Number of clusters                        609


COVARIANCE COVERAGE OF DATA

Minimum covariance coverage value   0.100


     PROPORTION OF DATA PRESENT FOR WEB


           Covariance Coverage
              GHQ_1         GHQ_2         GHQ_3         GHQ_4         GHQ_5
              ________      ________      ________      ________      ________
 GHQ_1          0.998
 GHQ_2          0.997         0.998
 GHQ_3          0.995         0.996         0.996
 GHQ_4          0.996         0.996         0.994         0.997
 GHQ_5          0.996         0.996         0.995         0.996         0.997
 GHQ_6          0.997         0.997         0.995         0.997         0.997
 GHQ_7          0.996         0.996         0.994         0.996         0.996
 GHQ_8          0.996         0.996         0.995         0.996         0.996
 GHQ_9          0.996         0.996         0.994         0.996         0.996
 GHQ_10         0.995         0.996         0.994         0.996         0.996
 GHQ_11         0.995         0.996         0.994         0.996         0.996
 GHQ_12         0.995         0.995         0.993         0.995         0.995


           Covariance Coverage
              GHQ_6         GHQ_7         GHQ_8         GHQ_9         GHQ_10
              ________      ________      ________      ________      ________
 GHQ_6          0.998
 GHQ_7          0.997         0.997
 GHQ_8          0.997         0.997         0.997
 GHQ_9          0.997         0.996         0.996         0.997
 GHQ_10         0.996         0.996         0.996         0.996         0.997
 GHQ_11         0.996         0.996         0.996         0.996         0.996
 GHQ_12         0.996         0.996         0.995         0.995         0.995


           Covariance Coverage
              GHQ_11        GHQ_12
              ________      ________
 GHQ_11         0.997
 GHQ_12         0.996         0.996


     PROPORTION OF DATA PRESENT FOR TEL


           Covariance Coverage
              GHQ_1         GHQ_2         GHQ_3         GHQ_4         GHQ_5
              ________      ________      ________      ________      ________
 GHQ_1          0.994
 GHQ_2          0.989         0.995
 GHQ_3          0.989         0.991         0.994
 GHQ_4          0.991         0.992         0.992         0.995
 GHQ_5          0.991         0.992         0.991         0.992         0.995
 GHQ_6          0.991         0.994         0.992         0.994         0.994
 GHQ_7          0.989         0.992         0.992         0.992         0.992
 GHQ_8          0.991         0.995         0.992         0.994         0.994
 GHQ_9          0.989         0.994         0.991         0.992         0.992
 GHQ_10         0.991         0.995         0.992         0.994         0.994
 GHQ_11         0.991         0.995         0.992         0.994         0.994
 GHQ_12         0.991         0.992         0.992         0.994         0.992


           Covariance Coverage
              GHQ_6         GHQ_7         GHQ_8         GHQ_9         GHQ_10
              ________      ________      ________      ________      ________
 GHQ_6          0.997
 GHQ_7          0.994         0.995
 GHQ_8          0.995         0.994         0.997
 GHQ_9          0.994         0.992         0.995         0.995
 GHQ_10         0.995         0.994         0.997         0.995         0.997
 GHQ_11         0.995         0.994         0.997         0.995         0.997
 GHQ_12         0.994         0.992         0.994         0.992         0.994


           Covariance Coverage
              GHQ_11        GHQ_12
              ________      ________
 GHQ_11         0.997
 GHQ_12         0.994         0.995


     PROPORTION OF DATA PRESENT FOR FTF


           Covariance Coverage
              GHQ_1         GHQ_2         GHQ_3         GHQ_4         GHQ_5
              ________      ________      ________      ________      ________
 GHQ_1          0.999
 GHQ_2          0.998         0.999
 GHQ_3          0.998         0.999         0.999
 GHQ_4          0.999         0.999         0.998         1.000
 GHQ_5          0.999         0.999         0.999         0.999         1.000
 GHQ_6          0.998         0.999         0.998         0.999         0.999
 GHQ_7          0.998         0.999         0.998         0.999         0.999
 GHQ_8          0.998         0.998         0.998         0.999         0.999
 GHQ_9          0.998         0.999         0.999         0.999         0.999
 GHQ_10         0.998         0.999         0.998         0.999         0.999
 GHQ_11         0.997         0.998         0.997         0.998         0.998
 GHQ_12         0.998         0.998         0.998         0.999         0.999


           Covariance Coverage
              GHQ_6         GHQ_7         GHQ_8         GHQ_9         GHQ_10
              ________      ________      ________      ________      ________
 GHQ_6          0.999
 GHQ_7          0.999         0.999
 GHQ_8          0.998         0.999         0.999
 GHQ_9          0.999         0.999         0.998         0.999
 GHQ_10         0.999         0.999         0.998         0.999         0.999
 GHQ_11         0.998         0.998         0.997         0.998         0.998
 GHQ_12         0.998         0.999         0.998         0.998         0.998


           Covariance Coverage
              GHQ_11        GHQ_12
              ________      ________
 GHQ_11         0.998
 GHQ_12         0.998         0.999


UNIVARIATE PROPORTIONS AND COUNTS FOR CATEGORICAL VARIABLES

  Group WEB
    GHQ_1
      Category 1    0.120          548.683
      Category 2    0.678         3093.579
      Category 3    0.173          789.592
      Category 4    0.029          131.722
    GHQ_2
      Category 1    0.243         1110.800
      Category 2    0.502         2291.734
      Category 3    0.189          864.703
      Category 4    0.066          299.796
    GHQ_3
      Category 1    0.155          706.184
      Category 2    0.662         3019.674
      Category 3    0.136          620.286
      Category 4    0.047          212.437
    GHQ_4
      Category 1    0.195          891.345
      Category 2    0.711         3242.970
      Category 3    0.072          327.530
      Category 4    0.022           98.388
    GHQ_5
      Category 1    0.141          642.614
      Category 2    0.505         2301.631
      Category 3    0.269         1226.935
      Category 4    0.086          390.689
    GHQ_6
      Category 1    0.275         1256.941
      Category 2    0.529         2413.245
      Category 3    0.145          662.286
      Category 4    0.051          230.489
    GHQ_7
      Category 1    0.093          424.135
      Category 2    0.711         3243.545
      Category 3    0.157          717.903
      Category 4    0.038          175.588
    GHQ_8
      Category 1    0.125          568.293
      Category 2    0.734         3345.928
      Category 3    0.111          507.342
      Category 4    0.030          138.883
    GHQ_9
      Category 1    0.317         1442.494
      Category 2    0.418         1902.237
      Category 3    0.185          844.029
      Category 4    0.080          364.740
    GHQ_10
      Category 1    0.363         1658.062
      Category 2    0.392         1788.306
      Category 3    0.169          768.747
      Category 4    0.076          346.534
    GHQ_11
      Category 1    0.600         2737.360
      Category 2    0.260         1183.367
      Category 3    0.095          434.737
      Category 4    0.045          204.177
    GHQ_12
      Category 1    0.185          843.750
      Category 2    0.649         2957.220
      Category 3    0.127          578.067
      Category 4    0.039          175.914

  Group TEL
    GHQ_1
      Category 1    0.129           82.808
      Category 2    0.675          432.041
      Category 3    0.154           98.820
      Category 4    0.042           26.773
    GHQ_2
      Category 1    0.350          225.049
      Category 2    0.412          265.190
      Category 3    0.141           90.872
      Category 4    0.097           62.762
    GHQ_3
      Category 1    0.204          130.521
      Category 2    0.668          427.791
      Category 3    0.103           65.690
      Category 4    0.026           16.466
    GHQ_4
      Category 1    0.233          149.330
      Category 2    0.709          454.773
      Category 3    0.045           28.663
      Category 4    0.014            8.978
    GHQ_5
      Category 1    0.186          119.617
      Category 2    0.501          322.128
      Category 3    0.230          147.794
      Category 4    0.084           54.027
    GHQ_6
      Category 1    0.381          245.893
      Category 2    0.453          291.984
      Category 3    0.138           89.046
      Category 4    0.028           17.911
    GHQ_7
      Category 1    0.076           48.736
      Category 2    0.743          478.152
      Category 3    0.141           91.078
      Category 4    0.040           25.790
    GHQ_8
      Category 1    0.181          116.387
      Category 2    0.724          466.366
      Category 3    0.074           47.552
      Category 4    0.021           13.777
    GHQ_9
      Category 1    0.515          330.924
      Category 2    0.304          195.382
      Category 3    0.136           87.742
      Category 4    0.045           28.840
    GHQ_10
      Category 1    0.518          333.517
      Category 2    0.335          215.604
      Category 3    0.116           74.665
      Category 4    0.032           20.297
    GHQ_11
      Category 1    0.770          495.686
      Category 2    0.175          112.587
      Category 3    0.042           26.789
      Category 4    0.014            9.020
    GHQ_12
      Category 1    0.202          129.624
      Category 2    0.670          429.596
      Category 3    0.093           59.763
      Category 4    0.034           21.737

  Group FTF
    GHQ_1
      Category 1    0.141          293.540
      Category 2    0.669         1397.199
      Category 3    0.158          329.892
      Category 4    0.032           66.547
    GHQ_2
      Category 1    0.243          507.263
      Category 2    0.488         1017.395
      Category 3    0.197          411.317
      Category 4    0.072          150.719
    GHQ_3
      Category 1    0.190          396.168
      Category 2    0.671         1400.544
      Category 3    0.107          222.662
      Category 4    0.032           66.712
    GHQ_4
      Category 1    0.264          551.781
      Category 2    0.654         1365.372
      Category 3    0.069          143.108
      Category 4    0.014           28.549
    GHQ_5
      Category 1    0.157          328.379
      Category 2    0.492         1028.341
      Category 3    0.267          557.273
      Category 4    0.083          174.094
    GHQ_6
      Category 1    0.309          644.431
      Category 2    0.496         1035.397
      Category 3    0.147          307.460
      Category 4    0.048           99.218
    GHQ_7
      Category 1    0.132          274.778
      Category 2    0.676         1411.079
      Category 3    0.157          327.559
      Category 4    0.036           74.483
    GHQ_8
      Category 1    0.187          390.744
      Category 2    0.699         1459.604
      Category 3    0.094          195.227
      Category 4    0.020           41.974
    GHQ_9
      Category 1    0.361          752.674
      Category 2    0.389          812.581
      Category 3    0.170          354.311
      Category 4    0.080          167.128
    GHQ_10
      Category 1    0.433          904.209
      Category 2    0.335          699.337
      Category 3    0.168          349.769
      Category 4    0.064          133.189
    GHQ_11
      Category 1    0.681         1421.455
      Category 2    0.193          402.642
      Category 3    0.090          188.237
      Category 4    0.036           74.694
    GHQ_12
      Category 1    0.241          503.605
      Category 2    0.615         1285.445
      Category 3    0.115          240.807
      Category 4    0.028           58.766


SAMPLE STATISTICS


     ESTIMATED SAMPLE STATISTICS FOR WEB


           MEANS/INTERCEPTS/THRESHOLDS
              GHQ_1$1       GHQ_1$2       GHQ_1$3       GHQ_2$1       GHQ_2$2
              ________      ________      ________      ________      ________
               -1.174         0.835         1.898        -0.696         0.659


           MEANS/INTERCEPTS/THRESHOLDS
              GHQ_2$3       GHQ_3$1       GHQ_3$2       GHQ_3$3       GHQ_4$1
              ________      ________      ________      ________      ________
                1.509        -1.016         0.905         1.679        -0.858


           MEANS/INTERCEPTS/THRESHOLDS
              GHQ_4$2       GHQ_4$3       GHQ_5$1       GHQ_5$2       GHQ_5$3
              ________      ________      ________      ________      ________
                1.320         2.022        -1.076         0.373         1.368


           MEANS/INTERCEPTS/THRESHOLDS
              GHQ_6$1       GHQ_6$2       GHQ_6$3       GHQ_7$1       GHQ_7$2
              ________      ________      ________      ________      ________
               -0.596         0.857         1.640        -1.323         0.856


           MEANS/INTERCEPTS/THRESHOLDS
              GHQ_7$3       GHQ_8$1       GHQ_8$2       GHQ_8$3       GHQ_9$1
              ________      ________      ________      ________      ________
                1.768        -1.152         1.073         1.874        -0.477


           MEANS/INTERCEPTS/THRESHOLDS
              GHQ_9$2       GHQ_9$3       GHQ_10$1      GHQ_10$2      GHQ_10$3
              ________      ________      ________      ________      ________
                0.627         1.404        -0.349         0.692         1.433


           MEANS/INTERCEPTS/THRESHOLDS
              GHQ_11$1      GHQ_11$2      GHQ_11$3      GHQ_12$1      GHQ_12$2
              ________      ________      ________      ________      ________
                0.254         1.080         1.698        -0.896         0.972


           MEANS/INTERCEPTS/THRESHOLDS
              GHQ_12$3
              ________
                1.767


           CORRELATION MATRIX (WITH VARIANCES ON THE DIAGONAL)
              GHQ_1         GHQ_2         GHQ_3         GHQ_4         GHQ_5
              ________      ________      ________      ________      ________
 GHQ_1
 GHQ_2          0.441
 GHQ_3          0.536         0.326
 GHQ_4          0.508         0.287         0.595
 GHQ_5          0.452         0.671         0.305         0.280
 GHQ_6          0.494         0.590         0.458         0.419         0.640
 GHQ_7          0.581         0.470         0.518         0.447         0.519
 GHQ_8          0.452         0.335         0.458         0.488         0.346
 GHQ_9          0.520         0.677         0.468         0.383         0.641
 GHQ_10         0.523         0.588         0.513         0.445         0.560
 GHQ_11         0.496         0.545         0.562         0.465         0.517
 GHQ_12         0.574         0.474         0.567         0.484         0.487


           CORRELATION MATRIX (WITH VARIANCES ON THE DIAGONAL)
              GHQ_6         GHQ_7         GHQ_8         GHQ_9         GHQ_10
              ________      ________      ________      ________      ________
 GHQ_7          0.529
 GHQ_8          0.457         0.548
 GHQ_9          0.705         0.569         0.499
 GHQ_10         0.676         0.530         0.510         0.785
 GHQ_11         0.661         0.508         0.511         0.786         0.828
 GHQ_12         0.545         0.613         0.568         0.702         0.600


           CORRELATION MATRIX (WITH VARIANCES ON THE DIAGONAL)
              GHQ_11        GHQ_12
              ________      ________
 GHQ_12         0.656


     ESTIMATED SAMPLE STATISTICS FOR TEL


           MEANS/INTERCEPTS/THRESHOLDS
              GHQ_1$1       GHQ_1$2       GHQ_1$3       GHQ_2$1       GHQ_2$2
              ________      ________      ________      ________      ________
               -1.130         0.856         1.730        -0.387         0.711


           MEANS/INTERCEPTS/THRESHOLDS
              GHQ_2$3       GHQ_3$1       GHQ_3$2       GHQ_3$3       GHQ_4$1
              ________      ________      ________      ________      ________
                1.296        -0.828         1.135         1.948        -0.730


           MEANS/INTERCEPTS/THRESHOLDS
              GHQ_4$2       GHQ_4$3       GHQ_5$1       GHQ_5$2       GHQ_5$3
              ________      ________      ________      ________      ________
                1.566         2.198        -0.893         0.486         1.379


           MEANS/INTERCEPTS/THRESHOLDS
              GHQ_6$1       GHQ_6$2       GHQ_6$3       GHQ_7$1       GHQ_7$2
              ________      ________      ________      ________      ________
               -0.302         0.971         1.915        -1.435         0.910


           MEANS/INTERCEPTS/THRESHOLDS
              GHQ_7$3       GHQ_8$1       GHQ_8$2       GHQ_8$3       GHQ_9$1
              ________      ________      ________      ________      ________
                1.750        -0.913         1.309         2.026         0.037


           MEANS/INTERCEPTS/THRESHOLDS
              GHQ_9$2       GHQ_9$3       GHQ_10$1      GHQ_10$2      GHQ_10$3
              ________      ________      ________      ________      ________
                0.910         1.697         0.045         1.047         1.859


           MEANS/INTERCEPTS/THRESHOLDS
              GHQ_11$1      GHQ_11$2      GHQ_11$3      GHQ_12$1      GHQ_12$2
              ________      ________      ________      ________      ________
                0.738         1.593         2.197        -0.833         1.140


           MEANS/INTERCEPTS/THRESHOLDS
              GHQ_12$3
              ________
                1.826


           CORRELATION MATRIX (WITH VARIANCES ON THE DIAGONAL)
              GHQ_1         GHQ_2         GHQ_3         GHQ_4         GHQ_5
              ________      ________      ________      ________      ________
 GHQ_1
 GHQ_2          0.465
 GHQ_3          0.357         0.269
 GHQ_4          0.482         0.201         0.504
 GHQ_5          0.392         0.627         0.162         0.098
 GHQ_6          0.301         0.493         0.285         0.206         0.570
 GHQ_7          0.540         0.482         0.400         0.304         0.485
 GHQ_8          0.446         0.276         0.233         0.382         0.230
 GHQ_9          0.439         0.608         0.312         0.250         0.588
 GHQ_10         0.394         0.545         0.387         0.208         0.499
 GHQ_11         0.377         0.468         0.323         0.288         0.397
 GHQ_12         0.485         0.430         0.375         0.384         0.384


           CORRELATION MATRIX (WITH VARIANCES ON THE DIAGONAL)
              GHQ_6         GHQ_7         GHQ_8         GHQ_9         GHQ_10
              ________      ________      ________      ________      ________
 GHQ_7          0.409
 GHQ_8          0.165         0.427
 GHQ_9          0.639         0.524         0.314
 GHQ_10         0.606         0.363         0.169         0.722
 GHQ_11         0.560         0.307         0.213         0.691         0.720
 GHQ_12         0.420         0.524         0.393         0.458         0.486


           CORRELATION MATRIX (WITH VARIANCES ON THE DIAGONAL)
              GHQ_11        GHQ_12
              ________      ________
 GHQ_12         0.449


     ESTIMATED SAMPLE STATISTICS FOR FTF


           MEANS/INTERCEPTS/THRESHOLDS
              GHQ_1$1       GHQ_1$2       GHQ_1$3       GHQ_2$1       GHQ_2$2
              ________      ________      ________      ________      ________
               -1.077         0.878         1.854        -0.696         0.615


           MEANS/INTERCEPTS/THRESHOLDS
              GHQ_2$3       GHQ_3$1       GHQ_3$2       GHQ_3$3       GHQ_4$1
              ________      ________      ________      ________      ________
                1.459        -0.878         1.086         1.852        -0.631


           MEANS/INTERCEPTS/THRESHOLDS
              GHQ_4$2       GHQ_4$3       GHQ_5$1       GHQ_5$2       GHQ_5$3
              ________      ________      ________      ________      ________
                1.391         2.207        -1.006         0.385         1.383


           MEANS/INTERCEPTS/THRESHOLDS
              GHQ_6$1       GHQ_6$2       GHQ_6$3       GHQ_7$1       GHQ_7$2
              ________      ________      ________      ________      ________
               -0.499         0.860         1.669        -1.119         0.869


           MEANS/INTERCEPTS/THRESHOLDS
              GHQ_7$3       GHQ_8$1       GHQ_8$2       GHQ_8$3       GHQ_9$1
              ________      ________      ________      ________      ________
                1.803        -0.888         1.207         2.052        -0.357


           MEANS/INTERCEPTS/THRESHOLDS
              GHQ_9$2       GHQ_9$3       GHQ_10$1      GHQ_10$2      GHQ_10$3
              ________      ________      ________      ________      ________
                0.675         1.404        -0.168         0.734         1.523


           MEANS/INTERCEPTS/THRESHOLDS
              GHQ_11$1      GHQ_11$2      GHQ_11$3      GHQ_12$1      GHQ_12$2
              ________      ________      ________      ________      ________
                0.471         1.146         1.802        -0.703         1.065


           MEANS/INTERCEPTS/THRESHOLDS
              GHQ_12$3
              ________
                1.909


           CORRELATION MATRIX (WITH VARIANCES ON THE DIAGONAL)
              GHQ_1         GHQ_2         GHQ_3         GHQ_4         GHQ_5
              ________      ________      ________      ________      ________
 GHQ_1
 GHQ_2          0.433
 GHQ_3          0.442         0.331
 GHQ_4          0.471         0.297         0.549
 GHQ_5          0.432         0.583         0.274         0.256
 GHQ_6          0.415         0.526         0.393         0.392         0.618
 GHQ_7          0.509         0.434         0.465         0.469         0.527
 GHQ_8          0.446         0.343         0.413         0.499         0.331
 GHQ_9          0.480         0.656         0.448         0.384         0.641
 GHQ_10         0.461         0.591         0.465         0.419         0.558
 GHQ_11         0.456         0.568         0.542         0.425         0.509
 GHQ_12         0.448         0.450         0.510         0.493         0.429


           CORRELATION MATRIX (WITH VARIANCES ON THE DIAGONAL)
              GHQ_6         GHQ_7         GHQ_8         GHQ_9         GHQ_10
              ________      ________      ________      ________      ________
 GHQ_7          0.485
 GHQ_8          0.402         0.557
 GHQ_9          0.663         0.560         0.429
 GHQ_10         0.673         0.534         0.461         0.759
 GHQ_11         0.664         0.498         0.500         0.775         0.814
 GHQ_12         0.487         0.598         0.498         0.631         0.610


           CORRELATION MATRIX (WITH VARIANCES ON THE DIAGONAL)
              GHQ_11        GHQ_12
              ________      ________
 GHQ_12         0.660


THE MODEL ESTIMATION TERMINATED NORMALLY



MODEL FIT INFORMATION

Number of Free Parameters                       96

Chi-Square Test of Model Fit

          Value                           2180.436*
          Degrees of Freedom                   210
          P-Value                           0.0000

Chi-Square Contribution From Each Group

          WEB                             1050.546
          TEL                              404.407
          FTF                              725.483

Chi-Square Test for Difference Testing

          Value                             51.472*
          Degrees of Freedom                    22
          P-Value                           0.0004

*   The chi-square value for MLM, MLMV, MLR, ULSMV, WLSM and WLSMV cannot be used
    for chi-square difference testing in the regular way.  MLM, MLR and WLSM
    chi-square difference testing is described on the Mplus website.  MLMV, WLSMV,
    and ULSMV difference testing is done using the DIFFTEST option.  The DIFFTEST
    option assumes the models are nested.  The NESTED option can be used to verify
    that the models are nested.

RMSEA (Root Mean Square Error Of Approximation)

          Estimate                           0.062
          90 Percent C.I.                    0.060  0.064
          Probability RMSEA <= .05           0.000

CFI/TLI

          CFI                                0.967
          TLI                                0.969

Chi-Square Test of Model Fit for the Baseline Model

          Value                          60565.569
          Degrees of Freedom                   198
          P-Value                           0.0000

SRMR (Standardized Root Mean Square Residual)

          Value                              0.063

Optimum Function Value for Weighted Least-Squares Estimator

          Value                     0.17717918D+00



MODEL RESULTS

                                                    Two-Tailed
                    Estimate       S.E.  Est./S.E.    P-Value

Group WEB

 F1       BY
    GHQ_1              1.000      0.000    999.000    999.000
    GHQ_2              1.150      0.043     26.477      0.000
    GHQ_3              0.945      0.034     27.691      0.000
    GHQ_4              0.824      0.030     27.651      0.000
    GHQ_5              1.139      0.039     29.397      0.000
    GHQ_6              1.351      0.047     28.593      0.000
    GHQ_7              1.179      0.041     28.621      0.000
    GHQ_8              0.885      0.032     27.227      0.000
    GHQ_9              2.033      0.073     27.736      0.000
    GHQ_10             1.920      0.069     27.851      0.000
    GHQ_11             1.939      0.071     27.377      0.000
    GHQ_12             1.334      0.047     28.104      0.000

 Means
    F1                 0.000      0.000    999.000    999.000

 Thresholds
    GHQ_1$1           -1.602      0.040    -40.446      0.000
    GHQ_1$2            1.022      0.035     29.113      0.000
    GHQ_1$3            2.329      0.057     40.957      0.000
    GHQ_2$1           -1.053      0.036    -29.658      0.000
    GHQ_2$2            0.950      0.045     20.995      0.000
    GHQ_2$3            2.178      0.065     33.324      0.000
    GHQ_3$1           -1.316      0.034    -38.183      0.000
    GHQ_3$2            1.190      0.044     26.810      0.000
    GHQ_3$3            2.209      0.070     31.553      0.000
    GHQ_4$1           -1.009      0.029    -35.322      0.000
    GHQ_4$2            1.645      0.050     32.655      0.000
    GHQ_4$3            2.522      0.087     29.114      0.000
    GHQ_5$1           -1.565      0.041    -37.819      0.000
    GHQ_5$2            0.535      0.043     12.313      0.000
    GHQ_5$3            1.963      0.057     34.171      0.000
    GHQ_6$1           -0.956      0.039    -24.556      0.000
    GHQ_6$2            1.352      0.051     26.422      0.000
    GHQ_6$3            2.588      0.074     35.170      0.000
    GHQ_7$1           -1.915      0.045    -43.007      0.000
    GHQ_7$2            1.252      0.049     25.603      0.000
    GHQ_7$3            2.585      0.086     30.145      0.000
    GHQ_8$1           -1.367      0.033    -41.215      0.000
    GHQ_8$2            1.374      0.047     29.318      0.000
    GHQ_8$3            2.399      0.078     30.658      0.000
    GHQ_9$1           -0.985      0.055    -17.943      0.000
    GHQ_9$2            1.311      0.065     20.124      0.000
    GHQ_9$3            2.939      0.092     31.775      0.000
    GHQ_10$1          -0.668      0.050    -13.332      0.000
    GHQ_10$2           1.386      0.065     21.173      0.000
    GHQ_10$3           2.870      0.084     33.978      0.000
    GHQ_11$1           0.539      0.052     10.427      0.000
    GHQ_11$2           2.179      0.078     27.792      0.000
    GHQ_11$3           3.425      0.108     31.575      0.000
    GHQ_12$1          -1.376      0.040    -34.023      0.000
    GHQ_12$2           1.524      0.055     27.562      0.000
    GHQ_12$3           2.768      0.084     33.079      0.000

 Variances
    F1                 0.817      0.053     15.488      0.000

 Residual Variances
    GHQ_1              1.000      0.000    999.000    999.000
    GHQ_2              1.000      0.000    999.000    999.000
    GHQ_3              1.000      0.000    999.000    999.000
    GHQ_4              1.000      0.000    999.000    999.000
    GHQ_5              1.000      0.000    999.000    999.000
    GHQ_6              1.000      0.000    999.000    999.000
    GHQ_7              1.000      0.000    999.000    999.000
    GHQ_8              1.000      0.000    999.000    999.000
    GHQ_9              1.000      0.000    999.000    999.000
    GHQ_10             1.000      0.000    999.000    999.000
    GHQ_11             1.000      0.000    999.000    999.000
    GHQ_12             1.000      0.000    999.000    999.000

Group TEL

 F1       BY
    GHQ_1              1.000      0.000    999.000    999.000
    GHQ_2              1.150      0.043     26.477      0.000
    GHQ_3              0.945      0.034     27.691      0.000
    GHQ_4              0.824      0.030     27.651      0.000
    GHQ_5              1.139      0.039     29.397      0.000
    GHQ_6              1.351      0.047     28.593      0.000
    GHQ_7              1.179      0.041     28.621      0.000
    GHQ_8              0.885      0.032     27.227      0.000
    GHQ_9              2.033      0.073     27.736      0.000
    GHQ_10             1.920      0.069     27.851      0.000
    GHQ_11             1.939      0.071     27.377      0.000
    GHQ_12             1.334      0.047     28.104      0.000

 Means
    F1                -0.308      0.048     -6.355      0.000

 Thresholds
    GHQ_1$1           -1.602      0.040    -40.446      0.000
    GHQ_1$2            1.022      0.035     29.113      0.000
    GHQ_1$3            2.329      0.057     40.957      0.000
    GHQ_2$1           -1.053      0.036    -29.658      0.000
    GHQ_2$2            0.566      0.089      6.393      0.000
    GHQ_2$3            1.325      0.123     10.771      0.000
    GHQ_3$1           -1.316      0.034    -38.183      0.000
    GHQ_3$2            1.078      0.103     10.483      0.000
    GHQ_3$3            2.062      0.167     12.318      0.000
    GHQ_4$1           -1.009      0.029    -35.322      0.000
    GHQ_4$2            1.562      0.116     13.447      0.000
    GHQ_4$3            2.299      0.182     12.623      0.000
    GHQ_5$1           -1.565      0.041    -37.819      0.000
    GHQ_5$2            0.275      0.088      3.146      0.002
    GHQ_5$3            1.425      0.115     12.373      0.000
    GHQ_6$1           -0.956      0.039    -24.556      0.000
    GHQ_6$2            0.930      0.105      8.849      0.000
    GHQ_6$3            2.242      0.159     14.142      0.000
    GHQ_7$1           -1.915      0.045    -43.007      0.000
    GHQ_7$2            0.826      0.100      8.261      0.000
    GHQ_7$3            1.925      0.149     12.889      0.000
    GHQ_8$1           -1.367      0.033    -41.215      0.000
    GHQ_8$2            1.276      0.125     10.177      0.000
    GHQ_8$3            2.128      0.194     10.963      0.000
    GHQ_9$1           -0.985      0.055    -17.943      0.000
    GHQ_9$2            0.977      0.138      7.098      0.000
    GHQ_9$3            2.367      0.215     11.012      0.000
    GHQ_10$1          -0.668      0.050    -13.332      0.000
    GHQ_10$2           1.193      0.134      8.925      0.000
    GHQ_10$3           2.570      0.253     10.165      0.000
    GHQ_11$1           0.539      0.052     10.427      0.000
    GHQ_11$2           2.122      0.193     11.003      0.000
    GHQ_11$3           3.150      0.278     11.335      0.000
    GHQ_12$1          -1.376      0.040    -34.023      0.000
    GHQ_12$2           1.164      0.120      9.729      0.000
    GHQ_12$3           2.097      0.283      7.404      0.000

 Variances
    F1                 0.510      0.046     11.146      0.000

 Residual Variances
    GHQ_1              1.000      0.000    999.000    999.000
    GHQ_2              1.000      0.000    999.000    999.000
    GHQ_3              1.000      0.000    999.000    999.000
    GHQ_4              1.000      0.000    999.000    999.000
    GHQ_5              1.000      0.000    999.000    999.000
    GHQ_6              1.000      0.000    999.000    999.000
    GHQ_7              1.000      0.000    999.000    999.000
    GHQ_8              1.000      0.000    999.000    999.000
    GHQ_9              1.000      0.000    999.000    999.000
    GHQ_10             1.000      0.000    999.000    999.000
    GHQ_11             1.000      0.000    999.000    999.000
    GHQ_12             1.000      0.000    999.000    999.000

Group FTF

 F1       BY
    GHQ_1              1.000      0.000    999.000    999.000
    GHQ_2              1.150      0.043     26.477      0.000
    GHQ_3              0.945      0.034     27.691      0.000
    GHQ_4              0.824      0.030     27.651      0.000
    GHQ_5              1.139      0.039     29.397      0.000
    GHQ_6              1.351      0.047     28.593      0.000
    GHQ_7              1.179      0.041     28.621      0.000
    GHQ_8              0.885      0.032     27.227      0.000
    GHQ_9              2.033      0.073     27.736      0.000
    GHQ_10             1.920      0.069     27.851      0.000
    GHQ_11             1.939      0.071     27.377      0.000
    GHQ_12             1.334      0.047     28.104      0.000

 Means
    F1                -0.183      0.031     -5.937      0.000

 Thresholds
    GHQ_1$1           -1.602      0.040    -40.446      0.000
    GHQ_1$2            1.022      0.035     29.113      0.000
    GHQ_1$3            2.329      0.057     40.957      0.000
    GHQ_2$1           -1.053      0.036    -29.658      0.000
    GHQ_2$2            0.647      0.049     13.111      0.000
    GHQ_2$3            1.825      0.067     27.269      0.000
    GHQ_3$1           -1.316      0.034    -38.183      0.000
    GHQ_3$2            1.218      0.050     24.183      0.000
    GHQ_3$3            2.198      0.074     29.643      0.000
    GHQ_4$1           -1.009      0.029    -35.322      0.000
    GHQ_4$2            1.544      0.051     30.078      0.000
    GHQ_4$3            2.539      0.095     26.636      0.000
    GHQ_5$1           -1.565      0.041    -37.819      0.000
    GHQ_5$2            0.326      0.049      6.700      0.000
    GHQ_5$3            1.711      0.064     26.883      0.000
    GHQ_6$1           -0.956      0.039    -24.556      0.000
    GHQ_6$2            1.058      0.058     18.167      0.000
    GHQ_6$3            2.286      0.073     31.272      0.000
    GHQ_7$1           -1.915      0.045    -43.007      0.000
    GHQ_7$2            1.011      0.050     20.022      0.000
    GHQ_7$3            2.330      0.079     29.507      0.000
    GHQ_8$1           -1.367      0.033    -41.215      0.000
    GHQ_8$2            1.346      0.046     29.293      0.000
    GHQ_8$3            2.400      0.078     30.690      0.000
    GHQ_9$1           -0.985      0.055    -17.943      0.000
    GHQ_9$2            0.970      0.073     13.328      0.000
    GHQ_9$3            2.421      0.089     27.273      0.000
    GHQ_10$1          -0.668      0.050    -13.332      0.000
    GHQ_10$2           1.048      0.071     14.803      0.000
    GHQ_10$3           2.552      0.092     27.791      0.000
    GHQ_11$1           0.539      0.052     10.427      0.000
    GHQ_11$2           1.845      0.076     24.323      0.000
    GHQ_11$3           3.106      0.103     30.146      0.000
    GHQ_12$1          -1.376      0.040    -34.023      0.000
    GHQ_12$2           1.361      0.057     23.751      0.000
    GHQ_12$3           2.634      0.089     29.760      0.000

 Variances
    F1                 0.714      0.046     15.548      0.000

 Residual Variances
    GHQ_1              1.000      0.000    999.000    999.000
    GHQ_2              1.000      0.000    999.000    999.000
    GHQ_3              1.000      0.000    999.000    999.000
    GHQ_4              1.000      0.000    999.000    999.000
    GHQ_5              1.000      0.000    999.000    999.000
    GHQ_6              1.000      0.000    999.000    999.000
    GHQ_7              1.000      0.000    999.000    999.000
    GHQ_8              1.000      0.000    999.000    999.000
    GHQ_9              1.000      0.000    999.000    999.000
    GHQ_10             1.000      0.000    999.000    999.000
    GHQ_11             1.000      0.000    999.000    999.000
    GHQ_12             1.000      0.000    999.000    999.000


QUALITY OF NUMERICAL RESULTS

     Condition Number for the Information Matrix              0.402E-03
       (ratio of smallest to largest eigenvalue)


STANDARDIZED MODEL RESULTS


STD Standardization

                                                    Two-Tailed
                    Estimate       S.E.  Est./S.E.    P-Value

Group WEB

 F1       BY
    GHQ_1              0.904      0.029     30.977      0.000
    GHQ_2              1.039      0.029     35.481      0.000
    GHQ_3              0.855      0.027     31.280      0.000
    GHQ_4              0.745      0.025     29.736      0.000
    GHQ_5              1.030      0.029     35.810      0.000
    GHQ_6              1.221      0.035     34.434      0.000
    GHQ_7              1.065      0.033     32.559      0.000
    GHQ_8              0.800      0.025     32.280      0.000
    GHQ_9              1.838      0.050     36.549      0.000
    GHQ_10             1.736      0.048     36.309      0.000
    GHQ_11             1.753      0.054     32.382      0.000
    GHQ_12             1.206      0.036     33.831      0.000

 Means
    F1                 0.000      0.000    999.000    999.000

 Thresholds
    GHQ_1$1           -1.602      0.040    -40.446      0.000
    GHQ_1$2            1.022      0.035     29.113      0.000
    GHQ_1$3            2.329      0.057     40.957      0.000
    GHQ_2$1           -1.053      0.036    -29.658      0.000
    GHQ_2$2            0.950      0.045     20.995      0.000
    GHQ_2$3            2.178      0.065     33.324      0.000
    GHQ_3$1           -1.316      0.034    -38.183      0.000
    GHQ_3$2            1.190      0.044     26.810      0.000
    GHQ_3$3            2.209      0.070     31.553      0.000
    GHQ_4$1           -1.009      0.029    -35.322      0.000
    GHQ_4$2            1.645      0.050     32.655      0.000
    GHQ_4$3            2.522      0.087     29.114      0.000
    GHQ_5$1           -1.565      0.041    -37.819      0.000
    GHQ_5$2            0.535      0.043     12.313      0.000
    GHQ_5$3            1.963      0.057     34.171      0.000
    GHQ_6$1           -0.956      0.039    -24.556      0.000
    GHQ_6$2            1.352      0.051     26.422      0.000
    GHQ_6$3            2.588      0.074     35.170      0.000
    GHQ_7$1           -1.915      0.045    -43.007      0.000
    GHQ_7$2            1.252      0.049     25.603      0.000
    GHQ_7$3            2.585      0.086     30.145      0.000
    GHQ_8$1           -1.367      0.033    -41.215      0.000
    GHQ_8$2            1.374      0.047     29.318      0.000
    GHQ_8$3            2.399      0.078     30.658      0.000
    GHQ_9$1           -0.985      0.055    -17.943      0.000
    GHQ_9$2            1.311      0.065     20.124      0.000
    GHQ_9$3            2.939      0.092     31.775      0.000
    GHQ_10$1          -0.668      0.050    -13.332      0.000
    GHQ_10$2           1.386      0.065     21.173      0.000
    GHQ_10$3           2.870      0.084     33.978      0.000
    GHQ_11$1           0.539      0.052     10.427      0.000
    GHQ_11$2           2.179      0.078     27.792      0.000
    GHQ_11$3           3.425      0.108     31.575      0.000
    GHQ_12$1          -1.376      0.040    -34.023      0.000
    GHQ_12$2           1.524      0.055     27.562      0.000
    GHQ_12$3           2.768      0.084     33.079      0.000

 Variances
    F1                 1.000      0.000    999.000    999.000

 Residual Variances
    GHQ_1              1.000      0.000    999.000    999.000
    GHQ_2              1.000      0.000    999.000    999.000
    GHQ_3              1.000      0.000    999.000    999.000
    GHQ_4              1.000      0.000    999.000    999.000
    GHQ_5              1.000      0.000    999.000    999.000
    GHQ_6              1.000      0.000    999.000    999.000
    GHQ_7              1.000      0.000    999.000    999.000
    GHQ_8              1.000      0.000    999.000    999.000
    GHQ_9              1.000      0.000    999.000    999.000
    GHQ_10             1.000      0.000    999.000    999.000
    GHQ_11             1.000      0.000    999.000    999.000
    GHQ_12             1.000      0.000    999.000    999.000

Group TEL

 F1       BY
    GHQ_1              0.714      0.032     22.292      0.000
    GHQ_2              0.821      0.037     22.428      0.000
    GHQ_3              0.675      0.030     22.713      0.000
    GHQ_4              0.588      0.028     21.256      0.000
    GHQ_5              0.813      0.035     23.536      0.000
    GHQ_6              0.964      0.041     23.243      0.000
    GHQ_7              0.841      0.037     22.886      0.000
    GHQ_8              0.632      0.028     22.800      0.000
    GHQ_9              1.451      0.061     23.621      0.000
    GHQ_10             1.371      0.059     23.139      0.000
    GHQ_11             1.384      0.064     21.614      0.000
    GHQ_12             0.952      0.042     22.868      0.000

 Means
    F1                -0.431      0.072     -5.955      0.000

 Thresholds
    GHQ_1$1           -1.602      0.040    -40.446      0.000
    GHQ_1$2            1.022      0.035     29.113      0.000
    GHQ_1$3            2.329      0.057     40.957      0.000
    GHQ_2$1           -1.053      0.036    -29.658      0.000
    GHQ_2$2            0.566      0.089      6.393      0.000
    GHQ_2$3            1.325      0.123     10.771      0.000
    GHQ_3$1           -1.316      0.034    -38.183      0.000
    GHQ_3$2            1.078      0.103     10.483      0.000
    GHQ_3$3            2.062      0.167     12.318      0.000
    GHQ_4$1           -1.009      0.029    -35.322      0.000
    GHQ_4$2            1.562      0.116     13.447      0.000
    GHQ_4$3            2.299      0.182     12.623      0.000
    GHQ_5$1           -1.565      0.041    -37.819      0.000
    GHQ_5$2            0.275      0.088      3.146      0.002
    GHQ_5$3            1.425      0.115     12.373      0.000
    GHQ_6$1           -0.956      0.039    -24.556      0.000
    GHQ_6$2            0.930      0.105      8.849      0.000
    GHQ_6$3            2.242      0.159     14.142      0.000
    GHQ_7$1           -1.915      0.045    -43.007      0.000
    GHQ_7$2            0.826      0.100      8.261      0.000
    GHQ_7$3            1.925      0.149     12.889      0.000
    GHQ_8$1           -1.367      0.033    -41.215      0.000
    GHQ_8$2            1.276      0.125     10.177      0.000
    GHQ_8$3            2.128      0.194     10.963      0.000
    GHQ_9$1           -0.985      0.055    -17.943      0.000
    GHQ_9$2            0.977      0.138      7.098      0.000
    GHQ_9$3            2.367      0.215     11.012      0.000
    GHQ_10$1          -0.668      0.050    -13.332      0.000
    GHQ_10$2           1.193      0.134      8.925      0.000
    GHQ_10$3           2.570      0.253     10.165      0.000
    GHQ_11$1           0.539      0.052     10.427      0.000
    GHQ_11$2           2.122      0.193     11.003      0.000
    GHQ_11$3           3.150      0.278     11.335      0.000
    GHQ_12$1          -1.376      0.040    -34.023      0.000
    GHQ_12$2           1.164      0.120      9.729      0.000
    GHQ_12$3           2.097      0.283      7.404      0.000

 Variances
    F1                 1.000      0.000    999.000    999.000

 Residual Variances
    GHQ_1              1.000      0.000    999.000    999.000
    GHQ_2              1.000      0.000    999.000    999.000
    GHQ_3              1.000      0.000    999.000    999.000
    GHQ_4              1.000      0.000    999.000    999.000
    GHQ_5              1.000      0.000    999.000    999.000
    GHQ_6              1.000      0.000    999.000    999.000
    GHQ_7              1.000      0.000    999.000    999.000
    GHQ_8              1.000      0.000    999.000    999.000
    GHQ_9              1.000      0.000    999.000    999.000
    GHQ_10             1.000      0.000    999.000    999.000
    GHQ_11             1.000      0.000    999.000    999.000
    GHQ_12             1.000      0.000    999.000    999.000

Group FTF

 F1       BY
    GHQ_1              0.845      0.027     31.096      0.000
    GHQ_2              0.972      0.031     31.727      0.000
    GHQ_3              0.799      0.026     30.851      0.000
    GHQ_4              0.696      0.025     27.982      0.000
    GHQ_5              0.963      0.028     34.087      0.000
    GHQ_6              1.142      0.035     32.973      0.000
    GHQ_7              0.996      0.029     34.076      0.000
    GHQ_8              0.748      0.024     31.602      0.000
    GHQ_9              1.719      0.047     36.650      0.000
    GHQ_10             1.623      0.048     33.476      0.000
    GHQ_11             1.639      0.054     30.148      0.000
    GHQ_12             1.128      0.034     32.995      0.000

 Means
    F1                -0.216      0.037     -5.904      0.000

 Thresholds
    GHQ_1$1           -1.602      0.040    -40.446      0.000
    GHQ_1$2            1.022      0.035     29.113      0.000
    GHQ_1$3            2.329      0.057     40.957      0.000
    GHQ_2$1           -1.053      0.036    -29.658      0.000
    GHQ_2$2            0.647      0.049     13.111      0.000
    GHQ_2$3            1.825      0.067     27.269      0.000
    GHQ_3$1           -1.316      0.034    -38.183      0.000
    GHQ_3$2            1.218      0.050     24.183      0.000
    GHQ_3$3            2.198      0.074     29.643      0.000
    GHQ_4$1           -1.009      0.029    -35.322      0.000
    GHQ_4$2            1.544      0.051     30.078      0.000
    GHQ_4$3            2.539      0.095     26.636      0.000
    GHQ_5$1           -1.565      0.041    -37.819      0.000
    GHQ_5$2            0.326      0.049      6.700      0.000
    GHQ_5$3            1.711      0.064     26.883      0.000
    GHQ_6$1           -0.956      0.039    -24.556      0.000
    GHQ_6$2            1.058      0.058     18.167      0.000
    GHQ_6$3            2.286      0.073     31.272      0.000
    GHQ_7$1           -1.915      0.045    -43.007      0.000
    GHQ_7$2            1.011      0.050     20.022      0.000
    GHQ_7$3            2.330      0.079     29.507      0.000
    GHQ_8$1           -1.367      0.033    -41.215      0.000
    GHQ_8$2            1.346      0.046     29.293      0.000
    GHQ_8$3            2.400      0.078     30.690      0.000
    GHQ_9$1           -0.985      0.055    -17.943      0.000
    GHQ_9$2            0.970      0.073     13.328      0.000
    GHQ_9$3            2.421      0.089     27.273      0.000
    GHQ_10$1          -0.668      0.050    -13.332      0.000
    GHQ_10$2           1.048      0.071     14.803      0.000
    GHQ_10$3           2.552      0.092     27.791      0.000
    GHQ_11$1           0.539      0.052     10.427      0.000
    GHQ_11$2           1.845      0.076     24.323      0.000
    GHQ_11$3           3.106      0.103     30.146      0.000
    GHQ_12$1          -1.376      0.040    -34.023      0.000
    GHQ_12$2           1.361      0.057     23.751      0.000
    GHQ_12$3           2.634      0.089     29.760      0.000

 Variances
    F1                 1.000      0.000    999.000    999.000

 Residual Variances
    GHQ_1              1.000      0.000    999.000    999.000
    GHQ_2              1.000      0.000    999.000    999.000
    GHQ_3              1.000      0.000    999.000    999.000
    GHQ_4              1.000      0.000    999.000    999.000
    GHQ_5              1.000      0.000    999.000    999.000
    GHQ_6              1.000      0.000    999.000    999.000
    GHQ_7              1.000      0.000    999.000    999.000
    GHQ_8              1.000      0.000    999.000    999.000
    GHQ_9              1.000      0.000    999.000    999.000
    GHQ_10             1.000      0.000    999.000    999.000
    GHQ_11             1.000      0.000    999.000    999.000
    GHQ_12             1.000      0.000    999.000    999.000


R-SQUARE

Group WEB

    Observed                                        Two-Tailed     Scale
    Variable        Estimate       S.E.  Est./S.E.    P-Value     Factors

    GHQ_1              0.450      0.016     28.145      0.000      0.742
    GHQ_2              0.519      0.014     36.903      0.000      0.693
    GHQ_3              0.422      0.016     27.060      0.000      0.760
    GHQ_4              0.357      0.015     23.111      0.000      0.802
    GHQ_5              0.515      0.014     36.884      0.000      0.697
    GHQ_6              0.599      0.014     42.892      0.000      0.634
    GHQ_7              0.532      0.015     34.758      0.000      0.684
    GHQ_8              0.390      0.015     26.463      0.000      0.781
    GHQ_9              0.772      0.010     80.012      0.000      0.478
    GHQ_10             0.751      0.010     72.866      0.000      0.499
    GHQ_11             0.754      0.011     65.942      0.000      0.496
    GHQ_12             0.593      0.014     41.521      0.000      0.638

Group TEL

    Observed                                        Two-Tailed     Scale
    Variable        Estimate       S.E.  Est./S.E.    P-Value     Factors

    GHQ_1              0.338      0.020     16.825      0.000      0.814
    GHQ_2              0.402      0.021     18.767      0.000      0.773
    GHQ_3              0.313      0.019     16.527      0.000      0.829
    GHQ_4              0.257      0.018     14.302      0.000      0.862
    GHQ_5              0.398      0.020     19.545      0.000      0.776
    GHQ_6              0.482      0.021     22.427      0.000      0.720
    GHQ_7              0.414      0.021     19.542      0.000      0.765
    GHQ_8              0.285      0.018     15.946      0.000      0.846
    GHQ_9              0.678      0.018     36.690      0.000      0.567
    GHQ_10             0.653      0.020     33.308      0.000      0.589
    GHQ_11             0.657      0.021     31.513      0.000      0.586
    GHQ_12             0.476      0.022     21.804      0.000      0.724

Group FTF

    Observed                                        Two-Tailed     Scale
    Variable        Estimate       S.E.  Est./S.E.    P-Value     Factors

    GHQ_1              0.417      0.016     26.655      0.000      0.764
    GHQ_2              0.486      0.016     30.843      0.000      0.717
    GHQ_3              0.390      0.015     25.272      0.000      0.781
    GHQ_4              0.326      0.016     20.771      0.000      0.821
    GHQ_5              0.481      0.015     32.836      0.000      0.720
    GHQ_6              0.566      0.015     37.979      0.000      0.659
    GHQ_7              0.498      0.015     33.944      0.000      0.708
    GHQ_8              0.359      0.015     24.635      0.000      0.801
    GHQ_9              0.747      0.010     72.445      0.000      0.503
    GHQ_10             0.725      0.012     60.833      0.000      0.525
    GHQ_11             0.729      0.013     55.564      0.000      0.521
    GHQ_12             0.560      0.015     37.475      0.000      0.663


MODEL MODIFICATION INDICES

NOTE:  Modification indices for direct effects of observed dependent variables
regressed on covariates and residual covariances among observed dependent
variables may not be included.  To include these, request MODINDICES (ALL).

Minimum M.I. value for printing the modification index    10.000

                                   M.I.     E.P.C.  Std E.P.C.  StdYX E.P.C.
Group WEB


WITH Statements

GHQ_3    WITH GHQ_1               29.308     0.192      0.192        0.192
GHQ_3    WITH GHQ_2               28.571    -0.281     -0.281       -0.281
GHQ_4    WITH GHQ_1               24.916     0.191      0.191        0.191
GHQ_4    WITH GHQ_2               34.756    -0.269     -0.269       -0.269
GHQ_4    WITH GHQ_3              134.858     0.365      0.365        0.365
GHQ_5    WITH GHQ_2              124.613     0.360      0.360        0.360
GHQ_5    WITH GHQ_3               41.863    -0.317     -0.317       -0.317
GHQ_5    WITH GHQ_4               45.147    -0.280     -0.280       -0.280
GHQ_6    WITH GHQ_5               29.776     0.213      0.213        0.213
GHQ_7    WITH GHQ_1               25.341     0.197      0.197        0.197
GHQ_8    WITH GHQ_2               21.078    -0.222     -0.222       -0.222
GHQ_8    WITH GHQ_4               35.779     0.194      0.194        0.194
GHQ_8    WITH GHQ_5               16.697    -0.196     -0.196       -0.196
GHQ_8    WITH GHQ_7               21.832     0.185      0.185        0.185
GHQ_9    WITH GHQ_3               18.574    -0.298     -0.298       -0.298
GHQ_9    WITH GHQ_4               37.062    -0.391     -0.391       -0.391
GHQ_9    WITH GHQ_7               12.639    -0.235     -0.235       -0.235
GHQ_10   WITH GHQ_4               10.882    -0.193     -0.193       -0.193
GHQ_10   WITH GHQ_5               10.647    -0.191     -0.191       -0.191
GHQ_10   WITH GHQ_7               21.947    -0.317     -0.317       -0.317
GHQ_11   WITH GHQ_1               11.903    -0.246     -0.246       -0.246
GHQ_11   WITH GHQ_2               12.495    -0.250     -0.250       -0.250
GHQ_11   WITH GHQ_5               21.546    -0.323     -0.323       -0.323
GHQ_11   WITH GHQ_7               29.586    -0.390     -0.390       -0.390
GHQ_11   WITH GHQ_10              51.659     0.363      0.363        0.363
GHQ_12   WITH GHQ_2               13.124    -0.193     -0.193       -0.193
GHQ_12   WITH GHQ_3               15.885     0.152      0.152        0.152
GHQ_12   WITH GHQ_5               10.111    -0.156     -0.156       -0.156
GHQ_12   WITH GHQ_8               23.518     0.188      0.188        0.188
GHQ_12   WITH GHQ_10              14.317    -0.226     -0.226       -0.226

Variances/Residual Variances

GHQ_1                             10.405    -0.167     -0.167       -0.092

Means/Intercepts/Thresholds

[ F1       ]                     999.000     0.000      0.000        0.000
[ GHQ_1$3  ]                      11.048     0.233      0.233        0.173

Group TEL


No modification indices above the minimum value.

Group FTF


WITH Statements

GHQ_3    WITH GHQ_2               13.484    -0.181     -0.181       -0.181
GHQ_4    WITH GHQ_1               16.577     0.148      0.148        0.148
GHQ_4    WITH GHQ_3               52.793     0.217      0.217        0.217
GHQ_5    WITH GHQ_2               17.506     0.126      0.126        0.126
GHQ_5    WITH GHQ_3               27.486    -0.242     -0.242       -0.242
GHQ_5    WITH GHQ_4               17.218    -0.163     -0.163       -0.163
GHQ_6    WITH GHQ_5               20.962     0.166      0.166        0.166
GHQ_8    WITH GHQ_4               33.430     0.179      0.179        0.179
GHQ_8    WITH GHQ_5               10.309    -0.145     -0.145       -0.145
GHQ_8    WITH GHQ_7               39.445     0.234      0.234        0.234
GHQ_9    WITH GHQ_1               14.332    -0.234     -0.234       -0.234
GHQ_9    WITH GHQ_3               12.920    -0.230     -0.230       -0.230
GHQ_9    WITH GHQ_4               15.473    -0.235     -0.235       -0.235
GHQ_9    WITH GHQ_8               15.940    -0.201     -0.201       -0.201
GHQ_11   WITH GHQ_1               10.790    -0.217     -0.217       -0.217
GHQ_11   WITH GHQ_7               15.888    -0.263     -0.263       -0.263
GHQ_11   WITH GHQ_10              31.059     0.258      0.258        0.258
GHQ_12   WITH GHQ_7               12.757     0.146      0.146        0.146

Variances/Residual Variances

GHQ_1                             10.739     0.166      0.166        0.097



SAMPLE STATISTICS FOR ESTIMATED FACTOR SCORES


     SAMPLE STATISTICS


           Means
              F1            F1_SE
              ________      ________
               -0.079         0.261


           Covariances
              F1            F1_SE
              ________      ________
 F1             0.628
 F1_SE         -0.017         0.001


           Correlations
              F1            F1_SE
              ________      ________
 F1             1.000
 F1_SE         -0.613         1.000


PLOT INFORMATION

The following plots are available:

  Histograms (sample values, estimated factor scores, estimated values, residuals)
  Scatterplots (sample values, estimated factor scores, estimated values, residuals)
  Sample proportions and estimated probabilities
  Item characteristic curves
  Information curves
  Measurement parameter plots
  Latent variable distribution plots

SAVEDATA INFORMATION


  Difference testing

  Save file
    ghq_1_metric.dat
  Save format      Free

     Beginning Time:  07:30:21
        Ending Time:  07:30:22
       Elapsed Time:  00:00:01



MUTHEN & MUTHEN
3463 Stoner Ave.
Los Angeles, CA  90066

Tel: (310) 391-9971
Fax: (310) 391-8971
Web: www.StatModel.com
Support: Support@StatModel.com

Copyright (c) 1998-2021 Muthen & Muthen
