Mplus VERSION 8.6
MUTHEN & MUTHEN
07/01/2021   7:30 AM

INPUT INSTRUCTIONS

  TITLE: Your title goes here

  DATA: FILE = data.dta;

  VARIABLE:

  NAMES = audit1 bully0a bully0b bully0c bully0d bully0e bully0f bully0g adult0a
       adult0b adult0c leisa0a leisa0b leisa0c leisa0d leisa0e leisa0f leisb0a leisb0b
       leisb0c leisb0d designweight samppsu sampstratum mode locus0a locus0b locus0c
       locus0d ghq_1 ghq_2 ghq_3 ghq_4 ghq_5 ghq_6 ghq_7 ghq_8 ghq_9 ghq_10 ghq_11
       ghq_12 audit2 audit3 designweight_combin;

  MISSING=.;
  USEVARIABLES ARE leisb0a
  leisb0b
  leisb0c
  leisb0d;
  CATEGORICAL ARE leisb0a
  leisb0b
  leisb0c
  leisb0d;
  GROUPING IS mode (1=Web 2=Tel 3=Ftf);
  WEIGHT IS designweight_combin;

                  STRATIFICATION IS sampstratum;

                  CLUSTER IS samppsu;

  ANALYSIS: TYPE IS COMPLEX;

                  ESTIMATOR = WLSMV;

                  ITERATIONS = 100000;

                  PARAMETERIZATION = THETA;

  DIFFTEST = leisb0a_configural.dat;
  Model:


  f1 BY leisb0a@1
  leisb0b (L2)
  leisb0c (L3)
  leisb0d (L4)
  ;


  [leisb0a$1] (t_leisb0a_1);
  [leisb0a$2] (t_leisb0a_2);
  [leisb0a$3] (t_leisb0a_3);

  [leisb0b$1] (t_leisb0b_1);
  [leisb0b$2] (t_leisb0b_2_Web);
  [leisb0b$3] (t_leisb0b_3_Web);

  [leisb0c$1] (t_leisb0c_1);
  [leisb0c$2] (t_leisb0c_2_Web);
  [leisb0c$3] (t_leisb0c_3_Web);

  [leisb0d$1] (t_leisb0d_1);
  [leisb0d$2] (t_leisb0d_2_Web);
  [leisb0d$3] (t_leisb0d_3_Web);
  leisb0a@1;
  leisb0b@1;
  leisb0c@1;
  leisb0d@1;

  Model Tel:

  f1 BY leisb0a@1
  leisb0b (L2)
  leisb0c (L3)
  leisb0d (L4)
  ;


  [leisb0a$1] (t_leisb0a_1);
  [leisb0a$2] (t_leisb0a_2);
  [leisb0a$3] (t_leisb0a_3);

  [leisb0b$1] (t_leisb0b_1);
  [leisb0b$2] (t_leisb0b_2_Tel);
  [leisb0b$3] (t_leisb0b_3_Tel);

  [leisb0c$1] (t_leisb0c_1);
  [leisb0c$2] (t_leisb0c_2_Tel);
  [leisb0c$3] (t_leisb0c_3_Tel);

  [leisb0d$1] (t_leisb0d_1);
  [leisb0d$2] (t_leisb0d_2_Tel);
  [leisb0d$3] (t_leisb0d_3_Tel);
  leisb0a@1;
  leisb0b@1;
  leisb0c@1;
  leisb0d@1;

  Model Ftf:

  f1 BY leisb0a@1
  leisb0b (L2)
  leisb0c (L3)
  leisb0d (L4)
  ;


  [leisb0a$1] (t_leisb0a_1);
  [leisb0a$2] (t_leisb0a_2);
  [leisb0a$3] (t_leisb0a_3);

  [leisb0b$1] (t_leisb0b_1);
  [leisb0b$2] (t_leisb0b_2_Ftf);
  [leisb0b$3] (t_leisb0b_3_Ftf);

  [leisb0c$1] (t_leisb0c_1);
  [leisb0c$2] (t_leisb0c_2_Ftf);
  [leisb0c$3] (t_leisb0c_3_Ftf);

  [leisb0d$1] (t_leisb0d_1);
  [leisb0d$2] (t_leisb0d_2_Ftf);
  [leisb0d$3] (t_leisb0d_3_Ftf);
  leisb0a@1;
  leisb0b@1;
  leisb0c@1;
  leisb0d@1;
  SAVEDATA: DIFFTEST IS leisb0a_metric.dat;
  OUTPUT: SAMPSTAT;

  MODINDICES;

  STD;

  Plot: type = plot3;




*** WARNING
  Data set contains cases with missing on all variables.
  These cases were not included in the analysis.
  Number of cases with missing on all variables:  201
   1 WARNING(S) FOUND IN THE INPUT INSTRUCTIONS



Your title goes here

SUMMARY OF ANALYSIS

Number of groups                                                 3
Number of observations
   Group WEB                                                  4560
   Group TEL                                                   647
   Group FTF                                                  2161
   Total sample size                                          7368

Number of dependent variables                                    4
Number of independent variables                                  0
Number of continuous latent variables                            1

Observed dependent variables

  Binary and ordered categorical (ordinal)
   LEISB0A     LEISB0B     LEISB0C     LEISB0D

Continuous latent variables
   F1

Variables with special functions

  Grouping variable     MODE
  Stratification        SAMPSTRA
  Cluster variable      SAMPPSU
  Weight variable       DESIGNWE

Estimator                                                    WLSMV
Maximum number of iterations                                100000
Convergence criterion                                    0.500D-04
Maximum number of steepest descent iterations                   20
Maximum number of iterations for H1                           2000
Convergence criterion for H1                             0.100D-03
Parameterization                                             THETA
Link                                                        PROBIT

Input data file(s)
  data.dta

Input data format  FREE


SUMMARY OF DATA

   Total number of strata                       37
   Total number of clusters                    656

   Group WEB
     Number of missing data patterns             6
     Number of strata                           37
     Number of clusters                        650

   Group TEL
     Number of missing data patterns             2
     Number of strata                           37
     Number of clusters                        407

   Group FTF
     Number of missing data patterns             2
     Number of strata                           36
     Number of clusters                        618


COVARIANCE COVERAGE OF DATA

Minimum covariance coverage value   0.100


     PROPORTION OF DATA PRESENT FOR WEB


           Covariance Coverage
              LEISB0A       LEISB0B       LEISB0C       LEISB0D
              ________      ________      ________      ________
 LEISB0A        1.000
 LEISB0B        0.999         1.000
 LEISB0C        1.000         0.999         1.000
 LEISB0D        0.999         0.999         0.999         0.999


     PROPORTION OF DATA PRESENT FOR TEL


           Covariance Coverage
              LEISB0A       LEISB0B       LEISB0C       LEISB0D
              ________      ________      ________      ________
 LEISB0A        1.000
 LEISB0B        0.998         0.998
 LEISB0C        1.000         0.998         1.000
 LEISB0D        1.000         0.998         1.000         1.000


     PROPORTION OF DATA PRESENT FOR FTF


           Covariance Coverage
              LEISB0A       LEISB0B       LEISB0C       LEISB0D
              ________      ________      ________      ________
 LEISB0A        1.000
 LEISB0B        1.000         1.000
 LEISB0C        1.000         1.000         1.000
 LEISB0D        1.000         1.000         1.000         1.000


UNIVARIATE PROPORTIONS AND COUNTS FOR CATEGORICAL VARIABLES

  Group WEB
    LEISB0A
      Category 1    0.038          171.023
      Category 2    0.053          241.705
      Category 3    0.184          836.802
      Category 4    0.726         3310.027
    LEISB0B
      Category 1    0.053          240.733
      Category 2    0.098          448.578
      Category 3    0.249         1136.114
      Category 4    0.600         2733.448
    LEISB0C
      Category 1    0.025          112.597
      Category 2    0.235         1069.377
      Category 3    0.457         2083.231
      Category 4    0.284         1293.857
    LEISB0D
      Category 1    0.003           15.270
      Category 2    0.012           56.659
      Category 3    0.131          595.424
      Category 4    0.854         3889.158

  Group TEL
    LEISB0A
      Category 1    0.034           22.044
      Category 2    0.072           46.736
      Category 3    0.138           89.389
      Category 4    0.756          488.832
    LEISB0B
      Category 1    0.084           54.535
      Category 2    0.137           88.831
      Category 3    0.259          167.543
      Category 4    0.519          335.458
    LEISB0C
      Category 1    0.029           18.901
      Category 2    0.357          230.804
      Category 3    0.397          256.719
      Category 4    0.217          140.577
    LEISB0D
      Category 1    0.004            2.481
      Category 2    0.015            9.880
      Category 3    0.110           71.243
      Category 4    0.871          563.396

  Group FTF
    LEISB0A
      Category 1    0.040           86.824
      Category 2    0.037           79.867
      Category 3    0.106          229.189
      Category 4    0.817         1765.120
    LEISB0B
      Category 1    0.073          157.036
      Category 2    0.113          244.845
      Category 3    0.179          387.256
      Category 4    0.635         1371.121
    LEISB0C
      Category 1    0.041           87.676
      Category 2    0.260          561.278
      Category 3    0.367          792.575
      Category 4    0.333          718.730
    LEISB0D
      Category 1    0.004            9.054
      Category 2    0.010           22.347
      Category 3    0.077          166.814
      Category 4    0.908         1962.044


SAMPLE STATISTICS


     ESTIMATED SAMPLE STATISTICS FOR WEB


           MEANS/INTERCEPTS/THRESHOLDS
              LEISB0A$      LEISB0A$      LEISB0A$      LEISB0B$      LEISB0B$
              ________      ________      ________      ________      ________
               -1.780        -1.338        -0.601        -1.618        -1.031


           MEANS/INTERCEPTS/THRESHOLDS
              LEISB0B$      LEISB0C$      LEISB0C$      LEISB0C$      LEISB0D$
              ________      ________      ________      ________      ________
               -0.252        -1.965        -0.646         0.572        -2.711


           MEANS/INTERCEPTS/THRESHOLDS
              LEISB0D$      LEISB0D$
              ________      ________
               -2.150        -1.052


           CORRELATION MATRIX (WITH VARIANCES ON THE DIAGONAL)
              LEISB0A       LEISB0B       LEISB0C       LEISB0D
              ________      ________      ________      ________
 LEISB0A
 LEISB0B        0.692
 LEISB0C        0.380         0.414
 LEISB0D        0.626         0.513         0.413


     ESTIMATED SAMPLE STATISTICS FOR TEL


           MEANS/INTERCEPTS/THRESHOLDS
              LEISB0A$      LEISB0A$      LEISB0A$      LEISB0B$      LEISB0B$
              ________      ________      ________      ________      ________
               -1.824        -1.246        -0.692        -1.376        -0.766


           MEANS/INTERCEPTS/THRESHOLDS
              LEISB0B$      LEISB0C$      LEISB0C$      LEISB0C$      LEISB0D$
              ________      ________      ________      ________      ________
               -0.048        -1.892        -0.290         0.781        -2.666


           MEANS/INTERCEPTS/THRESHOLDS
              LEISB0D$      LEISB0D$
              ________      ________
               -2.073        -1.130


           CORRELATION MATRIX (WITH VARIANCES ON THE DIAGONAL)
              LEISB0A       LEISB0B       LEISB0C       LEISB0D
              ________      ________      ________      ________
 LEISB0A
 LEISB0B        0.549
 LEISB0C        0.250         0.260
 LEISB0D        0.575         0.408         0.188


     ESTIMATED SAMPLE STATISTICS FOR FTF


           MEANS/INTERCEPTS/THRESHOLDS
              LEISB0A$      LEISB0A$      LEISB0A$      LEISB0B$      LEISB0B$
              ________      ________      ________      ________      ________
               -1.749        -1.425        -0.903        -1.456        -0.893


           MEANS/INTERCEPTS/THRESHOLDS
              LEISB0B$      LEISB0C$      LEISB0C$      LEISB0C$      LEISB0D$
              ________      ________      ________      ________      ________
               -0.344        -1.744        -0.523         0.432        -2.636


           MEANS/INTERCEPTS/THRESHOLDS
              LEISB0D$      LEISB0D$
              ________      ________
               -2.183        -1.330


           CORRELATION MATRIX (WITH VARIANCES ON THE DIAGONAL)
              LEISB0A       LEISB0B       LEISB0C       LEISB0D
              ________      ________      ________      ________
 LEISB0A
 LEISB0B        0.693
 LEISB0C        0.401         0.383
 LEISB0D        0.569         0.415         0.364


THE MODEL ESTIMATION TERMINATED NORMALLY



MODEL FIT INFORMATION

Number of Free Parameters                       32

Chi-Square Test of Model Fit

          Value                             92.382*
          Degrees of Freedom                    22
          P-Value                           0.0000

Chi-Square Contribution From Each Group

          WEB                               43.109
          TEL                               10.153
          FTF                               39.120

Chi-Square Test for Difference Testing

          Value                             11.402*
          Degrees of Freedom                     6
          P-Value                           0.0767

*   The chi-square value for MLM, MLMV, MLR, ULSMV, WLSM and WLSMV cannot be used
    for chi-square difference testing in the regular way.  MLM, MLR and WLSM
    chi-square difference testing is described on the Mplus website.  MLMV, WLSMV,
    and ULSMV difference testing is done using the DIFFTEST option.  The DIFFTEST
    option assumes the models are nested.  The NESTED option can be used to verify
    that the models are nested.

RMSEA (Root Mean Square Error Of Approximation)

          Estimate                           0.036
          90 Percent C.I.                    0.029  0.044
          Probability RMSEA <= .05           0.999

CFI/TLI

          CFI                                0.985
          TLI                                0.988

Chi-Square Test of Model Fit for the Baseline Model

          Value                           4859.818
          Degrees of Freedom                    18
          P-Value                           0.0000

SRMR (Standardized Root Mean Square Residual)

          Value                              0.027

Optimum Function Value for Weighted Least-Squares Estimator

          Value                     0.52313206D-02



MODEL RESULTS

                                                    Two-Tailed
                    Estimate       S.E.  Est./S.E.    P-Value

Group WEB

 F1       BY
    LEISB0A            1.000      0.000    999.000    999.000
    LEISB0B            0.643      0.067      9.648      0.000
    LEISB0C            0.296      0.027     10.905      0.000
    LEISB0D            0.504      0.054      9.402      0.000

 Means
    F1                 0.000      0.000    999.000    999.000

 Thresholds
    LEISB0A$1         -3.692      0.223    -16.587      0.000
    LEISB0A$2         -2.836      0.184    -15.371      0.000
    LEISB0A$3         -1.481      0.121    -12.223      0.000
    LEISB0B$1         -2.341      0.078    -30.099      0.000
    LEISB0B$2         -1.623      0.068    -23.808      0.000
    LEISB0B$3         -0.397      0.051     -7.746      0.000
    LEISB0C$1         -2.112      0.051    -41.329      0.000
    LEISB0C$2         -0.739      0.037    -20.143      0.000
    LEISB0C$3          0.655      0.037     17.797      0.000
    LEISB0D$1         -3.640      0.123    -29.587      0.000
    LEISB0D$2         -2.969      0.098    -30.149      0.000
    LEISB0D$3         -1.453      0.059    -24.504      0.000

 Variances
    F1                 3.567      0.562      6.350      0.000

 Residual Variances
    LEISB0A            1.000      0.000    999.000    999.000
    LEISB0B            1.000      0.000    999.000    999.000
    LEISB0C            1.000      0.000    999.000    999.000
    LEISB0D            1.000      0.000    999.000    999.000

Group TEL

 F1       BY
    LEISB0A            1.000      0.000    999.000    999.000
    LEISB0B            0.643      0.067      9.648      0.000
    LEISB0C            0.296      0.027     10.905      0.000
    LEISB0D            0.504      0.054      9.402      0.000

 Means
    F1                -0.435      0.175     -2.489      0.013

 Thresholds
    LEISB0A$1         -3.692      0.223    -16.587      0.000
    LEISB0A$2         -2.836      0.184    -15.371      0.000
    LEISB0A$3         -1.481      0.121    -12.223      0.000
    LEISB0B$1         -2.341      0.078    -30.099      0.000
    LEISB0B$2         -1.338      0.118    -11.374      0.000
    LEISB0B$3         -0.343      0.105     -3.257      0.001
    LEISB0C$1         -2.112      0.051    -41.329      0.000
    LEISB0C$2         -0.444      0.091     -4.862      0.000
    LEISB0C$3          0.724      0.108      6.723      0.000
    LEISB0D$1         -3.640      0.123    -29.587      0.000
    LEISB0D$2         -2.802      0.156    -17.948      0.000
    LEISB0D$3         -1.630      0.119    -13.673      0.000

 Variances
    F1                 2.183      0.454      4.811      0.000

 Residual Variances
    LEISB0A            1.000      0.000    999.000    999.000
    LEISB0B            1.000      0.000    999.000    999.000
    LEISB0C            1.000      0.000    999.000    999.000
    LEISB0D            1.000      0.000    999.000    999.000

Group FTF

 F1       BY
    LEISB0A            1.000      0.000    999.000    999.000
    LEISB0B            0.643      0.067      9.648      0.000
    LEISB0C            0.296      0.027     10.905      0.000
    LEISB0D            0.504      0.054      9.402      0.000

 Means
    F1                 0.214      0.128      1.672      0.095

 Thresholds
    LEISB0A$1         -3.692      0.223    -16.587      0.000
    LEISB0A$2         -2.836      0.184    -15.371      0.000
    LEISB0A$3         -1.481      0.121    -12.223      0.000
    LEISB0B$1         -2.341      0.078    -30.099      0.000
    LEISB0B$2         -1.272      0.079    -16.009      0.000
    LEISB0B$3         -0.406      0.075     -5.421      0.000
    LEISB0C$1         -2.112      0.051    -41.329      0.000
    LEISB0C$2         -0.537      0.048    -11.126      0.000
    LEISB0C$3          0.559      0.050     11.109      0.000
    LEISB0D$1         -3.640      0.123    -29.587      0.000
    LEISB0D$2         -2.913      0.128    -22.726      0.000
    LEISB0D$3         -1.734      0.080    -21.716      0.000

 Variances
    F1                 3.606      0.625      5.770      0.000

 Residual Variances
    LEISB0A            1.000      0.000    999.000    999.000
    LEISB0B            1.000      0.000    999.000    999.000
    LEISB0C            1.000      0.000    999.000    999.000
    LEISB0D            1.000      0.000    999.000    999.000


QUALITY OF NUMERICAL RESULTS

     Condition Number for the Information Matrix              0.185E-03
       (ratio of smallest to largest eigenvalue)


STANDARDIZED MODEL RESULTS


STD Standardization

                                                    Two-Tailed
                    Estimate       S.E.  Est./S.E.    P-Value

Group WEB

 F1       BY
    LEISB0A            1.889      0.149     12.700      0.000
    LEISB0B            1.214      0.060     20.373      0.000
    LEISB0C            0.558      0.030     18.854      0.000
    LEISB0D            0.952      0.052     18.219      0.000

 Means
    F1                 0.000      0.000    999.000    999.000

 Thresholds
    LEISB0A$1         -3.692      0.223    -16.587      0.000
    LEISB0A$2         -2.836      0.184    -15.371      0.000
    LEISB0A$3         -1.481      0.121    -12.223      0.000
    LEISB0B$1         -2.341      0.078    -30.099      0.000
    LEISB0B$2         -1.623      0.068    -23.808      0.000
    LEISB0B$3         -0.397      0.051     -7.746      0.000
    LEISB0C$1         -2.112      0.051    -41.329      0.000
    LEISB0C$2         -0.739      0.037    -20.143      0.000
    LEISB0C$3          0.655      0.037     17.797      0.000
    LEISB0D$1         -3.640      0.123    -29.587      0.000
    LEISB0D$2         -2.969      0.098    -30.149      0.000
    LEISB0D$3         -1.453      0.059    -24.504      0.000

 Variances
    F1                 1.000      0.000    999.000    999.000

 Residual Variances
    LEISB0A            1.000      0.000    999.000    999.000
    LEISB0B            1.000      0.000    999.000    999.000
    LEISB0C            1.000      0.000    999.000    999.000
    LEISB0D            1.000      0.000    999.000    999.000

Group TEL

 F1       BY
    LEISB0A            1.477      0.154      9.623      0.000
    LEISB0B            0.949      0.076     12.509      0.000
    LEISB0C            0.437      0.037     11.930      0.000
    LEISB0D            0.745      0.063     11.871      0.000

 Means
    F1                -0.295      0.129     -2.280      0.023

 Thresholds
    LEISB0A$1         -3.692      0.223    -16.587      0.000
    LEISB0A$2         -2.836      0.184    -15.371      0.000
    LEISB0A$3         -1.481      0.121    -12.223      0.000
    LEISB0B$1         -2.341      0.078    -30.099      0.000
    LEISB0B$2         -1.338      0.118    -11.374      0.000
    LEISB0B$3         -0.343      0.105     -3.257      0.001
    LEISB0C$1         -2.112      0.051    -41.329      0.000
    LEISB0C$2         -0.444      0.091     -4.862      0.000
    LEISB0C$3          0.724      0.108      6.723      0.000
    LEISB0D$1         -3.640      0.123    -29.587      0.000
    LEISB0D$2         -2.802      0.156    -17.948      0.000
    LEISB0D$3         -1.630      0.119    -13.673      0.000

 Variances
    F1                 1.000      0.000    999.000    999.000

 Residual Variances
    LEISB0A            1.000      0.000    999.000    999.000
    LEISB0B            1.000      0.000    999.000    999.000
    LEISB0C            1.000      0.000    999.000    999.000
    LEISB0D            1.000      0.000    999.000    999.000

Group FTF

 F1       BY
    LEISB0A            1.899      0.165     11.540      0.000
    LEISB0B            1.220      0.067     18.149      0.000
    LEISB0C            0.561      0.032     17.468      0.000
    LEISB0D            0.958      0.061     15.592      0.000

 Means
    F1                 0.112      0.065      1.743      0.081

 Thresholds
    LEISB0A$1         -3.692      0.223    -16.587      0.000
    LEISB0A$2         -2.836      0.184    -15.371      0.000
    LEISB0A$3         -1.481      0.121    -12.223      0.000
    LEISB0B$1         -2.341      0.078    -30.099      0.000
    LEISB0B$2         -1.272      0.079    -16.009      0.000
    LEISB0B$3         -0.406      0.075     -5.421      0.000
    LEISB0C$1         -2.112      0.051    -41.329      0.000
    LEISB0C$2         -0.537      0.048    -11.126      0.000
    LEISB0C$3          0.559      0.050     11.109      0.000
    LEISB0D$1         -3.640      0.123    -29.587      0.000
    LEISB0D$2         -2.913      0.128    -22.726      0.000
    LEISB0D$3         -1.734      0.080    -21.716      0.000

 Variances
    F1                 1.000      0.000    999.000    999.000

 Residual Variances
    LEISB0A            1.000      0.000    999.000    999.000
    LEISB0B            1.000      0.000    999.000    999.000
    LEISB0C            1.000      0.000    999.000    999.000
    LEISB0D            1.000      0.000    999.000    999.000


R-SQUARE

Group WEB

    Observed                                        Two-Tailed     Scale
    Variable        Estimate       S.E.  Est./S.E.    P-Value     Factors

    LEISB0A            0.781      0.027     29.000      0.000      0.468
    LEISB0B            0.596      0.024     25.192      0.000      0.636
    LEISB0C            0.238      0.019     12.367      0.000      0.873
    LEISB0D            0.476      0.027     17.374      0.000      0.724

Group TEL

    Observed                                        Two-Tailed     Scale
    Variable        Estimate       S.E.  Est./S.E.    P-Value     Factors

    LEISB0A            0.686      0.045     15.314      0.000      0.561
    LEISB0B            0.474      0.040     11.893      0.000      0.725
    LEISB0C            0.160      0.023      7.103      0.000      0.916
    LEISB0D            0.357      0.039      9.231      0.000      0.802

Group FTF

    Observed                                        Two-Tailed     Scale
    Variable        Estimate       S.E.  Est./S.E.    P-Value     Factors

    LEISB0A            0.783      0.029     26.577      0.000      0.466
    LEISB0B            0.598      0.026     22.589      0.000      0.634
    LEISB0C            0.240      0.021     11.487      0.000      0.872
    LEISB0D            0.478      0.032     14.946      0.000      0.722


MODEL MODIFICATION INDICES

NOTE:  Modification indices for direct effects of observed dependent variables
regressed on covariates and residual covariances among observed dependent
variables may not be included.  To include these, request MODINDICES (ALL).

Minimum M.I. value for printing the modification index    10.000

                                   M.I.     E.P.C.  Std E.P.C.  StdYX E.P.C.
Group WEB


ON/BY Statements

F1       ON F1       /
F1       BY F1                   999.000     0.000      0.000        0.000

Variances/Residual Variances

LEISB0B                           10.512    -0.390     -0.390       -0.158

Means/Intercepts/Thresholds

[ LEISB0A$ ]                      29.202     0.151      0.151        0.070
[ LEISB0B$ ]                      13.641    -0.218     -0.218       -0.139

Group TEL


No modification indices above the minimum value.

Group FTF


ON/BY Statements

F1       ON F1       /
F1       BY F1                   999.000     0.000      0.000        0.000

Means/Intercepts/Thresholds

[ LEISB0A$ ]                      19.479    -0.353     -0.353       -0.164
[ LEISB0C$ ]                      11.371     0.178      0.178        0.155



SAMPLE STATISTICS FOR ESTIMATED FACTOR SCORES


     SAMPLE STATISTICS


           Means
              F1            F1_SE
              ________      ________
               -0.220         1.068


           Covariances
              F1            F1_SE
              ________      ________
 F1             2.030
 F1_SE          0.343         0.069


           Correlations
              F1            F1_SE
              ________      ________
 F1             1.000
 F1_SE          0.919         1.000


PLOT INFORMATION

The following plots are available:

  Histograms (sample values, estimated factor scores, estimated values, residuals)
  Scatterplots (sample values, estimated factor scores, estimated values, residuals)
  Sample proportions and estimated probabilities
  Item characteristic curves
  Information curves
  Measurement parameter plots
  Latent variable distribution plots

SAVEDATA INFORMATION


  Difference testing

  Save file
    leisb0a_metric.dat
  Save format      Free

     Beginning Time:  07:30:23
        Ending Time:  07:30:24
       Elapsed Time:  00:00:01



MUTHEN & MUTHEN
3463 Stoner Ave.
Los Angeles, CA  90066

Tel: (310) 391-9971
Fax: (310) 391-8971
Web: www.StatModel.com
Support: Support@StatModel.com

Copyright (c) 1998-2021 Muthen & Muthen
