Mplus VERSION 8.6
MUTHEN & MUTHEN
07/01/2021   7:30 AM

INPUT INSTRUCTIONS

  TITLE: Your title goes here

  DATA: FILE = data.dta;

  VARIABLE:

  NAMES = audit1 bully0a bully0b bully0c bully0d bully0e bully0f bully0g adult0a
       adult0b adult0c leisa0a leisa0b leisa0c leisa0d leisa0e leisa0f leisb0a leisb0b
       leisb0c leisb0d designweight samppsu sampstratum mode locus0a locus0b locus0c
       locus0d ghq_1 ghq_2 ghq_3 ghq_4 ghq_5 ghq_6 ghq_7 ghq_8 ghq_9 ghq_10 ghq_11
       ghq_12 audit2 audit3 designweight_combin;

  MISSING=.;
  USEVARIABLES ARE adult0a
  adult0b
  adult0c;
  CATEGORICAL ARE adult0a
  adult0b
  adult0c;
  GROUPING IS mode (1=Web 2=Tel 3=Ftf);
  WEIGHT IS designweight_combin;

                  STRATIFICATION IS sampstratum;

                  CLUSTER IS samppsu;

  ANALYSIS: TYPE IS COMPLEX;

                  ESTIMATOR = WLSMV;

                  ITERATIONS = 100000;

                  PARAMETERIZATION = THETA;

  DIFFTEST = adult0a_configural.dat;
  Model:


  f1 BY adult0a@1
  adult0b (L2)
  adult0c (L3)
  ;


  [adult0a$1] (t_adult0a_1);
  [adult0a$2] (t_adult0a_2);
  [adult0a$3] (t_adult0a_3);

  [adult0b$1] (t_adult0b_1);
  [adult0b$2] (t_adult0b_2_Web);
  [adult0b$3] (t_adult0b_3_Web);

  [adult0c$1] (t_adult0c_1);
  [adult0c$2] (t_adult0c_2_Web);
  [adult0c$3] (t_adult0c_3_Web);
  adult0a@1;
  adult0b@1;
  adult0c@1;

  Model Tel:

  f1 BY adult0a@1
  adult0b (L2)
  adult0c (L3)
  ;


  [adult0a$1] (t_adult0a_1);
  [adult0a$2] (t_adult0a_2);
  [adult0a$3] (t_adult0a_3);

  [adult0b$1] (t_adult0b_1);
  [adult0b$2] (t_adult0b_2_Tel);
  [adult0b$3] (t_adult0b_3_Tel);

  [adult0c$1] (t_adult0c_1);
  [adult0c$2] (t_adult0c_2_Tel);
  [adult0c$3] (t_adult0c_3_Tel);
  adult0a@1;
  adult0b@1;
  adult0c@1;

  Model Ftf:

  f1 BY adult0a@1
  adult0b (L2)
  adult0c (L3)
  ;


  [adult0a$1] (t_adult0a_1);
  [adult0a$2] (t_adult0a_2);
  [adult0a$3] (t_adult0a_3);

  [adult0b$1] (t_adult0b_1);
  [adult0b$2] (t_adult0b_2_Ftf);
  [adult0b$3] (t_adult0b_3_Ftf);

  [adult0c$1] (t_adult0c_1);
  [adult0c$2] (t_adult0c_2_Ftf);
  [adult0c$3] (t_adult0c_3_Ftf);
  adult0a@1;
  adult0b@1;
  adult0c@1;
  SAVEDATA: DIFFTEST IS adult0a_metric.dat;
  OUTPUT: SAMPSTAT;

  MODINDICES;

  STD;

  Plot: type = plot3;




*** WARNING
  Data set contains cases with missing on all variables.
  These cases were not included in the analysis.
  Number of cases with missing on all variables:  193
   1 WARNING(S) FOUND IN THE INPUT INSTRUCTIONS



Your title goes here

SUMMARY OF ANALYSIS

Number of groups                                                 3
Number of observations
   Group WEB                                                  4567
   Group TEL                                                   648
   Group FTF                                                  2161
   Total sample size                                          7376

Number of dependent variables                                    3
Number of independent variables                                  0
Number of continuous latent variables                            1

Observed dependent variables

  Binary and ordered categorical (ordinal)
   ADULT0A     ADULT0B     ADULT0C

Continuous latent variables
   F1

Variables with special functions

  Grouping variable     MODE
  Stratification        SAMPSTRA
  Cluster variable      SAMPPSU
  Weight variable       DESIGNWE

Estimator                                                    WLSMV
Maximum number of iterations                                100000
Convergence criterion                                    0.500D-04
Maximum number of steepest descent iterations                   20
Maximum number of iterations for H1                           2000
Convergence criterion for H1                             0.100D-03
Parameterization                                             THETA
Link                                                        PROBIT

Input data file(s)
  data.dta

Input data format  FREE


SUMMARY OF DATA

   Total number of strata                       37
   Total number of clusters                    656

   Group WEB
     Number of missing data patterns             5
     Number of strata                           37
     Number of clusters                        650

   Group TEL
     Number of missing data patterns             2
     Number of strata                           37
     Number of clusters                        407

   Group FTF
     Number of missing data patterns             1
     Number of strata                           36
     Number of clusters                        618


COVARIANCE COVERAGE OF DATA

Minimum covariance coverage value   0.100


     PROPORTION OF DATA PRESENT FOR WEB


           Covariance Coverage
              ADULT0A       ADULT0B       ADULT0C
              ________      ________      ________
 ADULT0A        1.000
 ADULT0B        0.999         0.999
 ADULT0C        0.999         0.999         0.999


     PROPORTION OF DATA PRESENT FOR TEL


           Covariance Coverage
              ADULT0A       ADULT0B       ADULT0C
              ________      ________      ________
 ADULT0A        1.000
 ADULT0B        0.998         0.998
 ADULT0C        1.000         0.998         1.000


     PROPORTION OF DATA PRESENT FOR FTF


           Covariance Coverage
              ADULT0A       ADULT0B       ADULT0C
              ________      ________      ________
 ADULT0A        1.000
 ADULT0B        1.000         1.000
 ADULT0C        1.000         1.000         1.000


UNIVARIATE PROPORTIONS AND COUNTS FOR CATEGORICAL VARIABLES

  Group WEB
    ADULT0A
      Category 1    0.011           50.590
      Category 2    0.122          555.359
      Category 3    0.295         1346.581
      Category 4    0.572         2614.310
    ADULT0B
      Category 1    0.047          216.634
      Category 2    0.191          870.900
      Category 3    0.427         1947.634
      Category 4    0.335         1529.283
    ADULT0C
      Category 1    0.075          342.270
      Category 2    0.226         1030.278
      Category 3    0.399         1819.263
      Category 4    0.299         1363.881

  Group TEL
    ADULT0A
      Category 1    0.004            2.493
      Category 2    0.076           49.312
      Category 3    0.278          180.112
      Category 4    0.642          416.083
    ADULT0B
      Category 1    0.029           18.608
      Category 2    0.180          116.753
      Category 3    0.486          314.707
      Category 4    0.305          197.525
    ADULT0C
      Category 1    0.027           17.588
      Category 2    0.230          148.755
      Category 3    0.374          242.242
      Category 4    0.369          239.414

  Group FTF
    ADULT0A
      Category 1    0.014           29.387
      Category 2    0.109          236.312
      Category 3    0.268          579.658
      Category 4    0.609         1315.642
    ADULT0B
      Category 1    0.025           54.477
      Category 2    0.152          328.938
      Category 3    0.393          848.584
      Category 4    0.430          929.001
    ADULT0C
      Category 1    0.039           85.356
      Category 2    0.221          477.313
      Category 3    0.361          779.159
      Category 4    0.379          819.172


SAMPLE STATISTICS


     ESTIMATED SAMPLE STATISTICS FOR WEB


           MEANS/INTERCEPTS/THRESHOLDS
              ADULT0A$      ADULT0A$      ADULT0A$      ADULT0B$      ADULT0B$
              ________      ________      ________      ________      ________
               -2.288        -1.114        -0.183        -1.670        -0.712


           MEANS/INTERCEPTS/THRESHOLDS
              ADULT0B$      ADULT0C$      ADULT0C$      ADULT0C$
              ________      ________      ________      ________
                0.426        -1.439        -0.521         0.526


           CORRELATION MATRIX (WITH VARIANCES ON THE DIAGONAL)
              ADULT0A       ADULT0B       ADULT0C
              ________      ________      ________
 ADULT0A
 ADULT0B        0.672
 ADULT0C        0.743         0.583


     ESTIMATED SAMPLE STATISTICS FOR TEL


           MEANS/INTERCEPTS/THRESHOLDS
              ADULT0A$      ADULT0A$      ADULT0A$      ADULT0B$      ADULT0B$
              ________      ________      ________      ________      ________
               -2.665        -1.405        -0.364        -1.900        -0.810


           MEANS/INTERCEPTS/THRESHOLDS
              ADULT0B$      ADULT0C$      ADULT0C$      ADULT0C$
              ________      ________      ________      ________
                0.510        -1.925        -0.654         0.333


           CORRELATION MATRIX (WITH VARIANCES ON THE DIAGONAL)
              ADULT0A       ADULT0B       ADULT0C
              ________      ________      ________
 ADULT0A
 ADULT0B        0.391
 ADULT0C        0.513         0.355


     ESTIMATED SAMPLE STATISTICS FOR FTF


           MEANS/INTERCEPTS/THRESHOLDS
              ADULT0A$      ADULT0A$      ADULT0A$      ADULT0B$      ADULT0B$
              ________      ________      ________      ________      ________
               -2.209        -1.160        -0.276        -1.956        -0.925


           MEANS/INTERCEPTS/THRESHOLDS
              ADULT0B$      ADULT0C$      ADULT0C$      ADULT0C$
              ________      ________      ________      ________
                0.177        -1.757        -0.642         0.308


           CORRELATION MATRIX (WITH VARIANCES ON THE DIAGONAL)
              ADULT0A       ADULT0B       ADULT0C
              ________      ________      ________
 ADULT0A
 ADULT0B        0.643
 ADULT0C        0.663         0.561


THE MODEL ESTIMATION TERMINATED NORMALLY



MODEL FIT INFORMATION

Number of Free Parameters                       24

Chi-Square Test of Model Fit

          Value                             47.135*
          Degrees of Freedom                    12
          P-Value                           0.0000

Chi-Square Contribution From Each Group

          WEB                               18.663
          TEL                               10.763
          FTF                               17.709

Chi-Square Test for Difference Testing

          Value                             21.231*
          Degrees of Freedom                     4
          P-Value                           0.0003

*   The chi-square value for MLM, MLMV, MLR, ULSMV, WLSM and WLSMV cannot be used
    for chi-square difference testing in the regular way.  MLM, MLR and WLSM
    chi-square difference testing is described on the Mplus website.  MLMV, WLSMV,
    and ULSMV difference testing is done using the DIFFTEST option.  The DIFFTEST
    option assumes the models are nested.  The NESTED option can be used to verify
    that the models are nested.

RMSEA (Root Mean Square Error Of Approximation)

          Estimate                           0.035
          90 Percent C.I.                    0.024  0.045
          Probability RMSEA <= .05           0.993

CFI/TLI

          CFI                                0.996
          TLI                                0.997

Chi-Square Test of Model Fit for the Baseline Model

          Value                           9915.952
          Degrees of Freedom                     9
          P-Value                           0.0000

SRMR (Standardized Root Mean Square Residual)

          Value                              0.012

Optimum Function Value for Weighted Least-Squares Estimator

          Value                     0.24253066D-02



MODEL RESULTS

                                                    Two-Tailed
                    Estimate       S.E.  Est./S.E.    P-Value

Group WEB

 F1       BY
    ADULT0A            1.000      0.000    999.000    999.000
    ADULT0B            0.526      0.036     14.477      0.000
    ADULT0C            0.658      0.048     13.735      0.000

 Means
    F1                 0.000      0.000    999.000    999.000

 Thresholds
    ADULT0A$1         -4.884      0.227    -21.500      0.000
    ADULT0A$2         -2.457      0.125    -19.723      0.000
    ADULT0A$3         -0.463      0.070     -6.635      0.000
    ADULT0B$1         -2.554      0.066    -38.744      0.000
    ADULT0B$2         -1.056      0.050    -20.983      0.000
    ADULT0B$3          0.632      0.045     14.125      0.000
    ADULT0C$1         -2.554      0.069    -37.280      0.000
    ADULT0C$2         -0.884      0.054    -16.404      0.000
    ADULT0C$3          0.893      0.054     16.625      0.000

 Variances
    F1                 4.348      0.480      9.055      0.000

 Residual Variances
    ADULT0A            1.000      0.000    999.000    999.000
    ADULT0B            1.000      0.000    999.000    999.000
    ADULT0C            1.000      0.000    999.000    999.000

Group TEL

 F1       BY
    ADULT0A            1.000      0.000    999.000    999.000
    ADULT0B            0.526      0.036     14.477      0.000
    ADULT0C            0.658      0.048     13.735      0.000

 Means
    F1                -0.021      0.126     -0.168      0.867

 Thresholds
    ADULT0A$1         -4.884      0.227    -21.500      0.000
    ADULT0A$2         -2.457      0.125    -19.723      0.000
    ADULT0A$3         -0.463      0.070     -6.635      0.000
    ADULT0B$1         -2.554      0.066    -38.744      0.000
    ADULT0B$2         -1.003      0.108     -9.318      0.000
    ADULT0B$3          0.613      0.099      6.190      0.000
    ADULT0C$1         -2.554      0.069    -37.280      0.000
    ADULT0C$2         -0.887      0.113     -7.882      0.000
    ADULT0C$3          0.433      0.102      4.232      0.000

 Variances
    F1                 1.816      0.306      5.939      0.000

 Residual Variances
    ADULT0A            1.000      0.000    999.000    999.000
    ADULT0B            1.000      0.000    999.000    999.000
    ADULT0C            1.000      0.000    999.000    999.000

Group FTF

 F1       BY
    ADULT0A            1.000      0.000    999.000    999.000
    ADULT0B            0.526      0.036     14.477      0.000
    ADULT0C            0.658      0.048     13.735      0.000

 Means
    F1                 0.147      0.096      1.538      0.124

 Thresholds
    ADULT0A$1         -4.884      0.227    -21.500      0.000
    ADULT0A$2         -2.457      0.125    -19.723      0.000
    ADULT0A$3         -0.463      0.070     -6.635      0.000
    ADULT0B$1         -2.554      0.066    -38.744      0.000
    ADULT0B$2         -1.233      0.061    -20.333      0.000
    ADULT0B$3          0.328      0.054      6.100      0.000
    ADULT0C$1         -2.554      0.069    -37.280      0.000
    ADULT0C$2         -0.934      0.067    -13.926      0.000
    ADULT0C$3          0.591      0.066      9.015      0.000

 Variances
    F1                 3.644      0.451      8.075      0.000

 Residual Variances
    ADULT0A            1.000      0.000    999.000    999.000
    ADULT0B            1.000      0.000    999.000    999.000
    ADULT0C            1.000      0.000    999.000    999.000


QUALITY OF NUMERICAL RESULTS

     Condition Number for the Information Matrix              0.411E-03
       (ratio of smallest to largest eigenvalue)


STANDARDIZED MODEL RESULTS


STD Standardization

                                                    Two-Tailed
                    Estimate       S.E.  Est./S.E.    P-Value

Group WEB

 F1       BY
    ADULT0A            2.085      0.115     18.111      0.000
    ADULT0B            1.096      0.041     26.963      0.000
    ADULT0C            1.372      0.050     27.499      0.000

 Means
    F1                 0.000      0.000    999.000    999.000

 Thresholds
    ADULT0A$1         -4.884      0.227    -21.500      0.000
    ADULT0A$2         -2.457      0.125    -19.723      0.000
    ADULT0A$3         -0.463      0.070     -6.635      0.000
    ADULT0B$1         -2.554      0.066    -38.744      0.000
    ADULT0B$2         -1.056      0.050    -20.983      0.000
    ADULT0B$3          0.632      0.045     14.125      0.000
    ADULT0C$1         -2.554      0.069    -37.280      0.000
    ADULT0C$2         -0.884      0.054    -16.404      0.000
    ADULT0C$3          0.893      0.054     16.625      0.000

 Variances
    F1                 1.000      0.000    999.000    999.000

 Residual Variances
    ADULT0A            1.000      0.000    999.000    999.000
    ADULT0B            1.000      0.000    999.000    999.000
    ADULT0C            1.000      0.000    999.000    999.000

Group TEL

 F1       BY
    ADULT0A            1.348      0.113     11.878      0.000
    ADULT0B            0.709      0.050     14.300      0.000
    ADULT0C            0.887      0.061     14.625      0.000

 Means
    F1                -0.016      0.094     -0.167      0.868

 Thresholds
    ADULT0A$1         -4.884      0.227    -21.500      0.000
    ADULT0A$2         -2.457      0.125    -19.723      0.000
    ADULT0A$3         -0.463      0.070     -6.635      0.000
    ADULT0B$1         -2.554      0.066    -38.744      0.000
    ADULT0B$2         -1.003      0.108     -9.318      0.000
    ADULT0B$3          0.613      0.099      6.190      0.000
    ADULT0C$1         -2.554      0.069    -37.280      0.000
    ADULT0C$2         -0.887      0.113     -7.882      0.000
    ADULT0C$3          0.433      0.102      4.232      0.000

 Variances
    F1                 1.000      0.000    999.000    999.000

 Residual Variances
    ADULT0A            1.000      0.000    999.000    999.000
    ADULT0B            1.000      0.000    999.000    999.000
    ADULT0C            1.000      0.000    999.000    999.000

Group FTF

 F1       BY
    ADULT0A            1.909      0.118     16.150      0.000
    ADULT0B            1.004      0.041     24.579      0.000
    ADULT0C            1.256      0.055     22.638      0.000

 Means
    F1                 0.077      0.049      1.563      0.118

 Thresholds
    ADULT0A$1         -4.884      0.227    -21.500      0.000
    ADULT0A$2         -2.457      0.125    -19.723      0.000
    ADULT0A$3         -0.463      0.070     -6.635      0.000
    ADULT0B$1         -2.554      0.066    -38.744      0.000
    ADULT0B$2         -1.233      0.061    -20.333      0.000
    ADULT0B$3          0.328      0.054      6.100      0.000
    ADULT0C$1         -2.554      0.069    -37.280      0.000
    ADULT0C$2         -0.934      0.067    -13.926      0.000
    ADULT0C$3          0.591      0.066      9.015      0.000

 Variances
    F1                 1.000      0.000    999.000    999.000

 Residual Variances
    ADULT0A            1.000      0.000    999.000    999.000
    ADULT0B            1.000      0.000    999.000    999.000
    ADULT0C            1.000      0.000    999.000    999.000


R-SQUARE

Group WEB

    Observed                                        Two-Tailed     Scale
    Variable        Estimate       S.E.  Est./S.E.    P-Value     Factors

    ADULT0A            0.813      0.017     48.425      0.000      0.432
    ADULT0B            0.546      0.018     29.689      0.000      0.674
    ADULT0C            0.653      0.016     39.627      0.000      0.589

Group TEL

    Observed                                        Two-Tailed     Scale
    Variable        Estimate       S.E.  Est./S.E.    P-Value     Factors

    ADULT0A            0.645      0.039     16.724      0.000      0.596
    ADULT0B            0.334      0.031     10.740      0.000      0.816
    ADULT0C            0.440      0.034     13.061      0.000      0.748

Group FTF

    Observed                                        Two-Tailed     Scale
    Variable        Estimate       S.E.  Est./S.E.    P-Value     Factors

    ADULT0A            0.785      0.021     37.502      0.000      0.464
    ADULT0B            0.502      0.020     24.673      0.000      0.706
    ADULT0C            0.612      0.021     29.175      0.000      0.623


MODEL MODIFICATION INDICES

NOTE:  Modification indices for direct effects of observed dependent variables
regressed on covariates and residual covariances among observed dependent
variables may not be included.  To include these, request MODINDICES (ALL).

Minimum M.I. value for printing the modification index    10.000

                                   M.I.     E.P.C.  Std E.P.C.  StdYX E.P.C.
Group WEB


BY Statements

F1       BY ADULT0A               14.473    -0.168     -0.350       -0.152
F1       BY ADULT0C               10.725     0.045      0.094        0.055

Variances/Residual Variances

ADULT0A                           15.326    -0.608     -0.608       -0.114

Means/Intercepts/Thresholds

[ ADULT0A$ ]                      11.007    -0.530     -0.530       -0.229

Group TEL


No modification indices above the minimum value.

Group FTF


No modification indices above the minimum value.



SAMPLE STATISTICS FOR ESTIMATED FACTOR SCORES


     SAMPLE STATISTICS


           Means
              F1            F1_SE
              ________      ________
               -0.076         0.941


           Covariances
              F1            F1_SE
              ________      ________
 F1             2.730
 F1_SE          0.240         0.033


           Correlations
              F1            F1_SE
              ________      ________
 F1             1.000
 F1_SE          0.803         1.000


PLOT INFORMATION

The following plots are available:

  Histograms (sample values, estimated factor scores, estimated values, residuals)
  Scatterplots (sample values, estimated factor scores, estimated values, residuals)
  Sample proportions and estimated probabilities
  Item characteristic curves
  Information curves
  Measurement parameter plots
  Latent variable distribution plots

SAVEDATA INFORMATION


  Difference testing

  Save file
    adult0a_metric.dat
  Save format      Free

     Beginning Time:  07:30:20
        Ending Time:  07:30:20
       Elapsed Time:  00:00:00



MUTHEN & MUTHEN
3463 Stoner Ave.
Los Angeles, CA  90066

Tel: (310) 391-9971
Fax: (310) 391-8971
Web: www.StatModel.com
Support: Support@StatModel.com

Copyright (c) 1998-2021 Muthen & Muthen
