Mplus VERSION 8.6
MUTHEN & MUTHEN
07/01/2021   7:30 AM

INPUT INSTRUCTIONS

  TITLE: Your title goes here

  DATA: FILE = data.dta;

  VARIABLE:

  NAMES = audit1 bully0a bully0b bully0c bully0d bully0e bully0f bully0g adult0a
       adult0b adult0c leisa0a leisa0b leisa0c leisa0d leisa0e leisa0f leisb0a leisb0b
       leisb0c leisb0d designweight samppsu sampstratum mode locus0a locus0b locus0c
       locus0d ghq_1 ghq_2 ghq_3 ghq_4 ghq_5 ghq_6 ghq_7 ghq_8 ghq_9 ghq_10 ghq_11
       ghq_12 audit2 audit3 designweight_combin;

  MISSING=.;
  USEVARIABLES ARE ghq_1
  ghq_2
  ghq_3
  ghq_4
  ghq_5
  ghq_6
  ghq_7
  ghq_8
  ghq_9
  ghq_10
  ghq_11
  ghq_12;
  CATEGORICAL ARE ghq_1
  ghq_2
  ghq_3
  ghq_4
  ghq_5
  ghq_6
  ghq_7
  ghq_8
  ghq_9
  ghq_10
  ghq_11
  ghq_12;
  GROUPING IS mode (1=Web 2=Tel 3=Ftf);
  WEIGHT IS designweight_combin;

                  STRATIFICATION IS sampstratum;

                  CLUSTER IS samppsu;

  ANALYSIS: TYPE IS COMPLEX;

                  ESTIMATOR = WLSMV;

                  ITERATIONS = 100000;

                  PARAMETERIZATION = THETA;

  DIFFTEST = ghq_1_metric.dat;
  Model:


  f1 BY ghq_1@1
  ghq_2 (L2)
  ghq_3 (L3)
  ghq_4 (L4)
  ghq_5 (L5)
  ghq_6 (L6)
  ghq_7 (L7)
  ghq_8 (L8)
  ghq_9 (L9)
  ghq_10 (L10)
  ghq_11 (L11)
  ghq_12 (L12)
  ;


  [ghq_1$1] (t_ghq_1_1);
  [ghq_1$2] (t_ghq_1_2);
  [ghq_1$3] (t_ghq_1_3);

  [ghq_2$1] (t_ghq_2_1);
  [ghq_2$2] (t_ghq_2_2);
  [ghq_2$3] (t_ghq_2_3);

  [ghq_3$1] (t_ghq_3_1);
  [ghq_3$2] (t_ghq_3_2);
  [ghq_3$3] (t_ghq_3_3);

  [ghq_4$1] (t_ghq_4_1);
  [ghq_4$2] (t_ghq_4_2);
  [ghq_4$3] (t_ghq_4_3);

  [ghq_5$1] (t_ghq_5_1);
  [ghq_5$2] (t_ghq_5_2);
  [ghq_5$3] (t_ghq_5_3);

  [ghq_6$1] (t_ghq_6_1);
  [ghq_6$2] (t_ghq_6_2);
  [ghq_6$3] (t_ghq_6_3);

  [ghq_7$1] (t_ghq_7_1);
  [ghq_7$2] (t_ghq_7_2);
  [ghq_7$3] (t_ghq_7_3);

  [ghq_8$1] (t_ghq_8_1);
  [ghq_8$2] (t_ghq_8_2);
  [ghq_8$3] (t_ghq_8_3);

  [ghq_9$1] (t_ghq_9_1);
  [ghq_9$2] (t_ghq_9_2);
  [ghq_9$3] (t_ghq_9_3);

  [ghq_10$1] (t_ghq_10_1);
  [ghq_10$2] (t_ghq_10_2);
  [ghq_10$3] (t_ghq_10_3);

  [ghq_11$1] (t_ghq_11_1);
  [ghq_11$2] (t_ghq_11_2);
  [ghq_11$3] (t_ghq_11_3);

  [ghq_12$1] (t_ghq_12_1);
  [ghq_12$2] (t_ghq_12_2);
  [ghq_12$3] (t_ghq_12_3);
  ghq_1@1;
  ghq_2@1;
  ghq_3@1;
  ghq_4@1;
  ghq_5@1;
  ghq_6@1;
  ghq_7@1;
  ghq_8@1;
  ghq_9@1;
  ghq_10@1;
  ghq_11@1;
  ghq_12@1;

  Model Tel:

  f1 BY ghq_1@1
  ghq_2 (L2)
  ghq_3 (L3)
  ghq_4 (L4)
  ghq_5 (L5)
  ghq_6 (L6)
  ghq_7 (L7)
  ghq_8 (L8)
  ghq_9 (L9)
  ghq_10 (L10)
  ghq_11 (L11)
  ghq_12 (L12)
  ;


  [ghq_1$1] (t_ghq_1_1);
  [ghq_1$2] (t_ghq_1_2);
  [ghq_1$3] (t_ghq_1_3);

  [ghq_2$1] (t_ghq_2_1);
  [ghq_2$2] (t_ghq_2_2);
  [ghq_2$3] (t_ghq_2_3);

  [ghq_3$1] (t_ghq_3_1);
  [ghq_3$2] (t_ghq_3_2);
  [ghq_3$3] (t_ghq_3_3);

  [ghq_4$1] (t_ghq_4_1);
  [ghq_4$2] (t_ghq_4_2);
  [ghq_4$3] (t_ghq_4_3);

  [ghq_5$1] (t_ghq_5_1);
  [ghq_5$2] (t_ghq_5_2);
  [ghq_5$3] (t_ghq_5_3);

  [ghq_6$1] (t_ghq_6_1);
  [ghq_6$2] (t_ghq_6_2);
  [ghq_6$3] (t_ghq_6_3);

  [ghq_7$1] (t_ghq_7_1);
  [ghq_7$2] (t_ghq_7_2);
  [ghq_7$3] (t_ghq_7_3);

  [ghq_8$1] (t_ghq_8_1);
  [ghq_8$2] (t_ghq_8_2);
  [ghq_8$3] (t_ghq_8_3);

  [ghq_9$1] (t_ghq_9_1);
  [ghq_9$2] (t_ghq_9_2);
  [ghq_9$3] (t_ghq_9_3);

  [ghq_10$1] (t_ghq_10_1);
  [ghq_10$2] (t_ghq_10_2);
  [ghq_10$3] (t_ghq_10_3);

  [ghq_11$1] (t_ghq_11_1);
  [ghq_11$2] (t_ghq_11_2);
  [ghq_11$3] (t_ghq_11_3);

  [ghq_12$1] (t_ghq_12_1);
  [ghq_12$2] (t_ghq_12_2);
  [ghq_12$3] (t_ghq_12_3);
  ghq_1@1;
  ghq_2@1;
  ghq_3@1;
  ghq_4@1;
  ghq_5@1;
  ghq_6@1;
  ghq_7@1;
  ghq_8@1;
  ghq_9@1;
  ghq_10@1;
  ghq_11@1;
  ghq_12@1;

  Model Ftf:

  f1 BY ghq_1@1
  ghq_2 (L2)
  ghq_3 (L3)
  ghq_4 (L4)
  ghq_5 (L5)
  ghq_6 (L6)
  ghq_7 (L7)
  ghq_8 (L8)
  ghq_9 (L9)
  ghq_10 (L10)
  ghq_11 (L11)
  ghq_12 (L12)
  ;


  [ghq_1$1] (t_ghq_1_1);
  [ghq_1$2] (t_ghq_1_2);
  [ghq_1$3] (t_ghq_1_3);

  [ghq_2$1] (t_ghq_2_1);
  [ghq_2$2] (t_ghq_2_2);
  [ghq_2$3] (t_ghq_2_3);

  [ghq_3$1] (t_ghq_3_1);
  [ghq_3$2] (t_ghq_3_2);
  [ghq_3$3] (t_ghq_3_3);

  [ghq_4$1] (t_ghq_4_1);
  [ghq_4$2] (t_ghq_4_2);
  [ghq_4$3] (t_ghq_4_3);

  [ghq_5$1] (t_ghq_5_1);
  [ghq_5$2] (t_ghq_5_2);
  [ghq_5$3] (t_ghq_5_3);

  [ghq_6$1] (t_ghq_6_1);
  [ghq_6$2] (t_ghq_6_2);
  [ghq_6$3] (t_ghq_6_3);

  [ghq_7$1] (t_ghq_7_1);
  [ghq_7$2] (t_ghq_7_2);
  [ghq_7$3] (t_ghq_7_3);

  [ghq_8$1] (t_ghq_8_1);
  [ghq_8$2] (t_ghq_8_2);
  [ghq_8$3] (t_ghq_8_3);

  [ghq_9$1] (t_ghq_9_1);
  [ghq_9$2] (t_ghq_9_2);
  [ghq_9$3] (t_ghq_9_3);

  [ghq_10$1] (t_ghq_10_1);
  [ghq_10$2] (t_ghq_10_2);
  [ghq_10$3] (t_ghq_10_3);

  [ghq_11$1] (t_ghq_11_1);
  [ghq_11$2] (t_ghq_11_2);
  [ghq_11$3] (t_ghq_11_3);

  [ghq_12$1] (t_ghq_12_1);
  [ghq_12$2] (t_ghq_12_2);
  [ghq_12$3] (t_ghq_12_3);
  ghq_1@1;
  ghq_2@1;
  ghq_3@1;
  ghq_4@1;
  ghq_5@1;
  ghq_6@1;
  ghq_7@1;
  ghq_8@1;
  ghq_9@1;
  ghq_10@1;
  ghq_11@1;
  ghq_12@1;
  SAVEDATA: DIFFTEST IS ghq_1_scalar.dat;
  OUTPUT: SAMPSTAT;

  MODINDICES;

  STD;

  Plot: type = plot3;




*** WARNING
  Data set contains cases with missing on all variables.
  These cases were not included in the analysis.
  Number of cases with missing on all variables:  265
   1 WARNING(S) FOUND IN THE INPUT INSTRUCTIONS



Your title goes here

SUMMARY OF ANALYSIS

Number of groups                                                 3
Number of observations
   Group WEB                                                  4569
   Group TEL                                                   646
   Group FTF                                                  2089
   Total sample size                                          7304

Number of dependent variables                                   12
Number of independent variables                                  0
Number of continuous latent variables                            1

Observed dependent variables

  Binary and ordered categorical (ordinal)
   GHQ_1       GHQ_2       GHQ_3       GHQ_4       GHQ_5       GHQ_6
   GHQ_7       GHQ_8       GHQ_9       GHQ_10      GHQ_11      GHQ_12

Continuous latent variables
   F1

Variables with special functions

  Grouping variable     MODE
  Stratification        SAMPSTRA
  Cluster variable      SAMPPSU
  Weight variable       DESIGNWE

Estimator                                                    WLSMV
Maximum number of iterations                                100000
Convergence criterion                                    0.500D-04
Maximum number of steepest descent iterations                   20
Maximum number of iterations for H1                           2000
Convergence criterion for H1                             0.100D-03
Parameterization                                             THETA
Link                                                        PROBIT

Input data file(s)
  data.dta

Input data format  FREE


SUMMARY OF DATA

   Total number of strata                       37
   Total number of clusters                    656

   Group WEB
     Number of missing data patterns            30
     Number of strata                           37
     Number of clusters                        650

   Group TEL
     Number of missing data patterns            15
     Number of strata                           37
     Number of clusters                        407

   Group FTF
     Number of missing data patterns             9
     Number of strata                           36
     Number of clusters                        609


COVARIANCE COVERAGE OF DATA

Minimum covariance coverage value   0.100


     PROPORTION OF DATA PRESENT FOR WEB


           Covariance Coverage
              GHQ_1         GHQ_2         GHQ_3         GHQ_4         GHQ_5
              ________      ________      ________      ________      ________
 GHQ_1          0.998
 GHQ_2          0.997         0.998
 GHQ_3          0.995         0.996         0.996
 GHQ_4          0.996         0.996         0.994         0.997
 GHQ_5          0.996         0.996         0.995         0.996         0.997
 GHQ_6          0.997         0.997         0.995         0.997         0.997
 GHQ_7          0.996         0.996         0.994         0.996         0.996
 GHQ_8          0.996         0.996         0.995         0.996         0.996
 GHQ_9          0.996         0.996         0.994         0.996         0.996
 GHQ_10         0.995         0.996         0.994         0.996         0.996
 GHQ_11         0.995         0.996         0.994         0.996         0.996
 GHQ_12         0.995         0.995         0.993         0.995         0.995


           Covariance Coverage
              GHQ_6         GHQ_7         GHQ_8         GHQ_9         GHQ_10
              ________      ________      ________      ________      ________
 GHQ_6          0.998
 GHQ_7          0.997         0.997
 GHQ_8          0.997         0.997         0.997
 GHQ_9          0.997         0.996         0.996         0.997
 GHQ_10         0.996         0.996         0.996         0.996         0.997
 GHQ_11         0.996         0.996         0.996         0.996         0.996
 GHQ_12         0.996         0.996         0.995         0.995         0.995


           Covariance Coverage
              GHQ_11        GHQ_12
              ________      ________
 GHQ_11         0.997
 GHQ_12         0.996         0.996


     PROPORTION OF DATA PRESENT FOR TEL


           Covariance Coverage
              GHQ_1         GHQ_2         GHQ_3         GHQ_4         GHQ_5
              ________      ________      ________      ________      ________
 GHQ_1          0.994
 GHQ_2          0.989         0.995
 GHQ_3          0.989         0.991         0.994
 GHQ_4          0.991         0.992         0.992         0.995
 GHQ_5          0.991         0.992         0.991         0.992         0.995
 GHQ_6          0.991         0.994         0.992         0.994         0.994
 GHQ_7          0.989         0.992         0.992         0.992         0.992
 GHQ_8          0.991         0.995         0.992         0.994         0.994
 GHQ_9          0.989         0.994         0.991         0.992         0.992
 GHQ_10         0.991         0.995         0.992         0.994         0.994
 GHQ_11         0.991         0.995         0.992         0.994         0.994
 GHQ_12         0.991         0.992         0.992         0.994         0.992


           Covariance Coverage
              GHQ_6         GHQ_7         GHQ_8         GHQ_9         GHQ_10
              ________      ________      ________      ________      ________
 GHQ_6          0.997
 GHQ_7          0.994         0.995
 GHQ_8          0.995         0.994         0.997
 GHQ_9          0.994         0.992         0.995         0.995
 GHQ_10         0.995         0.994         0.997         0.995         0.997
 GHQ_11         0.995         0.994         0.997         0.995         0.997
 GHQ_12         0.994         0.992         0.994         0.992         0.994


           Covariance Coverage
              GHQ_11        GHQ_12
              ________      ________
 GHQ_11         0.997
 GHQ_12         0.994         0.995


     PROPORTION OF DATA PRESENT FOR FTF


           Covariance Coverage
              GHQ_1         GHQ_2         GHQ_3         GHQ_4         GHQ_5
              ________      ________      ________      ________      ________
 GHQ_1          0.999
 GHQ_2          0.998         0.999
 GHQ_3          0.998         0.999         0.999
 GHQ_4          0.999         0.999         0.998         1.000
 GHQ_5          0.999         0.999         0.999         0.999         1.000
 GHQ_6          0.998         0.999         0.998         0.999         0.999
 GHQ_7          0.998         0.999         0.998         0.999         0.999
 GHQ_8          0.998         0.998         0.998         0.999         0.999
 GHQ_9          0.998         0.999         0.999         0.999         0.999
 GHQ_10         0.998         0.999         0.998         0.999         0.999
 GHQ_11         0.997         0.998         0.997         0.998         0.998
 GHQ_12         0.998         0.998         0.998         0.999         0.999


           Covariance Coverage
              GHQ_6         GHQ_7         GHQ_8         GHQ_9         GHQ_10
              ________      ________      ________      ________      ________
 GHQ_6          0.999
 GHQ_7          0.999         0.999
 GHQ_8          0.998         0.999         0.999
 GHQ_9          0.999         0.999         0.998         0.999
 GHQ_10         0.999         0.999         0.998         0.999         0.999
 GHQ_11         0.998         0.998         0.997         0.998         0.998
 GHQ_12         0.998         0.999         0.998         0.998         0.998


           Covariance Coverage
              GHQ_11        GHQ_12
              ________      ________
 GHQ_11         0.998
 GHQ_12         0.998         0.999


UNIVARIATE PROPORTIONS AND COUNTS FOR CATEGORICAL VARIABLES

  Group WEB
    GHQ_1
      Category 1    0.120          548.683
      Category 2    0.678         3093.579
      Category 3    0.173          789.592
      Category 4    0.029          131.722
    GHQ_2
      Category 1    0.243         1110.800
      Category 2    0.502         2291.734
      Category 3    0.189          864.703
      Category 4    0.066          299.796
    GHQ_3
      Category 1    0.155          706.184
      Category 2    0.662         3019.674
      Category 3    0.136          620.286
      Category 4    0.047          212.437
    GHQ_4
      Category 1    0.195          891.345
      Category 2    0.711         3242.970
      Category 3    0.072          327.530
      Category 4    0.022           98.388
    GHQ_5
      Category 1    0.141          642.614
      Category 2    0.505         2301.631
      Category 3    0.269         1226.935
      Category 4    0.086          390.689
    GHQ_6
      Category 1    0.275         1256.941
      Category 2    0.529         2413.245
      Category 3    0.145          662.286
      Category 4    0.051          230.489
    GHQ_7
      Category 1    0.093          424.135
      Category 2    0.711         3243.545
      Category 3    0.157          717.903
      Category 4    0.038          175.588
    GHQ_8
      Category 1    0.125          568.293
      Category 2    0.734         3345.928
      Category 3    0.111          507.342
      Category 4    0.030          138.883
    GHQ_9
      Category 1    0.317         1442.494
      Category 2    0.418         1902.237
      Category 3    0.185          844.029
      Category 4    0.080          364.740
    GHQ_10
      Category 1    0.363         1658.062
      Category 2    0.392         1788.306
      Category 3    0.169          768.747
      Category 4    0.076          346.534
    GHQ_11
      Category 1    0.600         2737.360
      Category 2    0.260         1183.367
      Category 3    0.095          434.737
      Category 4    0.045          204.177
    GHQ_12
      Category 1    0.185          843.750
      Category 2    0.649         2957.220
      Category 3    0.127          578.067
      Category 4    0.039          175.914

  Group TEL
    GHQ_1
      Category 1    0.129           82.808
      Category 2    0.675          432.041
      Category 3    0.154           98.820
      Category 4    0.042           26.773
    GHQ_2
      Category 1    0.350          225.049
      Category 2    0.412          265.190
      Category 3    0.141           90.872
      Category 4    0.097           62.762
    GHQ_3
      Category 1    0.204          130.521
      Category 2    0.668          427.791
      Category 3    0.103           65.690
      Category 4    0.026           16.466
    GHQ_4
      Category 1    0.233          149.330
      Category 2    0.709          454.773
      Category 3    0.045           28.663
      Category 4    0.014            8.978
    GHQ_5
      Category 1    0.186          119.617
      Category 2    0.501          322.128
      Category 3    0.230          147.794
      Category 4    0.084           54.027
    GHQ_6
      Category 1    0.381          245.893
      Category 2    0.453          291.984
      Category 3    0.138           89.046
      Category 4    0.028           17.911
    GHQ_7
      Category 1    0.076           48.736
      Category 2    0.743          478.152
      Category 3    0.141           91.078
      Category 4    0.040           25.790
    GHQ_8
      Category 1    0.181          116.387
      Category 2    0.724          466.366
      Category 3    0.074           47.552
      Category 4    0.021           13.777
    GHQ_9
      Category 1    0.515          330.924
      Category 2    0.304          195.382
      Category 3    0.136           87.742
      Category 4    0.045           28.840
    GHQ_10
      Category 1    0.518          333.517
      Category 2    0.335          215.604
      Category 3    0.116           74.665
      Category 4    0.032           20.297
    GHQ_11
      Category 1    0.770          495.686
      Category 2    0.175          112.587
      Category 3    0.042           26.789
      Category 4    0.014            9.020
    GHQ_12
      Category 1    0.202          129.624
      Category 2    0.670          429.596
      Category 3    0.093           59.763
      Category 4    0.034           21.737

  Group FTF
    GHQ_1
      Category 1    0.141          293.540
      Category 2    0.669         1397.199
      Category 3    0.158          329.892
      Category 4    0.032           66.547
    GHQ_2
      Category 1    0.243          507.263
      Category 2    0.488         1017.395
      Category 3    0.197          411.317
      Category 4    0.072          150.719
    GHQ_3
      Category 1    0.190          396.168
      Category 2    0.671         1400.544
      Category 3    0.107          222.662
      Category 4    0.032           66.712
    GHQ_4
      Category 1    0.264          551.781
      Category 2    0.654         1365.372
      Category 3    0.069          143.108
      Category 4    0.014           28.549
    GHQ_5
      Category 1    0.157          328.379
      Category 2    0.492         1028.341
      Category 3    0.267          557.273
      Category 4    0.083          174.094
    GHQ_6
      Category 1    0.309          644.431
      Category 2    0.496         1035.397
      Category 3    0.147          307.460
      Category 4    0.048           99.218
    GHQ_7
      Category 1    0.132          274.778
      Category 2    0.676         1411.079
      Category 3    0.157          327.559
      Category 4    0.036           74.483
    GHQ_8
      Category 1    0.187          390.744
      Category 2    0.699         1459.604
      Category 3    0.094          195.227
      Category 4    0.020           41.974
    GHQ_9
      Category 1    0.361          752.674
      Category 2    0.389          812.581
      Category 3    0.170          354.311
      Category 4    0.080          167.128
    GHQ_10
      Category 1    0.433          904.209
      Category 2    0.335          699.337
      Category 3    0.168          349.769
      Category 4    0.064          133.189
    GHQ_11
      Category 1    0.681         1421.455
      Category 2    0.193          402.642
      Category 3    0.090          188.237
      Category 4    0.036           74.694
    GHQ_12
      Category 1    0.241          503.605
      Category 2    0.615         1285.445
      Category 3    0.115          240.807
      Category 4    0.028           58.766


SAMPLE STATISTICS


     ESTIMATED SAMPLE STATISTICS FOR WEB


           MEANS/INTERCEPTS/THRESHOLDS
              GHQ_1$1       GHQ_1$2       GHQ_1$3       GHQ_2$1       GHQ_2$2
              ________      ________      ________      ________      ________
               -1.174         0.835         1.898        -0.696         0.659


           MEANS/INTERCEPTS/THRESHOLDS
              GHQ_2$3       GHQ_3$1       GHQ_3$2       GHQ_3$3       GHQ_4$1
              ________      ________      ________      ________      ________
                1.509        -1.016         0.905         1.679        -0.858


           MEANS/INTERCEPTS/THRESHOLDS
              GHQ_4$2       GHQ_4$3       GHQ_5$1       GHQ_5$2       GHQ_5$3
              ________      ________      ________      ________      ________
                1.320         2.022        -1.076         0.373         1.368


           MEANS/INTERCEPTS/THRESHOLDS
              GHQ_6$1       GHQ_6$2       GHQ_6$3       GHQ_7$1       GHQ_7$2
              ________      ________      ________      ________      ________
               -0.596         0.857         1.640        -1.323         0.856


           MEANS/INTERCEPTS/THRESHOLDS
              GHQ_7$3       GHQ_8$1       GHQ_8$2       GHQ_8$3       GHQ_9$1
              ________      ________      ________      ________      ________
                1.768        -1.152         1.073         1.874        -0.477


           MEANS/INTERCEPTS/THRESHOLDS
              GHQ_9$2       GHQ_9$3       GHQ_10$1      GHQ_10$2      GHQ_10$3
              ________      ________      ________      ________      ________
                0.627         1.404        -0.349         0.692         1.433


           MEANS/INTERCEPTS/THRESHOLDS
              GHQ_11$1      GHQ_11$2      GHQ_11$3      GHQ_12$1      GHQ_12$2
              ________      ________      ________      ________      ________
                0.254         1.080         1.698        -0.896         0.972


           MEANS/INTERCEPTS/THRESHOLDS
              GHQ_12$3
              ________
                1.767


           CORRELATION MATRIX (WITH VARIANCES ON THE DIAGONAL)
              GHQ_1         GHQ_2         GHQ_3         GHQ_4         GHQ_5
              ________      ________      ________      ________      ________
 GHQ_1
 GHQ_2          0.441
 GHQ_3          0.536         0.326
 GHQ_4          0.508         0.287         0.595
 GHQ_5          0.452         0.671         0.305         0.280
 GHQ_6          0.494         0.590         0.458         0.419         0.640
 GHQ_7          0.581         0.470         0.518         0.447         0.519
 GHQ_8          0.452         0.335         0.458         0.488         0.346
 GHQ_9          0.520         0.677         0.468         0.383         0.641
 GHQ_10         0.523         0.588         0.513         0.445         0.560
 GHQ_11         0.496         0.545         0.562         0.465         0.517
 GHQ_12         0.574         0.474         0.567         0.484         0.487


           CORRELATION MATRIX (WITH VARIANCES ON THE DIAGONAL)
              GHQ_6         GHQ_7         GHQ_8         GHQ_9         GHQ_10
              ________      ________      ________      ________      ________
 GHQ_7          0.529
 GHQ_8          0.457         0.548
 GHQ_9          0.705         0.569         0.499
 GHQ_10         0.676         0.530         0.510         0.785
 GHQ_11         0.661         0.508         0.511         0.786         0.828
 GHQ_12         0.545         0.613         0.568         0.702         0.600


           CORRELATION MATRIX (WITH VARIANCES ON THE DIAGONAL)
              GHQ_11        GHQ_12
              ________      ________
 GHQ_12         0.656


     ESTIMATED SAMPLE STATISTICS FOR TEL


           MEANS/INTERCEPTS/THRESHOLDS
              GHQ_1$1       GHQ_1$2       GHQ_1$3       GHQ_2$1       GHQ_2$2
              ________      ________      ________      ________      ________
               -1.130         0.856         1.730        -0.387         0.711


           MEANS/INTERCEPTS/THRESHOLDS
              GHQ_2$3       GHQ_3$1       GHQ_3$2       GHQ_3$3       GHQ_4$1
              ________      ________      ________      ________      ________
                1.296        -0.828         1.135         1.948        -0.730


           MEANS/INTERCEPTS/THRESHOLDS
              GHQ_4$2       GHQ_4$3       GHQ_5$1       GHQ_5$2       GHQ_5$3
              ________      ________      ________      ________      ________
                1.566         2.198        -0.893         0.486         1.379


           MEANS/INTERCEPTS/THRESHOLDS
              GHQ_6$1       GHQ_6$2       GHQ_6$3       GHQ_7$1       GHQ_7$2
              ________      ________      ________      ________      ________
               -0.302         0.971         1.915        -1.435         0.910


           MEANS/INTERCEPTS/THRESHOLDS
              GHQ_7$3       GHQ_8$1       GHQ_8$2       GHQ_8$3       GHQ_9$1
              ________      ________      ________      ________      ________
                1.750        -0.913         1.309         2.026         0.037


           MEANS/INTERCEPTS/THRESHOLDS
              GHQ_9$2       GHQ_9$3       GHQ_10$1      GHQ_10$2      GHQ_10$3
              ________      ________      ________      ________      ________
                0.910         1.697         0.045         1.047         1.859


           MEANS/INTERCEPTS/THRESHOLDS
              GHQ_11$1      GHQ_11$2      GHQ_11$3      GHQ_12$1      GHQ_12$2
              ________      ________      ________      ________      ________
                0.738         1.593         2.197        -0.833         1.140


           MEANS/INTERCEPTS/THRESHOLDS
              GHQ_12$3
              ________
                1.826


           CORRELATION MATRIX (WITH VARIANCES ON THE DIAGONAL)
              GHQ_1         GHQ_2         GHQ_3         GHQ_4         GHQ_5
              ________      ________      ________      ________      ________
 GHQ_1
 GHQ_2          0.465
 GHQ_3          0.357         0.269
 GHQ_4          0.482         0.201         0.504
 GHQ_5          0.392         0.627         0.162         0.098
 GHQ_6          0.301         0.493         0.285         0.206         0.570
 GHQ_7          0.540         0.482         0.400         0.304         0.485
 GHQ_8          0.446         0.276         0.233         0.382         0.230
 GHQ_9          0.439         0.608         0.312         0.250         0.588
 GHQ_10         0.394         0.545         0.387         0.208         0.499
 GHQ_11         0.377         0.468         0.323         0.288         0.397
 GHQ_12         0.485         0.430         0.375         0.384         0.384


           CORRELATION MATRIX (WITH VARIANCES ON THE DIAGONAL)
              GHQ_6         GHQ_7         GHQ_8         GHQ_9         GHQ_10
              ________      ________      ________      ________      ________
 GHQ_7          0.409
 GHQ_8          0.165         0.427
 GHQ_9          0.639         0.524         0.314
 GHQ_10         0.606         0.363         0.169         0.722
 GHQ_11         0.560         0.307         0.213         0.691         0.720
 GHQ_12         0.420         0.524         0.393         0.458         0.486


           CORRELATION MATRIX (WITH VARIANCES ON THE DIAGONAL)
              GHQ_11        GHQ_12
              ________      ________
 GHQ_12         0.449


     ESTIMATED SAMPLE STATISTICS FOR FTF


           MEANS/INTERCEPTS/THRESHOLDS
              GHQ_1$1       GHQ_1$2       GHQ_1$3       GHQ_2$1       GHQ_2$2
              ________      ________      ________      ________      ________
               -1.077         0.878         1.854        -0.696         0.615


           MEANS/INTERCEPTS/THRESHOLDS
              GHQ_2$3       GHQ_3$1       GHQ_3$2       GHQ_3$3       GHQ_4$1
              ________      ________      ________      ________      ________
                1.459        -0.878         1.086         1.852        -0.631


           MEANS/INTERCEPTS/THRESHOLDS
              GHQ_4$2       GHQ_4$3       GHQ_5$1       GHQ_5$2       GHQ_5$3
              ________      ________      ________      ________      ________
                1.391         2.207        -1.006         0.385         1.383


           MEANS/INTERCEPTS/THRESHOLDS
              GHQ_6$1       GHQ_6$2       GHQ_6$3       GHQ_7$1       GHQ_7$2
              ________      ________      ________      ________      ________
               -0.499         0.860         1.669        -1.119         0.869


           MEANS/INTERCEPTS/THRESHOLDS
              GHQ_7$3       GHQ_8$1       GHQ_8$2       GHQ_8$3       GHQ_9$1
              ________      ________      ________      ________      ________
                1.803        -0.888         1.207         2.052        -0.357


           MEANS/INTERCEPTS/THRESHOLDS
              GHQ_9$2       GHQ_9$3       GHQ_10$1      GHQ_10$2      GHQ_10$3
              ________      ________      ________      ________      ________
                0.675         1.404        -0.168         0.734         1.523


           MEANS/INTERCEPTS/THRESHOLDS
              GHQ_11$1      GHQ_11$2      GHQ_11$3      GHQ_12$1      GHQ_12$2
              ________      ________      ________      ________      ________
                0.471         1.146         1.802        -0.703         1.065


           MEANS/INTERCEPTS/THRESHOLDS
              GHQ_12$3
              ________
                1.909


           CORRELATION MATRIX (WITH VARIANCES ON THE DIAGONAL)
              GHQ_1         GHQ_2         GHQ_3         GHQ_4         GHQ_5
              ________      ________      ________      ________      ________
 GHQ_1
 GHQ_2          0.433
 GHQ_3          0.442         0.331
 GHQ_4          0.471         0.297         0.549
 GHQ_5          0.432         0.583         0.274         0.256
 GHQ_6          0.415         0.526         0.393         0.392         0.618
 GHQ_7          0.509         0.434         0.465         0.469         0.527
 GHQ_8          0.446         0.343         0.413         0.499         0.331
 GHQ_9          0.480         0.656         0.448         0.384         0.641
 GHQ_10         0.461         0.591         0.465         0.419         0.558
 GHQ_11         0.456         0.568         0.542         0.425         0.509
 GHQ_12         0.448         0.450         0.510         0.493         0.429


           CORRELATION MATRIX (WITH VARIANCES ON THE DIAGONAL)
              GHQ_6         GHQ_7         GHQ_8         GHQ_9         GHQ_10
              ________      ________      ________      ________      ________
 GHQ_7          0.485
 GHQ_8          0.402         0.557
 GHQ_9          0.663         0.560         0.429
 GHQ_10         0.673         0.534         0.461         0.759
 GHQ_11         0.664         0.498         0.500         0.775         0.814
 GHQ_12         0.487         0.598         0.498         0.631         0.610


           CORRELATION MATRIX (WITH VARIANCES ON THE DIAGONAL)
              GHQ_11        GHQ_12
              ________      ________
 GHQ_12         0.660


THE MODEL ESTIMATION TERMINATED NORMALLY



MODEL FIT INFORMATION

Number of Free Parameters                       52

Chi-Square Test of Model Fit

          Value                           2244.781*
          Degrees of Freedom                   254
          P-Value                           0.0000

Chi-Square Contribution From Each Group

          WEB                             1073.084
          TEL                              436.092
          FTF                              735.605

Chi-Square Test for Difference Testing

          Value                            161.902*
          Degrees of Freedom                    44
          P-Value                           0.0000

*   The chi-square value for MLM, MLMV, MLR, ULSMV, WLSM and WLSMV cannot be used
    for chi-square difference testing in the regular way.  MLM, MLR and WLSM
    chi-square difference testing is described on the Mplus website.  MLMV, WLSMV,
    and ULSMV difference testing is done using the DIFFTEST option.  The DIFFTEST
    option assumes the models are nested.  The NESTED option can be used to verify
    that the models are nested.

RMSEA (Root Mean Square Error Of Approximation)

          Estimate                           0.057
          90 Percent C.I.                    0.055  0.059
          Probability RMSEA <= .05           0.000

CFI/TLI

          CFI                                0.967
          TLI                                0.974

Chi-Square Test of Model Fit for the Baseline Model

          Value                          60565.569
          Degrees of Freedom                   198
          P-Value                           0.0000

SRMR (Standardized Root Mean Square Residual)

          Value                              0.064

Optimum Function Value for Weighted Least-Squares Estimator

          Value                     0.18667291D+00



MODEL RESULTS

                                                    Two-Tailed
                    Estimate       S.E.  Est./S.E.    P-Value

Group WEB

 F1       BY
    GHQ_1              1.000      0.000    999.000    999.000
    GHQ_2              1.142      0.043     26.419      0.000
    GHQ_3              0.944      0.034     27.706      0.000
    GHQ_4              0.822      0.030     27.700      0.000
    GHQ_5              1.134      0.039     29.394      0.000
    GHQ_6              1.346      0.047     28.635      0.000
    GHQ_7              1.170      0.041     28.704      0.000
    GHQ_8              0.882      0.032     27.182      0.000
    GHQ_9              2.023      0.073     27.772      0.000
    GHQ_10             1.917      0.069     27.812      0.000
    GHQ_11             1.937      0.071     27.350      0.000
    GHQ_12             1.331      0.047     28.114      0.000

 Means
    F1                 0.000      0.000    999.000    999.000

 Thresholds
    GHQ_1$1           -1.547      0.040    -38.959      0.000
    GHQ_1$2            1.073      0.036     30.017      0.000
    GHQ_1$3            2.386      0.058     41.130      0.000
    GHQ_2$1           -0.998      0.035    -28.206      0.000
    GHQ_2$2            0.838      0.037     22.486      0.000
    GHQ_2$3            1.991      0.049     40.576      0.000
    GHQ_3$1           -1.272      0.035    -36.801      0.000
    GHQ_3$2            1.235      0.037     33.746      0.000
    GHQ_3$3            2.238      0.053     41.955      0.000
    GHQ_4$1           -0.969      0.029    -33.417      0.000
    GHQ_4$2            1.635      0.039     42.430      0.000
    GHQ_4$3            2.544      0.065     39.444      0.000
    GHQ_5$1           -1.505      0.041    -36.530      0.000
    GHQ_5$2            0.476      0.036     13.409      0.000
    GHQ_5$3            1.860      0.044     42.037      0.000
    GHQ_6$1           -0.890      0.039    -23.054      0.000
    GHQ_6$2            1.254      0.044     28.564      0.000
    GHQ_6$3            2.485      0.058     43.124      0.000
    GHQ_7$1           -1.847      0.044    -42.294      0.000
    GHQ_7$2            1.160      0.039     29.727      0.000
    GHQ_7$3            2.448      0.060     40.961      0.000
    GHQ_8$1           -1.318      0.033    -39.544      0.000
    GHQ_8$2            1.398      0.036     38.355      0.000
    GHQ_8$3            2.423      0.057     42.328      0.000
    GHQ_9$1           -0.880      0.055    -16.098      0.000
    GHQ_9$2            1.235      0.057     21.691      0.000
    GHQ_9$3            2.744      0.073     37.415      0.000
    GHQ_10$1          -0.574      0.051    -11.269      0.000
    GHQ_10$2           1.317      0.057     23.217      0.000
    GHQ_10$3           2.804      0.070     40.242      0.000
    GHQ_11$1           0.630      0.053     11.857      0.000
    GHQ_11$2           2.112      0.065     32.307      0.000
    GHQ_11$3           3.358      0.084     40.154      0.000
    GHQ_12$1          -1.309      0.040    -32.596      0.000
    GHQ_12$2           1.490      0.046     32.163      0.000
    GHQ_12$3           2.742      0.066     41.690      0.000

 Variances
    F1                 0.809      0.052     15.477      0.000

 Residual Variances
    GHQ_1              1.000      0.000    999.000    999.000
    GHQ_2              1.000      0.000    999.000    999.000
    GHQ_3              1.000      0.000    999.000    999.000
    GHQ_4              1.000      0.000    999.000    999.000
    GHQ_5              1.000      0.000    999.000    999.000
    GHQ_6              1.000      0.000    999.000    999.000
    GHQ_7              1.000      0.000    999.000    999.000
    GHQ_8              1.000      0.000    999.000    999.000
    GHQ_9              1.000      0.000    999.000    999.000
    GHQ_10             1.000      0.000    999.000    999.000
    GHQ_11             1.000      0.000    999.000    999.000
    GHQ_12             1.000      0.000    999.000    999.000

Group TEL

 F1       BY
    GHQ_1              1.000      0.000    999.000    999.000
    GHQ_2              1.142      0.043     26.419      0.000
    GHQ_3              0.944      0.034     27.706      0.000
    GHQ_4              0.822      0.030     27.700      0.000
    GHQ_5              1.134      0.039     29.394      0.000
    GHQ_6              1.346      0.047     28.635      0.000
    GHQ_7              1.170      0.041     28.704      0.000
    GHQ_8              0.882      0.032     27.182      0.000
    GHQ_9              2.023      0.073     27.772      0.000
    GHQ_10             1.917      0.069     27.812      0.000
    GHQ_11             1.937      0.071     27.350      0.000
    GHQ_12             1.331      0.047     28.114      0.000

 Means
    F1                -0.187      0.049     -3.807      0.000

 Thresholds
    GHQ_1$1           -1.547      0.040    -38.959      0.000
    GHQ_1$2            1.073      0.036     30.017      0.000
    GHQ_1$3            2.386      0.058     41.130      0.000
    GHQ_2$1           -0.998      0.035    -28.206      0.000
    GHQ_2$2            0.838      0.037     22.486      0.000
    GHQ_2$3            1.991      0.049     40.576      0.000
    GHQ_3$1           -1.272      0.035    -36.801      0.000
    GHQ_3$2            1.235      0.037     33.746      0.000
    GHQ_3$3            2.238      0.053     41.955      0.000
    GHQ_4$1           -0.969      0.029    -33.417      0.000
    GHQ_4$2            1.635      0.039     42.430      0.000
    GHQ_4$3            2.544      0.065     39.444      0.000
    GHQ_5$1           -1.505      0.041    -36.530      0.000
    GHQ_5$2            0.476      0.036     13.409      0.000
    GHQ_5$3            1.860      0.044     42.037      0.000
    GHQ_6$1           -0.890      0.039    -23.054      0.000
    GHQ_6$2            1.254      0.044     28.564      0.000
    GHQ_6$3            2.485      0.058     43.124      0.000
    GHQ_7$1           -1.847      0.044    -42.294      0.000
    GHQ_7$2            1.160      0.039     29.727      0.000
    GHQ_7$3            2.448      0.060     40.961      0.000
    GHQ_8$1           -1.318      0.033    -39.544      0.000
    GHQ_8$2            1.398      0.036     38.355      0.000
    GHQ_8$3            2.423      0.057     42.328      0.000
    GHQ_9$1           -0.880      0.055    -16.098      0.000
    GHQ_9$2            1.235      0.057     21.691      0.000
    GHQ_9$3            2.744      0.073     37.415      0.000
    GHQ_10$1          -0.574      0.051    -11.269      0.000
    GHQ_10$2           1.317      0.057     23.217      0.000
    GHQ_10$3           2.804      0.070     40.242      0.000
    GHQ_11$1           0.630      0.053     11.857      0.000
    GHQ_11$2           2.112      0.065     32.307      0.000
    GHQ_11$3           3.358      0.084     40.154      0.000
    GHQ_12$1          -1.309      0.040    -32.596      0.000
    GHQ_12$2           1.490      0.046     32.163      0.000
    GHQ_12$3           2.742      0.066     41.690      0.000

 Variances
    F1                 0.529      0.047     11.253      0.000

 Residual Variances
    GHQ_1              1.000      0.000    999.000    999.000
    GHQ_2              1.000      0.000    999.000    999.000
    GHQ_3              1.000      0.000    999.000    999.000
    GHQ_4              1.000      0.000    999.000    999.000
    GHQ_5              1.000      0.000    999.000    999.000
    GHQ_6              1.000      0.000    999.000    999.000
    GHQ_7              1.000      0.000    999.000    999.000
    GHQ_8              1.000      0.000    999.000    999.000
    GHQ_9              1.000      0.000    999.000    999.000
    GHQ_10             1.000      0.000    999.000    999.000
    GHQ_11             1.000      0.000    999.000    999.000
    GHQ_12             1.000      0.000    999.000    999.000

Group FTF

 F1       BY
    GHQ_1              1.000      0.000    999.000    999.000
    GHQ_2              1.142      0.043     26.419      0.000
    GHQ_3              0.944      0.034     27.706      0.000
    GHQ_4              0.822      0.030     27.700      0.000
    GHQ_5              1.134      0.039     29.394      0.000
    GHQ_6              1.346      0.047     28.635      0.000
    GHQ_7              1.170      0.041     28.704      0.000
    GHQ_8              0.882      0.032     27.182      0.000
    GHQ_9              2.023      0.073     27.772      0.000
    GHQ_10             1.917      0.069     27.812      0.000
    GHQ_11             1.937      0.071     27.350      0.000
    GHQ_12             1.331      0.047     28.114      0.000

 Means
    F1                -0.095      0.031     -3.081      0.002

 Thresholds
    GHQ_1$1           -1.547      0.040    -38.959      0.000
    GHQ_1$2            1.073      0.036     30.017      0.000
    GHQ_1$3            2.386      0.058     41.130      0.000
    GHQ_2$1           -0.998      0.035    -28.206      0.000
    GHQ_2$2            0.838      0.037     22.486      0.000
    GHQ_2$3            1.991      0.049     40.576      0.000
    GHQ_3$1           -1.272      0.035    -36.801      0.000
    GHQ_3$2            1.235      0.037     33.746      0.000
    GHQ_3$3            2.238      0.053     41.955      0.000
    GHQ_4$1           -0.969      0.029    -33.417      0.000
    GHQ_4$2            1.635      0.039     42.430      0.000
    GHQ_4$3            2.544      0.065     39.444      0.000
    GHQ_5$1           -1.505      0.041    -36.530      0.000
    GHQ_5$2            0.476      0.036     13.409      0.000
    GHQ_5$3            1.860      0.044     42.037      0.000
    GHQ_6$1           -0.890      0.039    -23.054      0.000
    GHQ_6$2            1.254      0.044     28.564      0.000
    GHQ_6$3            2.485      0.058     43.124      0.000
    GHQ_7$1           -1.847      0.044    -42.294      0.000
    GHQ_7$2            1.160      0.039     29.727      0.000
    GHQ_7$3            2.448      0.060     40.961      0.000
    GHQ_8$1           -1.318      0.033    -39.544      0.000
    GHQ_8$2            1.398      0.036     38.355      0.000
    GHQ_8$3            2.423      0.057     42.328      0.000
    GHQ_9$1           -0.880      0.055    -16.098      0.000
    GHQ_9$2            1.235      0.057     21.691      0.000
    GHQ_9$3            2.744      0.073     37.415      0.000
    GHQ_10$1          -0.574      0.051    -11.269      0.000
    GHQ_10$2           1.317      0.057     23.217      0.000
    GHQ_10$3           2.804      0.070     40.242      0.000
    GHQ_11$1           0.630      0.053     11.857      0.000
    GHQ_11$2           2.112      0.065     32.307      0.000
    GHQ_11$3           3.358      0.084     40.154      0.000
    GHQ_12$1          -1.309      0.040    -32.596      0.000
    GHQ_12$2           1.490      0.046     32.163      0.000
    GHQ_12$3           2.742      0.066     41.690      0.000

 Variances
    F1                 0.729      0.047     15.511      0.000

 Residual Variances
    GHQ_1              1.000      0.000    999.000    999.000
    GHQ_2              1.000      0.000    999.000    999.000
    GHQ_3              1.000      0.000    999.000    999.000
    GHQ_4              1.000      0.000    999.000    999.000
    GHQ_5              1.000      0.000    999.000    999.000
    GHQ_6              1.000      0.000    999.000    999.000
    GHQ_7              1.000      0.000    999.000    999.000
    GHQ_8              1.000      0.000    999.000    999.000
    GHQ_9              1.000      0.000    999.000    999.000
    GHQ_10             1.000      0.000    999.000    999.000
    GHQ_11             1.000      0.000    999.000    999.000
    GHQ_12             1.000      0.000    999.000    999.000


QUALITY OF NUMERICAL RESULTS

     Condition Number for the Information Matrix              0.464E-02
       (ratio of smallest to largest eigenvalue)


STANDARDIZED MODEL RESULTS


STD Standardization

                                                    Two-Tailed
                    Estimate       S.E.  Est./S.E.    P-Value

Group WEB

 F1       BY
    GHQ_1              0.899      0.029     30.954      0.000
    GHQ_2              1.027      0.029     35.650      0.000
    GHQ_3              0.849      0.027     31.340      0.000
    GHQ_4              0.739      0.025     29.769      0.000
    GHQ_5              1.019      0.028     35.954      0.000
    GHQ_6              1.210      0.035     34.627      0.000
    GHQ_7              1.052      0.032     32.902      0.000
    GHQ_8              0.793      0.025     32.189      0.000
    GHQ_9              1.819      0.049     36.902      0.000
    GHQ_10             1.724      0.047     36.453      0.000
    GHQ_11             1.741      0.054     32.455      0.000
    GHQ_12             1.197      0.035     33.998      0.000

 Means
    F1                 0.000      0.000    999.000    999.000

 Thresholds
    GHQ_1$1           -1.547      0.040    -38.959      0.000
    GHQ_1$2            1.073      0.036     30.017      0.000
    GHQ_1$3            2.386      0.058     41.130      0.000
    GHQ_2$1           -0.998      0.035    -28.206      0.000
    GHQ_2$2            0.838      0.037     22.486      0.000
    GHQ_2$3            1.991      0.049     40.576      0.000
    GHQ_3$1           -1.272      0.035    -36.801      0.000
    GHQ_3$2            1.235      0.037     33.746      0.000
    GHQ_3$3            2.238      0.053     41.955      0.000
    GHQ_4$1           -0.969      0.029    -33.417      0.000
    GHQ_4$2            1.635      0.039     42.430      0.000
    GHQ_4$3            2.544      0.065     39.444      0.000
    GHQ_5$1           -1.505      0.041    -36.530      0.000
    GHQ_5$2            0.476      0.036     13.409      0.000
    GHQ_5$3            1.860      0.044     42.037      0.000
    GHQ_6$1           -0.890      0.039    -23.054      0.000
    GHQ_6$2            1.254      0.044     28.564      0.000
    GHQ_6$3            2.485      0.058     43.124      0.000
    GHQ_7$1           -1.847      0.044    -42.294      0.000
    GHQ_7$2            1.160      0.039     29.727      0.000
    GHQ_7$3            2.448      0.060     40.961      0.000
    GHQ_8$1           -1.318      0.033    -39.544      0.000
    GHQ_8$2            1.398      0.036     38.355      0.000
    GHQ_8$3            2.423      0.057     42.328      0.000
    GHQ_9$1           -0.880      0.055    -16.098      0.000
    GHQ_9$2            1.235      0.057     21.691      0.000
    GHQ_9$3            2.744      0.073     37.415      0.000
    GHQ_10$1          -0.574      0.051    -11.269      0.000
    GHQ_10$2           1.317      0.057     23.217      0.000
    GHQ_10$3           2.804      0.070     40.242      0.000
    GHQ_11$1           0.630      0.053     11.857      0.000
    GHQ_11$2           2.112      0.065     32.307      0.000
    GHQ_11$3           3.358      0.084     40.154      0.000
    GHQ_12$1          -1.309      0.040    -32.596      0.000
    GHQ_12$2           1.490      0.046     32.163      0.000
    GHQ_12$3           2.742      0.066     41.690      0.000

 Variances
    F1                 1.000      0.000    999.000    999.000

 Residual Variances
    GHQ_1              1.000      0.000    999.000    999.000
    GHQ_2              1.000      0.000    999.000    999.000
    GHQ_3              1.000      0.000    999.000    999.000
    GHQ_4              1.000      0.000    999.000    999.000
    GHQ_5              1.000      0.000    999.000    999.000
    GHQ_6              1.000      0.000    999.000    999.000
    GHQ_7              1.000      0.000    999.000    999.000
    GHQ_8              1.000      0.000    999.000    999.000
    GHQ_9              1.000      0.000    999.000    999.000
    GHQ_10             1.000      0.000    999.000    999.000
    GHQ_11             1.000      0.000    999.000    999.000
    GHQ_12             1.000      0.000    999.000    999.000

Group TEL

 F1       BY
    GHQ_1              0.728      0.032     22.507      0.000
    GHQ_2              0.831      0.037     22.572      0.000
    GHQ_3              0.687      0.030     22.931      0.000
    GHQ_4              0.598      0.028     21.450      0.000
    GHQ_5              0.825      0.035     23.702      0.000
    GHQ_6              0.979      0.042     23.358      0.000
    GHQ_7              0.851      0.037     22.990      0.000
    GHQ_8              0.642      0.028     22.996      0.000
    GHQ_9              1.472      0.062     23.666      0.000
    GHQ_10             1.395      0.060     23.231      0.000
    GHQ_11             1.409      0.064     21.894      0.000
    GHQ_12             0.968      0.042     23.109      0.000

 Means
    F1                -0.257      0.070     -3.676      0.000

 Thresholds
    GHQ_1$1           -1.547      0.040    -38.959      0.000
    GHQ_1$2            1.073      0.036     30.017      0.000
    GHQ_1$3            2.386      0.058     41.130      0.000
    GHQ_2$1           -0.998      0.035    -28.206      0.000
    GHQ_2$2            0.838      0.037     22.486      0.000
    GHQ_2$3            1.991      0.049     40.576      0.000
    GHQ_3$1           -1.272      0.035    -36.801      0.000
    GHQ_3$2            1.235      0.037     33.746      0.000
    GHQ_3$3            2.238      0.053     41.955      0.000
    GHQ_4$1           -0.969      0.029    -33.417      0.000
    GHQ_4$2            1.635      0.039     42.430      0.000
    GHQ_4$3            2.544      0.065     39.444      0.000
    GHQ_5$1           -1.505      0.041    -36.530      0.000
    GHQ_5$2            0.476      0.036     13.409      0.000
    GHQ_5$3            1.860      0.044     42.037      0.000
    GHQ_6$1           -0.890      0.039    -23.054      0.000
    GHQ_6$2            1.254      0.044     28.564      0.000
    GHQ_6$3            2.485      0.058     43.124      0.000
    GHQ_7$1           -1.847      0.044    -42.294      0.000
    GHQ_7$2            1.160      0.039     29.727      0.000
    GHQ_7$3            2.448      0.060     40.961      0.000
    GHQ_8$1           -1.318      0.033    -39.544      0.000
    GHQ_8$2            1.398      0.036     38.355      0.000
    GHQ_8$3            2.423      0.057     42.328      0.000
    GHQ_9$1           -0.880      0.055    -16.098      0.000
    GHQ_9$2            1.235      0.057     21.691      0.000
    GHQ_9$3            2.744      0.073     37.415      0.000
    GHQ_10$1          -0.574      0.051    -11.269      0.000
    GHQ_10$2           1.317      0.057     23.217      0.000
    GHQ_10$3           2.804      0.070     40.242      0.000
    GHQ_11$1           0.630      0.053     11.857      0.000
    GHQ_11$2           2.112      0.065     32.307      0.000
    GHQ_11$3           3.358      0.084     40.154      0.000
    GHQ_12$1          -1.309      0.040    -32.596      0.000
    GHQ_12$2           1.490      0.046     32.163      0.000
    GHQ_12$3           2.742      0.066     41.690      0.000

 Variances
    F1                 1.000      0.000    999.000    999.000

 Residual Variances
    GHQ_1              1.000      0.000    999.000    999.000
    GHQ_2              1.000      0.000    999.000    999.000
    GHQ_3              1.000      0.000    999.000    999.000
    GHQ_4              1.000      0.000    999.000    999.000
    GHQ_5              1.000      0.000    999.000    999.000
    GHQ_6              1.000      0.000    999.000    999.000
    GHQ_7              1.000      0.000    999.000    999.000
    GHQ_8              1.000      0.000    999.000    999.000
    GHQ_9              1.000      0.000    999.000    999.000
    GHQ_10             1.000      0.000    999.000    999.000
    GHQ_11             1.000      0.000    999.000    999.000
    GHQ_12             1.000      0.000    999.000    999.000

Group FTF

 F1       BY
    GHQ_1              0.854      0.028     31.021      0.000
    GHQ_2              0.976      0.031     31.698      0.000
    GHQ_3              0.806      0.026     30.922      0.000
    GHQ_4              0.702      0.025     28.031      0.000
    GHQ_5              0.968      0.028     34.165      0.000
    GHQ_6              1.149      0.035     32.969      0.000
    GHQ_7              0.999      0.029     34.130      0.000
    GHQ_8              0.753      0.024     31.806      0.000
    GHQ_9              1.728      0.047     36.759      0.000
    GHQ_10             1.637      0.049     33.525      0.000
    GHQ_11             1.654      0.055     30.231      0.000
    GHQ_12             1.136      0.034     33.042      0.000

 Means
    F1                -0.112      0.036     -3.067      0.002

 Thresholds
    GHQ_1$1           -1.547      0.040    -38.959      0.000
    GHQ_1$2            1.073      0.036     30.017      0.000
    GHQ_1$3            2.386      0.058     41.130      0.000
    GHQ_2$1           -0.998      0.035    -28.206      0.000
    GHQ_2$2            0.838      0.037     22.486      0.000
    GHQ_2$3            1.991      0.049     40.576      0.000
    GHQ_3$1           -1.272      0.035    -36.801      0.000
    GHQ_3$2            1.235      0.037     33.746      0.000
    GHQ_3$3            2.238      0.053     41.955      0.000
    GHQ_4$1           -0.969      0.029    -33.417      0.000
    GHQ_4$2            1.635      0.039     42.430      0.000
    GHQ_4$3            2.544      0.065     39.444      0.000
    GHQ_5$1           -1.505      0.041    -36.530      0.000
    GHQ_5$2            0.476      0.036     13.409      0.000
    GHQ_5$3            1.860      0.044     42.037      0.000
    GHQ_6$1           -0.890      0.039    -23.054      0.000
    GHQ_6$2            1.254      0.044     28.564      0.000
    GHQ_6$3            2.485      0.058     43.124      0.000
    GHQ_7$1           -1.847      0.044    -42.294      0.000
    GHQ_7$2            1.160      0.039     29.727      0.000
    GHQ_7$3            2.448      0.060     40.961      0.000
    GHQ_8$1           -1.318      0.033    -39.544      0.000
    GHQ_8$2            1.398      0.036     38.355      0.000
    GHQ_8$3            2.423      0.057     42.328      0.000
    GHQ_9$1           -0.880      0.055    -16.098      0.000
    GHQ_9$2            1.235      0.057     21.691      0.000
    GHQ_9$3            2.744      0.073     37.415      0.000
    GHQ_10$1          -0.574      0.051    -11.269      0.000
    GHQ_10$2           1.317      0.057     23.217      0.000
    GHQ_10$3           2.804      0.070     40.242      0.000
    GHQ_11$1           0.630      0.053     11.857      0.000
    GHQ_11$2           2.112      0.065     32.307      0.000
    GHQ_11$3           3.358      0.084     40.154      0.000
    GHQ_12$1          -1.309      0.040    -32.596      0.000
    GHQ_12$2           1.490      0.046     32.163      0.000
    GHQ_12$3           2.742      0.066     41.690      0.000

 Variances
    F1                 1.000      0.000    999.000    999.000

 Residual Variances
    GHQ_1              1.000      0.000    999.000    999.000
    GHQ_2              1.000      0.000    999.000    999.000
    GHQ_3              1.000      0.000    999.000    999.000
    GHQ_4              1.000      0.000    999.000    999.000
    GHQ_5              1.000      0.000    999.000    999.000
    GHQ_6              1.000      0.000    999.000    999.000
    GHQ_7              1.000      0.000    999.000    999.000
    GHQ_8              1.000      0.000    999.000    999.000
    GHQ_9              1.000      0.000    999.000    999.000
    GHQ_10             1.000      0.000    999.000    999.000
    GHQ_11             1.000      0.000    999.000    999.000
    GHQ_12             1.000      0.000    999.000    999.000


R-SQUARE

Group WEB

    Observed                                        Two-Tailed     Scale
    Variable        Estimate       S.E.  Est./S.E.    P-Value     Factors

    GHQ_1              0.447      0.016     27.991      0.000      0.744
    GHQ_2              0.513      0.014     36.637      0.000      0.698
    GHQ_3              0.419      0.016     26.954      0.000      0.762
    GHQ_4              0.353      0.015     23.022      0.000      0.804
    GHQ_5              0.510      0.014     36.657      0.000      0.700
    GHQ_6              0.594      0.014     42.668      0.000      0.637
    GHQ_7              0.525      0.015     34.667      0.000      0.689
    GHQ_8              0.386      0.015     26.225      0.000      0.783
    GHQ_9              0.768      0.010     79.519      0.000      0.482
    GHQ_10             0.748      0.010     72.390      0.000      0.502
    GHQ_11             0.752      0.011     65.443      0.000      0.498
    GHQ_12             0.589      0.014     41.343      0.000      0.641

Group TEL

    Observed                                        Two-Tailed     Scale
    Variable        Estimate       S.E.  Est./S.E.    P-Value     Factors

    GHQ_1              0.346      0.020     17.209      0.000      0.809
    GHQ_2              0.409      0.021     19.082      0.000      0.769
    GHQ_3              0.320      0.019     16.870      0.000      0.824
    GHQ_4              0.264      0.018     14.563      0.000      0.858
    GHQ_5              0.405      0.020     19.911      0.000      0.771
    GHQ_6              0.489      0.021     22.875      0.000      0.715
    GHQ_7              0.420      0.021     19.827      0.000      0.761
    GHQ_8              0.292      0.018     16.235      0.000      0.842
    GHQ_9              0.684      0.018     37.469      0.000      0.562
    GHQ_10             0.660      0.019     34.210      0.000      0.583
    GHQ_11             0.665      0.020     32.678      0.000      0.579
    GHQ_12             0.484      0.022     22.386      0.000      0.718

Group FTF

    Observed                                        Two-Tailed     Scale
    Variable        Estimate       S.E.  Est./S.E.    P-Value     Factors

    GHQ_1              0.422      0.016     26.819      0.000      0.760
    GHQ_2              0.488      0.016     30.931      0.000      0.716
    GHQ_3              0.394      0.015     25.500      0.000      0.779
    GHQ_4              0.330      0.016     20.925      0.000      0.818
    GHQ_5              0.484      0.015     33.087      0.000      0.719
    GHQ_6              0.569      0.015     38.252      0.000      0.656
    GHQ_7              0.500      0.015     34.102      0.000      0.707
    GHQ_8              0.362      0.015     24.929      0.000      0.799
    GHQ_9              0.749      0.010     73.231      0.000      0.501
    GHQ_10             0.728      0.012     61.678      0.000      0.521
    GHQ_11             0.732      0.013     56.450      0.000      0.517
    GHQ_12             0.564      0.015     37.855      0.000      0.661


MODEL MODIFICATION INDICES

NOTE:  Modification indices for direct effects of observed dependent variables
regressed on covariates and residual covariances among observed dependent
variables may not be included.  To include these, request MODINDICES (ALL).

Minimum M.I. value for printing the modification index    10.000

                                   M.I.     E.P.C.  Std E.P.C.  StdYX E.P.C.
Group WEB


BY Statements

F1       BY GHQ_3                 10.257     0.056      0.050        0.038

WITH Statements

GHQ_3    WITH GHQ_1               30.055     0.196      0.196        0.196
GHQ_3    WITH GHQ_2               25.901    -0.269     -0.269       -0.269
GHQ_4    WITH GHQ_1               25.427     0.195      0.195        0.195
GHQ_4    WITH GHQ_2               31.598    -0.259     -0.259       -0.259
GHQ_4    WITH GHQ_3              134.416     0.368      0.368        0.368
GHQ_5    WITH GHQ_2              128.790     0.367      0.367        0.367
GHQ_5    WITH GHQ_3               38.417    -0.306     -0.306       -0.306
GHQ_5    WITH GHQ_4               41.318    -0.270     -0.270       -0.270
GHQ_6    WITH GHQ_5               32.015     0.222      0.222        0.222
GHQ_7    WITH GHQ_1               26.803     0.204      0.204        0.204
GHQ_8    WITH GHQ_2               18.749    -0.211     -0.211       -0.211
GHQ_8    WITH GHQ_4               36.695     0.199      0.199        0.199
GHQ_8    WITH GHQ_5               14.797    -0.186     -0.186       -0.186
GHQ_8    WITH GHQ_7               23.363     0.192      0.192        0.192
GHQ_9    WITH GHQ_2               10.057     0.162      0.162        0.162
GHQ_9    WITH GHQ_3               16.704    -0.284     -0.284       -0.284
GHQ_9    WITH GHQ_4               34.043    -0.377     -0.377       -0.377
GHQ_9    WITH GHQ_7               10.497    -0.215     -0.215       -0.215
GHQ_10   WITH GHQ_7               19.273    -0.298     -0.298       -0.298
GHQ_11   WITH GHQ_1               10.822    -0.237     -0.237       -0.237
GHQ_11   WITH GHQ_2               10.781    -0.233     -0.233       -0.233
GHQ_11   WITH GHQ_5               19.282    -0.308     -0.308       -0.308
GHQ_11   WITH GHQ_7               26.494    -0.371     -0.371       -0.371
GHQ_11   WITH GHQ_10              53.399     0.371      0.371        0.371
GHQ_12   WITH GHQ_2               11.204    -0.179     -0.179       -0.179
GHQ_12   WITH GHQ_3               17.027     0.158      0.158        0.158
GHQ_12   WITH GHQ_8               24.787     0.194      0.194        0.194
GHQ_12   WITH GHQ_10              12.509    -0.213     -0.213       -0.213

Variances/Residual Variances

GHQ_1                             11.938    -0.181     -0.181       -0.100

Means/Intercepts/Thresholds

[ GHQ_8$1  ]                      11.546    -0.153     -0.153       -0.120

Group TEL


No modification indices above the minimum value.

Group FTF


WITH Statements

GHQ_3    WITH GHQ_2               13.834    -0.188     -0.188       -0.188
GHQ_4    WITH GHQ_1               14.711     0.142      0.142        0.142
GHQ_4    WITH GHQ_3               48.984     0.214      0.214        0.214
GHQ_5    WITH GHQ_2               16.104     0.123      0.123        0.123
GHQ_5    WITH GHQ_3               27.758    -0.248     -0.248       -0.248
GHQ_5    WITH GHQ_4               17.468    -0.168     -0.168       -0.168
GHQ_6    WITH GHQ_5               19.011     0.162      0.162        0.162
GHQ_8    WITH GHQ_4               30.848     0.175      0.175        0.175
GHQ_8    WITH GHQ_5               10.740    -0.151     -0.151       -0.151
GHQ_8    WITH GHQ_7               36.610     0.230      0.230        0.230
GHQ_9    WITH GHQ_1               15.332    -0.248     -0.248       -0.248
GHQ_9    WITH GHQ_3               13.466    -0.240     -0.240       -0.240
GHQ_9    WITH GHQ_4               15.925    -0.244     -0.244       -0.244
GHQ_9    WITH GHQ_8               16.525    -0.209     -0.209       -0.209
GHQ_10   WITH GHQ_1               10.089    -0.185     -0.185       -0.185
GHQ_11   WITH GHQ_1               11.466    -0.230     -0.230       -0.230
GHQ_11   WITH GHQ_7               16.068    -0.271     -0.271       -0.271
GHQ_11   WITH GHQ_10              27.581     0.249      0.249        0.249
GHQ_12   WITH GHQ_7               11.424     0.141      0.141        0.141

Variances/Residual Variances

GHQ_1                             12.249     0.181      0.181        0.105



SAMPLE STATISTICS FOR ESTIMATED FACTOR SCORES


     SAMPLE STATISTICS


           Means
              F1            F1_SE
              ________      ________
               -0.042         0.261


           Covariances
              F1            F1_SE
              ________      ________
 F1             0.611
 F1_SE         -0.017         0.001


           Correlations
              F1            F1_SE
              ________      ________
 F1             1.000
 F1_SE         -0.620         1.000


PLOT INFORMATION

The following plots are available:

  Histograms (sample values, estimated factor scores, estimated values, residuals)
  Scatterplots (sample values, estimated factor scores, estimated values, residuals)
  Sample proportions and estimated probabilities
  Item characteristic curves
  Information curves
  Measurement parameter plots
  Latent variable distribution plots

SAVEDATA INFORMATION


  Difference testing

  Save file
    ghq_1_scalar.dat
  Save format      Free

     Beginning Time:  07:30:26
        Ending Time:  07:30:28
       Elapsed Time:  00:00:02



MUTHEN & MUTHEN
3463 Stoner Ave.
Los Angeles, CA  90066

Tel: (310) 391-9971
Fax: (310) 391-8971
Web: www.StatModel.com
Support: Support@StatModel.com

Copyright (c) 1998-2021 Muthen & Muthen
